[01m[K/home/gaga/sad_ws/src/sad_pkg/src/path_node.cpp:[m[K In member function ‘[01m[Kvoid RSNode::publishPoseAndOrientation()[m[K’:
[01m[K/home/gaga/sad_ws/src/sad_pkg/src/path_node.cpp:98:28:[m[K [01;31m[Kerror: [m[K‘[01m[Kroll[m[K’ was not declared in this scope
   98 |         msg.data.push_back([01;31m[Kroll[m[K);       // roll (라디안)
      |                            [01;31m[K^~~~[m[K
[01m[K/home/gaga/sad_ws/src/sad_pkg/src/path_node.cpp:99:28:[m[K [01;31m[Kerror: [m[K‘[01m[Kpitch[m[K’ was not declared in this scope
   99 |         msg.data.push_back([01;31m[Kpitch[m[K);      // pitch (라디안)
      |                            [01;31m[K^~~~~[m[K
[01m[K/home/gaga/sad_ws/src/sad_pkg/src/path_node.cpp:100:28:[m[K [01;31m[Kerror: [m[K‘[01m[Kyaw[m[K’ was not declared in this scope
  100 |         msg.data.push_back([01;31m[Kyaw[m[K);        // yaw (라디안)
      |                            [01;31m[K^~~[m[K
gmake[2]: *** [CMakeFiles/path_node.dir/build.make:76: CMakeFiles/path_node.dir/src/path_node.cpp.o] Error 1
gmake[1]: *** [CMakeFiles/Makefile2:279: CMakeFiles/path_node.dir/all] Error 2
gmake[1]: *** Waiting for unfinished jobs....
gmake: *** [Makefile:146: all] Error 2
