[35m[1mConsolidate compiler generated dependencies of target Inverse_node[0m
[35m[1mConsolidate compiler generated dependencies of target path_node[0m
[ 57%] Built target obstacle_node
[ 42%] Built target rrt_node
[ 57%] Built target spline_node
[ 57%] Built target forward_node
[ 71%] Built target map_node
[ 85%] [32mBuilding CXX object CMakeFiles/Inverse_node.dir/src/Inverse_node.cpp.o[0m
[ 85%] [32mBuilding CXX object CMakeFiles/path_node.dir/src/path_node.cpp.o[0m
[01m[K/home/gaga/sad_ws/src/sad_pkg/src/path_node.cpp:[m[K In member function â€˜[01m[Kvoid RSNode::publishPoseAndOrientation()[m[Kâ€™:
[01m[K/home/gaga/sad_ws/src/sad_pkg/src/path_node.cpp:98:28:[m[K [01;31m[Kerror: [m[Kâ€˜[01m[Kroll[m[Kâ€™ was not declared in this scope
   98 |         msg.data.push_back([01;31m[Kroll[m[K);       // roll (ë¼ë””ì•ˆ)
      |                            [01;31m[K^~~~[m[K
[01m[K/home/gaga/sad_ws/src/sad_pkg/src/path_node.cpp:99:28:[m[K [01;31m[Kerror: [m[Kâ€˜[01m[Kpitch[m[Kâ€™ was not declared in this scope
   99 |         msg.data.push_back([01;31m[Kpitch[m[K);      // pitch (ë¼ë””ì•ˆ)
      |                            [01;31m[K^~~~~[m[K
[01m[K/home/gaga/sad_ws/src/sad_pkg/src/path_node.cpp:100:28:[m[K [01;31m[Kerror: [m[Kâ€˜[01m[Kyaw[m[Kâ€™ was not declared in this scope
  100 |         msg.data.push_back([01;31m[Kyaw[m[K);        // yaw (ë¼ë””ì•ˆ)
      |                            [01;31m[K^~~[m[K
gmake[2]: *** [CMakeFiles/path_node.dir/build.make:76: CMakeFiles/path_node.dir/src/path_node.cpp.o] Error 1
gmake[1]: *** [CMakeFiles/Makefile2:279: CMakeFiles/path_node.dir/all] Error 2
gmake[1]: *** Waiting for unfinished jobs....
[ 92%] [32m[1mLinking CXX executable Inverse_node[0m
[ 92%] Built target Inverse_node
gmake: *** [Makefile:146: all] Error 2
