[0.013s] Invoking command in '/home/gaga/sad_ws/src/build/sad_pkg': CMAKE_PREFIX_PATH=${CMAKE_PREFIX_PATH}:/home/gaga/turtlebot3_ws/install/turtlebot3_teleop:/home/gaga/turtlebot3_ws/install/turtlebot3_example:/opt/ros/humble /usr/bin/cmake --build /home/gaga/sad_ws/src/build/sad_pkg -- -j20 -l20
[0.059s] [ 20%] Built target rrt_node
[0.064s] [ 30%] [32mBuilding CXX object CMakeFiles/obstacle_node.dir/src/obstacle_node.cpp.o[0m
[0.064s] [ 50%] Built target spline_node
[0.064s] [ 60%] [32mBuilding CXX object CMakeFiles/map_node.dir/src/map_node.cpp.o[0m
[0.065s] [ 80%] Built target forward_node
[0.180s] [01m[K/home/gaga/sad_ws/src/sad_pkg/src/obstacle_node.cpp:2:10:[m[K [01;31m[Kfatal error: [m[Kmy_vision_msgs/msg/harvest_order.hpp: No such file or directory
[0.181s]     2 | #include [01;31m[K"my_vision_msgs/msg/harvest_order.hpp"[m[K      // ì»¤ìŠ¤í…€ ë©”ì‹œì§€
[0.181s]       |          [01;31m[K^~~~~~~~~~~~~~~~~~~~~~~~~~~~~~~~~~~~~~[m[K
[0.181s] compilation terminated.
[0.183s] gmake[2]: *** [CMakeFiles/obstacle_node.dir/build.make:76: CMakeFiles/obstacle_node.dir/src/obstacle_node.cpp.o] Error 1
[0.183s] gmake[1]: *** [CMakeFiles/Makefile2:223: CMakeFiles/obstacle_node.dir/all] Error 2
[0.183s] gmake[1]: *** Waiting for unfinished jobs....
[0.190s] [01m[K/home/gaga/sad_ws/src/sad_pkg/src/map_node.cpp:4:10:[m[K [01;31m[Kfatal error: [m[Kmy_msgs/msg/harvest_order.hpp: No such file or directory
[0.190s]     4 | #include [01;31m[K"my_msgs/msg/harvest_order.hpp"[m[K
[0.190s]       |          [01;31m[K^~~~~~~~~~~~~~~~~~~~~~~~~~~~~~~[m[K
[0.190s] compilation terminated.
[0.191s] gmake[2]: *** [CMakeFiles/map_node.dir/build.make:76: CMakeFiles/map_node.dir/src/map_node.cpp.o] Error 1
[0.192s] gmake[1]: *** [CMakeFiles/Makefile2:249: CMakeFiles/map_node.dir/all] Error 2
[0.192s] gmake: *** [Makefile:146: all] Error 2
[0.193s] Invoked command in '/home/gaga/sad_ws/src/build/sad_pkg' returned '2': CMAKE_PREFIX_PATH=${CMAKE_PREFIX_PATH}:/home/gaga/turtlebot3_ws/install/turtlebot3_teleop:/home/gaga/turtlebot3_ws/install/turtlebot3_example:/opt/ros/humble /usr/bin/cmake --build /home/gaga/sad_ws/src/build/sad_pkg -- -j20 -l20
