[0.020s] Invoking command in '/home/gaga/sad_ws/build/sad_pkg': CMAKE_PREFIX_PATH=/home/gaga/sad_ws/install/my_vision_msgs:/home/gaga/sad_ws/install:/home/gaga/sad_ws/install/sad_pkg:/home/gaga/sad_ws/install/mani_urdf:/home/gaga/turtlebot3_ws/install/turtlebot3:/home/gaga/turtlebot3_ws/install/turtlebot3_simulations:/home/gaga/turtlebot3_ws/install/turtlebot3_bringup:/home/gaga/turtlebot3_ws/install/turtlebot3_node:/home/gaga/turtlebot3_ws/install/turtlebot3_navigation2:/home/gaga/turtlebot3_ws/install/turtlebot3_fake_node:/home/gaga/turtlebot3_ws/install/robot_master:/home/gaga/turtlebot3_ws/install/turtlebot3_msgs:/home/gaga/turtlebot3_ws/install/turtlebot3_gazebo:/home/gaga/turtlebot3_ws/install/turtlebot3_description:/home/gaga/turtlebot3_ws/install/turtlebot3_cartographer:/home/gaga/turtlebot3_ws/install/robot_vision:/home/gaga/turtlebot3_ws/install/robot_navigation:/home/gaga/turtlebot3_ws/install/robot_msgs:/home/gaga/turtlebot3_ws/install/dynamixel_sdk_examples:/home/gaga/turtlebot3_ws/install/dynamixel_sdk_custom_interfaces:/home/gaga/turtlebot3_ws/install/dynamixel_sdk:/home/gaga/ssibal_ws/install/robot_msgs:/home/gaga/sad_ws/src/install/sad_pkg:/home/gaga/sad_ws/src/install/vision_msgs:/home/gaga/sad_ws/src/install/my_vision_msgs:/home/gaga/sad_ws/src/install/mani_urdf:/home/gaga/robotprograming_ws/install/rp_pkg:/home/gaga/sad_ws/src/sad_pkg/install/sad_pkg:/home/gaga/turtlebot3_ws/install/turtlebot3_teleop:/home/gaga/turtlebot3_ws/install/turtlebot3_example:/opt/ros/humble /usr/bin/cmake --build /home/gaga/sad_ws/build/sad_pkg -- -j20 -l20
[0.095s] [35m[1mConsolidate compiler generated dependencies of target Inverse_node[0m
[0.096s] [35m[1mConsolidate compiler generated dependencies of target path_node[0m
[0.117s] [ 28%] [32mBuilding CXX object CMakeFiles/obstacle_node.dir/src/obstacle_node.cpp.o[0m
[0.117s] [ 28%] [32mBuilding CXX object CMakeFiles/map_node.dir/src/map_node.cpp.o[0m
[0.117s] [ 28%] [32mBuilding CXX object CMakeFiles/rrt_node.dir/src/rrt_node.cpp.o[0m
[0.117s] [ 28%] [32mBuilding CXX object CMakeFiles/forward_node.dir/src/forward_node.cpp.o[0m
[0.119s] [ 35%] [32mBuilding CXX object CMakeFiles/spline_node.dir/src/spline_node.cpp.o[0m
[0.130s] [ 50%] [32mBuilding CXX object CMakeFiles/path_node.dir/src/path_node.cpp.o[0m
[0.131s] [ 50%] [32mBuilding CXX object CMakeFiles/Inverse_node.dir/src/Inverse_node.cpp.o[0m
[2.552s] [ 57%] [32m[1mLinking CXX executable forward_node[0m
[2.847s] [ 57%] Built target forward_node
[5.959s] [01m[K/home/gaga/sad_ws/src/sad_pkg/src/Inverse_node.cpp:100:41:[m[K [01;31m[Kerror: [m[K‚Äò[01m[KFloat64MultiArray[m[K‚Äô is not a member of ‚Äò[01m[Kstd_msgs::msg[m[K‚Äô
[5.959s]   100 |     rclcpp::Subscription<std_msgs::msg::[01;31m[KFloat64MultiArray[m[K>::SharedPtr pose_sub_;
[5.959s]       |                                         [01;31m[K^~~~~~~~~~~~~~~~~[m[K
[5.959s] [01m[K/home/gaga/sad_ws/src/sad_pkg/src/Inverse_node.cpp:100:58:[m[K [01;31m[Kerror: [m[Ktemplate argument 1 is invalid
[5.959s]   100 |     rclcpp::Subscription<std_msgs::msg::Float64MultiArray[01;31m[K>[m[K::SharedPtr pose_sub_;
[5.959s]       |                                                          [01;31m[K^[m[K
[5.959s] [01m[K/home/gaga/sad_ws/src/sad_pkg/src/Inverse_node.cpp:100:58:[m[K [01;31m[Kerror: [m[Ktemplate argument 3 is invalid
[5.959s] [01m[K/home/gaga/sad_ws/src/sad_pkg/src/Inverse_node.cpp:100:58:[m[K [01;31m[Kerror: [m[Ktemplate argument 4 is invalid
[5.959s] [01m[K/home/gaga/sad_ws/src/sad_pkg/src/Inverse_node.cpp:100:58:[m[K [01;31m[Kerror: [m[Ktemplate argument 5 is invalid
[5.959s] [01m[K/home/gaga/sad_ws/src/sad_pkg/src/Inverse_node.cpp:100:61:[m[K [01;31m[Kerror: [m[Kexpected ‚Äò[01m[K;[m[K‚Äô at end of member declaration
[5.960s]   100 |     rclcpp::Subscription<std_msgs::msg::Float64MultiArray>::[01;31m[KSharedPtr[m[K pose_sub_;
[5.960s]       |                                                             [01;31m[K^~~~~~~~~[m[K
[5.960s]       |                                                                      [32m[K;[m[K
[5.971s] [01m[K/home/gaga/sad_ws/src/sad_pkg/src/Inverse_node.cpp:100:71:[m[K [01;31m[Kerror: [m[K‚Äò[01m[Kpose_sub_[m[K‚Äô does not name a type
[5.971s]   100 |     rclcpp::Subscription<std_msgs::msg::Float64MultiArray>::SharedPtr [01;31m[Kpose_sub_[m[K;
[5.971s]       |                                                                       [01;31m[K^~~~~~~~~[m[K
[5.972s] [01m[K/home/gaga/sad_ws/src/sad_pkg/src/Inverse_node.cpp:108:44:[m[K [01;31m[Kerror: [m[K‚Äò[01m[KFloat64MultiArray[m[K‚Äô in namespace ‚Äò[01m[Kstd_msgs::msg[m[K‚Äô does not name a type
[5.972s]   108 |     void poseCallback(const std_msgs::msg::[01;31m[KFloat64MultiArray[m[K::SharedPtr msg) {
[5.972s]       |                                            [01;31m[K^~~~~~~~~~~~~~~~~[m[K
[5.972s] [01m[K/home/gaga/sad_ws/src/sad_pkg/src/Inverse_node.cpp:108:73:[m[K [01;31m[Kerror: [m[Kexpected unqualified-id before ‚Äò[01m[Kmsg[m[K‚Äô
[5.972s]   108 |     void poseCallback(const std_msgs::msg::Float64MultiArray::SharedPtr [01;31m[Kmsg[m[K) {
[5.972s]       |                                                                         [01;31m[K^~~[m[K
[5.972s] [01m[K/home/gaga/sad_ws/src/sad_pkg/src/Inverse_node.cpp:108:72:[m[K [01;31m[Kerror: [m[Kexpected ‚Äò[01m[K)[m[K‚Äô before ‚Äò[01m[Kmsg[m[K‚Äô
[5.972s]   108 |     void poseCallback[34m[K([m[Kconst std_msgs::msg::Float64MultiArray::SharedPtr[01;31m[K [m[K[32m[Kmsg[m[K) {
[5.972s]       |                      [34m[K~[m[K                                                 [01;31m[K^[m[K[32m[K~~~[m[K
[5.972s]       |                                                                        [32m[K)[m[K
[5.972s] [01m[K/home/gaga/sad_ws/src/sad_pkg/src/Inverse_node.cpp:108:63:[m[K [01;31m[Kerror: [m[Kexpected ‚Äò[01m[K;[m[K‚Äô at end of member declaration
[5.973s]   108 |     void poseCallback(const std_msgs::msg::Float64MultiArray::[01;31m[KSharedPtr[m[K msg) {
[5.973s]       |                                                               [01;31m[K^~~~~~~~~[m[K
[5.973s]       |                                                                        [32m[K;[m[K
[5.975s] [01m[K/home/gaga/sad_ws/src/sad_pkg/src/Inverse_node.cpp:108:73:[m[K [01;31m[Kerror: [m[K‚Äò[01m[Kmsg[m[K‚Äô does not name a type
[5.975s]   108 |     void poseCallback(const std_msgs::msg::Float64MultiArray::SharedPtr [01;31m[Kmsg[m[K) {
[5.975s]       |                                                                         [01;31m[K^~~[m[K
[5.998s] [01m[K/home/gaga/sad_ws/src/sad_pkg/src/Inverse_node.cpp:[m[K In constructor ‚Äò[01m[KManipulatorNode::ManipulatorNode(const Vector3d&, const Vector3d&)[m[K‚Äô:
[5.999s] [01m[K/home/gaga/sad_ws/src/sad_pkg/src/Inverse_node.cpp:78:9:[m[K [01;31m[Kerror: [m[K‚Äò[01m[Kpose_sub_[m[K‚Äô was not declared in this scope
[5.999s]    78 |         [01;31m[Kpose_sub_[m[K = this->create_subscription<std_msgs::msg::Float64MultiArray>(
[5.999s]       |         [01;31m[K^~~~~~~~~[m[K
[6.003s] [01m[K/home/gaga/sad_ws/src/sad_pkg/src/Inverse_node.cpp:78:62:[m[K [01;31m[Kerror: [m[K‚Äò[01m[KFloat64MultiArray[m[K‚Äô is not a member of ‚Äò[01m[Kstd_msgs::msg[m[K‚Äô
[6.003s]    78 |         pose_sub_ = this->create_subscription<std_msgs::msg::[01;31m[KFloat64MultiArray[m[K>(
[6.003s]       |                                                              [01;31m[K^~~~~~~~~~~~~~~~~[m[K
[6.012s] [01m[K/home/gaga/sad_ws/src/sad_pkg/src/Inverse_node.cpp:78:80:[m[K [01;31m[Kerror: [m[Kno matching function for call to ‚Äò[01m[KManipulatorNode::create_subscription<<expression error> >(const char [27], int, std::_Bind_helper<false, void (ManipulatorNode::*)(...), ManipulatorNode*, const std::_Placeholder<1>&>::type)[m[K‚Äô
[6.012s]    78 |         pose_sub_ = [01;31m[Kthis->create_subscription<std_msgs::msg::Float64MultiArray>([m[K
[6.012s]       |                     [01;31m[K~~~~~~~~~~~~~~~~~~~~~~~~~~~~~~~~~~~~~~~~~~~~~~~~~~~~~~~~~~~^[m[K
[6.012s]    79 | [01;31m[K            "path_to_inverse_kinematics", 10,[m[K
[6.012s]       |             [01;31m[K~~~~~~~~~~~~~~~~~~~~~~~~~~~~~~~~~[m[K                                   
[6.013s]    80 | [01;31m[K            std::bind(&ManipulatorNode::poseCallback, this, std::placeholders::_1)[m[K
[6.013s]       |             [01;31m[K~~~~~~~~~~~~~~~~~~~~~~~~~~~~~~~~~~~~~~~~~~~~~~~~~~~~~~~~~~~~~~~~~~~~~~[m[K
[6.013s]    81 | [01;31m[K        )[m[K;
[6.013s]       |         [01;31m[K~[m[K                                                                       
[6.013s] In file included from [01m[K/opt/ros/humble/include/rclcpp/rclcpp/executors/single_threaded_executor.hpp:28[m[K,
[6.013s]                  from [01m[K/opt/ros/humble/include/rclcpp/rclcpp/executors.hpp:22[m[K,
[6.013s]                  from [01m[K/opt/ros/humble/include/rclcpp/rclcpp/rclcpp.hpp:155[m[K,
[6.013s]                  from [01m[K/home/gaga/sad_ws/src/sad_pkg/src/Inverse_node.cpp:6[m[K:
[6.013s] [01m[K/opt/ros/humble/include/rclcpp/rclcpp/node.hpp:219:3:[m[K [01;36m[Knote: [m[Kcandidate: ‚Äò[01m[Ktemplate<class MessageT, class CallbackT, class AllocatorT, class SubscriptionT, class MessageMemoryStrategyT> std::shared_ptr<ROSMessageT> rclcpp::Node::create_subscription(const string&, const rclcpp::QoS&, CallbackT&&, const rclcpp::SubscriptionOptionsWithAllocator<AllocatorT>&, typename MessageMemoryStrategyT::SharedPtr)[m[K‚Äô
[6.013s]   219 |   [01;36m[Kcreate_subscription[m[K(
[6.013s]       |   [01;36m[K^~~~~~~~~~~~~~~~~~~[m[K
[6.013s] [01m[K/opt/ros/humble/include/rclcpp/rclcpp/node.hpp:219:3:[m[K [01;36m[Knote: [m[K  template argument deduction/substitution failed:
[6.013s] [01m[K/home/gaga/sad_ws/src/sad_pkg/src/Inverse_node.cpp:78:80:[m[K [01;31m[Kerror: [m[Ktemplate argument 1 is invalid
[6.014s]    78 |         pose_sub_ = [01;31m[Kthis->create_subscription<std_msgs::msg::Float64MultiArray>([m[K
[6.014s]       |                     [01;31m[K~~~~~~~~~~~~~~~~~~~~~~~~~~~~~~~~~~~~~~~~~~~~~~~~~~~~~~~~~~~^[m[K
[6.014s]    79 | [01;31m[K            "path_to_inverse_kinematics", 10,[m[K
[6.014s]       |             [01;31m[K~~~~~~~~~~~~~~~~~~~~~~~~~~~~~~~~~[m[K                                   
[6.014s]    80 | [01;31m[K            std::bind(&ManipulatorNode::poseCallback, this, std::placeholders::_1)[m[K
[6.014s]       |             [01;31m[K~~~~~~~~~~~~~~~~~~~~~~~~~~~~~~~~~~~~~~~~~~~~~~~~~~~~~~~~~~~~~~~~~~~~~~[m[K
[6.014s]    81 | [01;31m[K        )[m[K;
[6.014s]       |         [01;31m[K~[m[K                                                                       
[6.016s] [01m[K/home/gaga/sad_ws/src/sad_pkg/src/Inverse_node.cpp:85:102:[m[K [01;31m[Kerror: [m[K‚Äò[01m[Ktimer_callback[m[K‚Äô is not a member of ‚Äò[01m[KManipulatorNode[m[K‚Äô
[6.016s]    85 |         timer_ = this->create_wall_timer(std::chrono::milliseconds(100), std::bind(&ManipulatorNode::[01;31m[Ktimer_callback[m[K, this));
[6.016s]       |                                                                                                      [01;31m[K^~~~~~~~~~~~~~[m[K
[6.057s] [01m[K/home/gaga/sad_ws/src/sad_pkg/src/Inverse_node.cpp:[m[K In member function ‚Äò[01m[Kvoid ManipulatorNode::timerCallback()[m[K‚Äô:
[6.057s] [01m[K/home/gaga/sad_ws/src/sad_pkg/src/Inverse_node.cpp:127:49:[m[K [01;31m[Kerror: [m[Kno matching function for call to ‚Äò[01m[KManipulatorNode::computeFeedbackVelocity(Eigen::VectorXd&, Eigen::Vector3d&, Eigen::Vector3d&)[m[K‚Äô
[6.057s]   127 |         VectorXd q_dot = [01;31m[KcomputeFeedbackVelocity(current_joint_angles_,[m[K
[6.058s]       |                          [01;31m[K~~~~~~~~~~~~~~~~~~~~~~~^~~~~~~~~~~~~~~~~~~~~~~[m[K
[6.058s]   128 | [01;31m[K                                                 target_position_,[m[K
[6.058s]       |                                                  [01;31m[K~~~~~~~~~~~~~~~~~[m[K
[6.058s]   129 | [01;31m[K                                                 target_orientation_)[m[K;
[6.058s]       |                                                  [01;31m[K~~~~~~~~~~~~~~~~~~~~[m[K
[6.058s] [01m[K/home/gaga/sad_ws/src/sad_pkg/src/Inverse_node.cpp:194:14:[m[K [01;36m[Knote: [m[Kcandidate: ‚Äò[01m[KEigen::VectorXd ManipulatorNode::computeFeedbackVelocity(Eigen::Vector3d, Eigen::Vector3d)[m[K‚Äô
[6.058s]   194 |     VectorXd [01;36m[KcomputeFeedbackVelocity[m[K(const Vector3d target_position, const Vector3d target_orientation)
[6.058s]       |              [01;36m[K^~~~~~~~~~~~~~~~~~~~~~~[m[K
[6.058s] [01m[K/home/gaga/sad_ws/src/sad_pkg/src/Inverse_node.cpp:194:14:[m[K [01;36m[Knote: [m[K  candidate expects 2 arguments, 3 provided
[6.347s] [01m[K/home/gaga/sad_ws/src/sad_pkg/src/path_node.cpp:[m[K In member function ‚Äò[01m[Kvoid RSNode::publishPoseAndOrientation()[m[K‚Äô:
[6.348s] [01m[K/home/gaga/sad_ws/src/sad_pkg/src/path_node.cpp:98:28:[m[K [01;31m[Kerror: [m[K‚Äò[01m[Kroll[m[K‚Äô was not declared in this scope
[6.348s]    98 |         msg.data.push_back([01;31m[Kroll[m[K);       // roll (ÎùºÎîîÏïà)
[6.348s]       |                            [01;31m[K^~~~[m[K
[6.359s] [01m[K/home/gaga/sad_ws/src/sad_pkg/src/path_node.cpp:99:28:[m[K [01;31m[Kerror: [m[K‚Äò[01m[Kpitch[m[K‚Äô was not declared in this scope
[6.359s]    99 |         msg.data.push_back([01;31m[Kpitch[m[K);      // pitch (ÎùºÎîîÏïà)
[6.359s]       |                            [01;31m[K^~~~~[m[K
[6.374s] [01m[K/home/gaga/sad_ws/src/sad_pkg/src/path_node.cpp:100:28:[m[K [01;31m[Kerror: [m[K‚Äò[01m[Kyaw[m[K‚Äô was not declared in this scope
[6.374s]   100 |         msg.data.push_back([01;31m[Kyaw[m[K);        // yaw (ÎùºÎîîÏïà)
[6.374s]       |                            [01;31m[K^~~[m[K
[8.190s] [ 64%] [32m[1mLinking CXX executable obstacle_node[0m
[8.558s] [ 64%] Built target obstacle_node
[11.407s] In file included from [01m[K/usr/include/x86_64-linux-gnu/c++/11/bits/c++allocator.h:33[m[K,
[11.407s]                  from [01m[K/usr/include/c++/11/bits/allocator.h:46[m[K,
[11.407s]                  from [01m[K/usr/include/c++/11/string:41[m[K,
[11.407s]                  from [01m[K/usr/include/c++/11/bits/locale_classes.h:40[m[K,
[11.407s]                  from [01m[K/usr/include/c++/11/bits/ios_base.h:41[m[K,
[11.408s]                  from [01m[K/usr/include/c++/11/ios:42[m[K,
[11.408s]                  from [01m[K/usr/include/c++/11/ostream:38[m[K,
[11.408s]                  from [01m[K/usr/include/c++/11/iostream:39[m[K,
[11.408s]                  from [01m[K/home/gaga/sad_ws/src/sad_pkg/src/Inverse_node.cpp:1[m[K:
[11.408s] /usr/include/c++/11/ext/new_allocator.h: In instantiation of ‚Äò[01m[Kvoid __gnu_cxx::new_allocator<_Tp>::construct(_Up*, _Args&& ...) [with _Up = ManipulatorNode; _Args = {}; _Tp = ManipulatorNode][m[K‚Äô:
[11.408s] [01m[K/usr/include/c++/11/bits/alloc_traits.h:516:17:[m[K   required from ‚Äò[01m[Kstatic void std::allocator_traits<std::allocator<_CharT> >::construct(std::allocator_traits<std::allocator<_CharT> >::allocator_type&, _Up*, _Args&& ...) [with _Up = ManipulatorNode; _Args = {}; _Tp = ManipulatorNode; std::allocator_traits<std::allocator<_CharT> >::allocator_type = std::allocator<ManipulatorNode>][m[K‚Äô
[11.408s] [01m[K/usr/include/c++/11/bits/shared_ptr_base.h:519:39:[m[K   required from ‚Äò[01m[Kstd::_Sp_counted_ptr_inplace<_Tp, _Alloc, _Lp>::_Sp_counted_ptr_inplace(_Alloc, _Args&& ...) [with _Args = {}; _Tp = ManipulatorNode; _Alloc = std::allocator<ManipulatorNode>; __gnu_cxx::_Lock_policy _Lp = __gnu_cxx::_S_atomic][m[K‚Äô
[11.408s] [01m[K/usr/include/c++/11/bits/shared_ptr_base.h:650:16:[m[K   required from ‚Äò[01m[Kstd::__shared_count<_Lp>::__shared_count(_Tp*&, std::_Sp_alloc_shared_tag<_Alloc>, _Args&& ...) [with _Tp = ManipulatorNode; _Alloc = std::allocator<ManipulatorNode>; _Args = {}; __gnu_cxx::_Lock_policy _Lp = __gnu_cxx::_S_atomic][m[K‚Äô
[11.408s] [01m[K/usr/include/c++/11/bits/shared_ptr_base.h:1342:14:[m[K   required from ‚Äò[01m[Kstd::__shared_ptr<_Tp, _Lp>::__shared_ptr(std::_Sp_alloc_shared_tag<_Tp>, _Args&& ...) [with _Alloc = std::allocator<ManipulatorNode>; _Args = {}; _Tp = ManipulatorNode; __gnu_cxx::_Lock_policy _Lp = __gnu_cxx::_S_atomic][m[K‚Äô
[11.408s] [01m[K/usr/include/c++/11/bits/shared_ptr.h:409:59:[m[K   required from ‚Äò[01m[Kstd::shared_ptr<_Tp>::shared_ptr(std::_Sp_alloc_shared_tag<_Tp>, _Args&& ...) [with _Alloc = std::allocator<ManipulatorNode>; _Args = {}; _Tp = ManipulatorNode][m[K‚Äô
[11.408s] [01m[K/usr/include/c++/11/bits/shared_ptr.h:862:14:[m[K   required from ‚Äò[01m[Kstd::shared_ptr<_Tp> std::allocate_shared(const _Alloc&, _Args&& ...) [with _Tp = ManipulatorNode; _Alloc = std::allocator<ManipulatorNode>; _Args = {}][m[K‚Äô
[11.409s] [01m[K/usr/include/c++/11/bits/shared_ptr.h:878:39:[m[K   required from ‚Äò[01m[Kstd::shared_ptr<_Tp> std::make_shared(_Args&& ...) [with _Tp = ManipulatorNode; _Args = {}][m[K‚Äô
[11.409s] [01m[K/home/gaga/sad_ws/src/sad_pkg/src/Inverse_node.cpp:291:50:[m[K   required from here
[11.409s] [01m[K/usr/include/c++/11/ext/new_allocator.h:162:11:[m[K [01;31m[Kerror: [m[Kno matching function for call to ‚Äò[01m[KManipulatorNode::ManipulatorNode()[m[K‚Äô
[11.409s]   162 |         { [01;31m[K::new((void *)__p) _Up(std::forward<_Args>(__args)...)[m[K; }
[11.409s]       |           [01;31m[K^~~~~~~~~~~~~~~~~~~~~~~~~~~~~~~~~~~~~~~~~~~~~~~~~~~~~~[m[K
[11.409s] [01m[K/home/gaga/sad_ws/src/sad_pkg/src/Inverse_node.cpp:66:5:[m[K [01;36m[Knote: [m[Kcandidate: ‚Äò[01m[KManipulatorNode::ManipulatorNode(const Vector3d&, const Vector3d&)[m[K‚Äô
[11.409s]    66 |     [01;36m[KManipulatorNode[m[K(const Vector3d& target_position, const Vector3d& target_orientation)
[11.409s]       |     [01;36m[K^~~~~~~~~~~~~~~[m[K
[11.409s] [01m[K/home/gaga/sad_ws/src/sad_pkg/src/Inverse_node.cpp:66:5:[m[K [01;36m[Knote: [m[K  candidate expects 2 arguments, 0 provided
[11.810s] [ 71%] [32m[1mLinking CXX executable spline_node[0m
[12.207s] [ 71%] Built target spline_node
[12.533s] gmake[2]: *** [CMakeFiles/path_node.dir/build.make:76: CMakeFiles/path_node.dir/src/path_node.cpp.o] Error 1
[12.533s] gmake[1]: *** [CMakeFiles/Makefile2:279: CMakeFiles/path_node.dir/all] Error 2
[12.533s] gmake[1]: *** Waiting for unfinished jobs....
[15.830s] [ 78%] [32m[1mLinking CXX executable map_node[0m
[16.060s] [ 85%] [32m[1mLinking CXX executable rrt_node[0m
[16.517s] [ 85%] Built target map_node
[16.768s] [ 85%] Built target rrt_node
[17.362s] gmake[2]: *** [CMakeFiles/Inverse_node.dir/build.make:76: CMakeFiles/Inverse_node.dir/src/Inverse_node.cpp.o] Error 1
[17.363s] gmake[1]: *** [CMakeFiles/Makefile2:305: CMakeFiles/Inverse_node.dir/all] Error 2
[17.363s] gmake: *** [Makefile:146: all] Error 2
[17.368s] Invoked command in '/home/gaga/sad_ws/build/sad_pkg' returned '2': CMAKE_PREFIX_PATH=/home/gaga/sad_ws/install/my_vision_msgs:/home/gaga/sad_ws/install:/home/gaga/sad_ws/install/sad_pkg:/home/gaga/sad_ws/install/mani_urdf:/home/gaga/turtlebot3_ws/install/turtlebot3:/home/gaga/turtlebot3_ws/install/turtlebot3_simulations:/home/gaga/turtlebot3_ws/install/turtlebot3_bringup:/home/gaga/turtlebot3_ws/install/turtlebot3_node:/home/gaga/turtlebot3_ws/install/turtlebot3_navigation2:/home/gaga/turtlebot3_ws/install/turtlebot3_fake_node:/home/gaga/turtlebot3_ws/install/robot_master:/home/gaga/turtlebot3_ws/install/turtlebot3_msgs:/home/gaga/turtlebot3_ws/install/turtlebot3_gazebo:/home/gaga/turtlebot3_ws/install/turtlebot3_description:/home/gaga/turtlebot3_ws/install/turtlebot3_cartographer:/home/gaga/turtlebot3_ws/install/robot_vision:/home/gaga/turtlebot3_ws/install/robot_navigation:/home/gaga/turtlebot3_ws/install/robot_msgs:/home/gaga/turtlebot3_ws/install/dynamixel_sdk_examples:/home/gaga/turtlebot3_ws/install/dynamixel_sdk_custom_interfaces:/home/gaga/turtlebot3_ws/install/dynamixel_sdk:/home/gaga/ssibal_ws/install/robot_msgs:/home/gaga/sad_ws/src/install/sad_pkg:/home/gaga/sad_ws/src/install/vision_msgs:/home/gaga/sad_ws/src/install/my_vision_msgs:/home/gaga/sad_ws/src/install/mani_urdf:/home/gaga/robotprograming_ws/install/rp_pkg:/home/gaga/sad_ws/src/sad_pkg/install/sad_pkg:/home/gaga/turtlebot3_ws/install/turtlebot3_teleop:/home/gaga/turtlebot3_ws/install/turtlebot3_example:/opt/ros/humble /usr/bin/cmake --build /home/gaga/sad_ws/build/sad_pkg -- -j20 -l20
