[35m[1mConsolidate compiler generated dependencies of target Inverse_node[0m
[ 14%] Built target forward_node
[ 28%] Built target rrt_node
[ 35%] [32mBuilding CXX object CMakeFiles/path_node.dir/src/path_node.cpp.o[0m
[ 50%] Built target obstacle_node
[ 64%] Built target spline_node
[ 78%] Built target map_node
[ 92%] Built target Inverse_node
[01m[K/home/gaga/sad_ws/src/sad_pkg/src/path_node.cpp:[m[K In member function â€˜[01m[Kvoid RSNode::publishPoseAndOrientation()[m[Kâ€™:
[01m[K/home/gaga/sad_ws/src/sad_pkg/src/path_node.cpp:125:13:[m[K [01;31m[Kerror: [m[Kâ€˜[01m[Kidx[m[Kâ€™ was not declared in this scope
  125 |         if ([01;31m[Kidx[m[K == 0) {
      |             [01;31m[K^~~[m[K
[01m[K/home/gaga/sad_ws/src/sad_pkg/src/path_node.cpp:126:13:[m[K [01;31m[Kerror: [m[Kâ€˜[01m[Kvelocity[m[Kâ€™ was not declared in this scope
  126 |             [01;31m[Kvelocity[m[K = interpolate(t + dt) - interpolate(t);  // smoother
      |             [01;31m[K^~~~~~~~[m[K
[01m[K/home/gaga/sad_ws/src/sad_pkg/src/path_node.cpp:126:36:[m[K [01;31m[Kerror: [m[Kâ€˜[01m[Kt[m[Kâ€™ was not declared in this scope; did you mean â€˜[01m[Ktm[m[Kâ€™?
  126 |             velocity = interpolate([01;31m[Kt[m[K + dt) - interpolate(t);  // smoother
      |                                    [01;31m[K^[m[K
      |                                    [32m[Ktm[m[K
[01m[K/home/gaga/sad_ws/src/sad_pkg/src/path_node.cpp:126:40:[m[K [01;31m[Kerror: [m[Kâ€˜[01m[Kdt[m[Kâ€™ was not declared in this scope; did you mean â€˜[01m[Kdist[m[Kâ€™?
  126 |             velocity = interpolate(t + [01;31m[Kdt[m[K) - interpolate(t);  // smoother
      |                                        [01;31m[K^~[m[K
      |                                        [32m[Kdist[m[K
gmake[2]: *** [CMakeFiles/path_node.dir/build.make:76: CMakeFiles/path_node.dir/src/path_node.cpp.o] Error 1
gmake[1]: *** [CMakeFiles/Makefile2:279: CMakeFiles/path_node.dir/all] Error 2
gmake: *** [Makefile:146: all] Error 2
