[35m[1mConsolidate compiler generated dependencies of target path_node[0m
[ 85%] Built target rrt_node
[ 85%] Built target Inverse_node
[ 85%] Built target map_node
[ 85%] Built target spline_node
[ 85%] Built target forward_node
[ 85%] Built target obstacle_node
[ 92%] [32mBuilding CXX object CMakeFiles/path_node.dir/src/path_node.cpp.o[0m
[01m[K/home/gaga/sad_ws/src/sad_pkg/src/path_node.cpp:[m[K In constructor â€˜[01m[KRSNode::RSNode()[m[Kâ€™:
[01m[K/home/gaga/sad_ws/src/sad_pkg/src/path_node.cpp:37:32:[m[K [01;31m[Kerror: [m[Kâ€˜[01m[KobstacleCallback[m[Kâ€™ is not a member of â€˜[01m[KRSNode[m[Kâ€™
   37 |             std::bind(&RSNode::[01;31m[KobstacleCallback[m[K, this, std::placeholders::_1)
      |                                [01;31m[K^~~~~~~~~~~~~~~~[m[K
gmake[2]: *** [CMakeFiles/path_node.dir/build.make:76: CMakeFiles/path_node.dir/src/path_node.cpp.o] Error 1
gmake[1]: *** [CMakeFiles/Makefile2:279: CMakeFiles/path_node.dir/all] Error 2
gmake: *** [Makefile:146: all] Error 2
