[01m[K/home/gaga/sad_ws/src/sad_pkg/src/path_test_node.cpp:[m[K In constructor â€˜[01m[KPathTestNode::PathTestNode()[m[Kâ€™:
[01m[K/home/gaga/sad_ws/src/sad_pkg/src/path_test_node.cpp:15:13:[m[K [01;31m[Kerror: [m[Kunable to find numeric literal operator â€˜[01m[Koperator""ms[m[Kâ€™
   15 |             [01;31m[K1000ms[m[K, std::bind(&PathTestNode::publishStartGoal, this)
      |             [01;31m[K^~~~~~[m[K
gmake[2]: *** [CMakeFiles/path_test_node.dir/build.make:76: CMakeFiles/path_test_node.dir/src/path_test_node.cpp.o] Error 1
gmake[1]: *** [CMakeFiles/Makefile2:311: CMakeFiles/path_test_node.dir/all] Error 2
gmake[1]: *** Waiting for unfinished jobs....
gmake: *** [Makefile:146: all] Error 2
