[0.013s] Invoking command in '/home/gaga/sad_ws/build/sad_pkg': CMAKE_PREFIX_PATH=/home/gaga/turtlebot3_ws/install/turtlebot3_teleop:/home/gaga/turtlebot3_ws/install/turtlebot3_example:/opt/ros/humble:/home/gaga/sad_ws/install/serial:/home/gaga/sad_ws/install/my_vision_msgs:/home/gaga/sad_ws/install:/home/gaga/sad_ws/install/sad_pkg:/home/gaga/sad_ws/install/mani_urdf:/home/gaga/turtlebot3_ws/install/turtlebot3:/home/gaga/turtlebot3_ws/install/turtlebot3_simulations:/home/gaga/turtlebot3_ws/install/turtlebot3_bringup:/home/gaga/turtlebot3_ws/install/turtlebot3_node:/home/gaga/turtlebot3_ws/install/turtlebot3_navigation2:/home/gaga/turtlebot3_ws/install/turtlebot3_fake_node:/home/gaga/turtlebot3_ws/install/robot_master:/home/gaga/turtlebot3_ws/install/turtlebot3_msgs:/home/gaga/turtlebot3_ws/install/turtlebot3_gazebo:/home/gaga/turtlebot3_ws/install/turtlebot3_description:/home/gaga/turtlebot3_ws/install/turtlebot3_cartographer:/home/gaga/turtlebot3_ws/install/robot_vision:/home/gaga/turtlebot3_ws/install/robot_navigation:/home/gaga/turtlebot3_ws/install/robot_msgs:/home/gaga/turtlebot3_ws/install/dynamixel_sdk_examples:/home/gaga/turtlebot3_ws/install/dynamixel_sdk_custom_interfaces:/home/gaga/turtlebot3_ws/install/dynamixel_sdk:/home/gaga/ssibal_ws/install/robot_msgs:/home/gaga/sad_ws/src/install/vision_msgs:/home/gaga/sad_ws/src/install/sad_pkg:/home/gaga/sad_ws/src/install/serial:/home/gaga/sad_ws/src/install/my_vision_msgs:/home/gaga/sad_ws/src/install/mani_urdf:/home/gaga/robotprograming_ws/install/rp_pkg:/home/gaga/sad_ws/src/sad_pkg/install/sad_pkg /usr/bin/cmake --build /home/gaga/sad_ws/build/sad_pkg -- -j20 -l20
[0.037s] -- Found ament_cmake: 1.3.11 (/opt/ros/humble/share/ament_cmake/cmake)
[0.123s] -- Found rclcpp: 16.0.12 (/opt/ros/humble/share/rclcpp/cmake)
[0.139s] -- Found rosidl_generator_c: 3.1.6 (/opt/ros/humble/share/rosidl_generator_c/cmake)
[0.140s] -- Found rosidl_adapter: 3.1.6 (/opt/ros/humble/share/rosidl_adapter/cmake)
[0.144s] -- Found rosidl_generator_cpp: 3.1.6 (/opt/ros/humble/share/rosidl_generator_cpp/cmake)
[0.149s] -- Using all available rosidl_typesupport_c: rosidl_typesupport_fastrtps_c;rosidl_typesupport_introspection_c
[0.156s] -- Using all available rosidl_typesupport_cpp: rosidl_typesupport_fastrtps_cpp;rosidl_typesupport_introspection_cpp
[0.174s] -- Found rmw_implementation_cmake: 6.1.2 (/opt/ros/humble/share/rmw_implementation_cmake/cmake)
[0.175s] -- Found rmw_fastrtps_cpp: 6.2.7 (/opt/ros/humble/share/rmw_fastrtps_cpp/cmake)
[0.247s] -- Using RMW implementation 'rmw_fastrtps_cpp' as default
[0.274s] -- Found visualization_msgs: 4.8.0 (/opt/ros/humble/share/visualization_msgs/cmake)
[0.300s] -- Found trajectory_msgs: 4.8.0 (/opt/ros/humble/share/trajectory_msgs/cmake)
[0.309s] -- Found xacro: 2.0.13 (/opt/ros/humble/share/xacro/cmake)
[0.309s] -- Found ros2_control: 2.50.0 (/opt/ros/humble/share/ros2_control/cmake)
[0.309s] -- Found gazebo_ros2_control: 0.4.10 (/opt/ros/humble/share/gazebo_ros2_control/cmake)
[0.401s] -- Found DART: /usr/include (Required is at least version "6.6") found components: dart 
[0.421s] -- Found Protobuf: /usr/lib/x86_64-linux-gnu/libprotobuf.so (found version "3.12.4") 
[0.422s] -- Looking for ignition-math6 -- found version 6.15.1
[0.425s] -- Searching for dependencies of ignition-math6
[0.426s] -- Looking for OGRE...
[0.430s] -- Found Ogre Ghadamon (1.9.0)
[0.430s] -- Found OGRE: optimized;/usr/lib/x86_64-linux-gnu/libOgreMain.so;debug;/usr/lib/x86_64-linux-gnu/libOgreMain.so
[0.436s] -- Looking for OGRE_Paging...
[0.436s] -- Found OGRE_Paging: optimized;/usr/lib/x86_64-linux-gnu/libOgrePaging.so;debug;/usr/lib/x86_64-linux-gnu/libOgrePaging.so
[0.436s] -- Looking for OGRE_Terrain...
[0.436s] -- Found OGRE_Terrain: optimized;/usr/lib/x86_64-linux-gnu/libOgreTerrain.so;debug;/usr/lib/x86_64-linux-gnu/libOgreTerrain.so
[0.436s] -- Looking for OGRE_Property...
[0.436s] -- Found OGRE_Property: optimized;/usr/lib/x86_64-linux-gnu/libOgreProperty.so;debug;/usr/lib/x86_64-linux-gnu/libOgreProperty.so
[0.436s] -- Looking for OGRE_RTShaderSystem...
[0.436s] -- Found OGRE_RTShaderSystem: optimized;/usr/lib/x86_64-linux-gnu/libOgreRTShaderSystem.so;debug;/usr/lib/x86_64-linux-gnu/libOgreRTShaderSystem.so
[0.436s] -- Looking for OGRE_Volume...
[0.436s] -- Found OGRE_Volume: optimized;/usr/lib/x86_64-linux-gnu/libOgreVolume.so;debug;/usr/lib/x86_64-linux-gnu/libOgreVolume.so
[0.436s] -- Looking for OGRE_Overlay...
[0.436s] -- Found OGRE_Overlay: optimized;/usr/lib/x86_64-linux-gnu/libOgreOverlay.so;debug;/usr/lib/x86_64-linux-gnu/libOgreOverlay.so
[0.526s] -- Looking for ignition-math6 -- found version 6.15.1
[0.526s] -- Looking for ignition-transport8 -- found version 8.2.1
[0.526s] -- Searching for dependencies of ignition-transport8
[0.539s] -- Found Protobuf: /usr/lib/x86_64-linux-gnu/libprotobuf.so (found suitable version "3.12.4", minimum required is "3") 
[0.553s] -- Config-file not installed for ZeroMQ -- checking for pkg-config
[0.557s] -- Checking for module 'libzmq >= 4'
[0.568s] --   Found libzmq , version 4.3.4
[0.600s] -- Checking for module 'uuid'
[0.612s] --   Found uuid, version 2.37.2
[0.639s] -- Looking for ignition-msgs5 -- found version 5.8.1
[0.639s] -- Searching for dependencies of ignition-msgs5
[0.656s] -- Looking for ignition-math6 -- found version 6.15.1
[0.661s] -- Looking for ignition-msgs5 -- found version 5.8.1
[0.661s] -- Looking for ignition-common3 -- found version 3.14.0
[0.661s] -- Searching for dependencies of ignition-common3
[0.662s] -- Looking for dlfcn.h - found
[0.662s] -- Looking for libdl - found
[0.671s] -- Searching for <ignition-common3> component [graphics]
[0.671s] -- Looking for ignition-common3-graphics -- found version 3.14.0
[0.672s] -- Searching for dependencies of ignition-common3-graphics
[0.672s] -- Looking for ignition-math6 -- found version 6.15.1
[0.673s] -- Looking for ignition-fuel_tools4 -- found version 4.4.0
[0.673s] -- Searching for dependencies of ignition-fuel_tools4
[0.703s] -- Checking for module 'jsoncpp'
[0.715s] --   Found jsoncpp, version 1.9.5
[0.748s] -- Checking for module 'libzip'
[0.761s] --   Found libzip, version 1.7.3
[0.788s] -- Looking for ignition-common3 -- found version 3.14.0
[0.788s] -- Looking for ignition-math6 -- found version 6.15.1
[0.788s] -- Looking for ignition-msgs5 -- found version 5.8.1
[0.789s] -- Gazebo version: 11.10
[0.796s] -- Found my_vision_msgs: 0.1.0 (/home/gaga/sad_ws/install/my_vision_msgs/share/my_vision_msgs/cmake)
[0.805s] -- Found tf2: 0.25.12 (/opt/ros/humble/share/tf2/cmake)
[0.807s] -- Found tf2_geometry_msgs: 0.25.12 (/opt/ros/humble/share/tf2_geometry_msgs/cmake)
[0.809s] -- Found eigen3_cmake_module: 0.1.1 (/opt/ros/humble/share/eigen3_cmake_module/cmake)
[0.810s] -- Ensuring Eigen3 include directory is part of orocos-kdl CMake target
[0.839s] -- Found serial: 1.2.1 (/home/gaga/sad_ws/install/serial/share/serial/cmake)
[0.839s] -- Found dynamixel_sdk: 3.8.3 (/opt/ros/humble/share/dynamixel_sdk/cmake)
[0.880s] -- Found ament_lint_auto: 0.12.12 (/opt/ros/humble/share/ament_lint_auto/cmake)
[0.939s] -- Added test 'cppcheck' to perform static code analysis on C / C++ code
[0.943s] -- Configured cppcheck include dirs: 
[0.943s] -- Configured cppcheck exclude dirs and/or files: 
[0.944s] -- Added test 'flake8' to check Python code syntax and style conventions
[0.945s] -- Added test 'lint_cmake' to check CMake code style
[0.946s] -- Added test 'pep257' to check Python code against some of the docstring style conventions in PEP 257
[0.951s] -- Added test 'uncrustify' to check C / C++ code style
[0.951s] -- Configured uncrustify additional arguments: 
[0.951s] -- Added test 'xmllint' to check XML markup files
[0.952s] -- Configuring done
[0.985s] -- Generating done
[1.000s] -- Build files have been written to: /home/gaga/sad_ws/build/sad_pkg
[1.031s] [35m[1mConsolidate compiler generated dependencies of target forward_node[0m
[1.032s] [35m[1mConsolidate compiler generated dependencies of target motor_node[0m
[1.032s] [35m[1mConsolidate compiler generated dependencies of target rrt_node[0m
[1.032s] [35m[1mConsolidate compiler generated dependencies of target path_node[0m
[1.032s] [35m[1mConsolidate compiler generated dependencies of target obstacle_node[0m
[1.032s] [35m[1mConsolidate compiler generated dependencies of target map_node[0m
[1.032s] [35m[1mConsolidate compiler generated dependencies of target Inverse_node[0m
[1.032s] [35m[1mConsolidate compiler generated dependencies of target spline_node[0m
[1.032s] [35m[1mConsolidate compiler generated dependencies of target real_inverse_node[0m
[1.046s] [ 10%] [32mBuilding CXX object CMakeFiles/path_test_node.dir/src/path_test_node.cpp.o[0m
[1.046s] [ 15%] Built target forward_node
[1.053s] [ 65%] Built target map_node
[1.053s] [ 65%] Built target spline_node
[1.054s] [ 65%] Built target obstacle_node
[1.054s] [ 65%] Built target motor_node
[1.054s] [ 65%] Built target rrt_node
[1.054s] [ 70%] [32mBuilding CXX object CMakeFiles/path_node.dir/src/path_node.cpp.o[0m
[1.054s] [ 80%] Built target Inverse_node
[1.055s] [ 90%] Built target real_inverse_node
[2.559s] [01m[K/home/gaga/sad_ws/src/sad_pkg/src/path_test_node.cpp:[m[K In constructor â€˜[01m[KPathTestNode::PathTestNode()[m[Kâ€™:
[2.559s] [01m[K/home/gaga/sad_ws/src/sad_pkg/src/path_test_node.cpp:15:13:[m[K [01;31m[Kerror: [m[Kunable to find numeric literal operator â€˜[01m[Koperator""ms[m[Kâ€™
[2.559s]    15 |             [01;31m[K1000ms[m[K, std::bind(&PathTestNode::publishStartGoal, this)
[2.559s]       |             [01;31m[K^~~~~~[m[K
[3.037s] gmake[2]: *** [CMakeFiles/path_test_node.dir/build.make:76: CMakeFiles/path_test_node.dir/src/path_test_node.cpp.o] Error 1
[3.038s] gmake[1]: *** [CMakeFiles/Makefile2:311: CMakeFiles/path_test_node.dir/all] Error 2
[3.038s] gmake[1]: *** Waiting for unfinished jobs....
[8.655s] [ 95%] [32m[1mLinking CXX executable path_node[0m
[9.067s] [ 95%] Built target path_node
[9.068s] gmake: *** [Makefile:146: all] Error 2
[9.070s] Invoked command in '/home/gaga/sad_ws/build/sad_pkg' returned '2': CMAKE_PREFIX_PATH=/home/gaga/turtlebot3_ws/install/turtlebot3_teleop:/home/gaga/turtlebot3_ws/install/turtlebot3_example:/opt/ros/humble:/home/gaga/sad_ws/install/serial:/home/gaga/sad_ws/install/my_vision_msgs:/home/gaga/sad_ws/install:/home/gaga/sad_ws/install/sad_pkg:/home/gaga/sad_ws/install/mani_urdf:/home/gaga/turtlebot3_ws/install/turtlebot3:/home/gaga/turtlebot3_ws/install/turtlebot3_simulations:/home/gaga/turtlebot3_ws/install/turtlebot3_bringup:/home/gaga/turtlebot3_ws/install/turtlebot3_node:/home/gaga/turtlebot3_ws/install/turtlebot3_navigation2:/home/gaga/turtlebot3_ws/install/turtlebot3_fake_node:/home/gaga/turtlebot3_ws/install/robot_master:/home/gaga/turtlebot3_ws/install/turtlebot3_msgs:/home/gaga/turtlebot3_ws/install/turtlebot3_gazebo:/home/gaga/turtlebot3_ws/install/turtlebot3_description:/home/gaga/turtlebot3_ws/install/turtlebot3_cartographer:/home/gaga/turtlebot3_ws/install/robot_vision:/home/gaga/turtlebot3_ws/install/robot_navigation:/home/gaga/turtlebot3_ws/install/robot_msgs:/home/gaga/turtlebot3_ws/install/dynamixel_sdk_examples:/home/gaga/turtlebot3_ws/install/dynamixel_sdk_custom_interfaces:/home/gaga/turtlebot3_ws/install/dynamixel_sdk:/home/gaga/ssibal_ws/install/robot_msgs:/home/gaga/sad_ws/src/install/vision_msgs:/home/gaga/sad_ws/src/install/sad_pkg:/home/gaga/sad_ws/src/install/serial:/home/gaga/sad_ws/src/install/my_vision_msgs:/home/gaga/sad_ws/src/install/mani_urdf:/home/gaga/robotprograming_ws/install/rp_pkg:/home/gaga/sad_ws/src/sad_pkg/install/sad_pkg /usr/bin/cmake --build /home/gaga/sad_ws/build/sad_pkg -- -j20 -l20
