[ 20%] Built target forward_node
[ 30%] [32mBuilding CXX object CMakeFiles/map_node.dir/src/map_node.cpp.o[0m
[ 50%] Built target rrt_node
[ 60%] [32mBuilding CXX object CMakeFiles/obstacle_node.dir/src/obstacle_node.cpp.o[0m
[ 80%] Built target spline_node
[01m[K/home/gaga/sad_ws/src/sad_pkg/src/obstacle_node.cpp:2:10:[m[K [01;31m[Kfatal error: [m[Kmy_vision_msgs/msg/harvest_order.msg: No such file or directory
    2 | #include [01;31m[K"my_vision_msgs/msg/harvest_order.msg"[m[K      // ì»¤ìŠ¤í…€ ë©”ì‹œì§€
      |          [01;31m[K^~~~~~~~~~~~~~~~~~~~~~~~~~~~~~~~~~~~~~[m[K
compilation terminated.
gmake[2]: *** [CMakeFiles/obstacle_node.dir/build.make:76: CMakeFiles/obstacle_node.dir/src/obstacle_node.cpp.o] Error 1
gmake[1]: *** [CMakeFiles/Makefile2:223: CMakeFiles/obstacle_node.dir/all] Error 2
gmake[1]: *** Waiting for unfinished jobs....
[01m[K/home/gaga/sad_ws/src/sad_pkg/src/map_node.cpp:4:10:[m[K [01;31m[Kfatal error: [m[Kmy_msgs/msg/harvest_order.hpp: No such file or directory
    4 | #include [01;31m[K"my_msgs/msg/harvest_order.hpp"[m[K
      |          [01;31m[K^~~~~~~~~~~~~~~~~~~~~~~~~~~~~~~[m[K
compilation terminated.
gmake[2]: *** [CMakeFiles/map_node.dir/build.make:76: CMakeFiles/map_node.dir/src/map_node.cpp.o] Error 1
gmake[1]: *** [CMakeFiles/Makefile2:249: CMakeFiles/map_node.dir/all] Error 2
gmake: *** [Makefile:146: all] Error 2
