[0.013s] Invoking command in '/home/gaga/sad_ws/build/sad_pkg': CMAKE_PREFIX_PATH=/home/gaga/sad_ws/install/my_vision_msgs:/home/gaga/sad_ws/install:/home/gaga/sad_ws/install/sad_pkg:/home/gaga/sad_ws/install/mani_urdf:/home/gaga/turtlebot3_ws/install/turtlebot3:/home/gaga/turtlebot3_ws/install/turtlebot3_simulations:/home/gaga/turtlebot3_ws/install/turtlebot3_bringup:/home/gaga/turtlebot3_ws/install/turtlebot3_node:/home/gaga/turtlebot3_ws/install/turtlebot3_navigation2:/home/gaga/turtlebot3_ws/install/turtlebot3_fake_node:/home/gaga/turtlebot3_ws/install/robot_master:/home/gaga/turtlebot3_ws/install/turtlebot3_msgs:/home/gaga/turtlebot3_ws/install/turtlebot3_gazebo:/home/gaga/turtlebot3_ws/install/turtlebot3_description:/home/gaga/turtlebot3_ws/install/turtlebot3_cartographer:/home/gaga/turtlebot3_ws/install/robot_vision:/home/gaga/turtlebot3_ws/install/robot_navigation:/home/gaga/turtlebot3_ws/install/robot_msgs:/home/gaga/turtlebot3_ws/install/dynamixel_sdk_examples:/home/gaga/turtlebot3_ws/install/dynamixel_sdk_custom_interfaces:/home/gaga/turtlebot3_ws/install/dynamixel_sdk:/home/gaga/ssibal_ws/install/robot_msgs:/home/gaga/sad_ws/src/install/sad_pkg:/home/gaga/sad_ws/src/install/vision_msgs:/home/gaga/sad_ws/src/install/my_vision_msgs:/home/gaga/sad_ws/src/install/mani_urdf:/home/gaga/robotprograming_ws/install/rp_pkg:/home/gaga/sad_ws/src/sad_pkg/install/sad_pkg:/home/gaga/turtlebot3_ws/install/turtlebot3_teleop:/home/gaga/turtlebot3_ws/install/turtlebot3_example:/opt/ros/humble /usr/bin/cmake --build /home/gaga/sad_ws/build/sad_pkg -- -j20 -l20
[0.073s] [35m[1mConsolidate compiler generated dependencies of target Inverse_node[0m
[0.093s] [ 42%] Built target map_node
[0.093s] [ 71%] Built target spline_node
[0.094s] [ 78%] Built target forward_node
[0.094s] [ 78%] Built target obstacle_node
[0.094s] [ 78%] [32mBuilding CXX object CMakeFiles/path_node.dir/src/path_node.cpp.o[0m
[0.094s] [ 78%] Built target rrt_node
[0.101s] [ 92%] Built target Inverse_node
[3.091s] [01m[K/home/gaga/sad_ws/src/sad_pkg/src/path_node.cpp:382:2:[m[K [01;31m[Kerror: [m[Kexpected ‚Äò[01m[K}[m[K‚Äô at end of input
[3.091s]   382 | }
[3.091s]       |  [01;31m[K^[m[K
[3.091s] [01m[K/home/gaga/sad_ws/src/sad_pkg/src/path_node.cpp:25:36:[m[K [01;36m[Knote: [m[Kto match this ‚Äò[01m[K{[m[K‚Äô
[3.091s]    25 | class RSNode : public rclcpp::Node [01;36m[K{[m[K
[3.091s]       |                                    [01;36m[K^[m[K
[3.091s] [01m[K/home/gaga/sad_ws/src/sad_pkg/src/path_node.cpp:[m[K In constructor ‚Äò[01m[KRSNode::RSNode()[m[K‚Äô:
[3.091s] [01m[K/home/gaga/sad_ws/src/sad_pkg/src/path_node.cpp:29:7:[m[K [01;31m[Kerror: [m[Kclass ‚Äò[01m[KRSNode[m[K‚Äô does not have any field named ‚Äò[01m[Kgen_[m[K‚Äô
[3.091s]    29 |       [01;31m[Kgen_[m[K(42),              // ÎÇúÏàò ÏÉùÏÑ±Í∏∞ ÏãúÎìú Í≥†Ï†ï
[3.092s]       |       [01;31m[K^~~~[m[K
[3.092s] [01m[K/home/gaga/sad_ws/src/sad_pkg/src/path_node.cpp:30:7:[m[K [01;31m[Kerror: [m[Kclass ‚Äò[01m[KRSNode[m[K‚Äô does not have any field named ‚Äò[01m[Kfirst_plan_done_[m[K‚Äô
[3.092s]    30 |       [01;31m[Kfirst_plan_done_[m[K(false) // ÏµúÏ¥à Ïã§Ìñâ Ïó¨Î∂Ä ÌîåÎûòÍ∑∏
[3.092s]       |       [01;31m[K^~~~~~~~~~~~~~~~[m[K
[3.099s] [01m[K/home/gaga/sad_ws/src/sad_pkg/src/path_node.cpp:35:9:[m[K [01;31m[Kerror: [m[K‚Äò[01m[Kobstacle_sub_[m[K‚Äô was not declared in this scope
[3.099s]    35 |         [01;31m[Kobstacle_sub_[m[K = this->create_subscription<my_vision_msgs::msg::HarvestOrdering>(
[3.099s]       |         [01;31m[K^~~~~~~~~~~~~[m[K
[3.166s] [01m[K/home/gaga/sad_ws/src/sad_pkg/src/path_node.cpp:41:9:[m[K [01;31m[Kerror: [m[K‚Äò[01m[Kmarker_pub_[m[K‚Äô was not declared in this scope
[3.166s]    41 |         [01;31m[Kmarker_pub_[m[K = this->create_publisher<visualization_msgs::msg::MarkerArray>(
[3.166s]       |         [01;31m[K^~~~~~~~~~~[m[K
[3.176s] [01m[K/home/gaga/sad_ws/src/sad_pkg/src/path_node.cpp:47:9:[m[K [01;31m[Kerror: [m[K‚Äò[01m[Ktimer_[m[K‚Äô was not declared in this scope; did you mean ‚Äò[01m[Ktimer_t[m[K‚Äô?
[3.176s]    47 |         [01;31m[Ktimer_[m[K = this->create_wall_timer(
[3.176s]       |         [01;31m[K^~~~~~[m[K
[3.176s]       |         [32m[Ktimer_t[m[K
[3.176s] [01m[K/home/gaga/sad_ws/src/sad_pkg/src/path_node.cpp:48:40:[m[K [01;31m[Kerror: [m[K‚Äò[01m[KpublishMarkers[m[K‚Äô is not a member of ‚Äò[01m[KRSNode[m[K‚Äô
[3.176s]    48 |             1000ms, std::bind(&RSNode::[01;31m[KpublishMarkers[m[K, this)
[3.176s]       |                                        [01;31m[K^~~~~~~~~~~~~~[m[K
[3.181s] [01m[K/home/gaga/sad_ws/src/sad_pkg/src/path_node.cpp:52:9:[m[K [01;31m[Kerror: [m[K‚Äò[01m[Kstart_[m[K‚Äô was not declared in this scope
[3.181s]    52 |         [01;31m[Kstart_[m[K = makePoint(0.1435, 0.0, 0.976);
[3.181s]       |         [01;31m[K^~~~~~[m[K
[3.188s] [01m[K/home/gaga/sad_ws/src/sad_pkg/src/path_node.cpp:52:18:[m[K [01;31m[Kerror: [m[K‚Äò[01m[KmakePoint[m[K‚Äô was not declared in this scope
[3.188s]    52 |         start_ = [01;31m[KmakePoint[m[K(0.1435, 0.0, 0.976);
[3.188s]       |                  [01;31m[K^~~~~~~~~[m[K
[3.193s] [01m[K/home/gaga/sad_ws/src/sad_pkg/src/path_node.cpp:53:9:[m[K [01;31m[Kerror: [m[K‚Äò[01m[Kgoal_[m[K‚Äô was not declared in this scope
[3.193s]    53 |         [01;31m[Kgoal_[m[K  = makePoint(0.6,    0.0, 0.57);
[3.193s]       |         [01;31m[K^~~~~[m[K
[3.201s] [01m[K/home/gaga/sad_ws/src/sad_pkg/src/path_node.cpp:56:9:[m[K [01;31m[Kerror: [m[K‚Äò[01m[Korientation_pub_[m[K‚Äô was not declared in this scope
[3.202s]    56 |         [01;31m[Korientation_pub_[m[K = this->create_publisher<std_msgs::msg::Float64MultiArray>("path_to_inverse_kinematics", 10);
[3.202s]       |         [01;31m[K^~~~~~~~~~~~~~~~[m[K
[3.216s] [01m[K/home/gaga/sad_ws/src/sad_pkg/src/path_node.cpp:[m[K In member function ‚Äò[01m[Kvoid RSNode::obstacleCallback(my_vision_msgs::msg::HarvestOrdering_<std::allocator<void> >::SharedPtr)[m[K‚Äô:
[3.216s] [01m[K/home/gaga/sad_ws/src/sad_pkg/src/path_node.cpp:70:9:[m[K [01;31m[Kerror: [m[K‚Äò[01m[Kobstacles_[m[K‚Äô was not declared in this scope; did you mean ‚Äò[01m[Kobstack[m[K‚Äô?
[3.216s]    70 |         [01;31m[Kobstacles_[m[K.clear();
[3.216s]       |         [01;31m[K^~~~~~~~~~[m[K
[3.216s]       |         [32m[Kobstack[m[K
[3.223s] [01m[K/home/gaga/sad_ws/src/sad_pkg/src/path_node.cpp:72:23:[m[K [01;31m[Kerror: [m[K‚Äò[01m[KmakePoint[m[K‚Äô was not declared in this scope
[3.223s]    72 |             auto pt = [01;31m[KmakePoint[m[K(obj.x, obj.y, obj.z);
[3.223s]       |                       [01;31m[K^~~~~~~~~[m[K
[3.232s] [01m[K/home/gaga/sad_ws/src/sad_pkg/src/path_node.cpp:78:14:[m[K [01;31m[Kerror: [m[K‚Äò[01m[Kfirst_plan_done_[m[K‚Äô was not declared in this scope
[3.232s]    78 |         if (![01;31m[Kfirst_plan_done_[m[K) {
[3.232s]       |              [01;31m[K^~~~~~~~~~~~~~~~[m[K
[3.239s] [01m[K/home/gaga/sad_ws/src/sad_pkg/src/path_node.cpp:80:13:[m[K [01;31m[Kerror: [m[K‚Äò[01m[KplanRRTstar[m[K‚Äô was not declared in this scope
[3.239s]    80 |             [01;31m[KplanRRTstar[m[K();
[3.239s]       |             [01;31m[K^~~~~~~~~~~[m[K
[3.255s] [01m[K/home/gaga/sad_ws/src/sad_pkg/src/path_node.cpp:[m[K In member function ‚Äò[01m[Kvoid RSNode::publishPoseAndOrientation()[m[K‚Äô:
[3.255s] [01m[K/home/gaga/sad_ws/src/sad_pkg/src/path_node.cpp:93:30:[m[K [01;31m[Kerror: [m[K‚Äò[01m[KsplineCP_[m[K‚Äô was not declared in this scope
[3.255s]    93 |         if (static_cast<int>([01;31m[KsplineCP_[m[K.size()) < splineDegree_ + 1) {
[3.255s]       |                              [01;31m[K^~~~~~~~~[m[K
[3.270s] [01m[K/home/gaga/sad_ws/src/sad_pkg/src/path_node.cpp:93:50:[m[K [01;31m[Kerror: [m[K‚Äò[01m[KsplineDegree_[m[K‚Äô was not declared in this scope
[3.270s]    93 |         if (static_cast<int>(splineCP_.size()) < [01;31m[KsplineDegree_[m[K + 1) {
[3.270s]       |                                                  [01;31m[K^~~~~~~~~~~~~[m[K
[3.286s] [01m[K/home/gaga/sad_ws/src/sad_pkg/src/path_node.cpp:100:21:[m[K [01;31m[Kerror: [m[K‚Äò[01m[Kknots_[m[K‚Äô was not declared in this scope
[3.287s]   100 |         double t0 = [01;31m[Kknots_[m[K[splineDegree_];
[3.287s]       |                     [01;31m[K^~~~~~[m[K
[3.298s] [01m[K/home/gaga/sad_ws/src/sad_pkg/src/path_node.cpp:100:28:[m[K [01;31m[Kerror: [m[K‚Äò[01m[KsplineDegree_[m[K‚Äô was not declared in this scope
[3.298s]   100 |         double t0 = knots_[[01;31m[KsplineDegree_[m[K];
[3.298s]       |                            [01;31m[K^~~~~~~~~~~~~[m[K
[3.312s] [01m[K/home/gaga/sad_ws/src/sad_pkg/src/path_node.cpp:101:28:[m[K [01;31m[Kerror: [m[K‚Äò[01m[KsplineCP_[m[K‚Äô was not declared in this scope
[3.312s]   101 |         double t1 = knots_[[01;31m[KsplineCP_[m[K.size()];
[3.312s]       |                            [01;31m[K^~~~~~~~~[m[K
[3.331s] [01m[K/home/gaga/sad_ws/src/sad_pkg/src/path_node.cpp:109:34:[m[K [01;31m[Kerror: [m[K‚Äò[01m[Kinterpolate[m[K‚Äô was not declared in this scope
[3.331s]   109 |             Eigen::Vector3d pi = [01;31m[Kinterpolate[m[K(t);
[3.331s]       |                                  [01;31m[K^~~~~~~~~~~[m[K
[3.341s] [01m[K/home/gaga/sad_ws/src/sad_pkg/src/path_node.cpp:117:9:[m[K [01;31m[Kerror: [m[K‚Äò[01m[Korientation_pub_[m[K‚Äô was not declared in this scope
[3.341s]   117 |         [01;31m[Korientation_pub_[m[K->publish(msg);
[3.341s]       |         [01;31m[K^~~~~~~~~~~~~~~~[m[K
[3.348s] In file included from [01m[K/opt/ros/humble/include/rclcpp/rclcpp/logging.hpp:24[m[K,
[3.348s]                  from [01m[K/opt/ros/humble/include/rclcpp/rclcpp/client.hpp:40[m[K,
[3.348s]                  from [01m[K/opt/ros/humble/include/rclcpp/rclcpp/callback_group.hpp:24[m[K,
[3.348s]                  from [01m[K/opt/ros/humble/include/rclcpp/rclcpp/any_executable.hpp:20[m[K,
[3.349s]                  from [01m[K/opt/ros/humble/include/rclcpp/rclcpp/memory_strategy.hpp:25[m[K,
[3.349s]                  from [01m[K/opt/ros/humble/include/rclcpp/rclcpp/memory_strategies.hpp:18[m[K,
[3.349s]                  from [01m[K/opt/ros/humble/include/rclcpp/rclcpp/executor_options.hpp:20[m[K,
[3.349s]                  from [01m[K/opt/ros/humble/include/rclcpp/rclcpp/executor.hpp:37[m[K,
[3.349s]                  from [01m[K/opt/ros/humble/include/rclcpp/rclcpp/executors/multi_threaded_executor.hpp:25[m[K,
[3.349s]                  from [01m[K/opt/ros/humble/include/rclcpp/rclcpp/executors.hpp:21[m[K,
[3.349s]                  from [01m[K/opt/ros/humble/include/rclcpp/rclcpp/rclcpp.hpp:155[m[K,
[3.349s]                  from [01m[K/home/gaga/sad_ws/src/sad_pkg/src/path_node.cpp:3[m[K:
[3.349s] [01m[K/home/gaga/sad_ws/src/sad_pkg/src/path_node.cpp:119:13:[m[K [01;35m[Kwarning: [m[Kformat ‚Äò[01m[K%zu[m[K‚Äô expects argument of type ‚Äò[01m[Ksize_t[m[K‚Äô, but argument 5 has type ‚Äò[01m[Kint[m[K‚Äô [[01;35m[K]8;;https://gcc.gnu.org/onlinedocs/gcc/Warning-Options.html#index-Wformat=-Wformat=]8;;[m[K]
[3.349s]   119 |             [01;35m[K"[RSNode] Ïä§ÌîåÎùºÏù∏ %zuÍ∞ú ÏÉòÌîå ÌçºÎ∏îÎ¶¨Ïãú (tÎ≤îÏúÑ: %.3f ~ %.3f)"[m[K,
[3.349s]       |             [01;35m[K^~~~~~~~~~~~~~~~~~~~~~~~~~~~~~~~~~~~~~~~~~~~~~~~~~~~~~~~~~~~[m[K
[3.349s]   120 |             [32m[K(int)( (t1 - t0) / dt ) + 1[m[K, t0, t1
[3.349s]       |             [32m[K~~~~~~~~~~~~~~~~~~~~~~~~~~~[m[K
[3.349s]       |                                     [32m[K|[m[K
[3.349s]       |                                     [32m[Kint[m[K
[3.349s] [01m[K/home/gaga/sad_ws/src/sad_pkg/src/path_node.cpp:119:34:[m[K [01;36m[Knote: [m[Kformat string is defined here
[3.350s]   119 |             "[RSNode] Ïä§ÌîåÎùºÏù∏ [01;36m[K%zu[m[KÍ∞ú ÏÉòÌîå ÌçºÎ∏îÎ¶¨Ïãú (tÎ≤îÏúÑ: %.3f ~ %.3f)",
[3.350s]       |                                [01;36m[K~~^[m[K
[3.350s]       |                                  [01;36m[K|[m[K
[3.350s]       |                                  [01;36m[Klong unsigned int[m[K
[3.350s]       |                                [32m[K%u[m[K
[3.350s] [01m[K/home/gaga/sad_ws/src/sad_pkg/src/path_node.cpp:125:24:[m[K [01;31m[Kerror: [m[Ka function-definition is not allowed here before ‚Äò[01m[K{[m[K‚Äô token
[3.350s]   125 |     void planRRTstar() [01;31m[K{[m[K
[3.350s]       |                        [01;31m[K^[m[K
[3.350s] [01m[K/home/gaga/sad_ws/src/sad_pkg/src/path_node.cpp:202:27:[m[K [01;31m[Kerror: [m[Ka function-definition is not allowed here before ‚Äò[01m[K{[m[K‚Äô token
[3.350s]   202 |     void publishMarkers() [01;31m[K{[m[K
[3.350s]       |                           [01;31m[K^[m[K
[3.350s] [01m[K/home/gaga/sad_ws/src/sad_pkg/src/path_node.cpp:261:89:[m[K [01;31m[Kerror: [m[Ka function-definition is not allowed here before ‚Äò[01m[K{[m[K‚Äô token
[3.350s]   261 |     double dist(const geometry_msgs::msg::Point &a, const geometry_msgs::msg::Point &b) [01;31m[K{[m[K
[3.350s]       |                                                                                         [01;31m[K^[m[K
[3.350s] [01m[K/home/gaga/sad_ws/src/sad_pkg/src/path_node.cpp:265:71:[m[K [01;31m[Kerror: [m[Ka function-definition is not allowed here before ‚Äò[01m[K{[m[K‚Äô token
[3.350s]   265 |     geometry_msgs::msg::Point makePoint(double x, double y, double z) [01;31m[K{[m[K
[3.350s]       |                                                                       [01;31m[K^[m[K
[3.350s] [01m[K/home/gaga/sad_ws/src/sad_pkg/src/path_node.cpp:269:57:[m[K [01;31m[Kerror: [m[Ka function-definition is not allowed here before ‚Äò[01m[K{[m[K‚Äô token
[3.351s]   269 |     int nearestNode(const geometry_msgs::msg::Point &p) [01;31m[K{[m[K
[3.351s]       |                                                         [01;31m[K^[m[K
[3.351s] [01m[K/home/gaga/sad_ws/src/sad_pkg/src/path_node.cpp:279:79:[m[K [01;31m[Kerror: [m[Ka function-definition is not allowed here before ‚Äò[01m[K{[m[K‚Äô token
[3.351s]   279 |     std::vector<int> nearNodes(const geometry_msgs::msg::Point &pt, double r) [01;31m[K{[m[K
[3.351s]       |                                                                               [01;31m[K^[m[K
[3.351s] [01m[K/home/gaga/sad_ws/src/sad_pkg/src/path_node.cpp:291:7:[m[K [01;31m[Kerror: [m[Ka function-definition is not allowed here before ‚Äò[01m[K{[m[K‚Äô token
[3.351s]   291 |     ) [01;31m[K{[m[K
[3.351s]       |       [01;31m[K^[m[K
[3.351s] [01m[K/home/gaga/sad_ws/src/sad_pkg/src/path_node.cpp:308:7:[m[K [01;31m[Kerror: [m[Ka function-definition is not allowed here before ‚Äò[01m[K{[m[K‚Äô token
[3.351s]   308 |     ) [01;31m[K{[m[K
[3.351s]       |       [01;31m[K^[m[K
[3.351s] [01m[K/home/gaga/sad_ws/src/sad_pkg/src/path_node.cpp:330:35:[m[K [01;31m[Kerror: [m[Ka function-definition is not allowed here before ‚Äò[01m[K{[m[K‚Äô token
[3.351s]   330 |     void reconstructPath(int idx) [01;31m[K{[m[K
[3.351s]       |                                   [01;31m[K^[m[K
[3.351s] [01m[K/home/gaga/sad_ws/src/sad_pkg/src/path_node.cpp:338:42:[m[K [01;31m[Kerror: [m[Ka function-definition is not allowed here before ‚Äò[01m[K{[m[K‚Äô token
[3.351s]   338 |     double basis(int i, int k, double t) [01;31m[K{[m[K
[3.351s]       |                                          [01;31m[K^[m[K
[3.351s] [01m[K/home/gaga/sad_ws/src/sad_pkg/src/path_node.cpp:346:23:[m[K [01;31m[Kerror: [m[Ka function-definition is not allowed here before ‚Äò[01m[K{[m[K‚Äô token
[3.352s]   346 |     void buildKnots() [01;31m[K{[m[K
[3.352s]       |                       [01;31m[K^[m[K
[3.352s] [01m[K/home/gaga/sad_ws/src/sad_pkg/src/path_node.cpp:354:43:[m[K [01;31m[Kerror: [m[Ka function-definition is not allowed here before ‚Äò[01m[K{[m[K‚Äô token
[3.352s]   354 |     Eigen::Vector3d interpolate(double t) [01;31m[K{[m[K
[3.352s]       |                                           [01;31m[K^[m[K
[3.365s] [01m[K/home/gaga/sad_ws/src/sad_pkg/src/path_node.cpp:374:10:[m[K [01;35m[Kwarning: [m[Kunused variable ‚Äò[01m[Kfirst_plan_done_[m[K‚Äô [[01;35m[K]8;;https://gcc.gnu.org/onlinedocs/gcc/Warning-Options.html#index-Wunused-variable-Wunused-variable]8;;[m[K]
[3.365s]   374 |     bool [01;35m[Kfirst_plan_done_[m[K;
[3.365s]       |          [01;35m[K^~~~~~~~~~~~~~~~[m[K
[3.369s] [01m[K/home/gaga/sad_ws/src/sad_pkg/src/path_node.cpp:[m[K At global scope:
[3.370s] [01m[K/home/gaga/sad_ws/src/sad_pkg/src/path_node.cpp:382:2:[m[K [01;31m[Kerror: [m[Kexpected unqualified-id at end of input
[3.370s]   382 | }
[3.370s]       |  [01;31m[K^[m[K
[6.275s] gmake[2]: *** [CMakeFiles/path_node.dir/build.make:76: CMakeFiles/path_node.dir/src/path_node.cpp.o] Error 1
[6.276s] gmake[1]: *** [CMakeFiles/Makefile2:279: CMakeFiles/path_node.dir/all] Error 2
[6.276s] gmake: *** [Makefile:146: all] Error 2
[6.281s] Invoked command in '/home/gaga/sad_ws/build/sad_pkg' returned '2': CMAKE_PREFIX_PATH=/home/gaga/sad_ws/install/my_vision_msgs:/home/gaga/sad_ws/install:/home/gaga/sad_ws/install/sad_pkg:/home/gaga/sad_ws/install/mani_urdf:/home/gaga/turtlebot3_ws/install/turtlebot3:/home/gaga/turtlebot3_ws/install/turtlebot3_simulations:/home/gaga/turtlebot3_ws/install/turtlebot3_bringup:/home/gaga/turtlebot3_ws/install/turtlebot3_node:/home/gaga/turtlebot3_ws/install/turtlebot3_navigation2:/home/gaga/turtlebot3_ws/install/turtlebot3_fake_node:/home/gaga/turtlebot3_ws/install/robot_master:/home/gaga/turtlebot3_ws/install/turtlebot3_msgs:/home/gaga/turtlebot3_ws/install/turtlebot3_gazebo:/home/gaga/turtlebot3_ws/install/turtlebot3_description:/home/gaga/turtlebot3_ws/install/turtlebot3_cartographer:/home/gaga/turtlebot3_ws/install/robot_vision:/home/gaga/turtlebot3_ws/install/robot_navigation:/home/gaga/turtlebot3_ws/install/robot_msgs:/home/gaga/turtlebot3_ws/install/dynamixel_sdk_examples:/home/gaga/turtlebot3_ws/install/dynamixel_sdk_custom_interfaces:/home/gaga/turtlebot3_ws/install/dynamixel_sdk:/home/gaga/ssibal_ws/install/robot_msgs:/home/gaga/sad_ws/src/install/sad_pkg:/home/gaga/sad_ws/src/install/vision_msgs:/home/gaga/sad_ws/src/install/my_vision_msgs:/home/gaga/sad_ws/src/install/mani_urdf:/home/gaga/robotprograming_ws/install/rp_pkg:/home/gaga/sad_ws/src/sad_pkg/install/sad_pkg:/home/gaga/turtlebot3_ws/install/turtlebot3_teleop:/home/gaga/turtlebot3_ws/install/turtlebot3_example:/opt/ros/humble /usr/bin/cmake --build /home/gaga/sad_ws/build/sad_pkg -- -j20 -l20
