[0.013s] Invoking command in '/home/gaga/sad_ws/build/sad_pkg': CMAKE_PREFIX_PATH=/home/gaga/turtlebot3_ws/install/turtlebot3_teleop:/home/gaga/turtlebot3_ws/install/turtlebot3_example:/opt/ros/humble:/home/gaga/sad_ws/install/serial:/home/gaga/sad_ws/install/my_vision_msgs:/home/gaga/sad_ws/install:/home/gaga/sad_ws/install/sad_pkg:/home/gaga/sad_ws/install/mani_urdf:/home/gaga/turtlebot3_ws/install/turtlebot3:/home/gaga/turtlebot3_ws/install/turtlebot3_simulations:/home/gaga/turtlebot3_ws/install/turtlebot3_bringup:/home/gaga/turtlebot3_ws/install/turtlebot3_node:/home/gaga/turtlebot3_ws/install/turtlebot3_navigation2:/home/gaga/turtlebot3_ws/install/turtlebot3_fake_node:/home/gaga/turtlebot3_ws/install/robot_master:/home/gaga/turtlebot3_ws/install/turtlebot3_msgs:/home/gaga/turtlebot3_ws/install/turtlebot3_gazebo:/home/gaga/turtlebot3_ws/install/turtlebot3_description:/home/gaga/turtlebot3_ws/install/turtlebot3_cartographer:/home/gaga/turtlebot3_ws/install/robot_vision:/home/gaga/turtlebot3_ws/install/robot_navigation:/home/gaga/turtlebot3_ws/install/robot_msgs:/home/gaga/turtlebot3_ws/install/dynamixel_sdk_examples:/home/gaga/turtlebot3_ws/install/dynamixel_sdk_custom_interfaces:/home/gaga/turtlebot3_ws/install/dynamixel_sdk:/home/gaga/ssibal_ws/install/robot_msgs:/home/gaga/sad_ws/src/install/vision_msgs:/home/gaga/sad_ws/src/install/sad_pkg:/home/gaga/sad_ws/src/install/serial:/home/gaga/sad_ws/src/install/my_vision_msgs:/home/gaga/sad_ws/src/install/mani_urdf:/home/gaga/robotprograming_ws/install/rp_pkg:/home/gaga/sad_ws/src/sad_pkg/install/sad_pkg /usr/bin/cmake --build /home/gaga/sad_ws/build/sad_pkg -- -j20 -l20
[0.068s] [ 11%] [32mBuilding CXX object CMakeFiles/motor_node.dir/src/motor_node.cpp.o[0m
[0.068s] [ 16%] Built target forward_node
[0.068s] [ 27%] Built target path_node
[0.069s] [ 38%] Built target Inverse_node
[0.070s] [ 50%] Built target obstacle_node
[0.071s] [ 61%] Built target real_inverse_node
[0.071s] [ 72%] Built target rrt_node
[0.071s] [ 83%] Built target map_node
[0.073s] [ 94%] Built target spline_node
[1.361s] [01m[K/home/gaga/sad_ws/src/sad_pkg/src/motor_node.cpp:[m[K In constructor â€˜[01m[KMotorControlNode::MotorControlNode()[m[Kâ€™:
[1.361s] [01m[K/home/gaga/sad_ws/src/sad_pkg/src/motor_node.cpp:24:9:[m[K [01;31m[Kerror: [m[Kâ€˜[01m[KportHandler_[m[Kâ€™ was not declared in this scope
[1.361s]    24 |         [01;31m[KportHandler_[m[K = dynamixel::PortHandler::getPortHandler("/dev/ttyUSB7");// U2D2 ì—°ê²° í¬íŠ¸
[1.362s]       |         [01;31m[K^~~~~~~~~~~~[m[K
[1.366s] [01m[K/home/gaga/sad_ws/src/sad_pkg/src/motor_node.cpp:25:9:[m[K [01;31m[Kerror: [m[Kâ€˜[01m[KpacketHandler_[m[Kâ€™ was not declared in this scope
[1.366s]    25 |         [01;31m[KpacketHandler_[m[K = dynamixel::PacketHandler::getPacketHandler(PROTOCOL_VERSION);
[1.366s]       |         [01;31m[K^~~~~~~~~~~~~~[m[K
[1.369s] [01m[K/home/gaga/sad_ws/src/sad_pkg/src/motor_node.cpp:48:13:[m[K [01;31m[Kerror: [m[Kâ€˜[01m[Kserial_[m[Kâ€™ was not declared in this scope; did you mean â€˜[01m[Kserial[m[Kâ€™?
[1.369s]    48 |             [01;31m[Kserial_[m[K.setPort("/dev/ttyUSB6");// STM ì—°ê²° í¬íŠ¸
[1.369s]       |             [01;31m[K^~~~~~~[m[K
[1.369s]       |             [32m[Kserial[m[K
[1.372s] [01m[K/home/gaga/sad_ws/src/sad_pkg/src/motor_node.cpp:57:14:[m[K [01;31m[Kerror: [m[Kâ€˜[01m[Kserial_[m[Kâ€™ was not declared in this scope; did you mean â€˜[01m[Kserial[m[Kâ€™?
[1.372s]    57 |         if (![01;31m[Kserial_[m[K.isOpen()) {
[1.372s]       |              [01;31m[K^~~~~~~[m[K
[1.372s]       |              [32m[Kserial[m[K
[1.375s] [01m[K/home/gaga/sad_ws/src/sad_pkg/src/motor_node.cpp:62:9:[m[K [01;31m[Kerror: [m[Kâ€˜[01m[Kdq_sub_[m[Kâ€™ was not declared in this scope; did you mean â€˜[01m[Kdsubl[m[Kâ€™?
[1.376s]    62 |         [01;31m[Kdq_sub_[m[K = this->create_subscription<std_msgs::msg::Float64MultiArray>("/joint_velocity", 10,
[1.376s]       |         [01;31m[K^~~~~~~[m[K
[1.376s]       |         [32m[Kdsubl[m[K
[1.404s] [01m[K/home/gaga/sad_ws/src/sad_pkg/src/motor_node.cpp:65:9:[m[K [01;31m[Kerror: [m[Kâ€˜[01m[Kgripper_sub_[m[Kâ€™ was not declared in this scope
[1.404s]    65 |         [01;31m[Kgripper_sub_[m[K = this->create_subscription<std_msgs::msg::Float64>("/gripper_command", 10,
[1.404s]       |         [01;31m[K^~~~~~~~~~~~[m[K
[1.430s] [01m[K/home/gaga/sad_ws/src/sad_pkg/src/motor_node.cpp:68:9:[m[K [01;31m[Kerror: [m[Kâ€˜[01m[Ktimer_[m[Kâ€™ was not declared in this scope; did you mean â€˜[01m[Ktimer_t[m[Kâ€™?
[1.430s]    68 |         [01;31m[Ktimer_[m[K = this->create_wall_timer(std::chrono::milliseconds(1),
[1.430s]       |         [01;31m[K^~~~~~[m[K
[1.430s]       |         [32m[Ktimer_t[m[K
[1.440s] [01m[K/home/gaga/sad_ws/src/sad_pkg/src/motor_node.cpp:71:9:[m[K [01;31m[Kerror: [m[Kâ€˜[01m[Kcurrent_qdot_pub_[m[Kâ€™ was not declared in this scope
[1.440s]    71 |         [01;31m[Kcurrent_qdot_pub_[m[K = this->create_publisher<std_msgs::msg::Float64MultiArray>(
[1.440s]       |         [01;31m[K^~~~~~~~~~~~~~~~~[m[K
[1.446s] [01m[K/home/gaga/sad_ws/src/sad_pkg/src/motor_node.cpp:[m[K In destructor â€˜[01m[Kvirtual MotorControlNode::~MotorControlNode()[m[Kâ€™:
[1.447s] [01m[K/home/gaga/sad_ws/src/sad_pkg/src/motor_node.cpp:81:9:[m[K [01;31m[Kerror: [m[Kâ€˜[01m[KpacketHandler_[m[Kâ€™ was not declared in this scope
[1.447s]    81 |         [01;31m[KpacketHandler_[m[K->write1ByteTxRx(portHandler_, DXL_ID_1, ADDR_TORQUE_ENABLE, 0, &dxl_error);
[1.447s]       |         [01;31m[K^~~~~~~~~~~~~~[m[K
[1.450s] [01m[K/home/gaga/sad_ws/src/sad_pkg/src/motor_node.cpp:81:40:[m[K [01;31m[Kerror: [m[Kâ€˜[01m[KportHandler_[m[Kâ€™ was not declared in this scope
[1.450s]    81 |         packetHandler_->write1ByteTxRx([01;31m[KportHandler_[m[K, DXL_ID_1, ADDR_TORQUE_ENABLE, 0, &dxl_error);
[1.450s]       |                                        [01;31m[K^~~~~~~~~~~~[m[K
[1.453s] [01m[K/home/gaga/sad_ws/src/sad_pkg/src/motor_node.cpp:85:13:[m[K [01;31m[Kerror: [m[Kâ€˜[01m[Kserial_[m[Kâ€™ was not declared in this scope; did you mean â€˜[01m[Kserial[m[Kâ€™?
[1.453s]    85 |         if ([01;31m[Kserial_[m[K.isOpen()) serial_.close();
[1.453s]       |             [01;31m[K^~~~~~~[m[K
[1.453s]       |             [32m[Kserial[m[K
[1.460s] [01m[K/home/gaga/sad_ws/src/sad_pkg/src/motor_node.cpp:[m[K In member function â€˜[01m[Kvoid MotorControlNode::gripper_callback(std_msgs::msg::Float64_<std::allocator<void> >::SharedPtr)[m[Kâ€™:
[1.460s] [01m[K/home/gaga/sad_ws/src/sad_pkg/src/motor_node.cpp:112:9:[m[K [01;31m[Kerror: [m[Kâ€˜[01m[KpacketHandler_[m[Kâ€™ was not declared in this scope
[1.461s]   112 |         [01;31m[KpacketHandler_[m[K->write4ByteTxRx(portHandler_, DXL_ID_3, ADDR_GOAL_POSITION, static_cast<uint32_t>(gripper_goal), &dxl_error);
[1.461s]       |         [01;31m[K^~~~~~~~~~~~~~[m[K
[1.464s] [01m[K/home/gaga/sad_ws/src/sad_pkg/src/motor_node.cpp:112:40:[m[K [01;31m[Kerror: [m[Kâ€˜[01m[KportHandler_[m[Kâ€™ was not declared in this scope
[1.464s]   112 |         packetHandler_->write4ByteTxRx([01;31m[KportHandler_[m[K, DXL_ID_3, ADDR_GOAL_POSITION, static_cast<uint32_t>(gripper_goal), &dxl_error);
[1.464s]       |                                        [01;31m[K^~~~~~~~~~~~[m[K
[1.468s] [01m[K/home/gaga/sad_ws/src/sad_pkg/src/motor_node.cpp:[m[K In member function â€˜[01m[Kvoid MotorControlNode::setDynamixelVelocity(uint8_t, int32_t)[m[Kâ€™:
[1.468s] [01m[K/home/gaga/sad_ws/src/sad_pkg/src/motor_node.cpp:116:9:[m[K [01;31m[Kerror: [m[Kâ€˜[01m[KpacketHandler_[m[Kâ€™ was not declared in this scope
[1.468s]   116 |         [01;31m[KpacketHandler_[m[K->write4ByteTxRx(portHandler_, id, ADDR_GOAL_VELOCITY, static_cast<uint32_t>(vel), &dxl_error);
[1.469s]       |         [01;31m[K^~~~~~~~~~~~~~[m[K
[1.472s] [01m[K/home/gaga/sad_ws/src/sad_pkg/src/motor_node.cpp:116:40:[m[K [01;31m[Kerror: [m[Kâ€˜[01m[KportHandler_[m[Kâ€™ was not declared in this scope
[1.472s]   116 |         packetHandler_->write4ByteTxRx([01;31m[KportHandler_[m[K, id, ADDR_GOAL_VELOCITY, static_cast<uint32_t>(vel), &dxl_error);
[1.472s]       |                                        [01;31m[K^~~~~~~~~~~~[m[K
[1.475s] [01m[K/home/gaga/sad_ws/src/sad_pkg/src/motor_node.cpp:[m[K In member function â€˜[01m[Kvoid MotorControlNode::sendToSTM32(const std::vector<double, std::allocator<double> >&)[m[Kâ€™:
[1.475s] [01m[K/home/gaga/sad_ws/src/sad_pkg/src/motor_node.cpp:139:9:[m[K [01;31m[Kerror: [m[Kâ€˜[01m[Kserial_[m[Kâ€™ was not declared in this scope; did you mean â€˜[01m[Kserial[m[Kâ€™?
[1.475s]   139 |         [01;31m[Kserial_[m[K.write(packet, 19); //íŒ¨í‚· ì „ë‹¬
[1.475s]       |         [01;31m[K^~~~~~~[m[K
[1.475s]       |         [32m[Kserial[m[K
[1.477s] [01m[K/home/gaga/sad_ws/src/sad_pkg/src/motor_node.cpp:[m[K In member function â€˜[01m[Kvoid MotorControlNode::readFromSTM32()[m[Kâ€™:
[1.478s] [01m[K/home/gaga/sad_ws/src/sad_pkg/src/motor_node.cpp:145:13:[m[K [01;31m[Kerror: [m[Kâ€˜[01m[Kserial_[m[Kâ€™ was not declared in this scope; did you mean â€˜[01m[Kserial[m[Kâ€™?
[1.478s]   145 |         if ([01;31m[Kserial_[m[K.available() >= 19) {
[1.478s]       |             [01;31m[K^~~~~~~[m[K
[1.478s]       |             [32m[Kserial[m[K
[1.482s] [01m[K/home/gaga/sad_ws/src/sad_pkg/src/motor_node.cpp:162:25:[m[K [01;31m[Kerror: [m[Kâ€˜[01m[KpacketHandler_[m[Kâ€™ was not declared in this scope
[1.482s]   162 |                         [01;31m[KpacketHandler_[m[K->read4ByteTxRx(portHandler_, DXL_ID_1 + i, ADDR_PRESENT_VELOCITY,
[1.482s]       |                         [01;31m[K^~~~~~~~~~~~~~[m[K
[1.486s] [01m[K/home/gaga/sad_ws/src/sad_pkg/src/motor_node.cpp:162:55:[m[K [01;31m[Kerror: [m[Kâ€˜[01m[KportHandler_[m[Kâ€™ was not declared in this scope
[1.486s]   162 |                         packetHandler_->read4ByteTxRx([01;31m[KportHandler_[m[K, DXL_ID_1 + i, ADDR_PRESENT_VELOCITY,
[1.486s]       |                                                       [01;31m[K^~~~~~~~~~~~[m[K
[1.491s] [01m[K/home/gaga/sad_ws/src/sad_pkg/src/motor_node.cpp:168:21:[m[K [01;31m[Kerror: [m[Kâ€˜[01m[Kcurrent_qdot_pub_[m[Kâ€™ was not declared in this scope
[1.491s]   168 |                     [01;31m[Kcurrent_qdot_pub_[m[K->publish(msg);
[1.491s]       |                     [01;31m[K^~~~~~~~~~~~~~~~~[m[K
[1.491s] [01m[K/home/gaga/sad_ws/src/sad_pkg/src/motor_node.cpp:[m[K At global scope:
[1.491s] [01m[K/home/gaga/sad_ws/src/sad_pkg/src/motor_node.cpp:262:5:[m[K [01;31m[Kerror: [m[Kspecializing member â€˜[01m[Krclcpp::Subscription<std_msgs::msg::Float64MultiArray_<std::allocator<void> >, std::allocator<void>, std_msgs::msg::Float64MultiArray_<std::allocator<void> >, std_msgs::msg::Float64MultiArray_<std::allocator<void> >, rclcpp::message_memory_strategy::MessageMemoryStrategy<std_msgs::msg::Float64MultiArray_<std::allocator<void> >, std::allocator<void> > >::SharedPtr[m[Kâ€™ requires â€˜[01m[Ktemplate<>[m[Kâ€™ syntax
[1.491s]   262 |     [01;31m[Krclcpp[m[K::Subscription<std_msgs::msg::Float64MultiArray>::SharedPtr dq_sub_;
[1.491s]       |     [01;31m[K^~~~~~[m[K
[1.492s] [01m[K/home/gaga/sad_ws/src/sad_pkg/src/motor_node.cpp:270:1:[m[K [01;31m[Kerror: [m[Kexpected declaration before â€˜[01m[K}[m[Kâ€™ token
[1.492s]   270 | [01;31m[K}[m[K;
[1.492s]       | [01;31m[K^[m[K
[3.167s] gmake[2]: *** [CMakeFiles/motor_node.dir/build.make:76: CMakeFiles/motor_node.dir/src/motor_node.cpp.o] Error 1
[3.167s] gmake[1]: *** [CMakeFiles/Makefile2:361: CMakeFiles/motor_node.dir/all] Error 2
[3.168s] gmake: *** [Makefile:146: all] Error 2
[3.170s] Invoked command in '/home/gaga/sad_ws/build/sad_pkg' returned '2': CMAKE_PREFIX_PATH=/home/gaga/turtlebot3_ws/install/turtlebot3_teleop:/home/gaga/turtlebot3_ws/install/turtlebot3_example:/opt/ros/humble:/home/gaga/sad_ws/install/serial:/home/gaga/sad_ws/install/my_vision_msgs:/home/gaga/sad_ws/install:/home/gaga/sad_ws/install/sad_pkg:/home/gaga/sad_ws/install/mani_urdf:/home/gaga/turtlebot3_ws/install/turtlebot3:/home/gaga/turtlebot3_ws/install/turtlebot3_simulations:/home/gaga/turtlebot3_ws/install/turtlebot3_bringup:/home/gaga/turtlebot3_ws/install/turtlebot3_node:/home/gaga/turtlebot3_ws/install/turtlebot3_navigation2:/home/gaga/turtlebot3_ws/install/turtlebot3_fake_node:/home/gaga/turtlebot3_ws/install/robot_master:/home/gaga/turtlebot3_ws/install/turtlebot3_msgs:/home/gaga/turtlebot3_ws/install/turtlebot3_gazebo:/home/gaga/turtlebot3_ws/install/turtlebot3_description:/home/gaga/turtlebot3_ws/install/turtlebot3_cartographer:/home/gaga/turtlebot3_ws/install/robot_vision:/home/gaga/turtlebot3_ws/install/robot_navigation:/home/gaga/turtlebot3_ws/install/robot_msgs:/home/gaga/turtlebot3_ws/install/dynamixel_sdk_examples:/home/gaga/turtlebot3_ws/install/dynamixel_sdk_custom_interfaces:/home/gaga/turtlebot3_ws/install/dynamixel_sdk:/home/gaga/ssibal_ws/install/robot_msgs:/home/gaga/sad_ws/src/install/vision_msgs:/home/gaga/sad_ws/src/install/sad_pkg:/home/gaga/sad_ws/src/install/serial:/home/gaga/sad_ws/src/install/my_vision_msgs:/home/gaga/sad_ws/src/install/mani_urdf:/home/gaga/robotprograming_ws/install/rp_pkg:/home/gaga/sad_ws/src/sad_pkg/install/sad_pkg /usr/bin/cmake --build /home/gaga/sad_ws/build/sad_pkg -- -j20 -l20
