[0.020s] Invoking command in '/home/gaga/sad_ws/build/sad_pkg': CMAKE_PREFIX_PATH=/home/gaga/sad_ws/install/my_vision_msgs:/home/gaga/sad_ws/install:/home/gaga/sad_ws/install/sad_pkg:/home/gaga/sad_ws/install/mani_urdf:/home/gaga/turtlebot3_ws/install/turtlebot3:/home/gaga/turtlebot3_ws/install/turtlebot3_simulations:/home/gaga/turtlebot3_ws/install/turtlebot3_bringup:/home/gaga/turtlebot3_ws/install/turtlebot3_node:/home/gaga/turtlebot3_ws/install/turtlebot3_navigation2:/home/gaga/turtlebot3_ws/install/turtlebot3_fake_node:/home/gaga/turtlebot3_ws/install/robot_master:/home/gaga/turtlebot3_ws/install/turtlebot3_msgs:/home/gaga/turtlebot3_ws/install/turtlebot3_gazebo:/home/gaga/turtlebot3_ws/install/turtlebot3_description:/home/gaga/turtlebot3_ws/install/turtlebot3_cartographer:/home/gaga/turtlebot3_ws/install/robot_vision:/home/gaga/turtlebot3_ws/install/robot_navigation:/home/gaga/turtlebot3_ws/install/robot_msgs:/home/gaga/turtlebot3_ws/install/dynamixel_sdk_examples:/home/gaga/turtlebot3_ws/install/dynamixel_sdk_custom_interfaces:/home/gaga/turtlebot3_ws/install/dynamixel_sdk:/home/gaga/ssibal_ws/install/robot_msgs:/home/gaga/sad_ws/src/install/sad_pkg:/home/gaga/sad_ws/src/install/vision_msgs:/home/gaga/sad_ws/src/install/my_vision_msgs:/home/gaga/sad_ws/src/install/mani_urdf:/home/gaga/robotprograming_ws/install/rp_pkg:/home/gaga/sad_ws/src/sad_pkg/install/sad_pkg:/home/gaga/turtlebot3_ws/install/turtlebot3_teleop:/home/gaga/turtlebot3_ws/install/turtlebot3_example:/opt/ros/humble /usr/bin/cmake --build /home/gaga/sad_ws/build/sad_pkg -- -j20 -l20
[0.118s] [ 92%] Built target map_node
[0.119s] [ 92%] Built target forward_node
[0.119s] [ 92%] [32mBuilding CXX object CMakeFiles/Inverse_node.dir/src/Inverse_node.cpp.o[0m
[0.119s] [ 92%] Built target obstacle_node
[0.119s] [ 92%] Built target rrt_node
[0.119s] [ 92%] Built target path_node
[0.119s] [ 92%] Built target spline_node
[3.580s] [01m[K/home/gaga/sad_ws/src/sad_pkg/src/Inverse_node.cpp:329:9:[m[K [01;31m[Kerror: [m[Kexpected unqualified-id before â€˜[01m[Kfor[m[Kâ€™
[3.580s]   329 |         [01;31m[Kfor[m[K (int i = 0; i < 6; ++i) {
[3.580s]       |         [01;31m[K^~~[m[K
[3.589s] [01m[K/home/gaga/sad_ws/src/sad_pkg/src/Inverse_node.cpp:329:25:[m[K [01;31m[Kerror: [m[Kâ€˜[01m[Ki[m[Kâ€™ does not name a type
[3.589s]   329 |         for (int i = 0; [01;31m[Ki[m[K < 6; ++i) {
[3.589s]       |                         [01;31m[K^[m[K
[3.589s] [01m[K/home/gaga/sad_ws/src/sad_pkg/src/Inverse_node.cpp:329:32:[m[K [01;31m[Kerror: [m[Kexpected unqualified-id before â€˜[01m[K++[m[Kâ€™ token
[3.589s]   329 |         for (int i = 0; i < 6; [01;31m[K++[m[Ki) {
[3.589s]       |                                [01;31m[K^~[m[K
[3.589s] In file included from [01m[K/opt/ros/humble/include/rclcpp/rclcpp/client.hpp:40[m[K,
[3.589s]                  from [01m[K/opt/ros/humble/include/rclcpp/rclcpp/callback_group.hpp:24[m[K,
[3.589s]                  from [01m[K/opt/ros/humble/include/rclcpp/rclcpp/any_executable.hpp:20[m[K,
[3.589s]                  from [01m[K/opt/ros/humble/include/rclcpp/rclcpp/memory_strategy.hpp:25[m[K,
[3.589s]                  from [01m[K/opt/ros/humble/include/rclcpp/rclcpp/memory_strategies.hpp:18[m[K,
[3.589s]                  from [01m[K/opt/ros/humble/include/rclcpp/rclcpp/executor_options.hpp:20[m[K,
[3.589s]                  from [01m[K/opt/ros/humble/include/rclcpp/rclcpp/executor.hpp:37[m[K,
[3.589s]                  from [01m[K/opt/ros/humble/include/rclcpp/rclcpp/executors/multi_threaded_executor.hpp:25[m[K,
[3.589s]                  from [01m[K/opt/ros/humble/include/rclcpp/rclcpp/executors.hpp:21[m[K,
[3.589s]                  from [01m[K/opt/ros/humble/include/rclcpp/rclcpp/rclcpp.hpp:155[m[K,
[3.589s]                  from [01m[K/home/gaga/sad_ws/src/sad_pkg/src/Inverse_node.cpp:6[m[K:
[3.589s] [01m[K/home/gaga/sad_ws/src/sad_pkg/src/Inverse_node.cpp:338:9:[m[K [01;31m[Kerror: [m[Kexpected unqualified-id before â€˜[01m[Kdo[m[Kâ€™
[3.589s]   338 |         [01;31m[KRCLCPP_INFO[m[K(this->get_logger(),
[3.589s]       |         [01;31m[K^~~~~~~~~~~[m[K
[3.589s] [01m[K/home/gaga/sad_ws/src/sad_pkg/src/Inverse_node.cpp:338:9:[m[K [01;31m[Kerror: [m[Kexpected unqualified-id before â€˜[01m[Kwhile[m[Kâ€™
[3.589s]   338 |         [01;31m[KRCLCPP_INFO[m[K(this->get_logger(),
[3.589s]       |         [01;31m[K^~~~~~~~~~~[m[K
[3.589s] [01m[K/home/gaga/sad_ws/src/sad_pkg/src/Inverse_node.cpp:342:9:[m[K [01;31m[Kerror: [m[Kexpected unqualified-id before â€˜[01m[Kdo[m[Kâ€™
[3.589s]   342 |         [01;31m[KRCLCPP_INFO[m[K(this->get_logger(),
[3.590s]       |         [01;31m[K^~~~~~~~~~~[m[K
[3.590s] [01m[K/home/gaga/sad_ws/src/sad_pkg/src/Inverse_node.cpp:342:9:[m[K [01;31m[Kerror: [m[Kexpected unqualified-id before â€˜[01m[Kwhile[m[Kâ€™
[3.590s]   342 |         [01;31m[KRCLCPP_INFO[m[K(this->get_logger(),
[3.590s]       |         [01;31m[K^~~~~~~~~~~[m[K
[3.590s] [01m[K/home/gaga/sad_ws/src/sad_pkg/src/Inverse_node.cpp:348:29:[m[K [01;31m[Kerror: [m[Kâ€˜[01m[Ktarget_q[m[Kâ€™ is not a type
[3.590s]   348 |         sendJointTrajectory([01;31m[Ktarget_q[m[K, current_joint_angles_, dt);
[3.590s]       |                             [01;31m[K^~~~~~~~[m[K
[3.590s] [01m[K/home/gaga/sad_ws/src/sad_pkg/src/Inverse_node.cpp:348:39:[m[K [01;31m[Kerror: [m[Kâ€˜[01m[Kcurrent_joint_angles_[m[Kâ€™ is not a type
[3.590s]   348 |         sendJointTrajectory(target_q, [01;31m[Kcurrent_joint_angles_[m[K, dt);
[3.590s]       |                                       [01;31m[K^~~~~~~~~~~~~~~~~~~~~[m[K
[3.590s] [01m[K/home/gaga/sad_ws/src/sad_pkg/src/Inverse_node.cpp:348:62:[m[K [01;31m[Kerror: [m[Kâ€˜[01m[Kdt[m[Kâ€™ has not been declared
[3.590s]   348 |         sendJointTrajectory(target_q, current_joint_angles_, [01;31m[Kdt[m[K);
[3.590s]       |                                                              [01;31m[K^~[m[K
[3.590s] [01m[K/home/gaga/sad_ws/src/sad_pkg/src/Inverse_node.cpp:348:9:[m[K [01;31m[Kerror: [m[KISO C++ forbids declaration of â€˜[01m[KsendJointTrajectory[m[Kâ€™ with no type [[01;31m[K]8;;https://gcc.gnu.org/onlinedocs/gcc/Warning-Options.html#index-fpermissive-fpermissive]8;;[m[K]
[3.590s]   348 |         [01;31m[KsendJointTrajectory[m[K(target_q, current_joint_angles_, dt);
[3.590s]       |         [01;31m[K^~~~~~~~~~~~~~~~~~~[m[K
[3.590s] [01m[K/home/gaga/sad_ws/src/sad_pkg/src/Inverse_node.cpp:350:9:[m[K [01;31m[Kerror: [m[Kexpected unqualified-id before â€˜[01m[Kif[m[Kâ€™
[3.590s]   350 |         [01;31m[Kif[m[K (current_index_ >= path_poses_.size()) {
[3.590s]       |         [01;31m[K^~[m[K
[3.590s] [01m[K/home/gaga/sad_ws/src/sad_pkg/src/Inverse_node.cpp:357:10:[m[K [01;31m[Kerror: [m[Kexpected â€˜[01m[K;[m[Kâ€™ after class definition
[3.590s]   357 |         }
[3.590s]       |          [01;31m[K^[m[K
[3.590s]       |          [32m[K;[m[K
[3.603s] [01m[K/home/gaga/sad_ws/src/sad_pkg/src/Inverse_node.cpp:322:26:[m[K [01;31m[Kerror: [m[Kâ€˜[01m[KcomputeFeedbackVelocity[m[Kâ€™ was not declared in this scope
[3.603s]   322 |         VectorXd q_dot = [01;31m[KcomputeFeedbackVelocity[m[K(target_position_,
[3.603s]       |                          [01;31m[K^~~~~~~~~~~~~~~~~~~~~~~[m[K
[3.608s] [01m[K/home/gaga/sad_ws/src/sad_pkg/src/Inverse_node.cpp:326:61:[m[K [01;31m[Kerror: [m[Kâ€˜[01m[Kdt[m[Kâ€™ was not declared in this scope; did you mean â€˜[01m[Kd7[m[Kâ€™?
[3.608s]   326 |         VectorXd target_q = current_joint_angles_ + q_dot * [01;31m[Kdt[m[K;
[3.608s]       |                                                             [01;31m[K^~[m[K
[3.608s]       |                                                             [32m[Kd7[m[K
[3.629s] [01m[K/home/gaga/sad_ws/src/sad_pkg/src/Inverse_node.cpp:[m[K In constructor â€˜[01m[KManipulatorNode::ManipulatorNode(const Vector3d&, const Vector3d&)[m[Kâ€™:
[3.629s] [01m[K/home/gaga/sad_ws/src/sad_pkg/src/Inverse_node.cpp:213:39:[m[K [01;31m[Kerror: [m[Kâ€˜[01m[Kpath_callback[m[Kâ€™ is not a member of â€˜[01m[KManipulatorNode[m[Kâ€™
[3.629s]   213 |           std::bind(&ManipulatorNode::[01;31m[Kpath_callback[m[K, this, std::placeholders::_1)
[3.629s]       |                                       [01;31m[K^~~~~~~~~~~~~[m[K
[3.734s] [01m[K/home/gaga/sad_ws/src/sad_pkg/src/Inverse_node.cpp:[m[K In member function â€˜[01m[Kvoid ManipulatorNode::timer_callback()[m[Kâ€™:
[3.734s] [01m[K/home/gaga/sad_ws/src/sad_pkg/src/Inverse_node.cpp:307:9:[m[K [01;35m[Kwarning: [m[Kthis â€˜[01m[Kif[m[Kâ€™ clause does not guard... [[01;35m[K]8;;https://gcc.gnu.org/onlinedocs/gcc/Warning-Options.html#index-Wmisleading-indentation-Wmisleading-indentation]8;;[m[K]
[3.734s]   307 |         [01;35m[Kif[m[K (position_error.norm() < position_deadband && ori_err.norm() < orientation_deadband)            // a) íƒ€ì´ë¨¸ ì·¨ì†Œ â†’ ë” ì´ìƒ ì½œë°±ì´ í˜¸ì¶œë˜ì§€ ì•ŠìŒ
[3.734s]       |         [01;35m[K^~[m[K
[3.734s] [01m[K/home/gaga/sad_ws/src/sad_pkg/src/Inverse_node.cpp:312:13:[m[K [01;36m[Knote: [m[K...this statement, but the latter is misleadingly indented as if it were guarded by the â€˜[01m[Kif[m[Kâ€™
[3.734s]   312 |             [01;36m[KsendJointTrajectory[m[K(current_joint_angles_,
[3.734s]       |             [01;36m[K^~~~~~~~~~~~~~~~~~~[m[K
[3.734s] [01m[K/home/gaga/sad_ws/src/sad_pkg/src/Inverse_node.cpp:312:33:[m[K [01;31m[Kerror: [m[Kcannot convert â€˜[01m[KEigen::VectorXd[m[Kâ€™ {aka â€˜[01m[KEigen::Matrix<double, -1, 1>[m[Kâ€™} to â€˜[01m[Kint[m[Kâ€™
[3.734s]   312 |             sendJointTrajectory([01;31m[Kcurrent_joint_angles_[m[K,
[3.734s]       |                                 [01;31m[K^~~~~~~~~~~~~~~~~~~~~[m[K
[3.734s]       |                                 [01;31m[K|[m[K
[3.734s]       |                                 [01;31m[KEigen::VectorXd {aka Eigen::Matrix<double, -1, 1>}[m[K
[3.734s] [01m[K/home/gaga/sad_ws/src/sad_pkg/src/Inverse_node.cpp:348:29:[m[K [01;36m[Knote: [m[K  initializing argument 1 of â€˜[01m[Kint ManipulatorNode::sendJointTrajectory(int, int, int)[m[Kâ€™
[3.734s]   348 |         sendJointTrajectory([01;36m[Ktarget_q[m[K, current_joint_angles_, dt);
[3.734s]       |                             [01;36m[K^~~~~~~~[m[K
[3.742s] [01m[K/home/gaga/sad_ws/src/sad_pkg/src/Inverse_node.cpp:[m[K In function â€˜[01m[Kvoid path_callback(geometry_msgs::msg::PoseArray_<std::allocator<void> >::SharedPtr)[m[Kâ€™:
[3.742s] [01m[K/home/gaga/sad_ws/src/sad_pkg/src/Inverse_node.cpp:361:13:[m[K [01;31m[Kerror: [m[Kâ€˜[01m[Kpath_poses_[m[Kâ€™ was not declared in this scope
[3.742s]   361 |             [01;31m[Kpath_poses_[m[K = msg->poses;
[3.743s]       |             [01;31m[K^~~~~~~~~~~[m[K
[3.748s] [01m[K/home/gaga/sad_ws/src/sad_pkg/src/Inverse_node.cpp:369:25:[m[K [01;31m[Kerror: [m[Kâ€˜[01m[Kcurrent_index_[m[Kâ€™ was not declared in this scope
[3.748s]   369 |                         [01;31m[Kcurrent_index_[m[K = 0;            // ìƒˆ ê²½ë¡œê°€ ë“¤ì–´ì™”ìœ¼ë‹ˆ ì¸ë±ìŠ¤ ë¦¬ì…‹
[3.748s]       |                         [01;31m[K^~~~~~~~~~~~~~[m[K
[3.755s] [01m[K/home/gaga/sad_ws/src/sad_pkg/src/Inverse_node.cpp:371:13:[m[K [01;31m[Kerror: [m[Kâ€˜[01m[Ktarget_position_[m[Kâ€™ was not declared in this scope
[3.755s]   371 |             [01;31m[Ktarget_position_[m[K    = Vector3d(path_poses_[0].position.x,
[3.755s]       |             [01;31m[K^~~~~~~~~~~~~~~~[m[K
[3.762s] [01m[K/home/gaga/sad_ws/src/sad_pkg/src/Inverse_node.cpp:374:13:[m[K [01;31m[Kerror: [m[Kâ€˜[01m[Ktarget_orientation_[m[Kâ€™ was not declared in this scope
[3.762s]   374 |             [01;31m[Ktarget_orientation_[m[K = Vector3d(path_poses_[0].orientation.x,
[3.762s]       |             [01;31m[K^~~~~~~~~~~~~~~~~~~[m[K
[3.834s] [01m[K/home/gaga/sad_ws/src/sad_pkg/src/Inverse_node.cpp:[m[K In function â€˜[01m[KEigen::VectorXd computeFeedbackVelocity(Eigen::Vector3d, Eigen::Vector3d)[m[Kâ€™:
[3.834s] [01m[K/home/gaga/sad_ws/src/sad_pkg/src/Inverse_node.cpp:422:41:[m[K [01;31m[Kerror: [m[Kâ€˜[01m[Kcurrent_joint_angles_[m[Kâ€™ was not declared in this scope
[3.835s]   422 |         Matrix4d T6 = forwardKinematics([01;31m[Kcurrent_joint_angles_[m[K); // tranformation matrix
[3.835s]       |                                         [01;31m[K^~~~~~~~~~~~~~~~~~~~~[m[K
[3.863s] [01m[K/home/gaga/sad_ws/src/sad_pkg/src/Inverse_node.cpp:475:33:[m[K [01;31m[Kerror: [m[Kâ€˜[01m[KdampedPseudoInverse[m[Kâ€™ was not declared in this scope
[3.863s]   475 |         MatrixXd J_pseudo_inv = [01;31m[KdampedPseudoInverse[m[K(J);
[3.863s]       |                                 [01;31m[K^~~~~~~~~~~~~~~~~~~[m[K
[3.953s] [01m[K/home/gaga/sad_ws/src/sad_pkg/src/Inverse_node.cpp:[m[K In function â€˜[01m[Kvoid sendJointTrajectory(const VectorXd&, const VectorXd&, double)[m[Kâ€™:
[3.953s] [01m[K/home/gaga/sad_ws/src/sad_pkg/src/Inverse_node.cpp:516:28:[m[K [01;31m[Kerror: [m[Kâ€˜[01m[Know[m[Kâ€™ was not declared in this scope; did you mean â€˜[01m[Kpow[m[Kâ€™?
[3.953s]   516 |         msg.header.stamp = [01;31m[Know[m[K();
[3.953s]       |                            [01;31m[K^~~[m[K
[3.953s]       |                            [32m[Kpow[m[K
[3.960s] [01m[K/home/gaga/sad_ws/src/sad_pkg/src/Inverse_node.cpp:531:9:[m[K [01;31m[Kerror: [m[Kâ€˜[01m[Kjoint_trajectory_pub_[m[Kâ€™ was not declared in this scope
[3.960s]   531 |         [01;31m[Kjoint_trajectory_pub_[m[K->publish(msg);
[3.960s]       |         [01;31m[K^~~~~~~~~~~~~~~~~~~~~[m[K
[3.960s] [01m[K/home/gaga/sad_ws/src/sad_pkg/src/Inverse_node.cpp:[m[K At global scope:
[3.960s] [01m[K/home/gaga/sad_ws/src/sad_pkg/src/Inverse_node.cpp:534:1:[m[K [01;31m[Kerror: [m[Kexpected declaration before â€˜[01m[K}[m[Kâ€™ token
[3.960s]   534 | [01;31m[K}[m[K;
[3.960s]       | [01;31m[K^[m[K
[10.688s] gmake[2]: *** [CMakeFiles/Inverse_node.dir/build.make:76: CMakeFiles/Inverse_node.dir/src/Inverse_node.cpp.o] Error 1
[10.688s] gmake[1]: *** [CMakeFiles/Makefile2:305: CMakeFiles/Inverse_node.dir/all] Error 2
[10.688s] gmake: *** [Makefile:146: all] Error 2
[10.691s] Invoked command in '/home/gaga/sad_ws/build/sad_pkg' returned '2': CMAKE_PREFIX_PATH=/home/gaga/sad_ws/install/my_vision_msgs:/home/gaga/sad_ws/install:/home/gaga/sad_ws/install/sad_pkg:/home/gaga/sad_ws/install/mani_urdf:/home/gaga/turtlebot3_ws/install/turtlebot3:/home/gaga/turtlebot3_ws/install/turtlebot3_simulations:/home/gaga/turtlebot3_ws/install/turtlebot3_bringup:/home/gaga/turtlebot3_ws/install/turtlebot3_node:/home/gaga/turtlebot3_ws/install/turtlebot3_navigation2:/home/gaga/turtlebot3_ws/install/turtlebot3_fake_node:/home/gaga/turtlebot3_ws/install/robot_master:/home/gaga/turtlebot3_ws/install/turtlebot3_msgs:/home/gaga/turtlebot3_ws/install/turtlebot3_gazebo:/home/gaga/turtlebot3_ws/install/turtlebot3_description:/home/gaga/turtlebot3_ws/install/turtlebot3_cartographer:/home/gaga/turtlebot3_ws/install/robot_vision:/home/gaga/turtlebot3_ws/install/robot_navigation:/home/gaga/turtlebot3_ws/install/robot_msgs:/home/gaga/turtlebot3_ws/install/dynamixel_sdk_examples:/home/gaga/turtlebot3_ws/install/dynamixel_sdk_custom_interfaces:/home/gaga/turtlebot3_ws/install/dynamixel_sdk:/home/gaga/ssibal_ws/install/robot_msgs:/home/gaga/sad_ws/src/install/sad_pkg:/home/gaga/sad_ws/src/install/vision_msgs:/home/gaga/sad_ws/src/install/my_vision_msgs:/home/gaga/sad_ws/src/install/mani_urdf:/home/gaga/robotprograming_ws/install/rp_pkg:/home/gaga/sad_ws/src/sad_pkg/install/sad_pkg:/home/gaga/turtlebot3_ws/install/turtlebot3_teleop:/home/gaga/turtlebot3_ws/install/turtlebot3_example:/opt/ros/humble /usr/bin/cmake --build /home/gaga/sad_ws/build/sad_pkg -- -j20 -l20
