[0.011s] Invoking command in '/home/gaga/sad_ws/src/build/sad_pkg': CMAKE_PREFIX_PATH=/home/gaga/turtlebot3_ws/install/turtlebot3_teleop:/home/gaga/turtlebot3_ws/install/turtlebot3_example:/opt/ros/humble:/home/gaga/sad_ws/src/install/serial:/home/gaga/sad_ws/src/install/my_vision_msgs:/home/gaga/sad_ws/install:/home/gaga/sad_ws/install/sad_pkg:/home/gaga/sad_ws/install/my_vision_msgs:/home/gaga/sad_ws/install/mani_urdf:/home/gaga/turtlebot3_ws/install/turtlebot3:/home/gaga/turtlebot3_ws/install/turtlebot3_simulations:/home/gaga/turtlebot3_ws/install/turtlebot3_bringup:/home/gaga/turtlebot3_ws/install/turtlebot3_node:/home/gaga/turtlebot3_ws/install/turtlebot3_navigation2:/home/gaga/turtlebot3_ws/install/turtlebot3_fake_node:/home/gaga/turtlebot3_ws/install/robot_master:/home/gaga/turtlebot3_ws/install/turtlebot3_msgs:/home/gaga/turtlebot3_ws/install/turtlebot3_gazebo:/home/gaga/turtlebot3_ws/install/turtlebot3_description:/home/gaga/turtlebot3_ws/install/turtlebot3_cartographer:/home/gaga/turtlebot3_ws/install/robot_vision:/home/gaga/turtlebot3_ws/install/robot_navigation:/home/gaga/turtlebot3_ws/install/robot_msgs:/home/gaga/turtlebot3_ws/install/dynamixel_sdk_examples:/home/gaga/turtlebot3_ws/install/dynamixel_sdk_custom_interfaces:/home/gaga/turtlebot3_ws/install/dynamixel_sdk:/home/gaga/ssibal_ws/install/robot_msgs:/home/gaga/sad_ws/src/install/sad_pkg:/home/gaga/sad_ws/src/install/vision_msgs:/home/gaga/sad_ws/src/install/mani_urdf:/home/gaga/robotprograming_ws/install/rp_pkg:/home/gaga/sad_ws/src/sad_pkg/install/sad_pkg LD_LIBRARY_PATH=/home/gaga/sad_ws/src/install/serial/lib:/home/gaga/sad_ws/src/install/my_vision_msgs/lib:/home/gaga/sad_ws/install/my_vision_msgs/lib:/home/gaga/turtlebot3_ws/install/turtlebot3_msgs/lib:/home/gaga/turtlebot3_ws/install/robot_msgs/lib:/home/gaga/turtlebot3_ws/install/dynamixel_sdk_custom_interfaces/lib:/home/gaga/turtlebot3_ws/install/dynamixel_sdk/lib:/home/gaga/ssibal_ws/install/robot_msgs/lib:/home/gaga/sad_ws/src/install/vision_msgs/lib:/home/gaga/robotprograming_ws/install/rp_pkg/lib:/usr/lib/x86_64-linux-gnu/gazebo-11/plugins:/opt/ros/humble/opt/rviz_ogre_vendor/lib:/opt/ros/humble/lib/x86_64-linux-gnu:/opt/ros/humble/lib PKG_CONFIG_PATH=/home/gaga/sad_ws/src/install/serial/lib/x86_64-linux-gnu/pkgconfig:/home/gaga/sad_ws/src/install/serial/lib/pkgconfig ROS_PACKAGE_PATH=/home/gaga/sad_ws/src/install/serial/share /usr/bin/cmake --build /home/gaga/sad_ws/src/build/sad_pkg -- -j20 -l20
[0.033s] -- Found ament_cmake: 1.3.11 (/opt/ros/humble/share/ament_cmake/cmake)
[0.119s] -- Found rclcpp: 16.0.12 (/opt/ros/humble/share/rclcpp/cmake)
[0.135s] -- Found rosidl_generator_c: 3.1.6 (/opt/ros/humble/share/rosidl_generator_c/cmake)
[0.136s] -- Found rosidl_adapter: 3.1.6 (/opt/ros/humble/share/rosidl_adapter/cmake)
[0.139s] -- Found rosidl_generator_cpp: 3.1.6 (/opt/ros/humble/share/rosidl_generator_cpp/cmake)
[0.146s] -- Using all available rosidl_typesupport_c: rosidl_typesupport_fastrtps_c;rosidl_typesupport_introspection_c
[0.154s] -- Using all available rosidl_typesupport_cpp: rosidl_typesupport_fastrtps_cpp;rosidl_typesupport_introspection_cpp
[0.172s] -- Found rmw_implementation_cmake: 6.1.2 (/opt/ros/humble/share/rmw_implementation_cmake/cmake)
[0.173s] -- Found rmw_fastrtps_cpp: 6.2.7 (/opt/ros/humble/share/rmw_fastrtps_cpp/cmake)
[0.249s] -- Using RMW implementation 'rmw_fastrtps_cpp' as default
[0.277s] -- Found visualization_msgs: 4.8.0 (/opt/ros/humble/share/visualization_msgs/cmake)
[0.304s] -- Found trajectory_msgs: 4.8.0 (/opt/ros/humble/share/trajectory_msgs/cmake)
[0.312s] -- Found xacro: 2.0.13 (/opt/ros/humble/share/xacro/cmake)
[0.313s] -- Found ros2_control: 2.50.0 (/opt/ros/humble/share/ros2_control/cmake)
[0.313s] -- Found gazebo_ros2_control: 0.4.10 (/opt/ros/humble/share/gazebo_ros2_control/cmake)
[0.410s] -- Found DART: /usr/include (Required is at least version "6.6") found components: dart 
[0.428s] -- Found Protobuf: /usr/lib/x86_64-linux-gnu/libprotobuf.so (found version "3.12.4") 
[0.428s] -- Looking for ignition-math6 -- found version 6.15.1
[0.431s] -- Searching for dependencies of ignition-math6
[0.432s] -- Looking for OGRE...
[0.436s] -- Found Ogre Ghadamon (1.9.0)
[0.436s] -- Found OGRE: optimized;/usr/lib/x86_64-linux-gnu/libOgreMain.so;debug;/usr/lib/x86_64-linux-gnu/libOgreMain.so
[0.443s] -- Looking for OGRE_Paging...
[0.443s] -- Found OGRE_Paging: optimized;/usr/lib/x86_64-linux-gnu/libOgrePaging.so;debug;/usr/lib/x86_64-linux-gnu/libOgrePaging.so
[0.443s] -- Looking for OGRE_Terrain...
[0.443s] -- Found OGRE_Terrain: optimized;/usr/lib/x86_64-linux-gnu/libOgreTerrain.so;debug;/usr/lib/x86_64-linux-gnu/libOgreTerrain.so
[0.443s] -- Looking for OGRE_Property...
[0.443s] -- Found OGRE_Property: optimized;/usr/lib/x86_64-linux-gnu/libOgreProperty.so;debug;/usr/lib/x86_64-linux-gnu/libOgreProperty.so
[0.443s] -- Looking for OGRE_RTShaderSystem...
[0.444s] -- Found OGRE_RTShaderSystem: optimized;/usr/lib/x86_64-linux-gnu/libOgreRTShaderSystem.so;debug;/usr/lib/x86_64-linux-gnu/libOgreRTShaderSystem.so
[0.444s] -- Looking for OGRE_Volume...
[0.444s] -- Found OGRE_Volume: optimized;/usr/lib/x86_64-linux-gnu/libOgreVolume.so;debug;/usr/lib/x86_64-linux-gnu/libOgreVolume.so
[0.444s] -- Looking for OGRE_Overlay...
[0.444s] -- Found OGRE_Overlay: optimized;/usr/lib/x86_64-linux-gnu/libOgreOverlay.so;debug;/usr/lib/x86_64-linux-gnu/libOgreOverlay.so
[0.534s] -- Looking for ignition-math6 -- found version 6.15.1
[0.534s] -- Looking for ignition-transport8 -- found version 8.2.1
[0.534s] -- Searching for dependencies of ignition-transport8
[0.548s] -- Found Protobuf: /usr/lib/x86_64-linux-gnu/libprotobuf.so (found suitable version "3.12.4", minimum required is "3") 
[0.556s] -- Config-file not installed for ZeroMQ -- checking for pkg-config
[0.560s] -- Checking for module 'libzmq >= 4'
[0.572s] --   Found libzmq , version 4.3.4
[0.605s] -- Checking for module 'uuid'
[0.615s] --   Found uuid, version 2.37.2
[0.642s] -- Looking for ignition-msgs5 -- found version 5.8.1
[0.642s] -- Searching for dependencies of ignition-msgs5
[0.658s] -- Looking for ignition-math6 -- found version 6.15.1
[0.664s] -- Looking for ignition-msgs5 -- found version 5.8.1
[0.664s] -- Looking for ignition-common3 -- found version 3.14.0
[0.664s] -- Searching for dependencies of ignition-common3
[0.665s] -- Looking for dlfcn.h - found
[0.665s] -- Looking for libdl - found
[0.674s] -- Searching for <ignition-common3> component [graphics]
[0.674s] -- Looking for ignition-common3-graphics -- found version 3.14.0
[0.674s] -- Searching for dependencies of ignition-common3-graphics
[0.675s] -- Looking for ignition-math6 -- found version 6.15.1
[0.675s] -- Looking for ignition-fuel_tools4 -- found version 4.4.0
[0.676s] -- Searching for dependencies of ignition-fuel_tools4
[0.708s] -- Checking for module 'jsoncpp'
[0.720s] --   Found jsoncpp, version 1.9.5
[0.751s] -- Checking for module 'libzip'
[0.762s] --   Found libzip, version 1.7.3
[0.790s] -- Looking for ignition-common3 -- found version 3.14.0
[0.790s] -- Looking for ignition-math6 -- found version 6.15.1
[0.791s] -- Looking for ignition-msgs5 -- found version 5.8.1
[0.792s] -- Gazebo version: 11.10
[0.799s] -- Found my_vision_msgs: 0.1.0 (/home/gaga/sad_ws/src/install/my_vision_msgs/share/my_vision_msgs/cmake)
[0.808s] -- Found tf2: 0.25.12 (/opt/ros/humble/share/tf2/cmake)
[0.810s] -- Found tf2_geometry_msgs: 0.25.12 (/opt/ros/humble/share/tf2_geometry_msgs/cmake)
[0.811s] -- Found eigen3_cmake_module: 0.1.1 (/opt/ros/humble/share/eigen3_cmake_module/cmake)
[0.812s] -- Ensuring Eigen3 include directory is part of orocos-kdl CMake target
[0.840s] -- Found serial: 1.2.1 (/home/gaga/sad_ws/src/install/serial/share/serial/cmake)
[0.870s] -- Found ament_lint_auto: 0.12.12 (/opt/ros/humble/share/ament_lint_auto/cmake)
[0.919s] -- Added test 'cppcheck' to perform static code analysis on C / C++ code
[0.923s] -- Configured cppcheck include dirs: 
[0.923s] -- Configured cppcheck exclude dirs and/or files: 
[0.923s] -- Added test 'flake8' to check Python code syntax and style conventions
[0.925s] -- Added test 'lint_cmake' to check CMake code style
[0.925s] -- Added test 'pep257' to check Python code against some of the docstring style conventions in PEP 257
[0.930s] -- Added test 'uncrustify' to check C / C++ code style
[0.930s] -- Configured uncrustify additional arguments: 
[0.930s] -- Added test 'xmllint' to check XML markup files
[0.931s] -- Configuring done
[0.954s] -- Generating done
[0.965s] -- Build files have been written to: /home/gaga/sad_ws/src/build/sad_pkg
[0.990s] [35m[1mConsolidate compiler generated dependencies of target forward_node[0m
[0.990s] [35m[1mConsolidate compiler generated dependencies of target obstacle_node[0m
[0.990s] [35m[1mConsolidate compiler generated dependencies of target map_node[0m
[0.990s] [35m[1mConsolidate compiler generated dependencies of target path_node[0m
[0.990s] [35m[1mConsolidate compiler generated dependencies of target spline_node[0m
[0.991s] [35m[1mConsolidate compiler generated dependencies of target rrt_node[0m
[0.993s] [35m[1mConsolidate compiler generated dependencies of target Inverse_node[0m
[1.001s] [ 12%] Built target map_node
[1.001s] [ 25%] Built target obstacle_node
[1.001s] [ 31%] [32mBuilding CXX object CMakeFiles/motor_node.dir/src/motor_node.cpp.o[0m
[1.002s] [ 43%] Built target path_node
[1.002s] [ 56%] Built target forward_node
[1.003s] [ 68%] Built target spline_node
[1.005s] [ 81%] Built target rrt_node
[1.011s] [ 93%] Built target Inverse_node
[7.270s] [100%] [32m[1mLinking CXX executable motor_node[0m
[7.538s] /usr/bin/ld: CMakeFiles/motor_node.dir/src/motor_node.cpp.o: in function `MotorControlNode::MotorControlNode()':
[7.538s] motor_node.cpp:(.text._ZN16MotorControlNodeC2Ev[_ZN16MotorControlNodeC5Ev]+0x22d): undefined reference to `dynamixel::PortHandler::getPortHandler(char const*)'
[7.538s] /usr/bin/ld: motor_node.cpp:(.text._ZN16MotorControlNodeC2Ev[_ZN16MotorControlNodeC5Ev]+0x24a): undefined reference to `dynamixel::PacketHandler::getPacketHandler(float)'
[7.574s] collect2: error: ld returned 1 exit status
[7.576s] gmake[2]: *** [CMakeFiles/motor_node.dir/build.make:160: motor_node] Error 1
[7.576s] gmake[1]: *** [CMakeFiles/Makefile2:333: CMakeFiles/motor_node.dir/all] Error 2
[7.576s] gmake: *** [Makefile:146: all] Error 2
[7.578s] Invoked command in '/home/gaga/sad_ws/src/build/sad_pkg' returned '2': CMAKE_PREFIX_PATH=/home/gaga/turtlebot3_ws/install/turtlebot3_teleop:/home/gaga/turtlebot3_ws/install/turtlebot3_example:/opt/ros/humble:/home/gaga/sad_ws/src/install/serial:/home/gaga/sad_ws/src/install/my_vision_msgs:/home/gaga/sad_ws/install:/home/gaga/sad_ws/install/sad_pkg:/home/gaga/sad_ws/install/my_vision_msgs:/home/gaga/sad_ws/install/mani_urdf:/home/gaga/turtlebot3_ws/install/turtlebot3:/home/gaga/turtlebot3_ws/install/turtlebot3_simulations:/home/gaga/turtlebot3_ws/install/turtlebot3_bringup:/home/gaga/turtlebot3_ws/install/turtlebot3_node:/home/gaga/turtlebot3_ws/install/turtlebot3_navigation2:/home/gaga/turtlebot3_ws/install/turtlebot3_fake_node:/home/gaga/turtlebot3_ws/install/robot_master:/home/gaga/turtlebot3_ws/install/turtlebot3_msgs:/home/gaga/turtlebot3_ws/install/turtlebot3_gazebo:/home/gaga/turtlebot3_ws/install/turtlebot3_description:/home/gaga/turtlebot3_ws/install/turtlebot3_cartographer:/home/gaga/turtlebot3_ws/install/robot_vision:/home/gaga/turtlebot3_ws/install/robot_navigation:/home/gaga/turtlebot3_ws/install/robot_msgs:/home/gaga/turtlebot3_ws/install/dynamixel_sdk_examples:/home/gaga/turtlebot3_ws/install/dynamixel_sdk_custom_interfaces:/home/gaga/turtlebot3_ws/install/dynamixel_sdk:/home/gaga/ssibal_ws/install/robot_msgs:/home/gaga/sad_ws/src/install/sad_pkg:/home/gaga/sad_ws/src/install/vision_msgs:/home/gaga/sad_ws/src/install/mani_urdf:/home/gaga/robotprograming_ws/install/rp_pkg:/home/gaga/sad_ws/src/sad_pkg/install/sad_pkg LD_LIBRARY_PATH=/home/gaga/sad_ws/src/install/serial/lib:/home/gaga/sad_ws/src/install/my_vision_msgs/lib:/home/gaga/sad_ws/install/my_vision_msgs/lib:/home/gaga/turtlebot3_ws/install/turtlebot3_msgs/lib:/home/gaga/turtlebot3_ws/install/robot_msgs/lib:/home/gaga/turtlebot3_ws/install/dynamixel_sdk_custom_interfaces/lib:/home/gaga/turtlebot3_ws/install/dynamixel_sdk/lib:/home/gaga/ssibal_ws/install/robot_msgs/lib:/home/gaga/sad_ws/src/install/vision_msgs/lib:/home/gaga/robotprograming_ws/install/rp_pkg/lib:/usr/lib/x86_64-linux-gnu/gazebo-11/plugins:/opt/ros/humble/opt/rviz_ogre_vendor/lib:/opt/ros/humble/lib/x86_64-linux-gnu:/opt/ros/humble/lib PKG_CONFIG_PATH=/home/gaga/sad_ws/src/install/serial/lib/x86_64-linux-gnu/pkgconfig:/home/gaga/sad_ws/src/install/serial/lib/pkgconfig ROS_PACKAGE_PATH=/home/gaga/sad_ws/src/install/serial/share /usr/bin/cmake --build /home/gaga/sad_ws/src/build/sad_pkg -- -j20 -l20
