[0.010s] Invoking command in '/home/gaga/sad_ws/build/sad_pkg': CMAKE_PREFIX_PATH=/home/gaga/sad_ws/install/my_vision_msgs:/home/gaga/sad_ws/install:/home/gaga/sad_ws/install/sad_pkg:/home/gaga/sad_ws/install/mani_urdf:/home/gaga/turtlebot3_ws/install/turtlebot3:/home/gaga/turtlebot3_ws/install/turtlebot3_simulations:/home/gaga/turtlebot3_ws/install/turtlebot3_bringup:/home/gaga/turtlebot3_ws/install/turtlebot3_node:/home/gaga/turtlebot3_ws/install/turtlebot3_navigation2:/home/gaga/turtlebot3_ws/install/turtlebot3_fake_node:/home/gaga/turtlebot3_ws/install/robot_master:/home/gaga/turtlebot3_ws/install/turtlebot3_msgs:/home/gaga/turtlebot3_ws/install/turtlebot3_gazebo:/home/gaga/turtlebot3_ws/install/turtlebot3_description:/home/gaga/turtlebot3_ws/install/turtlebot3_cartographer:/home/gaga/turtlebot3_ws/install/robot_vision:/home/gaga/turtlebot3_ws/install/robot_navigation:/home/gaga/turtlebot3_ws/install/robot_msgs:/home/gaga/turtlebot3_ws/install/dynamixel_sdk_examples:/home/gaga/turtlebot3_ws/install/dynamixel_sdk_custom_interfaces:/home/gaga/turtlebot3_ws/install/dynamixel_sdk:/home/gaga/ssibal_ws/install/robot_msgs:/home/gaga/sad_ws/src/install/sad_pkg:/home/gaga/sad_ws/src/install/vision_msgs:/home/gaga/sad_ws/src/install/my_vision_msgs:/home/gaga/sad_ws/src/install/mani_urdf:/home/gaga/robotprograming_ws/install/rp_pkg:/home/gaga/sad_ws/src/sad_pkg/install/sad_pkg:/home/gaga/turtlebot3_ws/install/turtlebot3_teleop:/home/gaga/turtlebot3_ws/install/turtlebot3_example:/opt/ros/humble /usr/bin/cmake --build /home/gaga/sad_ws/build/sad_pkg -- -j20 -l20
[0.060s] [ 28%] Built target rrt_node
[0.060s] [ 28%] Built target forward_node
[0.060s] [ 64%] Built target map_node
[0.060s] [ 64%] [32mBuilding CXX object CMakeFiles/Inverse_node.dir/src/Inverse_node.cpp.o[0m
[0.060s] [ 64%] Built target spline_node
[0.060s] [ 78%] Built target obstacle_node
[0.062s] [ 92%] Built target path_node
[2.531s] [01m[K/home/gaga/sad_ws/src/sad_pkg/src/Inverse_node.cpp:327:9:[m[K [01;31m[Kerror: [m[Kexpected unqualified-id before â€˜[01m[Kfor[m[Kâ€™
[2.531s]   327 |         [01;31m[Kfor[m[K (int i = 0; i < 6; ++i) {
[2.531s]       |         [01;31m[K^~~[m[K
[2.532s] [01m[K/home/gaga/sad_ws/src/sad_pkg/src/Inverse_node.cpp:327:25:[m[K [01;31m[Kerror: [m[Kâ€˜[01m[Ki[m[Kâ€™ does not name a type
[2.532s]   327 |         for (int i = 0; [01;31m[Ki[m[K < 6; ++i) {
[2.532s]       |                         [01;31m[K^[m[K
[2.532s] [01m[K/home/gaga/sad_ws/src/sad_pkg/src/Inverse_node.cpp:327:32:[m[K [01;31m[Kerror: [m[Kexpected unqualified-id before â€˜[01m[K++[m[Kâ€™ token
[2.532s]   327 |         for (int i = 0; i < 6; [01;31m[K++[m[Ki) {
[2.532s]       |                                [01;31m[K^~[m[K
[2.532s] In file included from [01m[K/opt/ros/humble/include/rclcpp/rclcpp/client.hpp:40[m[K,
[2.532s]                  from [01m[K/opt/ros/humble/include/rclcpp/rclcpp/callback_group.hpp:24[m[K,
[2.532s]                  from [01m[K/opt/ros/humble/include/rclcpp/rclcpp/any_executable.hpp:20[m[K,
[2.532s]                  from [01m[K/opt/ros/humble/include/rclcpp/rclcpp/memory_strategy.hpp:25[m[K,
[2.532s]                  from [01m[K/opt/ros/humble/include/rclcpp/rclcpp/memory_strategies.hpp:18[m[K,
[2.532s]                  from [01m[K/opt/ros/humble/include/rclcpp/rclcpp/executor_options.hpp:20[m[K,
[2.532s]                  from [01m[K/opt/ros/humble/include/rclcpp/rclcpp/executor.hpp:37[m[K,
[2.533s]                  from [01m[K/opt/ros/humble/include/rclcpp/rclcpp/executors/multi_threaded_executor.hpp:25[m[K,
[2.533s]                  from [01m[K/opt/ros/humble/include/rclcpp/rclcpp/executors.hpp:21[m[K,
[2.533s]                  from [01m[K/opt/ros/humble/include/rclcpp/rclcpp/rclcpp.hpp:155[m[K,
[2.533s]                  from [01m[K/home/gaga/sad_ws/src/sad_pkg/src/Inverse_node.cpp:6[m[K:
[2.533s] [01m[K/home/gaga/sad_ws/src/sad_pkg/src/Inverse_node.cpp:336:9:[m[K [01;31m[Kerror: [m[Kexpected unqualified-id before â€˜[01m[Kdo[m[Kâ€™
[2.533s]   336 |         [01;31m[KRCLCPP_INFO[m[K(this->get_logger(),
[2.533s]       |         [01;31m[K^~~~~~~~~~~[m[K
[2.533s] [01m[K/home/gaga/sad_ws/src/sad_pkg/src/Inverse_node.cpp:336:9:[m[K [01;31m[Kerror: [m[Kexpected unqualified-id before â€˜[01m[Kwhile[m[Kâ€™
[2.533s]   336 |         [01;31m[KRCLCPP_INFO[m[K(this->get_logger(),
[2.533s]       |         [01;31m[K^~~~~~~~~~~[m[K
[2.533s] [01m[K/home/gaga/sad_ws/src/sad_pkg/src/Inverse_node.cpp:340:9:[m[K [01;31m[Kerror: [m[Kexpected unqualified-id before â€˜[01m[Kdo[m[Kâ€™
[2.533s]   340 |         [01;31m[KRCLCPP_INFO[m[K(this->get_logger(),
[2.533s]       |         [01;31m[K^~~~~~~~~~~[m[K
[2.533s] [01m[K/home/gaga/sad_ws/src/sad_pkg/src/Inverse_node.cpp:340:9:[m[K [01;31m[Kerror: [m[Kexpected unqualified-id before â€˜[01m[Kwhile[m[Kâ€™
[2.533s]   340 |         [01;31m[KRCLCPP_INFO[m[K(this->get_logger(),
[2.533s]       |         [01;31m[K^~~~~~~~~~~[m[K
[2.533s] [01m[K/home/gaga/sad_ws/src/sad_pkg/src/Inverse_node.cpp:346:29:[m[K [01;31m[Kerror: [m[Kâ€˜[01m[Ktarget_q[m[Kâ€™ is not a type
[2.534s]   346 |         sendJointTrajectory([01;31m[Ktarget_q[m[K, current_joint_angles_, dt);
[2.534s]       |                             [01;31m[K^~~~~~~~[m[K
[2.534s] [01m[K/home/gaga/sad_ws/src/sad_pkg/src/Inverse_node.cpp:346:39:[m[K [01;31m[Kerror: [m[Kâ€˜[01m[Kcurrent_joint_angles_[m[Kâ€™ is not a type
[2.534s]   346 |         sendJointTrajectory(target_q, [01;31m[Kcurrent_joint_angles_[m[K, dt);
[2.534s]       |                                       [01;31m[K^~~~~~~~~~~~~~~~~~~~~[m[K
[2.534s] [01m[K/home/gaga/sad_ws/src/sad_pkg/src/Inverse_node.cpp:346:62:[m[K [01;31m[Kerror: [m[Kâ€˜[01m[Kdt[m[Kâ€™ has not been declared
[2.534s]   346 |         sendJointTrajectory(target_q, current_joint_angles_, [01;31m[Kdt[m[K);
[2.534s]       |                                                              [01;31m[K^~[m[K
[2.534s] [01m[K/home/gaga/sad_ws/src/sad_pkg/src/Inverse_node.cpp:346:9:[m[K [01;31m[Kerror: [m[KISO C++ forbids declaration of â€˜[01m[KsendJointTrajectory[m[Kâ€™ with no type [[01;31m[K]8;;https://gcc.gnu.org/onlinedocs/gcc/Warning-Options.html#index-fpermissive-fpermissive]8;;[m[K]
[2.534s]   346 |         [01;31m[KsendJointTrajectory[m[K(target_q, current_joint_angles_, dt);
[2.534s]       |         [01;31m[K^~~~~~~~~~~~~~~~~~~[m[K
[2.534s] [01m[K/home/gaga/sad_ws/src/sad_pkg/src/Inverse_node.cpp:348:9:[m[K [01;31m[Kerror: [m[Kexpected unqualified-id before â€˜[01m[Kif[m[Kâ€™
[2.534s]   348 |         [01;31m[Kif[m[K (current_index_ >= path_poses_.size()) {
[2.534s]       |         [01;31m[K^~[m[K
[2.534s] [01m[K/home/gaga/sad_ws/src/sad_pkg/src/Inverse_node.cpp:355:10:[m[K [01;31m[Kerror: [m[Kexpected â€˜[01m[K;[m[Kâ€™ after class definition
[2.534s]   355 |         }
[2.534s]       |          [01;31m[K^[m[K
[2.534s]       |          [32m[K;[m[K
[2.542s] [01m[K/home/gaga/sad_ws/src/sad_pkg/src/Inverse_node.cpp:321:26:[m[K [01;31m[Kerror: [m[Kâ€˜[01m[KcomputeFeedbackVelocity[m[Kâ€™ was not declared in this scope
[2.542s]   321 |         VectorXd q_dot = [01;31m[KcomputeFeedbackVelocity[m[K(target_position_, target_orientation_);
[2.542s]       |                          [01;31m[K^~~~~~~~~~~~~~~~~~~~~~~[m[K
[2.545s] [01m[K/home/gaga/sad_ws/src/sad_pkg/src/Inverse_node.cpp:324:61:[m[K [01;31m[Kerror: [m[Kâ€˜[01m[Kdt[m[Kâ€™ was not declared in this scope; did you mean â€˜[01m[Kd7[m[Kâ€™?
[2.545s]   324 |         VectorXd target_q = current_joint_angles_ + q_dot * [01;31m[Kdt[m[K;
[2.545s]       |                                                             [01;31m[K^~[m[K
[2.545s]       |                                                             [32m[Kd7[m[K
[2.554s] [01m[K/home/gaga/sad_ws/src/sad_pkg/src/Inverse_node.cpp:[m[K In constructor â€˜[01m[KManipulatorNode::ManipulatorNode(const Vector3d&, const Vector3d&)[m[Kâ€™:
[2.554s] [01m[K/home/gaga/sad_ws/src/sad_pkg/src/Inverse_node.cpp:214:39:[m[K [01;31m[Kerror: [m[Kâ€˜[01m[Kpath_callback[m[Kâ€™ is not a member of â€˜[01m[KManipulatorNode[m[Kâ€™
[2.554s]   214 |           std::bind(&ManipulatorNode::[01;31m[Kpath_callback[m[K, this, std::placeholders::_1)
[2.554s]       |                                       [01;31m[K^~~~~~~~~~~~~[m[K
[2.608s] [01m[K/home/gaga/sad_ws/src/sad_pkg/src/Inverse_node.cpp:[m[K In member function â€˜[01m[Kvoid ManipulatorNode::timer_callback()[m[Kâ€™:
[2.608s] [01m[K/home/gaga/sad_ws/src/sad_pkg/src/Inverse_node.cpp:253:22:[m[K [01;35m[Kwarning: [m[Kunused variable â€˜[01m[Kdt[m[Kâ€™ [[01;35m[K]8;;https://gcc.gnu.org/onlinedocs/gcc/Warning-Options.html#index-Wunused-variable-Wunused-variable]8;;[m[K]
[2.609s]   253 |         const double [01;35m[Kdt[m[K = 0.1;
[2.609s]       |                      [01;35m[K^~[m[K
[2.616s] [01m[K/home/gaga/sad_ws/src/sad_pkg/src/Inverse_node.cpp:[m[K In function â€˜[01m[Kvoid path_callback(geometry_msgs::msg::PoseArray_<std::allocator<void> >::SharedPtr)[m[Kâ€™:
[2.616s] [01m[K/home/gaga/sad_ws/src/sad_pkg/src/Inverse_node.cpp:359:13:[m[K [01;31m[Kerror: [m[Kâ€˜[01m[Kpath_poses_[m[Kâ€™ was not declared in this scope
[2.616s]   359 |             [01;31m[Kpath_poses_[m[K = msg->poses;
[2.616s]       |             [01;31m[K^~~~~~~~~~~[m[K
[2.621s] [01m[K/home/gaga/sad_ws/src/sad_pkg/src/Inverse_node.cpp:367:25:[m[K [01;31m[Kerror: [m[Kâ€˜[01m[Kcurrent_index_[m[Kâ€™ was not declared in this scope
[2.621s]   367 |                         [01;31m[Kcurrent_index_[m[K = 0;            // ìƒˆ ê²½ë¡œê°€ ë“¤ì–´ì™”ìœ¼ë‹ˆ ì¸ë±ìŠ¤ ë¦¬ì…‹
[2.621s]       |                         [01;31m[K^~~~~~~~~~~~~~[m[K
[2.625s] [01m[K/home/gaga/sad_ws/src/sad_pkg/src/Inverse_node.cpp:369:13:[m[K [01;31m[Kerror: [m[Kâ€˜[01m[Ktarget_position_[m[Kâ€™ was not declared in this scope
[2.625s]   369 |             [01;31m[Ktarget_position_[m[K    = Vector3d(path_poses_[0].position.x,
[2.625s]       |             [01;31m[K^~~~~~~~~~~~~~~~[m[K
[2.629s] [01m[K/home/gaga/sad_ws/src/sad_pkg/src/Inverse_node.cpp:372:13:[m[K [01;31m[Kerror: [m[Kâ€˜[01m[Ktarget_orientation_[m[Kâ€™ was not declared in this scope
[2.629s]   372 |             [01;31m[Ktarget_orientation_[m[K = Vector3d(path_poses_[0].orientation.x,
[2.629s]       |             [01;31m[K^~~~~~~~~~~~~~~~~~~[m[K
[2.678s] [01m[K/home/gaga/sad_ws/src/sad_pkg/src/Inverse_node.cpp:[m[K In function â€˜[01m[KEigen::VectorXd computeFeedbackVelocity(Eigen::Vector3d, Eigen::Vector3d)[m[Kâ€™:
[2.678s] [01m[K/home/gaga/sad_ws/src/sad_pkg/src/Inverse_node.cpp:420:41:[m[K [01;31m[Kerror: [m[Kâ€˜[01m[Kcurrent_joint_angles_[m[Kâ€™ was not declared in this scope
[2.678s]   420 |         Matrix4d T6 = forwardKinematics([01;31m[Kcurrent_joint_angles_[m[K); // tranformation matrix
[2.678s]       |                                         [01;31m[K^~~~~~~~~~~~~~~~~~~~~[m[K
[2.678s] In file included from [01m[K/opt/ros/humble/include/rclcpp/rclcpp/client.hpp:40[m[K,
[2.678s]                  from [01m[K/opt/ros/humble/include/rclcpp/rclcpp/callback_group.hpp:24[m[K,
[2.678s]                  from [01m[K/opt/ros/humble/include/rclcpp/rclcpp/any_executable.hpp:20[m[K,
[2.678s]                  from [01m[K/opt/ros/humble/include/rclcpp/rclcpp/memory_strategy.hpp:25[m[K,
[2.679s]                  from [01m[K/opt/ros/humble/include/rclcpp/rclcpp/memory_strategies.hpp:18[m[K,
[2.679s]                  from [01m[K/opt/ros/humble/include/rclcpp/rclcpp/executor_options.hpp:20[m[K,
[2.679s]                  from [01m[K/opt/ros/humble/include/rclcpp/rclcpp/executor.hpp:37[m[K,
[2.679s]                  from [01m[K/opt/ros/humble/include/rclcpp/rclcpp/executors/multi_threaded_executor.hpp:25[m[K,
[2.679s]                  from [01m[K/opt/ros/humble/include/rclcpp/rclcpp/executors.hpp:21[m[K,
[2.679s]                  from [01m[K/opt/ros/humble/include/rclcpp/rclcpp/rclcpp.hpp:155[m[K,
[2.679s]                  from [01m[K/home/gaga/sad_ws/src/sad_pkg/src/Inverse_node.cpp:6[m[K:
[2.679s] [01m[K/home/gaga/sad_ws/src/sad_pkg/src/Inverse_node.cpp:444:21:[m[K [01;31m[Kerror: [m[Kinvalid use of â€˜[01m[Kthis[m[Kâ€™ in non-member function
[2.679s]   444 |         RCLCPP_INFO([01;31m[Kthis[m[K->get_logger(),
[2.679s]       |                     [01;31m[K^~~~[m[K
[2.679s] [01m[K/home/gaga/sad_ws/src/sad_pkg/src/Inverse_node.cpp:444:21:[m[K [01;31m[Kerror: [m[Kinvalid use of â€˜[01m[Kthis[m[Kâ€™ in non-member function
[2.679s] [01m[K/home/gaga/sad_ws/src/sad_pkg/src/Inverse_node.cpp:444:9:[m[K [01;31m[Kerror: [m[Ktemplate argument 1 is invalid
[2.679s]   444 |         [01;31m[KRCLCPP_INFO[m[K(this->get_logger(),
[2.679s]       |         [01;31m[K^~~~~~~~~~~[m[K
[2.680s] [01m[K/home/gaga/sad_ws/src/sad_pkg/src/Inverse_node.cpp:444:9:[m[K [01;31m[Kerror: [m[Ktemplate argument 1 is invalid
[2.680s]   444 |         [01;31m[KRCLCPP_INFO[m[K(this->get_logger(),
[2.680s]       |         [01;31m[K^~~~~~~~~~~[m[K
[2.680s] [01m[K/home/gaga/sad_ws/src/sad_pkg/src/Inverse_node.cpp:444:9:[m[K [01;31m[Kerror: [m[Ktemplate argument 1 is invalid
[2.680s]   444 |         [01;31m[KRCLCPP_INFO[m[K(this->get_logger(),
[2.680s]       |         [01;31m[K^~~~~~~~~~~[m[K
[2.680s] In file included from [01m[K/opt/ros/humble/include/rclcpp/rclcpp/logging.hpp:24[m[K,
[2.680s]                  from [01m[K/opt/ros/humble/include/rclcpp/rclcpp/client.hpp:40[m[K,
[2.680s]                  from [01m[K/opt/ros/humble/include/rclcpp/rclcpp/callback_group.hpp:24[m[K,
[2.680s]                  from [01m[K/opt/ros/humble/include/rclcpp/rclcpp/any_executable.hpp:20[m[K,
[2.680s]                  from [01m[K/opt/ros/humble/include/rclcpp/rclcpp/memory_strategy.hpp:25[m[K,
[2.680s]                  from [01m[K/opt/ros/humble/include/rclcpp/rclcpp/memory_strategies.hpp:18[m[K,
[2.680s]                  from [01m[K/opt/ros/humble/include/rclcpp/rclcpp/executor_options.hpp:20[m[K,
[2.680s]                  from [01m[K/opt/ros/humble/include/rclcpp/rclcpp/executor.hpp:37[m[K,
[2.680s]                  from [01m[K/opt/ros/humble/include/rclcpp/rclcpp/executors/multi_threaded_executor.hpp:25[m[K,
[2.680s]                  from [01m[K/opt/ros/humble/include/rclcpp/rclcpp/executors.hpp:21[m[K,
[2.680s]                  from [01m[K/opt/ros/humble/include/rclcpp/rclcpp/rclcpp.hpp:155[m[K,
[2.680s]                  from [01m[K/home/gaga/sad_ws/src/sad_pkg/src/Inverse_node.cpp:6[m[K:
[2.680s] [01m[K/home/gaga/sad_ws/src/sad_pkg/src/Inverse_node.cpp:444:21:[m[K [01;31m[Kerror: [m[Kinvalid use of â€˜[01m[Kthis[m[Kâ€™ in non-member function
[2.681s]   444 |         RCLCPP_INFO([01;31m[Kthis[m[K->get_logger(),
[2.681s]       |                     [01;31m[K^~~~[m[K
[2.681s] [01m[K/home/gaga/sad_ws/src/sad_pkg/src/Inverse_node.cpp:444:21:[m[K [01;31m[Kerror: [m[Kinvalid use of â€˜[01m[Kthis[m[Kâ€™ in non-member function
[2.681s]   444 |         RCLCPP_INFO([01;31m[Kthis[m[K->get_logger(),
[2.681s]       |                     [01;31m[K^~~~[m[K
[2.681s] In file included from [01m[K/opt/ros/humble/include/rclcpp/rclcpp/client.hpp:40[m[K,
[2.681s]                  from [01m[K/opt/ros/humble/include/rclcpp/rclcpp/callback_group.hpp:24[m[K,
[2.681s]                  from [01m[K/opt/ros/humble/include/rclcpp/rclcpp/any_executable.hpp:20[m[K,
[2.681s]                  from [01m[K/opt/ros/humble/include/rclcpp/rclcpp/memory_strategy.hpp:25[m[K,
[2.681s]                  from [01m[K/opt/ros/humble/include/rclcpp/rclcpp/memory_strategies.hpp:18[m[K,
[2.681s]                  from [01m[K/opt/ros/humble/include/rclcpp/rclcpp/executor_options.hpp:20[m[K,
[2.681s]                  from [01m[K/opt/ros/humble/include/rclcpp/rclcpp/executor.hpp:37[m[K,
[2.681s]                  from [01m[K/opt/ros/humble/include/rclcpp/rclcpp/executors/multi_threaded_executor.hpp:25[m[K,
[2.681s]                  from [01m[K/opt/ros/humble/include/rclcpp/rclcpp/executors.hpp:21[m[K,
[2.681s]                  from [01m[K/opt/ros/humble/include/rclcpp/rclcpp/rclcpp.hpp:155[m[K,
[2.681s]                  from [01m[K/home/gaga/sad_ws/src/sad_pkg/src/Inverse_node.cpp:6[m[K:
[2.681s] [01m[K/home/gaga/sad_ws/src/sad_pkg/src/Inverse_node.cpp:448:21:[m[K [01;31m[Kerror: [m[Kinvalid use of â€˜[01m[Kthis[m[Kâ€™ in non-member function
[2.681s]   448 |         RCLCPP_INFO([01;31m[Kthis[m[K->get_logger(),
[2.681s]       |                     [01;31m[K^~~~[m[K
[2.682s] [01m[K/home/gaga/sad_ws/src/sad_pkg/src/Inverse_node.cpp:448:21:[m[K [01;31m[Kerror: [m[Kinvalid use of â€˜[01m[Kthis[m[Kâ€™ in non-member function
[2.682s] [01m[K/home/gaga/sad_ws/src/sad_pkg/src/Inverse_node.cpp:448:9:[m[K [01;31m[Kerror: [m[Ktemplate argument 1 is invalid
[2.682s]   448 |         [01;31m[KRCLCPP_INFO[m[K(this->get_logger(),
[2.682s]       |         [01;31m[K^~~~~~~~~~~[m[K
[2.682s] [01m[K/home/gaga/sad_ws/src/sad_pkg/src/Inverse_node.cpp:448:9:[m[K [01;31m[Kerror: [m[Ktemplate argument 1 is invalid
[2.682s]   448 |         [01;31m[KRCLCPP_INFO[m[K(this->get_logger(),
[2.682s]       |         [01;31m[K^~~~~~~~~~~[m[K
[2.682s] [01m[K/home/gaga/sad_ws/src/sad_pkg/src/Inverse_node.cpp:448:9:[m[K [01;31m[Kerror: [m[Ktemplate argument 1 is invalid
[2.682s]   448 |         [01;31m[KRCLCPP_INFO[m[K(this->get_logger(),
[2.682s]       |         [01;31m[K^~~~~~~~~~~[m[K
[2.682s] In file included from [01m[K/opt/ros/humble/include/rclcpp/rclcpp/logging.hpp:24[m[K,
[2.682s]                  from [01m[K/opt/ros/humble/include/rclcpp/rclcpp/client.hpp:40[m[K,
[2.682s]                  from [01m[K/opt/ros/humble/include/rclcpp/rclcpp/callback_group.hpp:24[m[K,
[2.682s]                  from [01m[K/opt/ros/humble/include/rclcpp/rclcpp/any_executable.hpp:20[m[K,
[2.682s]                  from [01m[K/opt/ros/humble/include/rclcpp/rclcpp/memory_strategy.hpp:25[m[K,
[2.682s]                  from [01m[K/opt/ros/humble/include/rclcpp/rclcpp/memory_strategies.hpp:18[m[K,
[2.682s]                  from [01m[K/opt/ros/humble/include/rclcpp/rclcpp/executor_options.hpp:20[m[K,
[2.682s]                  from [01m[K/opt/ros/humble/include/rclcpp/rclcpp/executor.hpp:37[m[K,
[2.682s]                  from [01m[K/opt/ros/humble/include/rclcpp/rclcpp/executors/multi_threaded_executor.hpp:25[m[K,
[2.683s]                  from [01m[K/opt/ros/humble/include/rclcpp/rclcpp/executors.hpp:21[m[K,
[2.683s]                  from [01m[K/opt/ros/humble/include/rclcpp/rclcpp/rclcpp.hpp:155[m[K,
[2.683s]                  from [01m[K/home/gaga/sad_ws/src/sad_pkg/src/Inverse_node.cpp:6[m[K:
[2.683s] [01m[K/home/gaga/sad_ws/src/sad_pkg/src/Inverse_node.cpp:448:21:[m[K [01;31m[Kerror: [m[Kinvalid use of â€˜[01m[Kthis[m[Kâ€™ in non-member function
[2.683s]   448 |         RCLCPP_INFO([01;31m[Kthis[m[K->get_logger(),
[2.683s]       |                     [01;31m[K^~~~[m[K
[2.683s] [01m[K/home/gaga/sad_ws/src/sad_pkg/src/Inverse_node.cpp:448:21:[m[K [01;31m[Kerror: [m[Kinvalid use of â€˜[01m[Kthis[m[Kâ€™ in non-member function
[2.683s]   448 |         RCLCPP_INFO([01;31m[Kthis[m[K->get_logger(),
[2.683s]       |                     [01;31m[K^~~~[m[K
[2.696s] [01m[K/home/gaga/sad_ws/src/sad_pkg/src/Inverse_node.cpp:472:33:[m[K [01;31m[Kerror: [m[Kâ€˜[01m[KdampedPseudoInverse[m[Kâ€™ was not declared in this scope
[2.696s]   472 |         MatrixXd J_pseudo_inv = [01;31m[KdampedPseudoInverse[m[K(J);
[2.696s]       |                                 [01;31m[K^~~~~~~~~~~~~~~~~~~[m[K
[2.744s] [01m[K/home/gaga/sad_ws/src/sad_pkg/src/Inverse_node.cpp:[m[K In function â€˜[01m[Kvoid sendJointTrajectory(const VectorXd&, const VectorXd&, double)[m[Kâ€™:
[2.744s] [01m[K/home/gaga/sad_ws/src/sad_pkg/src/Inverse_node.cpp:508:28:[m[K [01;31m[Kerror: [m[Kâ€˜[01m[Know[m[Kâ€™ was not declared in this scope; did you mean â€˜[01m[Kpow[m[Kâ€™?
[2.744s]   508 |         msg.header.stamp = [01;31m[Know[m[K();
[2.745s]       |                            [01;31m[K^~~[m[K
[2.745s]       |                            [32m[Kpow[m[K
[2.750s] [01m[K/home/gaga/sad_ws/src/sad_pkg/src/Inverse_node.cpp:523:9:[m[K [01;31m[Kerror: [m[Kâ€˜[01m[Kjoint_trajectory_pub_[m[Kâ€™ was not declared in this scope
[2.750s]   523 |         [01;31m[Kjoint_trajectory_pub_[m[K->publish(msg);
[2.750s]       |         [01;31m[K^~~~~~~~~~~~~~~~~~~~~[m[K
[2.750s] [01m[K/home/gaga/sad_ws/src/sad_pkg/src/Inverse_node.cpp:[m[K At global scope:
[2.750s] [01m[K/home/gaga/sad_ws/src/sad_pkg/src/Inverse_node.cpp:526:1:[m[K [01;31m[Kerror: [m[Kexpected declaration before â€˜[01m[K}[m[Kâ€™ token
[2.750s]   526 | [01;31m[K}[m[K;
[2.750s]       | [01;31m[K^[m[K
[6.494s] gmake[2]: *** [CMakeFiles/Inverse_node.dir/build.make:76: CMakeFiles/Inverse_node.dir/src/Inverse_node.cpp.o] Error 1
[6.494s] gmake[1]: *** [CMakeFiles/Makefile2:305: CMakeFiles/Inverse_node.dir/all] Error 2
[6.495s] gmake: *** [Makefile:146: all] Error 2
[6.497s] Invoked command in '/home/gaga/sad_ws/build/sad_pkg' returned '2': CMAKE_PREFIX_PATH=/home/gaga/sad_ws/install/my_vision_msgs:/home/gaga/sad_ws/install:/home/gaga/sad_ws/install/sad_pkg:/home/gaga/sad_ws/install/mani_urdf:/home/gaga/turtlebot3_ws/install/turtlebot3:/home/gaga/turtlebot3_ws/install/turtlebot3_simulations:/home/gaga/turtlebot3_ws/install/turtlebot3_bringup:/home/gaga/turtlebot3_ws/install/turtlebot3_node:/home/gaga/turtlebot3_ws/install/turtlebot3_navigation2:/home/gaga/turtlebot3_ws/install/turtlebot3_fake_node:/home/gaga/turtlebot3_ws/install/robot_master:/home/gaga/turtlebot3_ws/install/turtlebot3_msgs:/home/gaga/turtlebot3_ws/install/turtlebot3_gazebo:/home/gaga/turtlebot3_ws/install/turtlebot3_description:/home/gaga/turtlebot3_ws/install/turtlebot3_cartographer:/home/gaga/turtlebot3_ws/install/robot_vision:/home/gaga/turtlebot3_ws/install/robot_navigation:/home/gaga/turtlebot3_ws/install/robot_msgs:/home/gaga/turtlebot3_ws/install/dynamixel_sdk_examples:/home/gaga/turtlebot3_ws/install/dynamixel_sdk_custom_interfaces:/home/gaga/turtlebot3_ws/install/dynamixel_sdk:/home/gaga/ssibal_ws/install/robot_msgs:/home/gaga/sad_ws/src/install/sad_pkg:/home/gaga/sad_ws/src/install/vision_msgs:/home/gaga/sad_ws/src/install/my_vision_msgs:/home/gaga/sad_ws/src/install/mani_urdf:/home/gaga/robotprograming_ws/install/rp_pkg:/home/gaga/sad_ws/src/sad_pkg/install/sad_pkg:/home/gaga/turtlebot3_ws/install/turtlebot3_teleop:/home/gaga/turtlebot3_ws/install/turtlebot3_example:/opt/ros/humble /usr/bin/cmake --build /home/gaga/sad_ws/build/sad_pkg -- -j20 -l20
