[0.009s] Invoking command in '/home/gaga/sad_ws/build/sad_pkg': CMAKE_PREFIX_PATH=/home/gaga/sad_ws/install/my_vision_msgs:/home/gaga/sad_ws/install:/home/gaga/sad_ws/install/sad_pkg:/home/gaga/sad_ws/install/mani_urdf:/home/gaga/turtlebot3_ws/install/turtlebot3:/home/gaga/turtlebot3_ws/install/turtlebot3_simulations:/home/gaga/turtlebot3_ws/install/turtlebot3_bringup:/home/gaga/turtlebot3_ws/install/turtlebot3_node:/home/gaga/turtlebot3_ws/install/turtlebot3_navigation2:/home/gaga/turtlebot3_ws/install/turtlebot3_fake_node:/home/gaga/turtlebot3_ws/install/robot_master:/home/gaga/turtlebot3_ws/install/turtlebot3_msgs:/home/gaga/turtlebot3_ws/install/turtlebot3_gazebo:/home/gaga/turtlebot3_ws/install/turtlebot3_description:/home/gaga/turtlebot3_ws/install/turtlebot3_cartographer:/home/gaga/turtlebot3_ws/install/robot_vision:/home/gaga/turtlebot3_ws/install/robot_navigation:/home/gaga/turtlebot3_ws/install/robot_msgs:/home/gaga/turtlebot3_ws/install/dynamixel_sdk_examples:/home/gaga/turtlebot3_ws/install/dynamixel_sdk_custom_interfaces:/home/gaga/turtlebot3_ws/install/dynamixel_sdk:/home/gaga/ssibal_ws/install/robot_msgs:/home/gaga/sad_ws/src/install/sad_pkg:/home/gaga/sad_ws/src/install/vision_msgs:/home/gaga/sad_ws/src/install/my_vision_msgs:/home/gaga/sad_ws/src/install/mani_urdf:/home/gaga/robotprograming_ws/install/rp_pkg:/home/gaga/sad_ws/src/sad_pkg/install/sad_pkg:/home/gaga/turtlebot3_ws/install/turtlebot3_teleop:/home/gaga/turtlebot3_ws/install/turtlebot3_example:/opt/ros/humble /usr/bin/cmake --build /home/gaga/sad_ws/build/sad_pkg -- -j20 -l20
[0.047s] [35m[1mConsolidate compiler generated dependencies of target Inverse_node[0m
[0.057s] [ 50%] Built target rrt_node
[0.057s] [ 50%] [32mBuilding CXX object CMakeFiles/path_node.dir/src/path_node.cpp.o[0m
[0.057s] [ 50%] Built target forward_node
[0.057s] [ 50%] Built target obstacle_node
[0.059s] [ 64%] Built target map_node
[0.064s] [ 92%] Built target Inverse_node
[0.064s] [ 92%] Built target spline_node
[1.828s] [01m[K/home/gaga/sad_ws/src/sad_pkg/src/path_node.cpp:441:2:[m[K [01;31m[Kerror: [m[Kexpected ‚Äò[01m[K}[m[K‚Äô at end of input
[1.828s]   441 | }
[1.828s]       |  [01;31m[K^[m[K
[1.828s] [01m[K/home/gaga/sad_ws/src/sad_pkg/src/path_node.cpp:29:36:[m[K [01;36m[Knote: [m[Kto match this ‚Äò[01m[K{[m[K‚Äô
[1.828s]    29 | class RSNode : public rclcpp::Node [01;36m[K{[m[K
[1.828s]       |                                    [01;36m[K^[m[K
[1.828s] [01m[K/home/gaga/sad_ws/src/sad_pkg/src/path_node.cpp:[m[K In constructor ‚Äò[01m[KRSNode::RSNode()[m[K‚Äô:
[1.828s] [01m[K/home/gaga/sad_ws/src/sad_pkg/src/path_node.cpp:33:7:[m[K [01;31m[Kerror: [m[Kclass ‚Äò[01m[KRSNode[m[K‚Äô does not have any field named ‚Äò[01m[Kgen_[m[K‚Äô
[1.828s]    33 |       [01;31m[Kgen_[m[K(42),              // ÎÇúÏàò ÏÉùÏÑ±Í∏∞ ÏãúÎìú Í≥†Ï†ï
[1.828s]       |       [01;31m[K^~~~[m[K
[1.828s] [01m[K/home/gaga/sad_ws/src/sad_pkg/src/path_node.cpp:34:7:[m[K [01;31m[Kerror: [m[Kclass ‚Äò[01m[KRSNode[m[K‚Äô does not have any field named ‚Äò[01m[Kfirst_plan_done_[m[K‚Äô
[1.829s]    34 |       [01;31m[Kfirst_plan_done_[m[K(false), // ÏµúÏ¥à Ïã§Ìñâ Ïó¨Î∂Ä ÌîåÎûòÍ∑∏
[1.829s]       |       [01;31m[K^~~~~~~~~~~~~~~~[m[K
[1.829s] [01m[K/home/gaga/sad_ws/src/sad_pkg/src/path_node.cpp:35:7:[m[K [01;31m[Kerror: [m[Kclass ‚Äò[01m[KRSNode[m[K‚Äô does not have any field named ‚Äò[01m[Kpath_published_[m[K‚Äô
[1.829s]    35 |       [01;31m[Kpath_published_[m[K(false)
[1.829s]       |       [01;31m[K^~~~~~~~~~~~~~~[m[K
[1.841s] [01m[K/home/gaga/sad_ws/src/sad_pkg/src/path_node.cpp:40:9:[m[K [01;31m[Kerror: [m[K‚Äò[01m[Kobstacle_sub_[m[K‚Äô was not declared in this scope
[1.841s]    40 |         [01;31m[Kobstacle_sub_[m[K = this->create_subscription<my_vision_msgs::msg::HarvestOrdering>(
[1.841s]       |         [01;31m[K^~~~~~~~~~~~~[m[K
[1.875s] [01m[K/home/gaga/sad_ws/src/sad_pkg/src/path_node.cpp:46:9:[m[K [01;31m[Kerror: [m[K‚Äò[01m[Kmarker_pub_[m[K‚Äô was not declared in this scope
[1.875s]    46 |         [01;31m[Kmarker_pub_[m[K = this->create_publisher<visualization_msgs::msg::MarkerArray>(
[1.875s]       |         [01;31m[K^~~~~~~~~~~[m[K
[1.881s] [01m[K/home/gaga/sad_ws/src/sad_pkg/src/path_node.cpp:51:9:[m[K [01;31m[Kerror: [m[K‚Äò[01m[Kpath_pub_[m[K‚Äô was not declared in this scope
[1.881s]    51 |         [01;31m[Kpath_pub_[m[K = this->create_publisher<geometry_msgs::msg::PoseArray>(
[1.881s]       |         [01;31m[K^~~~~~~~~[m[K
[1.886s] [01m[K/home/gaga/sad_ws/src/sad_pkg/src/path_node.cpp:56:9:[m[K [01;31m[Kerror: [m[K‚Äò[01m[Ktimer_[m[K‚Äô was not declared in this scope; did you mean ‚Äò[01m[Ktimer_t[m[K‚Äô?
[1.886s]    56 |         [01;31m[Ktimer_[m[K = this->create_wall_timer(
[1.886s]       |         [01;31m[K^~~~~~[m[K
[1.886s]       |         [32m[Ktimer_t[m[K
[1.894s] [01m[K/home/gaga/sad_ws/src/sad_pkg/src/path_node.cpp:61:9:[m[K [01;31m[Kerror: [m[K‚Äò[01m[Kstart_[m[K‚Äô was not declared in this scope
[1.894s]    61 |         [01;31m[Kstart_[m[K = makePoint(0.1435, 0.0, 0.976);
[1.894s]       |         [01;31m[K^~~~~~[m[K
[1.899s] [01m[K/home/gaga/sad_ws/src/sad_pkg/src/path_node.cpp:61:18:[m[K [01;31m[Kerror: [m[K‚Äò[01m[KmakePoint[m[K‚Äô was not declared in this scope
[1.899s]    61 |         start_ = [01;31m[KmakePoint[m[K(0.1435, 0.0, 0.976);
[1.899s]       |                  [01;31m[K^~~~~~~~~[m[K
[1.903s] [01m[K/home/gaga/sad_ws/src/sad_pkg/src/path_node.cpp:62:9:[m[K [01;31m[Kerror: [m[K‚Äò[01m[Kgoal_[m[K‚Äô was not declared in this scope
[1.903s]    62 |         [01;31m[Kgoal_[m[K  = makePoint(0.6,    0.0, 0.57);
[1.903s]       |         [01;31m[K^~~~~[m[K
[1.910s] [01m[K/home/gaga/sad_ws/src/sad_pkg/src/path_node.cpp:[m[K In member function ‚Äò[01m[Kvoid RSNode::obstacleCallback(my_vision_msgs::msg::HarvestOrdering_<std::allocator<void> >::SharedPtr)[m[K‚Äô:
[1.910s] [01m[K/home/gaga/sad_ws/src/sad_pkg/src/path_node.cpp:77:9:[m[K [01;31m[Kerror: [m[K‚Äò[01m[Kobstacles_[m[K‚Äô was not declared in this scope; did you mean ‚Äò[01m[Kobstack[m[K‚Äô?
[1.910s]    77 |         [01;31m[Kobstacles_[m[K.clear();
[1.910s]       |         [01;31m[K^~~~~~~~~~[m[K
[1.910s]       |         [32m[Kobstack[m[K
[1.916s] [01m[K/home/gaga/sad_ws/src/sad_pkg/src/path_node.cpp:79:23:[m[K [01;31m[Kerror: [m[K‚Äò[01m[KmakePoint[m[K‚Äô was not declared in this scope
[1.916s]    79 |             auto pt = [01;31m[KmakePoint[m[K(obj.x, obj.y, obj.z);
[1.916s]       |                       [01;31m[K^~~~~~~~~[m[K
[1.922s] [01m[K/home/gaga/sad_ws/src/sad_pkg/src/path_node.cpp:86:14:[m[K [01;31m[Kerror: [m[K‚Äò[01m[Kfirst_plan_done_[m[K‚Äô was not declared in this scope
[1.922s]    86 |         if (![01;31m[Kfirst_plan_done_[m[K) {
[1.923s]       |              [01;31m[K^~~~~~~~~~~~~~~~[m[K
[1.927s] [01m[K/home/gaga/sad_ws/src/sad_pkg/src/path_node.cpp:[m[K In member function ‚Äò[01m[Kvoid RSNode::planRRTstar()[m[K‚Äô:
[1.927s] [01m[K/home/gaga/sad_ws/src/sad_pkg/src/path_node.cpp:113:9:[m[K [01;31m[Kerror: [m[K‚Äò[01m[Knodes_[m[K‚Äô was not declared in this scope; did you mean ‚Äò[01m[KNode[m[K‚Äô?
[1.927s]   113 |         [01;31m[Knodes_[m[K.clear();
[1.927s]       |         [01;31m[K^~~~~~[m[K
[1.927s]       |         [32m[KNode[m[K
[1.931s] [01m[K/home/gaga/sad_ws/src/sad_pkg/src/path_node.cpp:114:28:[m[K [01;31m[Kerror: [m[K‚Äò[01m[Kstart_[m[K‚Äô was not declared in this scope
[1.931s]   114 |         nodes_.push_back({ [01;31m[Kstart_[m[K, -1, 0.0 });
[1.931s]       |                            [01;31m[K^~~~~~[m[K
[1.936s] [01m[K/home/gaga/sad_ws/src/sad_pkg/src/path_node.cpp:120:21:[m[K [01;31m[Kerror: [m[K‚Äò[01m[Kgen_[m[K‚Äô was not declared in this scope
[1.936s]   120 |                 (ub([01;31m[Kgen_[m[K) < goal_bias) ? goal_ : makePoint(ux(gen_), uy(gen_), uz(gen_));
[1.936s]       |                     [01;31m[K^~~~[m[K
[1.940s] [01m[K/home/gaga/sad_ws/src/sad_pkg/src/path_node.cpp:120:42:[m[K [01;31m[Kerror: [m[K‚Äò[01m[Kgoal_[m[K‚Äô was not declared in this scope
[1.940s]   120 |                 (ub(gen_) < goal_bias) ? [01;31m[Kgoal_[m[K : makePoint(ux(gen_), uy(gen_), uz(gen_));
[1.940s]       |                                          [01;31m[K^~~~~[m[K
[1.944s] [01m[K/home/gaga/sad_ws/src/sad_pkg/src/path_node.cpp:120:50:[m[K [01;31m[Kerror: [m[K‚Äò[01m[KmakePoint[m[K‚Äô was not declared in this scope
[1.944s]   120 |                 (ub(gen_) < goal_bias) ? goal_ : [01;31m[KmakePoint[m[K(ux(gen_), uy(gen_), uz(gen_));
[1.944s]       |                                                  [01;31m[K^~~~~~~~~[m[K
[1.949s] [01m[K/home/gaga/sad_ws/src/sad_pkg/src/path_node.cpp:122:23:[m[K [01;31m[Kerror: [m[K‚Äò[01m[KnearestNode[m[K‚Äô was not declared in this scope
[1.949s]   122 |             int nid = [01;31m[KnearestNode[m[K(rnd);
[1.949s]       |                       [01;31m[K^~~~~~~~~~~[m[K
[1.953s] [01m[K/home/gaga/sad_ws/src/sad_pkg/src/path_node.cpp:124:27:[m[K [01;31m[Kerror: [m[K‚Äò[01m[Ksteer[m[K‚Äô was not declared in this scope; did you mean ‚Äò[01m[Kstderr[m[K‚Äô?
[1.953s]   124 |             auto new_pt = [01;31m[Ksteer[m[K(nodes_[nid].point, rnd, step);
[1.953s]       |                           [01;31m[K^~~~~[m[K
[1.953s]       |                           [32m[Kstderr[m[K
[1.957s] [01m[K/home/gaga/sad_ws/src/sad_pkg/src/path_node.cpp:126:17:[m[K [01;31m[Kerror: [m[K‚Äò[01m[Kcollision[m[K‚Äô was not declared in this scope
[1.957s]   126 |             if ([01;31m[Kcollision[m[K(nodes_[nid].point, new_pt)) continue;
[1.957s]       |                 [01;31m[K^~~~~~~~~[m[K
[1.961s] [01m[K/home/gaga/sad_ws/src/sad_pkg/src/path_node.cpp:129:36:[m[K [01;31m[Kerror: [m[K‚Äò[01m[Kdist[m[K‚Äô was not declared in this scope
[1.961s]   129 |                 nodes_[nid].cost + [01;31m[Kdist[m[K(nodes_[nid].point, new_pt) };
[1.961s]       |                                    [01;31m[K^~~~[m[K
[1.965s] [01m[K/home/gaga/sad_ws/src/sad_pkg/src/path_node.cpp:131:25:[m[K [01;31m[Kerror: [m[K‚Äò[01m[KnearNodes[m[K‚Äô was not declared in this scope
[1.965s]   131 |             auto nbrs = [01;31m[KnearNodes[m[K(new_pt, radius);
[1.965s]       |                         [01;31m[K^~~~~~~~~[m[K
[1.970s] [01m[K/home/gaga/sad_ws/src/sad_pkg/src/path_node.cpp:134:22:[m[K [01;31m[Kerror: [m[K‚Äò[01m[Kcollision[m[K‚Äô was not declared in this scope
[1.970s]   134 |                 if (![01;31m[Kcollision[m[K(nodes_[j].point, new_pt) && c < new_node.cost) {
[1.970s]       |                      [01;31m[K^~~~~~~~~[m[K
[1.974s] [01m[K/home/gaga/sad_ws/src/sad_pkg/src/path_node.cpp:144:22:[m[K [01;31m[Kerror: [m[K‚Äò[01m[Kcollision[m[K‚Äô was not declared in this scope
[1.974s]   144 |                 if (![01;31m[Kcollision[m[K(new_pt, nodes_[j].point) && c2 < nodes_[j].cost) {
[1.974s]       |                      [01;31m[K^~~~~~~~~[m[K
[1.978s] [01m[K/home/gaga/sad_ws/src/sad_pkg/src/path_node.cpp:152:31:[m[K [01;31m[Kerror: [m[K‚Äò[01m[Kgoal_[m[K‚Äô was not declared in this scope
[1.978s]   152 |         int gid = nearestNode([01;31m[Kgoal_[m[K);
[1.978s]       |                               [01;31m[K^~~~~[m[K
[1.982s] [01m[K/home/gaga/sad_ws/src/sad_pkg/src/path_node.cpp:152:19:[m[K [01;31m[Kerror: [m[K‚Äò[01m[KnearestNode[m[K‚Äô was not declared in this scope
[1.983s]   152 |         int gid = [01;31m[KnearestNode[m[K(goal_);
[1.983s]       |                   [01;31m[K^~~~~~~~~~~[m[K
[1.987s] [01m[K/home/gaga/sad_ws/src/sad_pkg/src/path_node.cpp:153:14:[m[K [01;31m[Kerror: [m[K‚Äò[01m[Kcollision[m[K‚Äô was not declared in this scope
[1.987s]   153 |         if (![01;31m[Kcollision[m[K(nodes_[gid].point, goal_)) {
[1.987s]       |              [01;31m[K^~~~~~~~~[m[K
[1.990s] [01m[K/home/gaga/sad_ws/src/sad_pkg/src/path_node.cpp:155:36:[m[K [01;31m[Kerror: [m[K‚Äò[01m[Kdist[m[K‚Äô was not declared in this scope
[1.990s]   155 |                 nodes_[gid].cost + [01;31m[Kdist[m[K(nodes_[gid].point, goal_) };
[1.990s]       |                                    [01;31m[K^~~~[m[K
[1.996s] [01m[K/home/gaga/sad_ws/src/sad_pkg/src/path_node.cpp:157:13:[m[K [01;31m[Kerror: [m[K‚Äò[01m[KreconstructPath[m[K‚Äô was not declared in this scope
[1.996s]   157 |             [01;31m[KreconstructPath[m[K(nodes_.size() - 1);
[1.996s]       |             [01;31m[K^~~~~~~~~~~~~~~[m[K
[2.002s] [01m[K/home/gaga/sad_ws/src/sad_pkg/src/path_node.cpp:159:13:[m[K [01;31m[Kerror: [m[K‚Äò[01m[KreconstructPath[m[K‚Äô was not declared in this scope
[2.002s]   159 |             [01;31m[KreconstructPath[m[K(nearestNode(goal_));
[2.002s]       |             [01;31m[K^~~~~~~~~~~~~~~[m[K
[2.006s] [01m[K/home/gaga/sad_ws/src/sad_pkg/src/path_node.cpp:164:9:[m[K [01;31m[Kerror: [m[K‚Äò[01m[KsplineCP_[m[K‚Äô was not declared in this scope
[2.006s]   164 |         [01;31m[KsplineCP_[m[K.clear();
[2.006s]       |         [01;31m[K^~~~~~~~~[m[K
[2.011s] [01m[K/home/gaga/sad_ws/src/sad_pkg/src/path_node.cpp:165:24:[m[K [01;31m[Kerror: [m[K‚Äò[01m[Kbest_path_[m[K‚Äô was not declared in this scope
[2.011s]   165 |         for (auto &p : [01;31m[Kbest_path_[m[K) {
[2.011s]       |                        [01;31m[K^~~~~~~~~~[m[K
[2.023s] [01m[K/home/gaga/sad_ws/src/sad_pkg/src/path_node.cpp:168:9:[m[K [01;31m[Kerror: [m[K‚Äò[01m[KsplineDegree_[m[K‚Äô was not declared in this scope
[2.023s]   168 |         [01;31m[KsplineDegree_[m[K = 3;
[2.023s]       |         [01;31m[K^~~~~~~~~~~~~[m[K
[2.028s] [01m[K/home/gaga/sad_ws/src/sad_pkg/src/path_node.cpp:169:9:[m[K [01;31m[Kerror: [m[K‚Äò[01m[KbuildKnots[m[K‚Äô was not declared in this scope
[2.028s]   169 |         [01;31m[KbuildKnots[m[K();
[2.028s]       |         [01;31m[K^~~~~~~~~~[m[K
[2.035s] [01m[K/home/gaga/sad_ws/src/sad_pkg/src/path_node.cpp:[m[K In member function ‚Äò[01m[Kvoid RSNode::publishMarkers()[m[K‚Äô:
[2.036s] [01m[K/home/gaga/sad_ws/src/sad_pkg/src/path_node.cpp:174:13:[m[K [01;31m[Kerror: [m[K‚Äò[01m[Kpath_published_[m[K‚Äô was not declared in this scope
[2.036s]   174 |         if ([01;31m[Kpath_published_[m[K) {
[2.036s]       |             [01;31m[K^~~~~~~~~~~~~~~[m[K
[2.041s] In file included from [01m[K/opt/ros/humble/include/rclcpp/rclcpp/logging.hpp:24[m[K,
[2.041s]                  from [01m[K/opt/ros/humble/include/rclcpp/rclcpp/client.hpp:40[m[K,
[2.041s]                  from [01m[K/opt/ros/humble/include/rclcpp/rclcpp/callback_group.hpp:24[m[K,
[2.041s]                  from [01m[K/opt/ros/humble/include/rclcpp/rclcpp/any_executable.hpp:20[m[K,
[2.041s]                  from [01m[K/opt/ros/humble/include/rclcpp/rclcpp/memory_strategy.hpp:25[m[K,
[2.041s]                  from [01m[K/opt/ros/humble/include/rclcpp/rclcpp/memory_strategies.hpp:18[m[K,
[2.041s]                  from [01m[K/opt/ros/humble/include/rclcpp/rclcpp/executor_options.hpp:20[m[K,
[2.041s]                  from [01m[K/opt/ros/humble/include/rclcpp/rclcpp/executor.hpp:37[m[K,
[2.041s]                  from [01m[K/opt/ros/humble/include/rclcpp/rclcpp/executors/multi_threaded_executor.hpp:25[m[K,
[2.041s]                  from [01m[K/opt/ros/humble/include/rclcpp/rclcpp/executors.hpp:21[m[K,
[2.041s]                  from [01m[K/opt/ros/humble/include/rclcpp/rclcpp/rclcpp.hpp:155[m[K,
[2.041s]                  from [01m[K/home/gaga/sad_ws/src/sad_pkg/src/path_node.cpp:3[m[K:
[2.041s] [01m[K/home/gaga/sad_ws/src/sad_pkg/src/path_node.cpp:180:73:[m[K [01;31m[Kerror: [m[K‚Äò[01m[Kbest_path_[m[K‚Äô was not declared in this scope
[2.041s]   180 |         RCLCPP_INFO(get_logger(), "=== ÏµúÏ†Å Í≤ΩÎ°ú Ìè¨Ïù∏Ìä∏ Í∞úÏàò: %zu ===", [01;31m[Kbest_path_[m[K.size());
[2.041s]       |                                                                         [01;31m[K^~~~~~~~~~[m[K
[2.046s] [01m[K/home/gaga/sad_ws/src/sad_pkg/src/path_node.cpp:181:32:[m[K [01;31m[Kerror: [m[K‚Äò[01m[Kbest_path_[m[K‚Äô was not declared in this scope
[2.046s]   181 |         for (size_t i = 0; i < [01;31m[Kbest_path_[m[K.size(); ++i) {
[2.046s]       |                                [01;31m[K^~~~~~~~~~[m[K
[2.049s] [01m[K/home/gaga/sad_ws/src/sad_pkg/src/path_node.cpp:199:32:[m[K [01;31m[Kerror: [m[K‚Äò[01m[Knodes_[m[K‚Äô was not declared in this scope; did you mean ‚Äò[01m[KNode[m[K‚Äô?
[2.049s]   199 |         for (size_t i = 1; i < [01;31m[Knodes_[m[K.size(); ++i) {
[2.049s]       |                                [01;31m[K^~~~~~[m[K
[2.049s]       |                                [32m[KNode[m[K
[2.054s] [01m[K/home/gaga/sad_ws/src/sad_pkg/src/path_node.cpp:215:25:[m[K [01;31m[Kerror: [m[K‚Äò[01m[Kbest_path_[m[K‚Äô was not declared in this scope
[2.054s]   215 |         for (auto &pt : [01;31m[Kbest_path_[m[K) path.points.push_back(pt);
[2.054s]       |                         [01;31m[K^~~~~~~~~~[m[K
[2.058s] [01m[K/home/gaga/sad_ws/src/sad_pkg/src/path_node.cpp:219:30:[m[K [01;31m[Kerror: [m[K‚Äò[01m[KsplineCP_[m[K‚Äô was not declared in this scope
[2.058s]   219 |         if (static_cast<int>([01;31m[KsplineCP_[m[K.size()) >= splineDegree_ + 1){
[2.058s]       |                              [01;31m[K^~~~~~~~~[m[K
[2.063s] [01m[K/home/gaga/sad_ws/src/sad_pkg/src/path_node.cpp:219:51:[m[K [01;31m[Kerror: [m[K‚Äò[01m[KsplineDegree_[m[K‚Äô was not declared in this scope
[2.063s]   219 |         if (static_cast<int>(splineCP_.size()) >= [01;31m[KsplineDegree_[m[K + 1){
[2.063s]       |                                                   [01;31m[K^~~~~~~~~~~~~[m[K
[2.067s] [01m[K/home/gaga/sad_ws/src/sad_pkg/src/path_node.cpp:230:25:[m[K [01;31m[Kerror: [m[K‚Äò[01m[Kknots_[m[K‚Äô was not declared in this scope
[2.067s]   230 |             double t0 = [01;31m[Kknots_[m[K[splineDegree_];
[2.067s]       |                         [01;31m[K^~~~~~[m[K
[2.072s] [01m[K/home/gaga/sad_ws/src/sad_pkg/src/path_node.cpp:233:38:[m[K [01;31m[Kerror: [m[K‚Äò[01m[Kinterpolate[m[K‚Äô was not declared in this scope
[2.072s]   233 |                 Eigen::Vector3d pi = [01;31m[Kinterpolate[m[K(t);
[2.072s]       |                                      [01;31m[K^~~~~~~~~~~[m[K
[2.077s] [01m[K/home/gaga/sad_ws/src/sad_pkg/src/path_node.cpp:241:9:[m[K [01;31m[Kerror: [m[K‚Äò[01m[Kmarker_pub_[m[K‚Äô was not declared in this scope
[2.077s]   241 |         [01;31m[Kmarker_pub_[m[K->publish(ma);
[2.077s]       |         [01;31m[K^~~~~~~~~~~[m[K
[2.082s] [01m[K/home/gaga/sad_ws/src/sad_pkg/src/path_node.cpp:244:14:[m[K [01;31m[Kerror: [m[K‚Äò[01m[Kpath_published_[m[K‚Äô was not declared in this scope
[2.082s]   244 |         if (![01;31m[Kpath_published_[m[K && splineCP_.size() >= static_cast<size_t>(splineDegree_ + 1)) {
[2.082s]       |              [01;31m[K^~~~~~~~~~~~~~~[m[K
[2.087s] [01m[K/home/gaga/sad_ws/src/sad_pkg/src/path_node.cpp:244:33:[m[K [01;31m[Kerror: [m[K‚Äò[01m[KsplineCP_[m[K‚Äô was not declared in this scope
[2.087s]   244 |         if (!path_published_ && [01;31m[KsplineCP_[m[K.size() >= static_cast<size_t>(splineDegree_ + 1)) {
[2.087s]       |                                 [01;31m[K^~~~~~~~~[m[K
[2.092s] [01m[K/home/gaga/sad_ws/src/sad_pkg/src/path_node.cpp:244:73:[m[K [01;31m[Kerror: [m[K‚Äò[01m[KsplineDegree_[m[K‚Äô was not declared in this scope
[2.092s]   244 |         if (!path_published_ && splineCP_.size() >= static_cast<size_t>([01;31m[KsplineDegree_[m[K + 1)) {
[2.092s]       |                                                                         [01;31m[K^~~~~~~~~~~~~[m[K
[2.096s] [01m[K/home/gaga/sad_ws/src/sad_pkg/src/path_node.cpp:247:17:[m[K [01;31m[Kerror: [m[K‚Äò[01m[Ktimer_[m[K‚Äô was not declared in this scope; did you mean ‚Äò[01m[Ktimer_t[m[K‚Äô?
[2.096s]   247 |                 [01;31m[Ktimer_[m[K->cancel();        // ÌÉÄÏù¥Î®∏ Î©àÏ∂∞ÏÑú publishMarkersÎèÑ Î©àÏ∂§
[2.096s]       |                 [01;31m[K^~~~~~[m[K
[2.096s]       |                 [32m[Ktimer_t[m[K
[2.100s] [01m[K/home/gaga/sad_ws/src/sad_pkg/src/path_node.cpp:[m[K In member function ‚Äò[01m[Kvoid RSNode::publishPath()[m[K‚Äô:
[2.100s] [01m[K/home/gaga/sad_ws/src/sad_pkg/src/path_node.cpp:252:30:[m[K [01;31m[Kerror: [m[K‚Äò[01m[KsplineCP_[m[K‚Äô was not declared in this scope
[2.100s]   252 |         if (static_cast<int>([01;31m[KsplineCP_[m[K.size()) < splineDegree_ + 1) return;
[2.100s]       |                              [01;31m[K^~~~~~~~~[m[K
[2.105s] [01m[K/home/gaga/sad_ws/src/sad_pkg/src/path_node.cpp:252:50:[m[K [01;31m[Kerror: [m[K‚Äò[01m[KsplineDegree_[m[K‚Äô was not declared in this scope
[2.105s]   252 |         if (static_cast<int>(splineCP_.size()) < [01;31m[KsplineDegree_[m[K + 1) return;
[2.105s]       |                                                  [01;31m[K^~~~~~~~~~~~~[m[K
[2.110s] [01m[K/home/gaga/sad_ws/src/sad_pkg/src/path_node.cpp:259:21:[m[K [01;31m[Kerror: [m[K‚Äò[01m[Kknots_[m[K‚Äô was not declared in this scope
[2.110s]   259 |         double t0 = [01;31m[Kknots_[m[K[splineDegree_];
[2.110s]       |                     [01;31m[K^~~~~~[m[K
[2.115s] [01m[K/home/gaga/sad_ws/src/sad_pkg/src/path_node.cpp:259:28:[m[K [01;31m[Kerror: [m[K‚Äò[01m[KsplineDegree_[m[K‚Äô was not declared in this scope
[2.115s]   259 |         double t0 = knots_[[01;31m[KsplineDegree_[m[K];
[2.115s]       |                            [01;31m[K^~~~~~~~~~~~~[m[K
[2.120s] [01m[K/home/gaga/sad_ws/src/sad_pkg/src/path_node.cpp:260:28:[m[K [01;31m[Kerror: [m[K‚Äò[01m[KsplineCP_[m[K‚Äô was not declared in this scope
[2.121s]   260 |         double t1 = knots_[[01;31m[KsplineCP_[m[K.size()];
[2.121s]       |                            [01;31m[K^~~~~~~~~[m[K
[2.126s] [01m[K/home/gaga/sad_ws/src/sad_pkg/src/path_node.cpp:273:34:[m[K [01;31m[Kerror: [m[K‚Äò[01m[Kinterpolate[m[K‚Äô was not declared in this scope
[2.126s]   273 |             Eigen::Vector3d pi = [01;31m[Kinterpolate[m[K(t);
[2.126s]       |                                  [01;31m[K^~~~~~~~~~~[m[K
[2.133s] [01m[K/home/gaga/sad_ws/src/sad_pkg/src/path_node.cpp:313:9:[m[K [01;31m[Kerror: [m[K‚Äò[01m[Kpath_pub_[m[K‚Äô was not declared in this scope
[2.134s]   313 |         [01;31m[Kpath_pub_[m[K->publish(pa);
[2.134s]       |         [01;31m[K^~~~~~~~~[m[K
[2.134s] [01m[K/home/gaga/sad_ws/src/sad_pkg/src/path_node.cpp:317:89:[m[K [01;31m[Kerror: [m[Ka function-definition is not allowed here before ‚Äò[01m[K{[m[K‚Äô token
[2.134s]   317 |     double dist(const geometry_msgs::msg::Point &a, const geometry_msgs::msg::Point &b) [01;31m[K{[m[K
[2.134s]       |                                                                                         [01;31m[K^[m[K
[2.134s] [01m[K/home/gaga/sad_ws/src/sad_pkg/src/path_node.cpp:321:71:[m[K [01;31m[Kerror: [m[Ka function-definition is not allowed here before ‚Äò[01m[K{[m[K‚Äô token
[2.134s]   321 |     geometry_msgs::msg::Point makePoint(double x, double y, double z) [01;31m[K{[m[K
[2.134s]       |                                                                       [01;31m[K^[m[K
[2.134s] [01m[K/home/gaga/sad_ws/src/sad_pkg/src/path_node.cpp:325:57:[m[K [01;31m[Kerror: [m[Ka function-definition is not allowed here before ‚Äò[01m[K{[m[K‚Äô token
[2.134s]   325 |     int nearestNode(const geometry_msgs::msg::Point &p) [01;31m[K{[m[K
[2.134s]       |                                                         [01;31m[K^[m[K
[2.134s] [01m[K/home/gaga/sad_ws/src/sad_pkg/src/path_node.cpp:335:79:[m[K [01;31m[Kerror: [m[Ka function-definition is not allowed here before ‚Äò[01m[K{[m[K‚Äô token
[2.134s]   335 |     std::vector<int> nearNodes(const geometry_msgs::msg::Point &pt, double r) [01;31m[K{[m[K
[2.134s]       |                                                                               [01;31m[K^[m[K
[2.134s] [01m[K/home/gaga/sad_ws/src/sad_pkg/src/path_node.cpp:347:7:[m[K [01;31m[Kerror: [m[Ka function-definition is not allowed here before ‚Äò[01m[K{[m[K‚Äô token
[2.134s]   347 |     ) [01;31m[K{[m[K
[2.134s]       |       [01;31m[K^[m[K
[2.134s] [01m[K/home/gaga/sad_ws/src/sad_pkg/src/path_node.cpp:364:7:[m[K [01;31m[Kerror: [m[Ka function-definition is not allowed here before ‚Äò[01m[K{[m[K‚Äô token
[2.134s]   364 |     ) [01;31m[K{[m[K
[2.135s]       |       [01;31m[K^[m[K
[2.135s] [01m[K/home/gaga/sad_ws/src/sad_pkg/src/path_node.cpp:386:35:[m[K [01;31m[Kerror: [m[Ka function-definition is not allowed here before ‚Äò[01m[K{[m[K‚Äô token
[2.135s]   386 |     void reconstructPath(int idx) [01;31m[K{[m[K
[2.135s]       |                                   [01;31m[K^[m[K
[2.135s] [01m[K/home/gaga/sad_ws/src/sad_pkg/src/path_node.cpp:394:42:[m[K [01;31m[Kerror: [m[Ka function-definition is not allowed here before ‚Äò[01m[K{[m[K‚Äô token
[2.135s]   394 |     double basis(int i, int k, double t) [01;31m[K{[m[K
[2.135s]       |                                          [01;31m[K^[m[K
[2.135s] [01m[K/home/gaga/sad_ws/src/sad_pkg/src/path_node.cpp:402:23:[m[K [01;31m[Kerror: [m[Ka function-definition is not allowed here before ‚Äò[01m[K{[m[K‚Äô token
[2.135s]   402 |     void buildKnots() [01;31m[K{[m[K
[2.135s]       |                       [01;31m[K^[m[K
[2.135s] [01m[K/home/gaga/sad_ws/src/sad_pkg/src/path_node.cpp:410:43:[m[K [01;31m[Kerror: [m[Ka function-definition is not allowed here before ‚Äò[01m[K{[m[K‚Äô token
[2.135s]   410 |     Eigen::Vector3d interpolate(double t) [01;31m[K{[m[K
[2.135s]       |                                           [01;31m[K^[m[K
[2.149s] [01m[K/home/gaga/sad_ws/src/sad_pkg/src/path_node.cpp:432:10:[m[K [01;35m[Kwarning: [m[Kunused variable ‚Äò[01m[Kfirst_plan_done_[m[K‚Äô [[01;35m[K]8;;https://gcc.gnu.org/onlinedocs/gcc/Warning-Options.html#index-Wunused-variable-Wunused-variable]8;;[m[K]
[2.149s]   432 |     bool [01;35m[Kfirst_plan_done_[m[K;
[2.149s]       |          [01;35m[K^~~~~~~~~~~~~~~~[m[K
[2.150s] [01m[K/home/gaga/sad_ws/src/sad_pkg/src/path_node.cpp:433:10:[m[K [01;35m[Kwarning: [m[Kunused variable ‚Äò[01m[Kpath_published_[m[K‚Äô [[01;35m[K]8;;https://gcc.gnu.org/onlinedocs/gcc/Warning-Options.html#index-Wunused-variable-Wunused-variable]8;;[m[K]
[2.150s]   433 |     bool [01;35m[Kpath_published_[m[K;
[2.150s]       |          [01;35m[K^~~~~~~~~~~~~~~[m[K
[2.152s] [01m[K/home/gaga/sad_ws/src/sad_pkg/src/path_node.cpp:[m[K At global scope:
[2.152s] [01m[K/home/gaga/sad_ws/src/sad_pkg/src/path_node.cpp:441:2:[m[K [01;31m[Kerror: [m[Kexpected unqualified-id at end of input
[2.152s]   441 | }
[2.152s]       |  [01;31m[K^[m[K
[3.606s] gmake[2]: *** [CMakeFiles/path_node.dir/build.make:76: CMakeFiles/path_node.dir/src/path_node.cpp.o] Error 1
[3.607s] gmake[1]: *** [CMakeFiles/Makefile2:279: CMakeFiles/path_node.dir/all] Error 2
[3.607s] gmake: *** [Makefile:146: all] Error 2
[3.609s] Invoked command in '/home/gaga/sad_ws/build/sad_pkg' returned '2': CMAKE_PREFIX_PATH=/home/gaga/sad_ws/install/my_vision_msgs:/home/gaga/sad_ws/install:/home/gaga/sad_ws/install/sad_pkg:/home/gaga/sad_ws/install/mani_urdf:/home/gaga/turtlebot3_ws/install/turtlebot3:/home/gaga/turtlebot3_ws/install/turtlebot3_simulations:/home/gaga/turtlebot3_ws/install/turtlebot3_bringup:/home/gaga/turtlebot3_ws/install/turtlebot3_node:/home/gaga/turtlebot3_ws/install/turtlebot3_navigation2:/home/gaga/turtlebot3_ws/install/turtlebot3_fake_node:/home/gaga/turtlebot3_ws/install/robot_master:/home/gaga/turtlebot3_ws/install/turtlebot3_msgs:/home/gaga/turtlebot3_ws/install/turtlebot3_gazebo:/home/gaga/turtlebot3_ws/install/turtlebot3_description:/home/gaga/turtlebot3_ws/install/turtlebot3_cartographer:/home/gaga/turtlebot3_ws/install/robot_vision:/home/gaga/turtlebot3_ws/install/robot_navigation:/home/gaga/turtlebot3_ws/install/robot_msgs:/home/gaga/turtlebot3_ws/install/dynamixel_sdk_examples:/home/gaga/turtlebot3_ws/install/dynamixel_sdk_custom_interfaces:/home/gaga/turtlebot3_ws/install/dynamixel_sdk:/home/gaga/ssibal_ws/install/robot_msgs:/home/gaga/sad_ws/src/install/sad_pkg:/home/gaga/sad_ws/src/install/vision_msgs:/home/gaga/sad_ws/src/install/my_vision_msgs:/home/gaga/sad_ws/src/install/mani_urdf:/home/gaga/robotprograming_ws/install/rp_pkg:/home/gaga/sad_ws/src/sad_pkg/install/sad_pkg:/home/gaga/turtlebot3_ws/install/turtlebot3_teleop:/home/gaga/turtlebot3_ws/install/turtlebot3_example:/opt/ros/humble /usr/bin/cmake --build /home/gaga/sad_ws/build/sad_pkg -- -j20 -l20
