[35m[1mConsolidate compiler generated dependencies of target Inverse_node[0m
[ 57%] Built target forward_node
[ 78%] Built target spline_node
[ 78%] Built target rrt_node
[ 78%] Built target obstacle_node
[ 78%] Built target map_node
[ 85%] Built target path_node
[ 92%] [32mBuilding CXX object CMakeFiles/Inverse_node.dir/src/Inverse_node.cpp.o[0m
[01m[K/home/gaga/sad_ws/src/sad_pkg/src/Inverse_node.cpp:[m[K In member function â€˜[01m[Kvoid ManipulatorNode::sendJointTrajectory(const VectorXd&)[m[Kâ€™:
[01m[K/home/gaga/sad_ws/src/sad_pkg/src/Inverse_node.cpp:262:45:[m[K [01;31m[Kerror: [m[Kâ€˜[01m[Kq_dot[m[Kâ€™ was not declared in this scope
  262 |         pt.velocities = std::vector<double>([01;31m[Kq_dot[m[K.data(), q_dot.data()+q_dot.size());
      |                                             [01;31m[K^~~~~[m[K
[01m[K/home/gaga/sad_ws/src/sad_pkg/src/Inverse_node.cpp:263:61:[m[K [01;31m[Kerror: [m[Kâ€˜[01m[Kdt[m[Kâ€™ was not declared in this scope; did you mean â€˜[01m[Kd7[m[Kâ€™?
  263 |         pt.time_from_start = rclcpp::Duration::from_seconds([01;31m[Kdt[m[K);
      |                                                             [01;31m[K^~[m[K
      |                                                             [32m[Kd7[m[K
gmake[2]: *** [CMakeFiles/Inverse_node.dir/build.make:76: CMakeFiles/Inverse_node.dir/src/Inverse_node.cpp.o] Error 1
gmake[1]: *** [CMakeFiles/Makefile2:305: CMakeFiles/Inverse_node.dir/all] Error 2
gmake: *** [Makefile:146: all] Error 2
