[35m[1mConsolidate compiler generated dependencies of target path_node[0m
[ 78%] Built target spline_node
[ 78%] Built target forward_node
[ 78%] Built target map_node
[ 78%] Built target obstacle_node
[ 78%] Built target Inverse_node
[ 85%] Built target rrt_node
[ 92%] [32mBuilding CXX object CMakeFiles/path_node.dir/src/path_node.cpp.o[0m
[01m[K/home/gaga/sad_ws/src/sad_pkg/src/path_node.cpp:[m[K In member function â€˜[01m[Kvoid RSNode::publishPoseAndOrientation()[m[Kâ€™:
[01m[K/home/gaga/sad_ws/src/sad_pkg/src/path_node.cpp:145:16:[m[K [01;31m[Kerror: [m[Kredeclaration of â€˜[01m[Ksize_t sample_count[m[Kâ€™
  145 |         size_t [01;31m[Ksample_count[m[K = static_cast<size_t>((t1 - t0) / dt) + 1;
      |                [01;31m[K^~~~~~~~~~~~[m[K
[01m[K/home/gaga/sad_ws/src/sad_pkg/src/path_node.cpp:114:16:[m[K [01;36m[Knote: [m[Kâ€˜[01m[Ksize_t sample_count[m[Kâ€™ previously declared here
  114 |         size_t [01;36m[Ksample_count[m[K = 0;
      |                [01;36m[K^~~~~~~~~~~~[m[K
gmake[2]: *** [CMakeFiles/path_node.dir/build.make:76: CMakeFiles/path_node.dir/src/path_node.cpp.o] Error 1
gmake[1]: *** [CMakeFiles/Makefile2:279: CMakeFiles/path_node.dir/all] Error 2
gmake: *** [Makefile:146: all] Error 2
