[0.012s] Invoking command in '/home/gaga/sad_ws/build/sad_pkg': CMAKE_PREFIX_PATH=/home/gaga/turtlebot3_ws/install/turtlebot3_teleop:/home/gaga/turtlebot3_ws/install/turtlebot3_example:/opt/ros/humble:/home/gaga/sad_ws/install/serial:/home/gaga/sad_ws/install/my_vision_msgs:/home/gaga/sad_ws/install:/home/gaga/sad_ws/install/sad_pkg:/home/gaga/sad_ws/install/mani_urdf:/home/gaga/turtlebot3_ws/install/turtlebot3:/home/gaga/turtlebot3_ws/install/turtlebot3_simulations:/home/gaga/turtlebot3_ws/install/turtlebot3_bringup:/home/gaga/turtlebot3_ws/install/turtlebot3_node:/home/gaga/turtlebot3_ws/install/turtlebot3_navigation2:/home/gaga/turtlebot3_ws/install/turtlebot3_fake_node:/home/gaga/turtlebot3_ws/install/robot_master:/home/gaga/turtlebot3_ws/install/turtlebot3_msgs:/home/gaga/turtlebot3_ws/install/turtlebot3_gazebo:/home/gaga/turtlebot3_ws/install/turtlebot3_description:/home/gaga/turtlebot3_ws/install/turtlebot3_cartographer:/home/gaga/turtlebot3_ws/install/robot_vision:/home/gaga/turtlebot3_ws/install/robot_navigation:/home/gaga/turtlebot3_ws/install/robot_msgs:/home/gaga/turtlebot3_ws/install/dynamixel_sdk_examples:/home/gaga/turtlebot3_ws/install/dynamixel_sdk_custom_interfaces:/home/gaga/turtlebot3_ws/install/dynamixel_sdk:/home/gaga/ssibal_ws/install/robot_msgs:/home/gaga/sad_ws/src/install/vision_msgs:/home/gaga/sad_ws/src/install/sad_pkg:/home/gaga/sad_ws/src/install/serial:/home/gaga/sad_ws/src/install/my_vision_msgs:/home/gaga/sad_ws/src/install/mani_urdf:/home/gaga/robotprograming_ws/install/rp_pkg:/home/gaga/sad_ws/src/sad_pkg/install/sad_pkg /usr/bin/cmake --build /home/gaga/sad_ws/build/sad_pkg -- -j20 -l20
[0.045s] -- Found ament_cmake: 1.3.11 (/opt/ros/humble/share/ament_cmake/cmake)
[0.165s] -- Found rclcpp: 16.0.12 (/opt/ros/humble/share/rclcpp/cmake)
[0.206s] -- Found rosidl_generator_c: 3.1.6 (/opt/ros/humble/share/rosidl_generator_c/cmake)
[0.209s] -- Found rosidl_adapter: 3.1.6 (/opt/ros/humble/share/rosidl_adapter/cmake)
[0.219s] -- Found rosidl_generator_cpp: 3.1.6 (/opt/ros/humble/share/rosidl_generator_cpp/cmake)
[0.237s] -- Using all available rosidl_typesupport_c: rosidl_typesupport_fastrtps_c;rosidl_typesupport_introspection_c
[0.257s] -- Using all available rosidl_typesupport_cpp: rosidl_typesupport_fastrtps_cpp;rosidl_typesupport_introspection_cpp
[0.287s] -- Found rmw_implementation_cmake: 6.1.2 (/opt/ros/humble/share/rmw_implementation_cmake/cmake)
[0.290s] -- Found rmw_fastrtps_cpp: 6.2.7 (/opt/ros/humble/share/rmw_fastrtps_cpp/cmake)
[0.388s] -- Using RMW implementation 'rmw_fastrtps_cpp' as default
[0.427s] -- Found visualization_msgs: 4.8.0 (/opt/ros/humble/share/visualization_msgs/cmake)
[0.460s] -- Found trajectory_msgs: 4.8.0 (/opt/ros/humble/share/trajectory_msgs/cmake)
[0.471s] -- Found xacro: 2.0.13 (/opt/ros/humble/share/xacro/cmake)
[0.472s] -- Found ros2_control: 2.50.0 (/opt/ros/humble/share/ros2_control/cmake)
[0.472s] -- Found gazebo_ros2_control: 0.4.10 (/opt/ros/humble/share/gazebo_ros2_control/cmake)
[0.590s] -- Found DART: /usr/include (Required is at least version "6.6") found components: dart 
[0.622s] -- Found Protobuf: /usr/lib/x86_64-linux-gnu/libprotobuf.so (found version "3.12.4") 
[0.623s] -- Looking for ignition-math6 -- found version 6.15.1
[0.629s] -- Searching for dependencies of ignition-math6
[0.631s] -- Looking for OGRE...
[0.636s] -- Found Ogre Ghadamon (1.9.0)
[0.636s] -- Found OGRE: optimized;/usr/lib/x86_64-linux-gnu/libOgreMain.so;debug;/usr/lib/x86_64-linux-gnu/libOgreMain.so
[0.643s] -- Looking for OGRE_Paging...
[0.643s] -- Found OGRE_Paging: optimized;/usr/lib/x86_64-linux-gnu/libOgrePaging.so;debug;/usr/lib/x86_64-linux-gnu/libOgrePaging.so
[0.643s] -- Looking for OGRE_Terrain...
[0.643s] -- Found OGRE_Terrain: optimized;/usr/lib/x86_64-linux-gnu/libOgreTerrain.so;debug;/usr/lib/x86_64-linux-gnu/libOgreTerrain.so
[0.644s] -- Looking for OGRE_Property...
[0.644s] -- Found OGRE_Property: optimized;/usr/lib/x86_64-linux-gnu/libOgreProperty.so;debug;/usr/lib/x86_64-linux-gnu/libOgreProperty.so
[0.644s] -- Looking for OGRE_RTShaderSystem...
[0.644s] -- Found OGRE_RTShaderSystem: optimized;/usr/lib/x86_64-linux-gnu/libOgreRTShaderSystem.so;debug;/usr/lib/x86_64-linux-gnu/libOgreRTShaderSystem.so
[0.644s] -- Looking for OGRE_Volume...
[0.644s] -- Found OGRE_Volume: optimized;/usr/lib/x86_64-linux-gnu/libOgreVolume.so;debug;/usr/lib/x86_64-linux-gnu/libOgreVolume.so
[0.644s] -- Looking for OGRE_Overlay...
[0.644s] -- Found OGRE_Overlay: optimized;/usr/lib/x86_64-linux-gnu/libOgreOverlay.so;debug;/usr/lib/x86_64-linux-gnu/libOgreOverlay.so
[0.735s] -- Looking for ignition-math6 -- found version 6.15.1
[0.736s] -- Looking for ignition-transport8 -- found version 8.2.1
[0.736s] -- Searching for dependencies of ignition-transport8
[0.751s] -- Found Protobuf: /usr/lib/x86_64-linux-gnu/libprotobuf.so (found suitable version "3.12.4", minimum required is "3") 
[0.764s] -- Config-file not installed for ZeroMQ -- checking for pkg-config
[0.768s] -- Checking for module 'libzmq >= 4'
[0.782s] --   Found libzmq , version 4.3.4
[0.819s] -- Checking for module 'uuid'
[0.831s] --   Found uuid, version 2.37.2
[0.862s] -- Looking for ignition-msgs5 -- found version 5.8.1
[0.863s] -- Searching for dependencies of ignition-msgs5
[0.878s] -- Looking for ignition-math6 -- found version 6.15.1
[0.884s] -- Looking for ignition-msgs5 -- found version 5.8.1
[0.884s] -- Looking for ignition-common3 -- found version 3.14.0
[0.885s] -- Searching for dependencies of ignition-common3
[0.885s] -- Looking for dlfcn.h - found
[0.885s] -- Looking for libdl - found
[0.893s] -- Searching for <ignition-common3> component [graphics]
[0.894s] -- Looking for ignition-common3-graphics -- found version 3.14.0
[0.894s] -- Searching for dependencies of ignition-common3-graphics
[0.894s] -- Looking for ignition-math6 -- found version 6.15.1
[0.896s] -- Looking for ignition-fuel_tools4 -- found version 4.4.0
[0.896s] -- Searching for dependencies of ignition-fuel_tools4
[0.930s] -- Checking for module 'jsoncpp'
[0.942s] --   Found jsoncpp, version 1.9.5
[0.976s] -- Checking for module 'libzip'
[0.988s] --   Found libzip, version 1.7.3
[1.015s] -- Looking for ignition-common3 -- found version 3.14.0
[1.016s] -- Looking for ignition-math6 -- found version 6.15.1
[1.016s] -- Looking for ignition-msgs5 -- found version 5.8.1
[1.018s] -- Gazebo version: 11.10
[1.027s] -- Found my_vision_msgs: 0.1.0 (/home/gaga/sad_ws/install/my_vision_msgs/share/my_vision_msgs/cmake)
[1.036s] -- Found tf2: 0.25.12 (/opt/ros/humble/share/tf2/cmake)
[1.039s] -- Found tf2_geometry_msgs: 0.25.12 (/opt/ros/humble/share/tf2_geometry_msgs/cmake)
[1.041s] -- Found eigen3_cmake_module: 0.1.1 (/opt/ros/humble/share/eigen3_cmake_module/cmake)
[1.042s] -- Ensuring Eigen3 include directory is part of orocos-kdl CMake target
[1.073s] -- Found serial: 1.2.1 (/home/gaga/sad_ws/install/serial/share/serial/cmake)
[1.074s] -- Found dynamixel_sdk: 3.8.3 (/opt/ros/humble/share/dynamixel_sdk/cmake)
[1.115s] -- Found ament_lint_auto: 0.12.12 (/opt/ros/humble/share/ament_lint_auto/cmake)
[1.170s] -- Added test 'cppcheck' to perform static code analysis on C / C++ code
[1.174s] -- Configured cppcheck include dirs: 
[1.174s] -- Configured cppcheck exclude dirs and/or files: 
[1.174s] -- Added test 'flake8' to check Python code syntax and style conventions
[1.176s] -- Added test 'lint_cmake' to check CMake code style
[1.177s] -- Added test 'pep257' to check Python code against some of the docstring style conventions in PEP 257
[1.182s] -- Added test 'uncrustify' to check C / C++ code style
[1.182s] -- Configured uncrustify additional arguments: 
[1.183s] -- Added test 'xmllint' to check XML markup files
[1.183s] -- Configuring done
[1.211s] -- Generating done
[1.222s] -- Build files have been written to: /home/gaga/sad_ws/build/sad_pkg
[1.249s] [35m[1mConsolidate compiler generated dependencies of target motor_node[0m
[1.250s] [35m[1mConsolidate compiler generated dependencies of target Inverse_node[0m
[1.250s] [35m[1mConsolidate compiler generated dependencies of target rrt_node[0m
[1.250s] [35m[1mConsolidate compiler generated dependencies of target forward_node[0m
[1.250s] [35m[1mConsolidate compiler generated dependencies of target obstacle_node[0m
[1.250s] [35m[1mConsolidate compiler generated dependencies of target path_node[0m
[1.250s] [35m[1mConsolidate compiler generated dependencies of target map_node[0m
[1.250s] [35m[1mConsolidate compiler generated dependencies of target spline_node[0m
[1.259s] [  5%] [32mBuilding CXX object CMakeFiles/real_inverse_node.dir/src/real_inverse_node.cpp.o[0m
[1.261s] [ 16%] Built target motor_node
[1.263s] [ 33%] Built target forward_node
[1.263s] [ 38%] Built target map_node
[1.264s] [ 50%] Built target spline_node
[1.265s] [ 61%] Built target rrt_node
[1.266s] [ 72%] Built target obstacle_node
[1.266s] [ 83%] Built target path_node
[1.269s] [ 94%] Built target Inverse_node
[1.282s] [100%] [32m[1mLinking CXX executable real_inverse_node[0m
[1.455s] /usr/bin/ld: /usr/lib/gcc/x86_64-linux-gnu/11/../../../x86_64-linux-gnu/Scrt1.o: in function `_start':
[1.455s] (.text+0x1b): undefined reference to `main'
[1.457s] collect2: error: ld returned 1 exit status
[1.458s] gmake[2]: *** [CMakeFiles/real_inverse_node.dir/build.make:244: real_inverse_node] Error 1
[1.458s] gmake[1]: *** [CMakeFiles/Makefile2:335: CMakeFiles/real_inverse_node.dir/all] Error 2
[1.458s] gmake: *** [Makefile:146: all] Error 2
[1.460s] Invoked command in '/home/gaga/sad_ws/build/sad_pkg' returned '2': CMAKE_PREFIX_PATH=/home/gaga/turtlebot3_ws/install/turtlebot3_teleop:/home/gaga/turtlebot3_ws/install/turtlebot3_example:/opt/ros/humble:/home/gaga/sad_ws/install/serial:/home/gaga/sad_ws/install/my_vision_msgs:/home/gaga/sad_ws/install:/home/gaga/sad_ws/install/sad_pkg:/home/gaga/sad_ws/install/mani_urdf:/home/gaga/turtlebot3_ws/install/turtlebot3:/home/gaga/turtlebot3_ws/install/turtlebot3_simulations:/home/gaga/turtlebot3_ws/install/turtlebot3_bringup:/home/gaga/turtlebot3_ws/install/turtlebot3_node:/home/gaga/turtlebot3_ws/install/turtlebot3_navigation2:/home/gaga/turtlebot3_ws/install/turtlebot3_fake_node:/home/gaga/turtlebot3_ws/install/robot_master:/home/gaga/turtlebot3_ws/install/turtlebot3_msgs:/home/gaga/turtlebot3_ws/install/turtlebot3_gazebo:/home/gaga/turtlebot3_ws/install/turtlebot3_description:/home/gaga/turtlebot3_ws/install/turtlebot3_cartographer:/home/gaga/turtlebot3_ws/install/robot_vision:/home/gaga/turtlebot3_ws/install/robot_navigation:/home/gaga/turtlebot3_ws/install/robot_msgs:/home/gaga/turtlebot3_ws/install/dynamixel_sdk_examples:/home/gaga/turtlebot3_ws/install/dynamixel_sdk_custom_interfaces:/home/gaga/turtlebot3_ws/install/dynamixel_sdk:/home/gaga/ssibal_ws/install/robot_msgs:/home/gaga/sad_ws/src/install/vision_msgs:/home/gaga/sad_ws/src/install/sad_pkg:/home/gaga/sad_ws/src/install/serial:/home/gaga/sad_ws/src/install/my_vision_msgs:/home/gaga/sad_ws/src/install/mani_urdf:/home/gaga/robotprograming_ws/install/rp_pkg:/home/gaga/sad_ws/src/sad_pkg/install/sad_pkg /usr/bin/cmake --build /home/gaga/sad_ws/build/sad_pkg -- -j20 -l20
