[0.024s] Invoking command in '/home/gaga/sad_ws/build/sad_pkg': CMAKE_PREFIX_PATH=/home/gaga/sad_ws/install/my_vision_msgs:/home/gaga/sad_ws/install:/home/gaga/sad_ws/install/sad_pkg:/home/gaga/sad_ws/install/mani_urdf:/home/gaga/turtlebot3_ws/install/turtlebot3:/home/gaga/turtlebot3_ws/install/turtlebot3_simulations:/home/gaga/turtlebot3_ws/install/turtlebot3_bringup:/home/gaga/turtlebot3_ws/install/turtlebot3_node:/home/gaga/turtlebot3_ws/install/turtlebot3_navigation2:/home/gaga/turtlebot3_ws/install/turtlebot3_fake_node:/home/gaga/turtlebot3_ws/install/robot_master:/home/gaga/turtlebot3_ws/install/turtlebot3_msgs:/home/gaga/turtlebot3_ws/install/turtlebot3_gazebo:/home/gaga/turtlebot3_ws/install/turtlebot3_description:/home/gaga/turtlebot3_ws/install/turtlebot3_cartographer:/home/gaga/turtlebot3_ws/install/robot_vision:/home/gaga/turtlebot3_ws/install/robot_navigation:/home/gaga/turtlebot3_ws/install/robot_msgs:/home/gaga/turtlebot3_ws/install/dynamixel_sdk_examples:/home/gaga/turtlebot3_ws/install/dynamixel_sdk_custom_interfaces:/home/gaga/turtlebot3_ws/install/dynamixel_sdk:/home/gaga/ssibal_ws/install/robot_msgs:/home/gaga/sad_ws/src/install/sad_pkg:/home/gaga/sad_ws/src/install/vision_msgs:/home/gaga/sad_ws/src/install/my_vision_msgs:/home/gaga/sad_ws/src/install/mani_urdf:/home/gaga/robotprograming_ws/install/rp_pkg:/home/gaga/rrt_ws/install/spline_interpolation:/home/gaga/rrt_ws/install/rrt_visualization:/home/gaga/rrt_ws/install/rrt_spline_pkg:/home/gaga/rrt_ws/install/my_rrt_pkg:/home/gaga/rrt_ws/install/mani_pkg:/home/gaga/turtlebot3_ws/install/turtlebot3_teleop:/home/gaga/turtlebot3_ws/install/turtlebot3_example:/opt/ros/humble /usr/bin/cmake --build /home/gaga/sad_ws/build/sad_pkg -- -j20 -l20
[0.150s] [ 92%] Built target rrt_node
[0.150s] [ 92%] Built target Inverse_node
[0.150s] [ 92%] Built target spline_node
[0.151s] [ 92%] Built target obstacle_node
[0.151s] [ 92%] Built target map_node
[0.151s] [ 92%] Built target forward_node
[0.151s] [ 92%] [32mBuilding CXX object CMakeFiles/path_node.dir/src/path_node.cpp.o[0m
[4.026s] [01m[K/home/gaga/sad_ws/src/sad_pkg/src/path_node.cpp:244:9:[m[K [01;31m[Kerror: [m[Kâ€˜[01m[Kmarker_pub_[m[Kâ€™ does not name a type
[4.030s]   244 |         [01;31m[Kmarker_pub_[m[K->publish(ma);
[4.031s]       |         [01;31m[K^~~~~~~~~~~[m[K
[4.031s] [01m[K/home/gaga/sad_ws/src/sad_pkg/src/path_node.cpp:245:6:[m[K [01;31m[Kerror: [m[Kexpected â€˜[01m[K;[m[Kâ€™ after class definition
[4.031s]   245 |     }
[4.031s]       |      [01;31m[K^[m[K
[4.031s]       |      [32m[K;[m[K
[4.031s] [01m[K/home/gaga/sad_ws/src/sad_pkg/src/path_node.cpp:[m[K In constructor â€˜[01m[KRSNode::RSNode()[m[Kâ€™:
[4.031s] [01m[K/home/gaga/sad_ws/src/sad_pkg/src/path_node.cpp:33:7:[m[K [01;31m[Kerror: [m[Kclass â€˜[01m[KRSNode[m[Kâ€™ does not have any field named â€˜[01m[Kgen_[m[Kâ€™
[4.031s]    33 |       [01;31m[Kgen_[m[K(42),              // ë‚œìˆ˜ ìƒì„±ê¸° ì‹œë“œ ê³ ì •
[4.031s]       |       [01;31m[K^~~~[m[K
[4.031s] [01m[K/home/gaga/sad_ws/src/sad_pkg/src/path_node.cpp:34:7:[m[K [01;31m[Kerror: [m[Kclass â€˜[01m[KRSNode[m[Kâ€™ does not have any field named â€˜[01m[Kfirst_plan_done_[m[Kâ€™
[4.031s]    34 |       [01;31m[Kfirst_plan_done_[m[K(false) // ìµœì´ˆ ì‹¤í–‰ ì—¬ë¶€ í”Œë˜ê·¸
[4.031s]       |       [01;31m[K^~~~~~~~~~~~~~~~[m[K
[4.031s] [01m[K/home/gaga/sad_ws/src/sad_pkg/src/path_node.cpp:35:7:[m[K [01;31m[Kerror: [m[Kexpected â€˜[01m[K{[m[Kâ€™ before â€˜[01m[Kpath_published_[m[Kâ€™
[4.031s]    35 |       [01;31m[Kpath_published_[m[K(false)
[4.031s]       |       [01;31m[K^~~~~~~~~~~~~~~[m[K
[4.046s] [01m[K/home/gaga/sad_ws/src/sad_pkg/src/path_node.cpp:[m[K In member function â€˜[01m[Kvoid RSNode::obstacleCallback(my_vision_msgs::msg::HarvestOrdering_<std::allocator<void> >::SharedPtr)[m[Kâ€™:
[4.046s] [01m[K/home/gaga/sad_ws/src/sad_pkg/src/path_node.cpp:77:9:[m[K [01;31m[Kerror: [m[Kâ€˜[01m[Kobstacles_[m[Kâ€™ was not declared in this scope; did you mean â€˜[01m[Kobstack[m[Kâ€™?
[4.046s]    77 |         [01;31m[Kobstacles_[m[K.clear();
[4.046s]       |         [01;31m[K^~~~~~~~~~[m[K
[4.046s]       |         [32m[Kobstack[m[K
[4.055s] [01m[K/home/gaga/sad_ws/src/sad_pkg/src/path_node.cpp:79:23:[m[K [01;31m[Kerror: [m[Kâ€˜[01m[KmakePoint[m[Kâ€™ was not declared in this scope
[4.055s]    79 |             auto pt = [01;31m[KmakePoint[m[K(obj.x, obj.y, obj.z);
[4.055s]       |                       [01;31m[K^~~~~~~~~[m[K
[4.067s] [01m[K/home/gaga/sad_ws/src/sad_pkg/src/path_node.cpp:86:14:[m[K [01;31m[Kerror: [m[Kâ€˜[01m[Kfirst_plan_done_[m[Kâ€™ was not declared in this scope
[4.067s]    86 |         if (![01;31m[Kfirst_plan_done_[m[K) {
[4.067s]       |              [01;31m[K^~~~~~~~~~~~~~~~[m[K
[4.077s] [01m[K/home/gaga/sad_ws/src/sad_pkg/src/path_node.cpp:[m[K In member function â€˜[01m[Kvoid RSNode::planRRTstar()[m[Kâ€™:
[4.077s] [01m[K/home/gaga/sad_ws/src/sad_pkg/src/path_node.cpp:113:9:[m[K [01;31m[Kerror: [m[Kâ€˜[01m[Knodes_[m[Kâ€™ was not declared in this scope; did you mean â€˜[01m[KNode[m[Kâ€™?
[4.077s]   113 |         [01;31m[Knodes_[m[K.clear();
[4.077s]       |         [01;31m[K^~~~~~[m[K
[4.077s]       |         [32m[KNode[m[K
[4.089s] [01m[K/home/gaga/sad_ws/src/sad_pkg/src/path_node.cpp:114:28:[m[K [01;31m[Kerror: [m[Kâ€˜[01m[Kstart_[m[Kâ€™ was not declared in this scope
[4.089s]   114 |         nodes_.push_back({ [01;31m[Kstart_[m[K, -1, 0.0 });
[4.089s]       |                            [01;31m[K^~~~~~[m[K
[4.099s] [01m[K/home/gaga/sad_ws/src/sad_pkg/src/path_node.cpp:120:21:[m[K [01;31m[Kerror: [m[Kâ€˜[01m[Kgen_[m[Kâ€™ was not declared in this scope
[4.099s]   120 |                 (ub([01;31m[Kgen_[m[K) < goal_bias) ? goal_ : makePoint(ux(gen_), uy(gen_), uz(gen_));
[4.099s]       |                     [01;31m[K^~~~[m[K
[4.115s] [01m[K/home/gaga/sad_ws/src/sad_pkg/src/path_node.cpp:120:42:[m[K [01;31m[Kerror: [m[Kâ€˜[01m[Kgoal_[m[Kâ€™ was not declared in this scope
[4.115s]   120 |                 (ub(gen_) < goal_bias) ? [01;31m[Kgoal_[m[K : makePoint(ux(gen_), uy(gen_), uz(gen_));
[4.115s]       |                                          [01;31m[K^~~~~[m[K
[4.127s] [01m[K/home/gaga/sad_ws/src/sad_pkg/src/path_node.cpp:120:50:[m[K [01;31m[Kerror: [m[Kâ€˜[01m[KmakePoint[m[Kâ€™ was not declared in this scope
[4.127s]   120 |                 (ub(gen_) < goal_bias) ? goal_ : [01;31m[KmakePoint[m[K(ux(gen_), uy(gen_), uz(gen_));
[4.127s]       |                                                  [01;31m[K^~~~~~~~~[m[K
[4.135s] [01m[K/home/gaga/sad_ws/src/sad_pkg/src/path_node.cpp:122:23:[m[K [01;31m[Kerror: [m[Kâ€˜[01m[KnearestNode[m[Kâ€™ was not declared in this scope
[4.135s]   122 |             int nid = [01;31m[KnearestNode[m[K(rnd);
[4.135s]       |                       [01;31m[K^~~~~~~~~~~[m[K
[4.142s] [01m[K/home/gaga/sad_ws/src/sad_pkg/src/path_node.cpp:124:27:[m[K [01;31m[Kerror: [m[Kâ€˜[01m[Ksteer[m[Kâ€™ was not declared in this scope; did you mean â€˜[01m[Kstderr[m[Kâ€™?
[4.142s]   124 |             auto new_pt = [01;31m[Ksteer[m[K(nodes_[nid].point, rnd, step);
[4.142s]       |                           [01;31m[K^~~~~[m[K
[4.142s]       |                           [32m[Kstderr[m[K
[4.149s] [01m[K/home/gaga/sad_ws/src/sad_pkg/src/path_node.cpp:126:17:[m[K [01;31m[Kerror: [m[Kâ€˜[01m[Kcollision[m[Kâ€™ was not declared in this scope
[4.150s]   126 |             if ([01;31m[Kcollision[m[K(nodes_[nid].point, new_pt)) continue;
[4.150s]       |                 [01;31m[K^~~~~~~~~[m[K
[4.154s] [01m[K/home/gaga/sad_ws/src/sad_pkg/src/path_node.cpp:129:36:[m[K [01;31m[Kerror: [m[Kâ€˜[01m[Kdist[m[Kâ€™ was not declared in this scope
[4.154s]   129 |                 nodes_[nid].cost + [01;31m[Kdist[m[K(nodes_[nid].point, new_pt) };
[4.154s]       |                                    [01;31m[K^~~~[m[K
[4.162s] [01m[K/home/gaga/sad_ws/src/sad_pkg/src/path_node.cpp:131:25:[m[K [01;31m[Kerror: [m[Kâ€˜[01m[KnearNodes[m[Kâ€™ was not declared in this scope
[4.162s]   131 |             auto nbrs = [01;31m[KnearNodes[m[K(new_pt, radius);
[4.162s]       |                         [01;31m[K^~~~~~~~~[m[K
[4.168s] [01m[K/home/gaga/sad_ws/src/sad_pkg/src/path_node.cpp:134:22:[m[K [01;31m[Kerror: [m[Kâ€˜[01m[Kcollision[m[Kâ€™ was not declared in this scope
[4.168s]   134 |                 if (![01;31m[Kcollision[m[K(nodes_[j].point, new_pt) && c < new_node.cost) {
[4.168s]       |                      [01;31m[K^~~~~~~~~[m[K
[4.177s] [01m[K/home/gaga/sad_ws/src/sad_pkg/src/path_node.cpp:144:22:[m[K [01;31m[Kerror: [m[Kâ€˜[01m[Kcollision[m[Kâ€™ was not declared in this scope
[4.177s]   144 |                 if (![01;31m[Kcollision[m[K(new_pt, nodes_[j].point) && c2 < nodes_[j].cost) {
[4.177s]       |                      [01;31m[K^~~~~~~~~[m[K
[4.187s] [01m[K/home/gaga/sad_ws/src/sad_pkg/src/path_node.cpp:152:31:[m[K [01;31m[Kerror: [m[Kâ€˜[01m[Kgoal_[m[Kâ€™ was not declared in this scope
[4.188s]   152 |         int gid = nearestNode([01;31m[Kgoal_[m[K);
[4.188s]       |                               [01;31m[K^~~~~[m[K
[4.198s] [01m[K/home/gaga/sad_ws/src/sad_pkg/src/path_node.cpp:152:19:[m[K [01;31m[Kerror: [m[Kâ€˜[01m[KnearestNode[m[Kâ€™ was not declared in this scope
[4.198s]   152 |         int gid = [01;31m[KnearestNode[m[K(goal_);
[4.198s]       |                   [01;31m[K^~~~~~~~~~~[m[K
[4.207s] [01m[K/home/gaga/sad_ws/src/sad_pkg/src/path_node.cpp:153:14:[m[K [01;31m[Kerror: [m[Kâ€˜[01m[Kcollision[m[Kâ€™ was not declared in this scope
[4.207s]   153 |         if (![01;31m[Kcollision[m[K(nodes_[gid].point, goal_)) {
[4.207s]       |              [01;31m[K^~~~~~~~~[m[K
[4.215s] [01m[K/home/gaga/sad_ws/src/sad_pkg/src/path_node.cpp:155:36:[m[K [01;31m[Kerror: [m[Kâ€˜[01m[Kdist[m[Kâ€™ was not declared in this scope
[4.215s]   155 |                 nodes_[gid].cost + [01;31m[Kdist[m[K(nodes_[gid].point, goal_) };
[4.215s]       |                                    [01;31m[K^~~~[m[K
[4.227s] [01m[K/home/gaga/sad_ws/src/sad_pkg/src/path_node.cpp:157:13:[m[K [01;31m[Kerror: [m[Kâ€˜[01m[KreconstructPath[m[Kâ€™ was not declared in this scope
[4.227s]   157 |             [01;31m[KreconstructPath[m[K(nodes_.size() - 1);
[4.227s]       |             [01;31m[K^~~~~~~~~~~~~~~[m[K
[4.237s] [01m[K/home/gaga/sad_ws/src/sad_pkg/src/path_node.cpp:159:13:[m[K [01;31m[Kerror: [m[Kâ€˜[01m[KreconstructPath[m[Kâ€™ was not declared in this scope
[4.237s]   159 |             [01;31m[KreconstructPath[m[K(nearestNode(goal_));
[4.237s]       |             [01;31m[K^~~~~~~~~~~~~~~[m[K
[4.247s] [01m[K/home/gaga/sad_ws/src/sad_pkg/src/path_node.cpp:164:9:[m[K [01;31m[Kerror: [m[Kâ€˜[01m[KsplineCP_[m[Kâ€™ was not declared in this scope
[4.247s]   164 |         [01;31m[KsplineCP_[m[K.clear();
[4.247s]       |         [01;31m[K^~~~~~~~~[m[K
[4.255s] [01m[K/home/gaga/sad_ws/src/sad_pkg/src/path_node.cpp:165:24:[m[K [01;31m[Kerror: [m[Kâ€˜[01m[Kbest_path_[m[Kâ€™ was not declared in this scope
[4.255s]   165 |         for (auto &p : [01;31m[Kbest_path_[m[K) {
[4.255s]       |                        [01;31m[K^~~~~~~~~~[m[K
[4.279s] [01m[K/home/gaga/sad_ws/src/sad_pkg/src/path_node.cpp:168:9:[m[K [01;31m[Kerror: [m[Kâ€˜[01m[KsplineDegree_[m[Kâ€™ was not declared in this scope
[4.279s]   168 |         [01;31m[KsplineDegree_[m[K = 3;
[4.279s]       |         [01;31m[K^~~~~~~~~~~~~[m[K
[4.294s] [01m[K/home/gaga/sad_ws/src/sad_pkg/src/path_node.cpp:169:9:[m[K [01;31m[Kerror: [m[Kâ€˜[01m[KbuildKnots[m[Kâ€™ was not declared in this scope
[4.294s]   169 |         [01;31m[KbuildKnots[m[K();
[4.294s]       |         [01;31m[K^~~~~~~~~~[m[K
[4.308s] In file included from [01m[K/opt/ros/humble/include/rclcpp/rclcpp/logging.hpp:24[m[K,
[4.308s]                  from [01m[K/opt/ros/humble/include/rclcpp/rclcpp/client.hpp:40[m[K,
[4.308s]                  from [01m[K/opt/ros/humble/include/rclcpp/rclcpp/callback_group.hpp:24[m[K,
[4.308s]                  from [01m[K/opt/ros/humble/include/rclcpp/rclcpp/any_executable.hpp:20[m[K,
[4.308s]                  from [01m[K/opt/ros/humble/include/rclcpp/rclcpp/memory_strategy.hpp:25[m[K,
[4.308s]                  from [01m[K/opt/ros/humble/include/rclcpp/rclcpp/memory_strategies.hpp:18[m[K,
[4.308s]                  from [01m[K/opt/ros/humble/include/rclcpp/rclcpp/executor_options.hpp:20[m[K,
[4.308s]                  from [01m[K/opt/ros/humble/include/rclcpp/rclcpp/executor.hpp:37[m[K,
[4.308s]                  from [01m[K/opt/ros/humble/include/rclcpp/rclcpp/executors/multi_threaded_executor.hpp:25[m[K,
[4.308s]                  from [01m[K/opt/ros/humble/include/rclcpp/rclcpp/executors.hpp:21[m[K,
[4.308s]                  from [01m[K/opt/ros/humble/include/rclcpp/rclcpp/rclcpp.hpp:155[m[K,
[4.308s]                  from [01m[K/home/gaga/sad_ws/src/sad_pkg/src/path_node.cpp:3[m[K:
[4.308s] [01m[K/home/gaga/sad_ws/src/sad_pkg/src/path_node.cpp:[m[K In member function â€˜[01m[Kvoid RSNode::publishMarkers()[m[Kâ€™:
[4.308s] [01m[K/home/gaga/sad_ws/src/sad_pkg/src/path_node.cpp:177:73:[m[K [01;31m[Kerror: [m[Kâ€˜[01m[Kbest_path_[m[Kâ€™ was not declared in this scope
[4.308s]   177 |         RCLCPP_INFO(get_logger(), "=== ìµœì  ê²½ë¡œ í¬ì¸íŠ¸ ê°œìˆ˜: %zu ===", [01;31m[Kbest_path_[m[K.size());
[4.308s]       |                                                                         [01;31m[K^~~~~~~~~~[m[K
[4.317s] [01m[K/home/gaga/sad_ws/src/sad_pkg/src/path_node.cpp:178:32:[m[K [01;31m[Kerror: [m[Kâ€˜[01m[Kbest_path_[m[Kâ€™ was not declared in this scope
[4.317s]   178 |         for (size_t i = 0; i < [01;31m[Kbest_path_[m[K.size(); ++i) {
[4.317s]       |                                [01;31m[K^~~~~~~~~~[m[K
[4.326s] [01m[K/home/gaga/sad_ws/src/sad_pkg/src/path_node.cpp:196:32:[m[K [01;31m[Kerror: [m[Kâ€˜[01m[Knodes_[m[Kâ€™ was not declared in this scope; did you mean â€˜[01m[KNode[m[Kâ€™?
[4.326s]   196 |         for (size_t i = 1; i < [01;31m[Knodes_[m[K.size(); ++i) {
[4.326s]       |                                [01;31m[K^~~~~~[m[K
[4.326s]       |                                [32m[KNode[m[K
[4.334s] [01m[K/home/gaga/sad_ws/src/sad_pkg/src/path_node.cpp:212:25:[m[K [01;31m[Kerror: [m[Kâ€˜[01m[Kbest_path_[m[Kâ€™ was not declared in this scope
[4.334s]   212 |         for (auto &pt : [01;31m[Kbest_path_[m[K) path.points.push_back(pt);
[4.334s]       |                         [01;31m[K^~~~~~~~~~[m[K
[4.342s] [01m[K/home/gaga/sad_ws/src/sad_pkg/src/path_node.cpp:216:30:[m[K [01;31m[Kerror: [m[Kâ€˜[01m[KsplineCP_[m[Kâ€™ was not declared in this scope
[4.342s]   216 |         if (static_cast<int>([01;31m[KsplineCP_[m[K.size()) >= splineDegree_ + 1){
[4.343s]       |                              [01;31m[K^~~~~~~~~[m[K
[4.351s] [01m[K/home/gaga/sad_ws/src/sad_pkg/src/path_node.cpp:216:51:[m[K [01;31m[Kerror: [m[Kâ€˜[01m[KsplineDegree_[m[Kâ€™ was not declared in this scope
[4.351s]   216 |         if (static_cast<int>(splineCP_.size()) >= [01;31m[KsplineDegree_[m[K + 1){
[4.351s]       |                                                   [01;31m[K^~~~~~~~~~~~~[m[K
[4.364s] [01m[K/home/gaga/sad_ws/src/sad_pkg/src/path_node.cpp:227:25:[m[K [01;31m[Kerror: [m[Kâ€˜[01m[Kknots_[m[Kâ€™ was not declared in this scope
[4.365s]   227 |             double t0 = [01;31m[Kknots_[m[K[splineDegree_];
[4.365s]       |                         [01;31m[K^~~~~~[m[K
[4.376s] [01m[K/home/gaga/sad_ws/src/sad_pkg/src/path_node.cpp:230:38:[m[K [01;31m[Kerror: [m[Kâ€˜[01m[Kinterpolate[m[Kâ€™ was not declared in this scope
[4.376s]   230 |                 Eigen::Vector3d pi = [01;31m[Kinterpolate[m[K(t);
[4.376s]       |                                      [01;31m[K^~~~~~~~~~~[m[K
[4.389s] [01m[K/home/gaga/sad_ws/src/sad_pkg/src/path_node.cpp:238:18:[m[K [01;31m[Kerror: [m[Kâ€˜[01m[Kpath_published_[m[Kâ€™ was not declared in this scope
[4.390s]   238 |             if (![01;31m[Kpath_published_[m[K && splineCP_.size() >= splineDegree_ + 1) {
[4.390s]       |                  [01;31m[K^~~~~~~~~~~~~~~[m[K
[4.403s] [01m[K/home/gaga/sad_ws/src/sad_pkg/src/path_node.cpp:238:37:[m[K [01;31m[Kerror: [m[Kâ€˜[01m[KsplineCP_[m[Kâ€™ was not declared in this scope
[4.403s]   238 |             if (!path_published_ && [01;31m[KsplineCP_[m[K.size() >= splineDegree_ + 1) {
[4.403s]       |                                     [01;31m[K^~~~~~~~~[m[K
[4.414s] [01m[K/home/gaga/sad_ws/src/sad_pkg/src/path_node.cpp:238:57:[m[K [01;31m[Kerror: [m[Kâ€˜[01m[KsplineDegree_[m[Kâ€™ was not declared in this scope
[4.414s]   238 |             if (!path_published_ && splineCP_.size() >= [01;31m[KsplineDegree_[m[K + 1) {
[4.414s]       |                                                         [01;31m[K^~~~~~~~~~~~~[m[K
[4.423s] [01m[K/home/gaga/sad_ws/src/sad_pkg/src/path_node.cpp:239:17:[m[K [01;31m[Kerror: [m[Kâ€˜[01m[KpublishPath[m[Kâ€™ was not declared in this scope
[4.423s]   239 |                 [01;31m[KpublishPath[m[K();           // í•œ ë²ˆë§Œ
[4.423s]       |                 [01;31m[K^~~~~~~~~~~[m[K
[4.431s] [01m[K/home/gaga/sad_ws/src/sad_pkg/src/path_node.cpp:241:17:[m[K [01;31m[Kerror: [m[Kâ€˜[01m[Ktimer_[m[Kâ€™ was not declared in this scope; did you mean â€˜[01m[Ktimer_t[m[Kâ€™?
[4.431s]   241 |                 [01;31m[Ktimer_[m[K->cancel();        // íƒ€ì´ë¨¸ ë©ˆì¶°ì„œ publishMarkersë„ ë©ˆì¶¤
[4.431s]       |                 [01;31m[K^~~~~~[m[K
[4.431s]       |                 [32m[Ktimer_t[m[K
[4.437s] [01m[K/home/gaga/sad_ws/src/sad_pkg/src/path_node.cpp:[m[K In function â€˜[01m[Kvoid publishPath()[m[Kâ€™:
[4.438s] [01m[K/home/gaga/sad_ws/src/sad_pkg/src/path_node.cpp:248:30:[m[K [01;31m[Kerror: [m[Kâ€˜[01m[KsplineCP_[m[Kâ€™ was not declared in this scope
[4.438s]   248 |         if (static_cast<int>([01;31m[KsplineCP_[m[K.size()) < splineDegree_ + 1) return;
[4.439s]       |                              [01;31m[K^~~~~~~~~[m[K
[4.444s] [01m[K/home/gaga/sad_ws/src/sad_pkg/src/path_node.cpp:248:50:[m[K [01;31m[Kerror: [m[Kâ€˜[01m[KsplineDegree_[m[Kâ€™ was not declared in this scope
[4.444s]   248 |         if (static_cast<int>(splineCP_.size()) < [01;31m[KsplineDegree_[m[K + 1) return;
[4.444s]       |                                                  [01;31m[K^~~~~~~~~~~~~[m[K
[4.450s] [01m[K/home/gaga/sad_ws/src/sad_pkg/src/path_node.cpp:255:21:[m[K [01;31m[Kerror: [m[Kâ€˜[01m[Kknots_[m[Kâ€™ was not declared in this scope
[4.451s]   255 |         double t0 = [01;31m[Kknots_[m[K[splineDegree_];
[4.451s]       |                     [01;31m[K^~~~~~[m[K
[4.457s] [01m[K/home/gaga/sad_ws/src/sad_pkg/src/path_node.cpp:255:28:[m[K [01;31m[Kerror: [m[Kâ€˜[01m[KsplineDegree_[m[Kâ€™ was not declared in this scope
[4.457s]   255 |         double t0 = knots_[[01;31m[KsplineDegree_[m[K];
[4.457s]       |                            [01;31m[K^~~~~~~~~~~~~[m[K
[4.463s] [01m[K/home/gaga/sad_ws/src/sad_pkg/src/path_node.cpp:256:28:[m[K [01;31m[Kerror: [m[Kâ€˜[01m[KsplineCP_[m[Kâ€™ was not declared in this scope
[4.464s]   256 |         double t1 = knots_[[01;31m[KsplineCP_[m[K.size()];
[4.464s]       |                            [01;31m[K^~~~~~~~~[m[K
[4.469s] [01m[K/home/gaga/sad_ws/src/sad_pkg/src/path_node.cpp:258:34:[m[K [01;31m[Kerror: [m[Kâ€˜[01m[Kinterpolate[m[Kâ€™ was not declared in this scope
[4.469s]   258 |             Eigen::Vector3d pi = [01;31m[Kinterpolate[m[K(t);
[4.469s]       |                                  [01;31m[K^~~~~~~~~~~[m[K
[4.474s] [01m[K/home/gaga/sad_ws/src/sad_pkg/src/path_node.cpp:266:27:[m[K [01;31m[Kerror: [m[Kâ€˜[01m[Know[m[Kâ€™ was not declared in this scope; did you mean â€˜[01m[Kpow[m[Kâ€™?
[4.475s]   266 |         pa.header.stamp = [01;31m[Know[m[K();
[4.475s]       |                           [01;31m[K^~~[m[K
[4.475s]       |                           [32m[Kpow[m[K
[4.491s] In file included from [01m[K/opt/ros/humble/include/rclcpp/rclcpp/client.hpp:40[m[K,
[4.491s]                  from [01m[K/opt/ros/humble/include/rclcpp/rclcpp/callback_group.hpp:24[m[K,
[4.491s]                  from [01m[K/opt/ros/humble/include/rclcpp/rclcpp/any_executable.hpp:20[m[K,
[4.492s]                  from [01m[K/opt/ros/humble/include/rclcpp/rclcpp/memory_strategy.hpp:25[m[K,
[4.492s]                  from [01m[K/opt/ros/humble/include/rclcpp/rclcpp/memory_strategies.hpp:18[m[K,
[4.492s]                  from [01m[K/opt/ros/humble/include/rclcpp/rclcpp/executor_options.hpp:20[m[K,
[4.492s]                  from [01m[K/opt/ros/humble/include/rclcpp/rclcpp/executor.hpp:37[m[K,
[4.492s]                  from [01m[K/opt/ros/humble/include/rclcpp/rclcpp/executors/multi_threaded_executor.hpp:25[m[K,
[4.492s]                  from [01m[K/opt/ros/humble/include/rclcpp/rclcpp/executors.hpp:21[m[K,
[4.492s]                  from [01m[K/opt/ros/humble/include/rclcpp/rclcpp/rclcpp.hpp:155[m[K,
[4.492s]                  from [01m[K/home/gaga/sad_ws/src/sad_pkg/src/path_node.cpp:3[m[K:
[4.492s] [01m[K/home/gaga/sad_ws/src/sad_pkg/src/path_node.cpp:284:21:[m[K [01;31m[Kerror: [m[Kâ€˜[01m[Kget_logger[m[Kâ€™ was not declared in this scope; did you mean â€˜[01m[Krclcpp::get_logger[m[Kâ€™?
[4.492s]   284 |         RCLCPP_INFO([01;31m[Kget_logger[m[K(),
[4.493s]       |                     [01;31m[K^~~~~~~~~~[m[K
[4.493s] In file included from [01m[K/opt/ros/humble/include/rclcpp/rclcpp/logging.hpp:23[m[K,
[4.493s]                  from [01m[K/opt/ros/humble/include/rclcpp/rclcpp/client.hpp:40[m[K,
[4.493s]                  from [01m[K/opt/ros/humble/include/rclcpp/rclcpp/callback_group.hpp:24[m[K,
[4.493s]                  from [01m[K/opt/ros/humble/include/rclcpp/rclcpp/any_executable.hpp:20[m[K,
[4.493s]                  from [01m[K/opt/ros/humble/include/rclcpp/rclcpp/memory_strategy.hpp:25[m[K,
[4.493s]                  from [01m[K/opt/ros/humble/include/rclcpp/rclcpp/memory_strategies.hpp:18[m[K,
[4.493s]                  from [01m[K/opt/ros/humble/include/rclcpp/rclcpp/executor_options.hpp:20[m[K,
[4.493s]                  from [01m[K/opt/ros/humble/include/rclcpp/rclcpp/executor.hpp:37[m[K,
[4.493s]                  from [01m[K/opt/ros/humble/include/rclcpp/rclcpp/executors/multi_threaded_executor.hpp:25[m[K,
[4.493s]                  from [01m[K/opt/ros/humble/include/rclcpp/rclcpp/executors.hpp:21[m[K,
[4.493s]                  from [01m[K/opt/ros/humble/include/rclcpp/rclcpp/rclcpp.hpp:155[m[K,
[4.493s]                  from [01m[K/home/gaga/sad_ws/src/sad_pkg/src/path_node.cpp:3[m[K:
[4.493s] [01m[K/opt/ros/humble/include/rclcpp/rclcpp/logger.hpp:106:17:[m[K [01;36m[Knote: [m[Kâ€˜[01m[Krclcpp::get_logger[m[Kâ€™ declared here
[4.494s]   106 |   friend Logger [01;36m[Krclcpp[m[K::get_logger(const std::string & name);
[4.494s]       |                 [01;36m[K^~~~~~[m[K
[4.494s] In file included from [01m[K/opt/ros/humble/include/rclcpp/rclcpp/client.hpp:40[m[K,
[4.494s]                  from [01m[K/opt/ros/humble/include/rclcpp/rclcpp/callback_group.hpp:24[m[K,
[4.494s]                  from [01m[K/opt/ros/humble/include/rclcpp/rclcpp/any_executable.hpp:20[m[K,
[4.494s]                  from [01m[K/opt/ros/humble/include/rclcpp/rclcpp/memory_strategy.hpp:25[m[K,
[4.494s]                  from [01m[K/opt/ros/humble/include/rclcpp/rclcpp/memory_strategies.hpp:18[m[K,
[4.494s]                  from [01m[K/opt/ros/humble/include/rclcpp/rclcpp/executor_options.hpp:20[m[K,
[4.494s]                  from [01m[K/opt/ros/humble/include/rclcpp/rclcpp/executor.hpp:37[m[K,
[4.494s]                  from [01m[K/opt/ros/humble/include/rclcpp/rclcpp/executors/multi_threaded_executor.hpp:25[m[K,
[4.494s]                  from [01m[K/opt/ros/humble/include/rclcpp/rclcpp/executors.hpp:21[m[K,
[4.494s]                  from [01m[K/opt/ros/humble/include/rclcpp/rclcpp/rclcpp.hpp:155[m[K,
[4.494s]                  from [01m[K/home/gaga/sad_ws/src/sad_pkg/src/path_node.cpp:3[m[K:
[4.494s] [01m[K/home/gaga/sad_ws/src/sad_pkg/src/path_node.cpp:284:9:[m[K [01;31m[Kerror: [m[Ktemplate argument 1 is invalid
[4.495s]   284 |         [01;31m[KRCLCPP_INFO[m[K(get_logger(),
[4.495s]       |         [01;31m[K^~~~~~~~~~~[m[K
[4.495s] [01m[K/home/gaga/sad_ws/src/sad_pkg/src/path_node.cpp:284:9:[m[K [01;31m[Kerror: [m[Ktemplate argument 1 is invalid
[4.495s]   284 |         [01;31m[KRCLCPP_INFO[m[K(get_logger(),
[4.495s]       |         [01;31m[K^~~~~~~~~~~[m[K
[4.495s] [01m[K/home/gaga/sad_ws/src/sad_pkg/src/path_node.cpp:284:9:[m[K [01;31m[Kerror: [m[Ktemplate argument 1 is invalid
[4.495s]   284 |         [01;31m[KRCLCPP_INFO[m[K(get_logger(),
[4.495s]       |         [01;31m[K^~~~~~~~~~~[m[K
[4.496s] [01m[K/home/gaga/sad_ws/src/sad_pkg/src/path_node.cpp:289:25:[m[K [01;31m[Kerror: [m[Kâ€˜[01m[Kget_logger[m[Kâ€™ was not declared in this scope; did you mean â€˜[01m[Krclcpp::get_logger[m[Kâ€™?
[4.496s]   289 |             RCLCPP_INFO([01;31m[Kget_logger[m[K(),
[4.496s]       |                         [01;31m[K^~~~~~~~~~[m[K
[4.497s] In file included from [01m[K/opt/ros/humble/include/rclcpp/rclcpp/logging.hpp:23[m[K,
[4.497s]                  from [01m[K/opt/ros/humble/include/rclcpp/rclcpp/client.hpp:40[m[K,
[4.497s]                  from [01m[K/opt/ros/humble/include/rclcpp/rclcpp/callback_group.hpp:24[m[K,
[4.497s]                  from [01m[K/opt/ros/humble/include/rclcpp/rclcpp/any_executable.hpp:20[m[K,
[4.497s]                  from [01m[K/opt/ros/humble/include/rclcpp/rclcpp/memory_strategy.hpp:25[m[K,
[4.497s]                  from [01m[K/opt/ros/humble/include/rclcpp/rclcpp/memory_strategies.hpp:18[m[K,
[4.497s]                  from [01m[K/opt/ros/humble/include/rclcpp/rclcpp/executor_options.hpp:20[m[K,
[4.497s]                  from [01m[K/opt/ros/humble/include/rclcpp/rclcpp/executor.hpp:37[m[K,
[4.497s]                  from [01m[K/opt/ros/humble/include/rclcpp/rclcpp/executors/multi_threaded_executor.hpp:25[m[K,
[4.497s]                  from [01m[K/opt/ros/humble/include/rclcpp/rclcpp/executors.hpp:21[m[K,
[4.497s]                  from [01m[K/opt/ros/humble/include/rclcpp/rclcpp/rclcpp.hpp:155[m[K,
[4.497s]                  from [01m[K/home/gaga/sad_ws/src/sad_pkg/src/path_node.cpp:3[m[K:
[4.498s] [01m[K/opt/ros/humble/include/rclcpp/rclcpp/logger.hpp:106:17:[m[K [01;36m[Knote: [m[Kâ€˜[01m[Krclcpp::get_logger[m[Kâ€™ declared here
[4.498s]   106 |   friend Logger [01;36m[Krclcpp[m[K::get_logger(const std::string & name);
[4.498s]       |                 [01;36m[K^~~~~~[m[K
[4.498s] In file included from [01m[K/opt/ros/humble/include/rclcpp/rclcpp/client.hpp:40[m[K,
[4.498s]                  from [01m[K/opt/ros/humble/include/rclcpp/rclcpp/callback_group.hpp:24[m[K,
[4.498s]                  from [01m[K/opt/ros/humble/include/rclcpp/rclcpp/any_executable.hpp:20[m[K,
[4.498s]                  from [01m[K/opt/ros/humble/include/rclcpp/rclcpp/memory_strategy.hpp:25[m[K,
[4.498s]                  from [01m[K/opt/ros/humble/include/rclcpp/rclcpp/memory_strategies.hpp:18[m[K,
[4.498s]                  from [01m[K/opt/ros/humble/include/rclcpp/rclcpp/executor_options.hpp:20[m[K,
[4.498s]                  from [01m[K/opt/ros/humble/include/rclcpp/rclcpp/executor.hpp:37[m[K,
[4.498s]                  from [01m[K/opt/ros/humble/include/rclcpp/rclcpp/executors/multi_threaded_executor.hpp:25[m[K,
[4.498s]                  from [01m[K/opt/ros/humble/include/rclcpp/rclcpp/executors.hpp:21[m[K,
[4.498s]                  from [01m[K/opt/ros/humble/include/rclcpp/rclcpp/rclcpp.hpp:155[m[K,
[4.498s]                  from [01m[K/home/gaga/sad_ws/src/sad_pkg/src/path_node.cpp:3[m[K:
[4.498s] [01m[K/home/gaga/sad_ws/src/sad_pkg/src/path_node.cpp:289:13:[m[K [01;31m[Kerror: [m[Ktemplate argument 1 is invalid
[4.499s]   289 |             [01;31m[KRCLCPP_INFO[m[K(get_logger(),
[4.499s]       |             [01;31m[K^~~~~~~~~~~[m[K
[4.499s] [01m[K/home/gaga/sad_ws/src/sad_pkg/src/path_node.cpp:289:13:[m[K [01;31m[Kerror: [m[Ktemplate argument 1 is invalid
[4.499s]   289 |             [01;31m[KRCLCPP_INFO[m[K(get_logger(),
[4.499s]       |             [01;31m[K^~~~~~~~~~~[m[K
[4.499s] [01m[K/home/gaga/sad_ws/src/sad_pkg/src/path_node.cpp:289:13:[m[K [01;31m[Kerror: [m[Ktemplate argument 1 is invalid
[4.499s]   289 |             [01;31m[KRCLCPP_INFO[m[K(get_logger(),
[4.499s]       |             [01;31m[K^~~~~~~~~~~[m[K
[4.508s] [01m[K/home/gaga/sad_ws/src/sad_pkg/src/path_node.cpp:297:9:[m[K [01;31m[Kerror: [m[Kâ€˜[01m[Kpath_pub_[m[Kâ€™ was not declared in this scope
[4.508s]   297 |         [01;31m[Kpath_pub_[m[K->publish(pa);
[4.508s]       |         [01;31m[K^~~~~~~~~[m[K
[4.515s] [01m[K/home/gaga/sad_ws/src/sad_pkg/src/path_node.cpp:[m[K In function â€˜[01m[Kint nearestNode(const Point&)[m[Kâ€™:
[4.515s] [01m[K/home/gaga/sad_ws/src/sad_pkg/src/path_node.cpp:312:32:[m[K [01;31m[Kerror: [m[Kâ€˜[01m[Knodes_[m[Kâ€™ was not declared in this scope
[4.515s]   312 |         for (size_t i = 0; i < [01;31m[Knodes_[m[K.size(); ++i) {
[4.515s]       |                                [01;31m[K^~~~~~[m[K
[4.521s] [01m[K/home/gaga/sad_ws/src/sad_pkg/src/path_node.cpp:[m[K In function â€˜[01m[Kstd::vector<int> nearNodes(const Point&, double)[m[Kâ€™:
[4.521s] [01m[K/home/gaga/sad_ws/src/sad_pkg/src/path_node.cpp:321:32:[m[K [01;31m[Kerror: [m[Kâ€˜[01m[Knodes_[m[Kâ€™ was not declared in this scope
[4.521s]   321 |         for (size_t i = 0; i < [01;31m[Knodes_[m[K.size(); ++i) {
[4.521s]       |                                [01;31m[K^~~~~~[m[K
[4.529s] [01m[K/home/gaga/sad_ws/src/sad_pkg/src/path_node.cpp:[m[K In function â€˜[01m[Kbool collision(const Point&, const Point&)[m[Kâ€™:
[4.529s] [01m[K/home/gaga/sad_ws/src/sad_pkg/src/path_node.cpp:349:26:[m[K [01;31m[Kerror: [m[Kâ€˜[01m[Kobstacles_[m[Kâ€™ was not declared in this scope; did you mean â€˜[01m[Kobstack[m[Kâ€™?
[4.529s]   349 |         for (auto &obs : [01;31m[Kobstacles_[m[K) {
[4.529s]       |                          [01;31m[K^~~~~~~~~~[m[K
[4.530s]       |                          [32m[Kobstack[m[K
[4.534s] [01m[K/home/gaga/sad_ws/src/sad_pkg/src/path_node.cpp:[m[K In function â€˜[01m[Kvoid reconstructPath(int)[m[Kâ€™:
[4.535s] [01m[K/home/gaga/sad_ws/src/sad_pkg/src/path_node.cpp:371:9:[m[K [01;31m[Kerror: [m[Kâ€˜[01m[Kbest_path_[m[Kâ€™ was not declared in this scope
[4.535s]   371 |         [01;31m[Kbest_path_[m[K.clear();
[4.535s]       |         [01;31m[K^~~~~~~~~~[m[K
[4.540s] [01m[K/home/gaga/sad_ws/src/sad_pkg/src/path_node.cpp:372:39:[m[K [01;31m[Kerror: [m[Kâ€˜[01m[Knodes_[m[Kâ€™ was not declared in this scope
[4.540s]   372 |         for (int i = idx; i >= 0; i = [01;31m[Knodes_[m[K[i].parent) {
[4.540s]       |                                       [01;31m[K^~~~~~[m[K
[4.546s] [01m[K/home/gaga/sad_ws/src/sad_pkg/src/path_node.cpp:[m[K In function â€˜[01m[Kdouble basis(int, int, double)[m[Kâ€™:
[4.546s] [01m[K/home/gaga/sad_ws/src/sad_pkg/src/path_node.cpp:379:30:[m[K [01;31m[Kerror: [m[Kâ€˜[01m[Kknots_[m[Kâ€™ was not declared in this scope
[4.546s]   379 |         if (k==0) return (t>=[01;31m[Kknots_[m[K[i] && t<knots_[i+1])?1.0:0.0;
[4.546s]       |                              [01;31m[K^~~~~~[m[K
[4.552s] [01m[K/home/gaga/sad_ws/src/sad_pkg/src/path_node.cpp:380:19:[m[K [01;31m[Kerror: [m[Kâ€˜[01m[Kknots_[m[Kâ€™ was not declared in this scope
[4.552s]   380 |         double d1=[01;31m[Kknots_[m[K[i+k]-knots_[i], d2=knots_[i+k+1]-knots_[i+1];
[4.552s]       |                   [01;31m[K^~~~~~[m[K
[4.559s] [01m[K/home/gaga/sad_ws/src/sad_pkg/src/path_node.cpp:382:19:[m[K [01;31m[Kerror: [m[Kâ€˜[01m[Kd2[m[Kâ€™ was not declared in this scope; did you mean â€˜[01m[Kd1[m[Kâ€™?
[4.559s]   382 |         double b=([01;31m[Kd2[m[K==0?0:(knots_[i+k+1]-t)/d2*basis(i+1,k-1,t));
[4.559s]       |                   [01;31m[K^~[m[K
[4.559s]       |                   [32m[Kd1[m[K
[4.565s] [01m[K/home/gaga/sad_ws/src/sad_pkg/src/path_node.cpp:[m[K In function â€˜[01m[Kvoid buildKnots()[m[Kâ€™:
[4.565s] [01m[K/home/gaga/sad_ws/src/sad_pkg/src/path_node.cpp:387:20:[m[K [01;31m[Kerror: [m[Kâ€˜[01m[KsplineCP_[m[Kâ€™ was not declared in this scope
[4.565s]   387 |         int n=(int)[01;31m[KsplineCP_[m[K.size(), k=splineDegree_;
[4.566s]       |                    [01;31m[K^~~~~~~~~[m[K
[4.571s] [01m[K/home/gaga/sad_ws/src/sad_pkg/src/path_node.cpp:388:9:[m[K [01;31m[Kerror: [m[Kâ€˜[01m[Kknots_[m[Kâ€™ was not declared in this scope
[4.571s]   388 |         [01;31m[Kknots_[m[K.resize(n+k+1);
[4.571s]       |         [01;31m[K^~~~~~[m[K
[4.577s] [01m[K/home/gaga/sad_ws/src/sad_pkg/src/path_node.cpp:388:25:[m[K [01;31m[Kerror: [m[Kâ€˜[01m[Kk[m[Kâ€™ was not declared in this scope
[4.577s]   388 |         knots_.resize(n+[01;31m[Kk[m[K+1);
[4.577s]       |                         [01;31m[K^[m[K
[4.590s] [01m[K/home/gaga/sad_ws/src/sad_pkg/src/path_node.cpp:[m[K In function â€˜[01m[KEigen::Vector3d interpolate(double)[m[Kâ€™:
[4.590s] [01m[K/home/gaga/sad_ws/src/sad_pkg/src/path_node.cpp:396:20:[m[K [01;31m[Kerror: [m[Kâ€˜[01m[KsplineCP_[m[Kâ€™ was not declared in this scope
[4.590s]   396 |         int n=(int)[01;31m[KsplineCP_[m[K.size()-1, k=splineDegree_;
[4.590s]       |                    [01;31m[K^~~~~~~~~[m[K
[4.599s] [01m[K/home/gaga/sad_ws/src/sad_pkg/src/path_node.cpp:397:45:[m[K [01;31m[Kerror: [m[Kâ€˜[01m[Kk[m[Kâ€™ was not declared in this scope
[4.599s]   397 |         for (int i=0; i<=n; ++i) p+=basis(i,[01;31m[Kk[m[K,t)*splineCP_[i];
[4.599s]       |                                             [01;31m[K^[m[K
[4.672s] [01m[K/home/gaga/sad_ws/src/sad_pkg/src/path_node.cpp:[m[K At global scope:
[4.672s] [01m[K/home/gaga/sad_ws/src/sad_pkg/src/path_node.cpp:417:1:[m[K [01;31m[Kerror: [m[Kexpected declaration before â€˜[01m[K}[m[Kâ€™ token
[4.672s]   417 | [01;31m[K}[m[K;
[4.672s]       | [01;31m[K^[m[K
[5.469s] gmake[2]: *** [CMakeFiles/path_node.dir/build.make:76: CMakeFiles/path_node.dir/src/path_node.cpp.o] Error 1
[5.469s] gmake[1]: *** [CMakeFiles/Makefile2:279: CMakeFiles/path_node.dir/all] Error 2
[5.469s] gmake: *** [Makefile:146: all] Error 2
[5.474s] Invoked command in '/home/gaga/sad_ws/build/sad_pkg' returned '2': CMAKE_PREFIX_PATH=/home/gaga/sad_ws/install/my_vision_msgs:/home/gaga/sad_ws/install:/home/gaga/sad_ws/install/sad_pkg:/home/gaga/sad_ws/install/mani_urdf:/home/gaga/turtlebot3_ws/install/turtlebot3:/home/gaga/turtlebot3_ws/install/turtlebot3_simulations:/home/gaga/turtlebot3_ws/install/turtlebot3_bringup:/home/gaga/turtlebot3_ws/install/turtlebot3_node:/home/gaga/turtlebot3_ws/install/turtlebot3_navigation2:/home/gaga/turtlebot3_ws/install/turtlebot3_fake_node:/home/gaga/turtlebot3_ws/install/robot_master:/home/gaga/turtlebot3_ws/install/turtlebot3_msgs:/home/gaga/turtlebot3_ws/install/turtlebot3_gazebo:/home/gaga/turtlebot3_ws/install/turtlebot3_description:/home/gaga/turtlebot3_ws/install/turtlebot3_cartographer:/home/gaga/turtlebot3_ws/install/robot_vision:/home/gaga/turtlebot3_ws/install/robot_navigation:/home/gaga/turtlebot3_ws/install/robot_msgs:/home/gaga/turtlebot3_ws/install/dynamixel_sdk_examples:/home/gaga/turtlebot3_ws/install/dynamixel_sdk_custom_interfaces:/home/gaga/turtlebot3_ws/install/dynamixel_sdk:/home/gaga/ssibal_ws/install/robot_msgs:/home/gaga/sad_ws/src/install/sad_pkg:/home/gaga/sad_ws/src/install/vision_msgs:/home/gaga/sad_ws/src/install/my_vision_msgs:/home/gaga/sad_ws/src/install/mani_urdf:/home/gaga/robotprograming_ws/install/rp_pkg:/home/gaga/rrt_ws/install/spline_interpolation:/home/gaga/rrt_ws/install/rrt_visualization:/home/gaga/rrt_ws/install/rrt_spline_pkg:/home/gaga/rrt_ws/install/my_rrt_pkg:/home/gaga/rrt_ws/install/mani_pkg:/home/gaga/turtlebot3_ws/install/turtlebot3_teleop:/home/gaga/turtlebot3_ws/install/turtlebot3_example:/opt/ros/humble /usr/bin/cmake --build /home/gaga/sad_ws/build/sad_pkg -- -j20 -l20
