[ 85%] Built target obstacle_node
[ 85%] Built target spline_node
[ 85%] Built target forward_node
[ 85%] Built target path_node
[ 85%] [32mBuilding CXX object CMakeFiles/Inverse_node.dir/src/Inverse_node.cpp.o[0m
[ 92%] Built target rrt_node
[ 92%] Built target map_node
[01m[K/home/gaga/sad_ws/src/sad_pkg/src/Inverse_node.cpp:[m[K In member function â€˜[01m[Kvoid ManipulatorNode::sendJointTrajectory(const VectorXd&, const VectorXd&)[m[Kâ€™:
[01m[K/home/gaga/sad_ws/src/sad_pkg/src/Inverse_node.cpp:283:60:[m[K [01;31m[Kerror: [m[Kâ€˜[01m[Kdt[m[Kâ€™ was not declared in this scope; did you mean â€˜[01m[Kd7[m[Kâ€™?
  283 |         p1.time_from_start.nanosec = static_cast<uint32_t>([01;31m[Kdt[m[K * 1e9);
      |                                                            [01;31m[K^~[m[K
      |                                                            [32m[Kd7[m[K
gmake[2]: *** [CMakeFiles/Inverse_node.dir/build.make:76: CMakeFiles/Inverse_node.dir/src/Inverse_node.cpp.o] Error 1
gmake[1]: *** [CMakeFiles/Makefile2:305: CMakeFiles/Inverse_node.dir/all] Error 2
gmake: *** [Makefile:146: all] Error 2
