[0.023s] Invoking command in '/home/gaga/sad_ws/build/sad_pkg': CMAKE_PREFIX_PATH=/home/gaga/sad_ws/install/my_vision_msgs:/home/gaga/sad_ws/install:/home/gaga/sad_ws/install/sad_pkg:/home/gaga/sad_ws/install/mani_urdf:/home/gaga/turtlebot3_ws/install/turtlebot3:/home/gaga/turtlebot3_ws/install/turtlebot3_simulations:/home/gaga/turtlebot3_ws/install/turtlebot3_bringup:/home/gaga/turtlebot3_ws/install/turtlebot3_node:/home/gaga/turtlebot3_ws/install/turtlebot3_navigation2:/home/gaga/turtlebot3_ws/install/turtlebot3_fake_node:/home/gaga/turtlebot3_ws/install/robot_master:/home/gaga/turtlebot3_ws/install/turtlebot3_msgs:/home/gaga/turtlebot3_ws/install/turtlebot3_gazebo:/home/gaga/turtlebot3_ws/install/turtlebot3_description:/home/gaga/turtlebot3_ws/install/turtlebot3_cartographer:/home/gaga/turtlebot3_ws/install/robot_vision:/home/gaga/turtlebot3_ws/install/robot_navigation:/home/gaga/turtlebot3_ws/install/robot_msgs:/home/gaga/turtlebot3_ws/install/dynamixel_sdk_examples:/home/gaga/turtlebot3_ws/install/dynamixel_sdk_custom_interfaces:/home/gaga/turtlebot3_ws/install/dynamixel_sdk:/home/gaga/ssibal_ws/install/robot_msgs:/home/gaga/sad_ws/src/install/sad_pkg:/home/gaga/sad_ws/src/install/vision_msgs:/home/gaga/sad_ws/src/install/my_vision_msgs:/home/gaga/sad_ws/src/install/mani_urdf:/home/gaga/robotprograming_ws/install/rp_pkg:/home/gaga/sad_ws/src/sad_pkg/install/sad_pkg:/home/gaga/turtlebot3_ws/install/turtlebot3_teleop:/home/gaga/turtlebot3_ws/install/turtlebot3_example:/opt/ros/humble /usr/bin/cmake --build /home/gaga/sad_ws/build/sad_pkg -- -j20 -l20
[0.118s] [35m[1mConsolidate compiler generated dependencies of target path_node[0m
[0.141s] [ 78%] Built target rrt_node
[0.141s] [ 78%] Built target Inverse_node
[0.141s] [ 85%] Built target map_node
[0.142s] [ 85%] Built target forward_node
[0.142s] [ 78%] Built target obstacle_node
[0.142s] [ 78%] Built target spline_node
[0.151s] [ 92%] [32mBuilding CXX object CMakeFiles/path_node.dir/src/path_node.cpp.o[0m
[4.457s] [01m[K/home/gaga/sad_ws/src/sad_pkg/src/path_node.cpp:184:5:[m[K [01;31m[Kerror: [m[Kâ€˜[01m[Korientation_pub_[m[Kâ€™ does not name a type
[4.457s]   184 |     [01;31m[Korientation_pub_[m[K->publish(msg);
[4.457s]       |     [01;31m[K^~~~~~~~~~~~~~~~[m[K
[4.457s] In file included from [01m[K/opt/ros/humble/include/rclcpp/rclcpp/client.hpp:40[m[K,
[4.458s]                  from [01m[K/opt/ros/humble/include/rclcpp/rclcpp/callback_group.hpp:24[m[K,
[4.458s]                  from [01m[K/opt/ros/humble/include/rclcpp/rclcpp/any_executable.hpp:20[m[K,
[4.458s]                  from [01m[K/opt/ros/humble/include/rclcpp/rclcpp/memory_strategy.hpp:25[m[K,
[4.458s]                  from [01m[K/opt/ros/humble/include/rclcpp/rclcpp/memory_strategies.hpp:18[m[K,
[4.458s]                  from [01m[K/opt/ros/humble/include/rclcpp/rclcpp/executor_options.hpp:20[m[K,
[4.458s]                  from [01m[K/opt/ros/humble/include/rclcpp/rclcpp/executor.hpp:37[m[K,
[4.458s]                  from [01m[K/opt/ros/humble/include/rclcpp/rclcpp/executors/multi_threaded_executor.hpp:25[m[K,
[4.458s]                  from [01m[K/opt/ros/humble/include/rclcpp/rclcpp/executors.hpp:21[m[K,
[4.458s]                  from [01m[K/opt/ros/humble/include/rclcpp/rclcpp/rclcpp.hpp:155[m[K,
[4.458s]                  from [01m[K/home/gaga/sad_ws/src/sad_pkg/src/path_node.cpp:3[m[K:
[4.458s] [01m[K/home/gaga/sad_ws/src/sad_pkg/src/path_node.cpp:187:5:[m[K [01;31m[Kerror: [m[Kexpected unqualified-id before â€˜[01m[Kdo[m[Kâ€™
[4.458s]   187 |     [01;31m[KRCLCPP_INFO[m[K(this->get_logger(),
[4.458s]       |     [01;31m[K^~~~~~~~~~~[m[K
[4.458s] [01m[K/home/gaga/sad_ws/src/sad_pkg/src/path_node.cpp:187:5:[m[K [01;31m[Kerror: [m[Kexpected unqualified-id before â€˜[01m[Kwhile[m[Kâ€™
[4.458s]   187 |     [01;31m[KRCLCPP_INFO[m[K(this->get_logger(),
[4.458s]       |     [01;31m[K^~~~~~~~~~~[m[K
[4.458s] [01m[K/home/gaga/sad_ws/src/sad_pkg/src/path_node.cpp:190:2:[m[K [01;31m[Kerror: [m[Kexpected â€˜[01m[K;[m[Kâ€™ after class definition
[4.458s]   190 | }
[4.458s]       |  [01;31m[K^[m[K
[4.458s]       |  [32m[K;[m[K
[4.458s] [01m[K/home/gaga/sad_ws/src/sad_pkg/src/path_node.cpp:[m[K In constructor â€˜[01m[KRSNode::RSNode()[m[Kâ€™:
[4.458s] [01m[K/home/gaga/sad_ws/src/sad_pkg/src/path_node.cpp:29:7:[m[K [01;31m[Kerror: [m[Kclass â€˜[01m[KRSNode[m[Kâ€™ does not have any field named â€˜[01m[Kgen_[m[Kâ€™
[4.458s]    29 |       [01;31m[Kgen_[m[K(42),
[4.458s]       |       [01;31m[K^~~~[m[K
[4.458s] [01m[K/home/gaga/sad_ws/src/sad_pkg/src/path_node.cpp:30:7:[m[K [01;31m[Kerror: [m[Kclass â€˜[01m[KRSNode[m[Kâ€™ does not have any field named â€˜[01m[Kfirst_plan_done_[m[Kâ€™
[4.458s]    30 |       [01;31m[Kfirst_plan_done_[m[K(false)
[4.459s]       |       [01;31m[K^~~~~~~~~~~~~~~~[m[K
[4.469s] [01m[K/home/gaga/sad_ws/src/sad_pkg/src/path_node.cpp:35:9:[m[K [01;31m[Kerror: [m[Kâ€˜[01m[Kobstacle_sub_[m[Kâ€™ was not declared in this scope
[4.469s]    35 |         [01;31m[Kobstacle_sub_[m[K = this->create_subscription<my_vision_msgs::msg::HarvestOrdering>(
[4.469s]       |         [01;31m[K^~~~~~~~~~~~~[m[K
[4.559s] [01m[K/home/gaga/sad_ws/src/sad_pkg/src/path_node.cpp:41:9:[m[K [01;31m[Kerror: [m[Kâ€˜[01m[Kmarker_pub_[m[Kâ€™ was not declared in this scope
[4.559s]    41 |         [01;31m[Kmarker_pub_[m[K = this->create_publisher<visualization_msgs::msg::MarkerArray>(
[4.560s]       |         [01;31m[K^~~~~~~~~~~[m[K
[4.572s] [01m[K/home/gaga/sad_ws/src/sad_pkg/src/path_node.cpp:47:9:[m[K [01;31m[Kerror: [m[Kâ€˜[01m[Ktimer_[m[Kâ€™ was not declared in this scope; did you mean â€˜[01m[Ktimer_t[m[Kâ€™?
[4.572s]    47 |         [01;31m[Ktimer_[m[K = this->create_wall_timer(
[4.572s]       |         [01;31m[K^~~~~~[m[K
[4.572s]       |         [32m[Ktimer_t[m[K
[4.572s] [01m[K/home/gaga/sad_ws/src/sad_pkg/src/path_node.cpp:48:40:[m[K [01;31m[Kerror: [m[Kâ€˜[01m[KpublishMarkers[m[Kâ€™ is not a member of â€˜[01m[KRSNode[m[Kâ€™
[4.572s]    48 |             1000ms, std::bind(&RSNode::[01;31m[KpublishMarkers[m[K, this)
[4.572s]       |                                        [01;31m[K^~~~~~~~~~~~~~[m[K
[4.578s] [01m[K/home/gaga/sad_ws/src/sad_pkg/src/path_node.cpp:52:9:[m[K [01;31m[Kerror: [m[Kâ€˜[01m[Kstart_[m[Kâ€™ was not declared in this scope
[4.578s]    52 |         [01;31m[Kstart_[m[K = makePoint(0.1435, 0.0, 0.976);
[4.578s]       |         [01;31m[K^~~~~~[m[K
[4.589s] [01m[K/home/gaga/sad_ws/src/sad_pkg/src/path_node.cpp:52:18:[m[K [01;31m[Kerror: [m[Kâ€˜[01m[KmakePoint[m[Kâ€™ was not declared in this scope
[4.589s]    52 |         start_ = [01;31m[KmakePoint[m[K(0.1435, 0.0, 0.976);
[4.589s]       |                  [01;31m[K^~~~~~~~~[m[K
[4.605s] [01m[K/home/gaga/sad_ws/src/sad_pkg/src/path_node.cpp:53:9:[m[K [01;31m[Kerror: [m[Kâ€˜[01m[Kgoal_[m[Kâ€™ was not declared in this scope
[4.605s]    53 |         [01;31m[Kgoal_[m[K  = makePoint(0.6,    0.0, 0.57);
[4.605s]       |         [01;31m[K^~~~~[m[K
[4.619s] [01m[K/home/gaga/sad_ws/src/sad_pkg/src/path_node.cpp:56:9:[m[K [01;31m[Kerror: [m[Kâ€˜[01m[Korientation_pub_[m[Kâ€™ was not declared in this scope
[4.619s]    56 |         [01;31m[Korientation_pub_[m[K = this->create_publisher<std_msgs::msg::Float64MultiArray>(
[4.619s]       |         [01;31m[K^~~~~~~~~~~~~~~~[m[K
[4.647s] [01m[K/home/gaga/sad_ws/src/sad_pkg/src/path_node.cpp:[m[K In member function â€˜[01m[Kvoid RSNode::obstacleCallback(my_vision_msgs::msg::HarvestOrdering_<std::allocator<void> >::SharedPtr)[m[Kâ€™:
[4.647s] [01m[K/home/gaga/sad_ws/src/sad_pkg/src/path_node.cpp:72:9:[m[K [01;31m[Kerror: [m[Kâ€˜[01m[Kobstacles_[m[Kâ€™ was not declared in this scope; did you mean â€˜[01m[Kobstack[m[Kâ€™?
[4.647s]    72 |         [01;31m[Kobstacles_[m[K.clear();
[4.647s]       |         [01;31m[K^~~~~~~~~~[m[K
[4.647s]       |         [32m[Kobstack[m[K
[4.659s] [01m[K/home/gaga/sad_ws/src/sad_pkg/src/path_node.cpp:74:23:[m[K [01;31m[Kerror: [m[Kâ€˜[01m[KmakePoint[m[Kâ€™ was not declared in this scope
[4.659s]    74 |             auto pt = [01;31m[KmakePoint[m[K(obj.x, obj.y, obj.z);
[4.659s]       |                       [01;31m[K^~~~~~~~~[m[K
[4.669s] [01m[K/home/gaga/sad_ws/src/sad_pkg/src/path_node.cpp:80:14:[m[K [01;31m[Kerror: [m[Kâ€˜[01m[Kfirst_plan_done_[m[Kâ€™ was not declared in this scope
[4.669s]    80 |         if (![01;31m[Kfirst_plan_done_[m[K) {
[4.669s]       |              [01;31m[K^~~~~~~~~~~~~~~~[m[K
[4.679s] [01m[K/home/gaga/sad_ws/src/sad_pkg/src/path_node.cpp:82:13:[m[K [01;31m[Kerror: [m[Kâ€˜[01m[KplanRRTstar[m[Kâ€™ was not declared in this scope
[4.679s]    82 |             [01;31m[KplanRRTstar[m[K();
[4.679s]       |             [01;31m[K^~~~~~~~~~~[m[K
[4.690s] [01m[K/home/gaga/sad_ws/src/sad_pkg/src/path_node.cpp:[m[K In member function â€˜[01m[Kdouble RSNode::basis_derivative(int, int, double)[m[Kâ€™:
[4.690s] [01m[K/home/gaga/sad_ws/src/sad_pkg/src/path_node.cpp:95:21:[m[K [01;31m[Kerror: [m[Kâ€˜[01m[Kknots_[m[Kâ€™ was not declared in this scope
[4.690s]    95 |         double d1 = [01;31m[Kknots_[m[K[i + k] - knots_[i];
[4.691s]       |                     [01;31m[K^~~~~~[m[K
[4.705s] [01m[K/home/gaga/sad_ws/src/sad_pkg/src/path_node.cpp:97:52:[m[K [01;31m[Kerror: [m[Kâ€˜[01m[Kbasis[m[Kâ€™ was not declared in this scope
[4.705s]    97 |         double term1 = (d1 == 0 ? 0 : (1.0 / d1) * [01;31m[Kbasis[m[K(i, k - 1, t));
[4.705s]       |                                                    [01;31m[K^~~~~[m[K
[4.740s] [01m[K/home/gaga/sad_ws/src/sad_pkg/src/path_node.cpp:[m[K In member function â€˜[01m[KEigen::Vector3d RSNode::interpolateVelocity(double)[m[Kâ€™:
[4.740s] [01m[K/home/gaga/sad_ws/src/sad_pkg/src/path_node.cpp:105:34:[m[K [01;31m[Kerror: [m[Kâ€˜[01m[KsplineCP_[m[Kâ€™ was not declared in this scope
[4.740s]   105 |         int n = static_cast<int>([01;31m[KsplineCP_[m[K.size()) - 1, k = splineDegree_;
[4.740s]       |                                  [01;31m[K^~~~~~~~~[m[K
[4.747s] [01m[K/home/gaga/sad_ws/src/sad_pkg/src/path_node.cpp:107:47:[m[K [01;31m[Kerror: [m[Kâ€˜[01m[Kk[m[Kâ€™ was not declared in this scope
[4.747s]   107 |             double coef = basis_derivative(i, [01;31m[Kk[m[K, t);
[4.747s]       |                                               [01;31m[K^[m[K
[4.756s] [01m[K/home/gaga/sad_ws/src/sad_pkg/src/path_node.cpp:[m[K In member function â€˜[01m[Kvoid RSNode::publishPoseAndOrientation()[m[Kâ€™:
[4.756s] [01m[K/home/gaga/sad_ws/src/sad_pkg/src/path_node.cpp:115:26:[m[K [01;31m[Kerror: [m[Kâ€˜[01m[KsplineCP_[m[Kâ€™ was not declared in this scope
[4.756s]   115 |     if (static_cast<int>([01;31m[KsplineCP_[m[K.size()) < splineDegree_ + 1 ||
[4.756s]       |                          [01;31m[K^~~~~~~~~[m[K
[4.765s] [01m[K/home/gaga/sad_ws/src/sad_pkg/src/path_node.cpp:115:46:[m[K [01;31m[Kerror: [m[Kâ€˜[01m[KsplineDegree_[m[Kâ€™ was not declared in this scope
[4.765s]   115 |     if (static_cast<int>(splineCP_.size()) < [01;31m[KsplineDegree_[m[K + 1 ||
[4.765s]       |                                              [01;31m[K^~~~~~~~~~~~~[m[K
[4.776s] [01m[K/home/gaga/sad_ws/src/sad_pkg/src/path_node.cpp:116:26:[m[K [01;31m[Kerror: [m[Kâ€˜[01m[KorientationCP_[m[Kâ€™ was not declared in this scope
[4.776s]   116 |         static_cast<int>([01;31m[KorientationCP_[m[K.size()) < splineDegree_ + 1)
[4.776s]       |                          [01;31m[K^~~~~~~~~~~~~~[m[K
[4.782s] [01m[K/home/gaga/sad_ws/src/sad_pkg/src/path_node.cpp:125:17:[m[K [01;31m[Kerror: [m[Kâ€˜[01m[Kknots_[m[Kâ€™ was not declared in this scope
[4.783s]   125 |     double t0 = [01;31m[Kknots_[m[K[splineDegree_];  // ì‹œìž‘ ì‹œê°„
[4.783s]       |                 [01;31m[K^~~~~~[m[K
[4.795s] [01m[K/home/gaga/sad_ws/src/sad_pkg/src/path_node.cpp:125:24:[m[K [01;31m[Kerror: [m[Kâ€˜[01m[KsplineDegree_[m[Kâ€™ was not declared in this scope
[4.796s]   125 |     double t0 = knots_[[01;31m[KsplineDegree_[m[K];  // ì‹œìž‘ ì‹œê°„
[4.796s]       |                        [01;31m[K^~~~~~~~~~~~~[m[K
[4.808s] [01m[K/home/gaga/sad_ws/src/sad_pkg/src/path_node.cpp:126:24:[m[K [01;31m[Kerror: [m[Kâ€˜[01m[KsplineCP_[m[Kâ€™ was not declared in this scope
[4.808s]   126 |     double t1 = knots_[[01;31m[KsplineCP_[m[K.size()];  // ë ì‹œê°„
[4.808s]       |                        [01;31m[K^~~~~~~~~[m[K
[4.825s] [01m[K/home/gaga/sad_ws/src/sad_pkg/src/path_node.cpp:140:30:[m[K [01;31m[Kerror: [m[Kâ€˜[01m[Kinterpolate[m[Kâ€™ was not declared in this scope
[4.825s]   140 |         Eigen::Vector3d pi = [01;31m[Kinterpolate[m[K(t);
[4.825s]       |                              [01;31m[K^~~~~~~~~~~[m[K
[4.841s] [01m[K/home/gaga/sad_ws/src/sad_pkg/src/path_node.cpp:142:33:[m[K [01;31m[Kerror: [m[Kâ€˜[01m[KinterpolateOrientation[m[Kâ€™ was not declared in this scope
[4.841s]   142 |         Eigen::Vector3d euler = [01;31m[KinterpolateOrientation[m[K(t);
[4.841s]       |                                 [01;31m[K^~~~~~~~~~~~~~~~~~~~~~[m[K
[4.854s] [01m[K/home/gaga/sad_ws/src/sad_pkg/src/path_node.cpp:175:5:[m[K [01;31m[Kerror: [m[Kâ€˜[01m[Korientation_pub_[m[Kâ€™ was not declared in this scope
[4.854s]   175 |     [01;31m[Korientation_pub_[m[K->publish(msg);
[4.854s]       |     [01;31m[K^~~~~~~~~~~~~~~~[m[K
[4.860s] [01m[K/home/gaga/sad_ws/src/sad_pkg/src/path_node.cpp:[m[K In function â€˜[01m[Kvoid planRRTstar()[m[Kâ€™:
[4.860s] [01m[K/home/gaga/sad_ws/src/sad_pkg/src/path_node.cpp:213:9:[m[K [01;31m[Kerror: [m[Kâ€˜[01m[Knodes_[m[Kâ€™ was not declared in this scope
[4.860s]   213 |         [01;31m[Knodes_[m[K.clear();
[4.860s]       |         [01;31m[K^~~~~~[m[K
[4.864s] [01m[K/home/gaga/sad_ws/src/sad_pkg/src/path_node.cpp:214:28:[m[K [01;31m[Kerror: [m[Kâ€˜[01m[Kstart_[m[Kâ€™ was not declared in this scope
[4.864s]   214 |         nodes_.push_back({ [01;31m[Kstart_[m[K, -1, 0.0 });
[4.864s]       |                            [01;31m[K^~~~~~[m[K
[4.869s] [01m[K/home/gaga/sad_ws/src/sad_pkg/src/path_node.cpp:219:21:[m[K [01;31m[Kerror: [m[Kâ€˜[01m[Kgen_[m[Kâ€™ was not declared in this scope
[4.869s]   219 |                 (ub([01;31m[Kgen_[m[K) < goal_bias) ? goal_ : makePoint(ux(gen_), uy(gen_), uz(gen_));
[4.870s]       |                     [01;31m[K^~~~[m[K
[4.875s] [01m[K/home/gaga/sad_ws/src/sad_pkg/src/path_node.cpp:219:42:[m[K [01;31m[Kerror: [m[Kâ€˜[01m[Kgoal_[m[Kâ€™ was not declared in this scope
[4.875s]   219 |                 (ub(gen_) < goal_bias) ? [01;31m[Kgoal_[m[K : makePoint(ux(gen_), uy(gen_), uz(gen_));
[4.875s]       |                                          [01;31m[K^~~~~[m[K
[4.881s] [01m[K/home/gaga/sad_ws/src/sad_pkg/src/path_node.cpp:219:50:[m[K [01;31m[Kerror: [m[Kâ€˜[01m[KmakePoint[m[Kâ€™ was not declared in this scope
[4.881s]   219 |                 (ub(gen_) < goal_bias) ? goal_ : [01;31m[KmakePoint[m[K(ux(gen_), uy(gen_), uz(gen_));
[4.881s]       |                                                  [01;31m[K^~~~~~~~~[m[K
[4.887s] [01m[K/home/gaga/sad_ws/src/sad_pkg/src/path_node.cpp:220:23:[m[K [01;31m[Kerror: [m[Kâ€˜[01m[KnearestNode[m[Kâ€™ was not declared in this scope
[4.888s]   220 |             int nid = [01;31m[KnearestNode[m[K(rnd);
[4.888s]       |                       [01;31m[K^~~~~~~~~~~[m[K
[4.899s] [01m[K/home/gaga/sad_ws/src/sad_pkg/src/path_node.cpp:221:27:[m[K [01;31m[Kerror: [m[Kâ€˜[01m[Ksteer[m[Kâ€™ was not declared in this scope
[4.899s]   221 |             auto new_pt = [01;31m[Ksteer[m[K(nodes_[nid].point, rnd, step);
[4.899s]       |                           [01;31m[K^~~~~[m[K
[4.909s] [01m[K/home/gaga/sad_ws/src/sad_pkg/src/path_node.cpp:222:17:[m[K [01;31m[Kerror: [m[Kâ€˜[01m[Kcollision[m[Kâ€™ was not declared in this scope
[4.909s]   222 |             if ([01;31m[Kcollision[m[K(nodes_[nid].point, new_pt)) continue;
[4.909s]       |                 [01;31m[K^~~~~~~~~[m[K
[4.921s] [01m[K/home/gaga/sad_ws/src/sad_pkg/src/path_node.cpp:225:36:[m[K [01;31m[Kerror: [m[Kâ€˜[01m[Kdist[m[Kâ€™ was not declared in this scope; did you mean â€˜[01m[Kit[m[Kâ€™?
[4.921s]   225 |                 nodes_[nid].cost + [01;31m[Kdist[m[K(nodes_[nid].point, new_pt) };
[4.921s]       |                                    [01;31m[K^~~~[m[K
[4.921s]       |                                    [32m[Kit[m[K
[4.932s] [01m[K/home/gaga/sad_ws/src/sad_pkg/src/path_node.cpp:227:25:[m[K [01;31m[Kerror: [m[Kâ€˜[01m[KnearNodes[m[Kâ€™ was not declared in this scope
[4.932s]   227 |             auto nbrs = [01;31m[KnearNodes[m[K(new_pt, radius);
[4.932s]       |                         [01;31m[K^~~~~~~~~[m[K
[4.938s] [01m[K/home/gaga/sad_ws/src/sad_pkg/src/path_node.cpp:230:22:[m[K [01;31m[Kerror: [m[Kâ€˜[01m[Kcollision[m[Kâ€™ was not declared in this scope
[4.939s]   230 |                 if (![01;31m[Kcollision[m[K(nodes_[j].point, new_pt) && c < new_node.cost) {
[4.939s]       |                      [01;31m[K^~~~~~~~~[m[K
[4.944s] [01m[K/home/gaga/sad_ws/src/sad_pkg/src/path_node.cpp:240:22:[m[K [01;31m[Kerror: [m[Kâ€˜[01m[Kcollision[m[Kâ€™ was not declared in this scope
[4.944s]   240 |                 if (![01;31m[Kcollision[m[K(new_pt, nodes_[j].point) && c2 < nodes_[j].cost) {
[4.944s]       |                      [01;31m[K^~~~~~~~~[m[K
[4.948s] [01m[K/home/gaga/sad_ws/src/sad_pkg/src/path_node.cpp:248:31:[m[K [01;31m[Kerror: [m[Kâ€˜[01m[Kgoal_[m[Kâ€™ was not declared in this scope
[4.949s]   248 |         int gid = nearestNode([01;31m[Kgoal_[m[K);
[4.949s]       |                               [01;31m[K^~~~~[m[K
[4.955s] [01m[K/home/gaga/sad_ws/src/sad_pkg/src/path_node.cpp:248:19:[m[K [01;31m[Kerror: [m[Kâ€˜[01m[KnearestNode[m[Kâ€™ was not declared in this scope
[4.955s]   248 |         int gid = [01;31m[KnearestNode[m[K(goal_);
[4.955s]       |                   [01;31m[K^~~~~~~~~~~[m[K
[4.960s] [01m[K/home/gaga/sad_ws/src/sad_pkg/src/path_node.cpp:249:14:[m[K [01;31m[Kerror: [m[Kâ€˜[01m[Kcollision[m[Kâ€™ was not declared in this scope
[4.960s]   249 |         if (![01;31m[Kcollision[m[K(nodes_[gid].point, goal_)) {
[4.961s]       |              [01;31m[K^~~~~~~~~[m[K
[4.964s] [01m[K/home/gaga/sad_ws/src/sad_pkg/src/path_node.cpp:251:36:[m[K [01;31m[Kerror: [m[Kâ€˜[01m[Kdist[m[Kâ€™ was not declared in this scope
[4.965s]   251 |                 nodes_[gid].cost + [01;31m[Kdist[m[K(nodes_[gid].point, goal_) };
[4.965s]       |                                    [01;31m[K^~~~[m[K
[4.971s] [01m[K/home/gaga/sad_ws/src/sad_pkg/src/path_node.cpp:253:13:[m[K [01;31m[Kerror: [m[Kâ€˜[01m[KreconstructPath[m[Kâ€™ was not declared in this scope
[4.971s]   253 |             [01;31m[KreconstructPath[m[K(nodes_.size() - 1);
[4.971s]       |             [01;31m[K^~~~~~~~~~~~~~~[m[K
[4.977s] [01m[K/home/gaga/sad_ws/src/sad_pkg/src/path_node.cpp:255:13:[m[K [01;31m[Kerror: [m[Kâ€˜[01m[KreconstructPath[m[Kâ€™ was not declared in this scope
[4.977s]   255 |             [01;31m[KreconstructPath[m[K(nearestNode(goal_));
[4.977s]       |             [01;31m[K^~~~~~~~~~~~~~~[m[K
[4.981s] In file included from [01m[K/opt/ros/humble/include/rclcpp/rclcpp/client.hpp:40[m[K,
[4.981s]                  from [01m[K/opt/ros/humble/include/rclcpp/rclcpp/callback_group.hpp:24[m[K,
[4.981s]                  from [01m[K/opt/ros/humble/include/rclcpp/rclcpp/any_executable.hpp:20[m[K,
[4.981s]                  from [01m[K/opt/ros/humble/include/rclcpp/rclcpp/memory_strategy.hpp:25[m[K,
[4.981s]                  from [01m[K/opt/ros/humble/include/rclcpp/rclcpp/memory_strategies.hpp:18[m[K,
[4.981s]                  from [01m[K/opt/ros/humble/include/rclcpp/rclcpp/executor_options.hpp:20[m[K,
[4.981s]                  from [01m[K/opt/ros/humble/include/rclcpp/rclcpp/executor.hpp:37[m[K,
[4.981s]                  from [01m[K/opt/ros/humble/include/rclcpp/rclcpp/executors/multi_threaded_executor.hpp:25[m[K,
[4.981s]                  from [01m[K/opt/ros/humble/include/rclcpp/rclcpp/executors.hpp:21[m[K,
[4.981s]                  from [01m[K/opt/ros/humble/include/rclcpp/rclcpp/rclcpp.hpp:155[m[K,
[4.981s]                  from [01m[K/home/gaga/sad_ws/src/sad_pkg/src/path_node.cpp:3[m[K:
[4.981s] [01m[K/home/gaga/sad_ws/src/sad_pkg/src/path_node.cpp:256:25:[m[K [01;31m[Kerror: [m[Kâ€˜[01m[Kget_logger[m[Kâ€™ was not declared in this scope; did you mean â€˜[01m[Krclcpp::get_logger[m[Kâ€™?
[4.981s]   256 |             RCLCPP_INFO([01;31m[Kget_logger[m[K(), "ëª©í‘œì  ì—°ê²° ë¶ˆê°€, ìµœê·¼ì ‘ ë…¸ë“œ ì‚¬ìš©");
[4.981s]       |                         [01;31m[K^~~~~~~~~~[m[K
[4.981s] In file included from [01m[K/opt/ros/humble/include/rclcpp/rclcpp/logging.hpp:23[m[K,
[4.981s]                  from [01m[K/opt/ros/humble/include/rclcpp/rclcpp/client.hpp:40[m[K,
[4.981s]                  from [01m[K/opt/ros/humble/include/rclcpp/rclcpp/callback_group.hpp:24[m[K,
[4.981s]                  from [01m[K/opt/ros/humble/include/rclcpp/rclcpp/any_executable.hpp:20[m[K,
[4.981s]                  from [01m[K/opt/ros/humble/include/rclcpp/rclcpp/memory_strategy.hpp:25[m[K,
[4.981s]                  from [01m[K/opt/ros/humble/include/rclcpp/rclcpp/memory_strategies.hpp:18[m[K,
[4.981s]                  from [01m[K/opt/ros/humble/include/rclcpp/rclcpp/executor_options.hpp:20[m[K,
[4.981s]                  from [01m[K/opt/ros/humble/include/rclcpp/rclcpp/executor.hpp:37[m[K,
[4.981s]                  from [01m[K/opt/ros/humble/include/rclcpp/rclcpp/executors/multi_threaded_executor.hpp:25[m[K,
[4.981s]                  from [01m[K/opt/ros/humble/include/rclcpp/rclcpp/executors.hpp:21[m[K,
[4.981s]                  from [01m[K/opt/ros/humble/include/rclcpp/rclcpp/rclcpp.hpp:155[m[K,
[4.981s]                  from [01m[K/home/gaga/sad_ws/src/sad_pkg/src/path_node.cpp:3[m[K:
[4.982s] [01m[K/opt/ros/humble/include/rclcpp/rclcpp/logger.hpp:106:17:[m[K [01;36m[Knote: [m[Kâ€˜[01m[Krclcpp::get_logger[m[Kâ€™ declared here
[4.982s]   106 |   friend Logger [01;36m[Krclcpp[m[K::get_logger(const std::string & name);
[4.982s]       |                 [01;36m[K^~~~~~[m[K
[4.982s] In file included from [01m[K/opt/ros/humble/include/rclcpp/rclcpp/client.hpp:40[m[K,
[4.982s]                  from [01m[K/opt/ros/humble/include/rclcpp/rclcpp/callback_group.hpp:24[m[K,
[4.982s]                  from [01m[K/opt/ros/humble/include/rclcpp/rclcpp/any_executable.hpp:20[m[K,
[4.982s]                  from [01m[K/opt/ros/humble/include/rclcpp/rclcpp/memory_strategy.hpp:25[m[K,
[4.982s]                  from [01m[K/opt/ros/humble/include/rclcpp/rclcpp/memory_strategies.hpp:18[m[K,
[4.982s]                  from [01m[K/opt/ros/humble/include/rclcpp/rclcpp/executor_options.hpp:20[m[K,
[4.982s]                  from [01m[K/opt/ros/humble/include/rclcpp/rclcpp/executor.hpp:37[m[K,
[4.982s]                  from [01m[K/opt/ros/humble/include/rclcpp/rclcpp/executors/multi_threaded_executor.hpp:25[m[K,
[4.982s]                  from [01m[K/opt/ros/humble/include/rclcpp/rclcpp/executors.hpp:21[m[K,
[4.982s]                  from [01m[K/opt/ros/humble/include/rclcpp/rclcpp/rclcpp.hpp:155[m[K,
[4.982s]                  from [01m[K/home/gaga/sad_ws/src/sad_pkg/src/path_node.cpp:3[m[K:
[4.982s] [01m[K/home/gaga/sad_ws/src/sad_pkg/src/path_node.cpp:256:13:[m[K [01;31m[Kerror: [m[Ktemplate argument 1 is invalid
[4.982s]   256 |             [01;31m[KRCLCPP_INFO[m[K(get_logger(), "ëª©í‘œì  ì—°ê²° ë¶ˆê°€, ìµœê·¼ì ‘ ë…¸ë“œ ì‚¬ìš©");
[4.982s]       |             [01;31m[K^~~~~~~~~~~[m[K
[4.982s] [01m[K/home/gaga/sad_ws/src/sad_pkg/src/path_node.cpp:256:13:[m[K [01;31m[Kerror: [m[Ktemplate argument 1 is invalid
[4.982s]   256 |             [01;31m[KRCLCPP_INFO[m[K(get_logger(), "ëª©í‘œì  ì—°ê²° ë¶ˆê°€, ìµœê·¼ì ‘ ë…¸ë“œ ì‚¬ìš©");
[4.982s]       |             [01;31m[K^~~~~~~~~~~[m[K
[4.983s] [01m[K/home/gaga/sad_ws/src/sad_pkg/src/path_node.cpp:256:13:[m[K [01;31m[Kerror: [m[Ktemplate argument 1 is invalid
[4.983s]   256 |             [01;31m[KRCLCPP_INFO[m[K(get_logger(), "ëª©í‘œì  ì—°ê²° ë¶ˆê°€, ìµœê·¼ì ‘ ë…¸ë“œ ì‚¬ìš©");
[4.983s]       |             [01;31m[K^~~~~~~~~~~[m[K
[4.990s] [01m[K/home/gaga/sad_ws/src/sad_pkg/src/path_node.cpp:260:9:[m[K [01;31m[Kerror: [m[Kâ€˜[01m[KsplineCP_[m[Kâ€™ was not declared in this scope
[4.991s]   260 |         [01;31m[KsplineCP_[m[K.clear();
[4.991s]       |         [01;31m[K^~~~~~~~~[m[K
[5.004s] [01m[K/home/gaga/sad_ws/src/sad_pkg/src/path_node.cpp:261:30:[m[K [01;31m[Kerror: [m[Kâ€˜[01m[Kbest_path_[m[Kâ€™ was not declared in this scope
[5.004s]   261 |         for (const auto &p : [01;31m[Kbest_path_[m[K) {
[5.004s]       |                              [01;31m[K^~~~~~~~~~[m[K
[5.017s] [01m[K/home/gaga/sad_ws/src/sad_pkg/src/path_node.cpp:266:9:[m[K [01;31m[Kerror: [m[Kâ€˜[01m[KorientationCP_[m[Kâ€™ was not declared in this scope
[5.017s]   266 |         [01;31m[KorientationCP_[m[K.clear();
[5.017s]       |         [01;31m[K^~~~~~~~~~~~~~[m[K
[5.029s] [01m[K/home/gaga/sad_ws/src/sad_pkg/src/path_node.cpp:269:32:[m[K [01;31m[Kerror: [m[Kâ€˜[01m[Kbest_path_[m[Kâ€™ was not declared in this scope
[5.029s]   269 |         for (size_t i = 0; i < [01;31m[Kbest_path_[m[K.size(); ++i) {
[5.030s]       |                                [01;31m[K^~~~~~~~~~[m[K
[5.039s] [01m[K/home/gaga/sad_ws/src/sad_pkg/src/path_node.cpp:273:9:[m[K [01;31m[Kerror: [m[Kâ€˜[01m[KsplineDegree_[m[Kâ€™ was not declared in this scope
[5.039s]   273 |         [01;31m[KsplineDegree_[m[K = 3;
[5.039s]       |         [01;31m[K^~~~~~~~~~~~~[m[K
[5.044s] [01m[K/home/gaga/sad_ws/src/sad_pkg/src/path_node.cpp:274:9:[m[K [01;31m[Kerror: [m[Kâ€˜[01m[KbuildKnots[m[Kâ€™ was not declared in this scope
[5.044s]   274 |         [01;31m[KbuildKnots[m[K();
[5.044s]       |         [01;31m[K^~~~~~~~~~[m[K
[5.052s] [01m[K/home/gaga/sad_ws/src/sad_pkg/src/path_node.cpp:[m[K In function â€˜[01m[Kvoid publishMarkers()[m[Kâ€™:
[5.052s] [01m[K/home/gaga/sad_ws/src/sad_pkg/src/path_node.cpp:285:32:[m[K [01;31m[Kerror: [m[Kâ€˜[01m[Know[m[Kâ€™ was not declared in this scope; did you mean â€˜[01m[Kpow[m[Kâ€™?
[5.052s]   285 |         tree.header.stamp    = [01;31m[Know[m[K();
[5.052s]       |                                [01;31m[K^~~[m[K
[5.052s]       |                                [32m[Kpow[m[K
[5.058s] [01m[K/home/gaga/sad_ws/src/sad_pkg/src/path_node.cpp:293:32:[m[K [01;31m[Kerror: [m[Kâ€˜[01m[Knodes_[m[Kâ€™ was not declared in this scope
[5.058s]   293 |         for (size_t i = 1; i < [01;31m[Knodes_[m[K.size(); ++i) {
[5.058s]       |                                [01;31m[K^~~~~~[m[K
[5.065s] [01m[K/home/gaga/sad_ws/src/sad_pkg/src/path_node.cpp:310:31:[m[K [01;31m[Kerror: [m[Kâ€˜[01m[Kbest_path_[m[Kâ€™ was not declared in this scope
[5.065s]   310 |         for (const auto &pt : [01;31m[Kbest_path_[m[K) {
[5.065s]       |                               [01;31m[K^~~~~~~~~~[m[K
[5.073s] [01m[K/home/gaga/sad_ws/src/sad_pkg/src/path_node.cpp:316:30:[m[K [01;31m[Kerror: [m[Kâ€˜[01m[KsplineCP_[m[Kâ€™ was not declared in this scope
[5.073s]   316 |         if (static_cast<int>([01;31m[KsplineCP_[m[K.size()) >= splineDegree_ + 1) {
[5.073s]       |                              [01;31m[K^~~~~~~~~[m[K
[5.079s] [01m[K/home/gaga/sad_ws/src/sad_pkg/src/path_node.cpp:316:51:[m[K [01;31m[Kerror: [m[Kâ€˜[01m[KsplineDegree_[m[Kâ€™ was not declared in this scope
[5.080s]   316 |         if (static_cast<int>(splineCP_.size()) >= [01;31m[KsplineDegree_[m[K + 1) {
[5.080s]       |                                                   [01;31m[K^~~~~~~~~~~~~[m[K
[5.087s] [01m[K/home/gaga/sad_ws/src/sad_pkg/src/path_node.cpp:327:25:[m[K [01;31m[Kerror: [m[Kâ€˜[01m[Kknots_[m[Kâ€™ was not declared in this scope
[5.087s]   327 |             double t0 = [01;31m[Kknots_[m[K[splineDegree_];
[5.087s]       |                         [01;31m[K^~~~~~[m[K
[5.102s] [01m[K/home/gaga/sad_ws/src/sad_pkg/src/path_node.cpp:330:38:[m[K [01;31m[Kerror: [m[Kâ€˜[01m[Kinterpolate[m[Kâ€™ was not declared in this scope
[5.102s]   330 |                 Eigen::Vector3d pi = [01;31m[Kinterpolate[m[K(t);
[5.102s]       |                                      [01;31m[K^~~~~~~~~~~[m[K
[5.114s] [01m[K/home/gaga/sad_ws/src/sad_pkg/src/path_node.cpp:337:9:[m[K [01;31m[Kerror: [m[Kâ€˜[01m[Kmarker_pub_[m[Kâ€™ was not declared in this scope
[5.114s]   337 |         [01;31m[Kmarker_pub_[m[K->publish(ma);
[5.114s]       |         [01;31m[K^~~~~~~~~~~[m[K
[5.129s] [01m[K/home/gaga/sad_ws/src/sad_pkg/src/path_node.cpp:[m[K In function â€˜[01m[Kint nearestNode(const Point&)[m[Kâ€™:
[5.129s] [01m[K/home/gaga/sad_ws/src/sad_pkg/src/path_node.cpp:355:32:[m[K [01;31m[Kerror: [m[Kâ€˜[01m[Knodes_[m[Kâ€™ was not declared in this scope
[5.129s]   355 |         for (size_t i = 0; i < [01;31m[Knodes_[m[K.size(); ++i) {
[5.129s]       |                                [01;31m[K^~~~~~[m[K
[5.140s] [01m[K/home/gaga/sad_ws/src/sad_pkg/src/path_node.cpp:[m[K In function â€˜[01m[Kstd::vector<int> nearNodes(const Point&, double)[m[Kâ€™:
[5.140s] [01m[K/home/gaga/sad_ws/src/sad_pkg/src/path_node.cpp:364:32:[m[K [01;31m[Kerror: [m[Kâ€˜[01m[Knodes_[m[Kâ€™ was not declared in this scope
[5.140s]   364 |         for (size_t i = 0; i < [01;31m[Knodes_[m[K.size(); ++i) {
[5.141s]       |                                [01;31m[K^~~~~~[m[K
[5.150s] [01m[K/home/gaga/sad_ws/src/sad_pkg/src/path_node.cpp:[m[K In function â€˜[01m[Kbool collision(const Point&, const Point&)[m[Kâ€™:
[5.150s] [01m[K/home/gaga/sad_ws/src/sad_pkg/src/path_node.cpp:392:26:[m[K [01;31m[Kerror: [m[Kâ€˜[01m[Kobstacles_[m[Kâ€™ was not declared in this scope; did you mean â€˜[01m[Kobstack[m[Kâ€™?
[5.150s]   392 |         for (auto &obs : [01;31m[Kobstacles_[m[K) {
[5.150s]       |                          [01;31m[K^~~~~~~~~~[m[K
[5.150s]       |                          [32m[Kobstack[m[K
[5.156s] [01m[K/home/gaga/sad_ws/src/sad_pkg/src/path_node.cpp:[m[K In function â€˜[01m[Kvoid reconstructPath(int)[m[Kâ€™:
[5.156s] [01m[K/home/gaga/sad_ws/src/sad_pkg/src/path_node.cpp:414:9:[m[K [01;31m[Kerror: [m[Kâ€˜[01m[Kbest_path_[m[Kâ€™ was not declared in this scope
[5.157s]   414 |         [01;31m[Kbest_path_[m[K.clear();
[5.157s]       |         [01;31m[K^~~~~~~~~~[m[K
[5.162s] [01m[K/home/gaga/sad_ws/src/sad_pkg/src/path_node.cpp:415:39:[m[K [01;31m[Kerror: [m[Kâ€˜[01m[Knodes_[m[Kâ€™ was not declared in this scope
[5.162s]   415 |         for (int i = idx; i >= 0; i = [01;31m[Knodes_[m[K[i].parent) {
[5.162s]       |                                       [01;31m[K^~~~~~[m[K
[5.168s] [01m[K/home/gaga/sad_ws/src/sad_pkg/src/path_node.cpp:[m[K In function â€˜[01m[Kdouble basis(int, int, double)[m[Kâ€™:
[5.169s] [01m[K/home/gaga/sad_ws/src/sad_pkg/src/path_node.cpp:423:34:[m[K [01;31m[Kerror: [m[Kâ€˜[01m[Kknots_[m[Kâ€™ was not declared in this scope
[5.169s]   423 |         if (k == 0) return (t >= [01;31m[Kknots_[m[K[i] && t < knots_[i+1]) ? 1.0 : 0.0;
[5.169s]       |                                  [01;31m[K^~~~~~[m[K
[5.174s] [01m[K/home/gaga/sad_ws/src/sad_pkg/src/path_node.cpp:424:21:[m[K [01;31m[Kerror: [m[Kâ€˜[01m[Kknots_[m[Kâ€™ was not declared in this scope
[5.174s]   424 |         double d1 = [01;31m[Kknots_[m[K[i+k]   - knots_[i];
[5.174s]       |                     [01;31m[K^~~~~~[m[K
[5.182s] [01m[K/home/gaga/sad_ws/src/sad_pkg/src/path_node.cpp:[m[K In function â€˜[01m[Kvoid buildKnots()[m[Kâ€™:
[5.183s] [01m[K/home/gaga/sad_ws/src/sad_pkg/src/path_node.cpp:432:34:[m[K [01;31m[Kerror: [m[Kâ€˜[01m[KsplineCP_[m[Kâ€™ was not declared in this scope
[5.183s]   432 |         int n = static_cast<int>([01;31m[KsplineCP_[m[K.size()), k = splineDegree_;
[5.183s]       |                                  [01;31m[K^~~~~~~~~[m[K
[5.193s] [01m[K/home/gaga/sad_ws/src/sad_pkg/src/path_node.cpp:433:9:[m[K [01;31m[Kerror: [m[Kâ€˜[01m[Kknots_[m[Kâ€™ was not declared in this scope
[5.193s]   433 |         [01;31m[Kknots_[m[K.resize(n + k + 1);
[5.193s]       |         [01;31m[K^~~~~~[m[K
[5.203s] [01m[K/home/gaga/sad_ws/src/sad_pkg/src/path_node.cpp:433:27:[m[K [01;31m[Kerror: [m[Kâ€˜[01m[Kk[m[Kâ€™ was not declared in this scope
[5.203s]   433 |         knots_.resize(n + [01;31m[Kk[m[K + 1);
[5.203s]       |                           [01;31m[K^[m[K
[5.211s] [01m[K/home/gaga/sad_ws/src/sad_pkg/src/path_node.cpp:[m[K In function â€˜[01m[KEigen::Vector3d interpolate(double)[m[Kâ€™:
[5.211s] [01m[K/home/gaga/sad_ws/src/sad_pkg/src/path_node.cpp:441:34:[m[K [01;31m[Kerror: [m[Kâ€˜[01m[KsplineCP_[m[Kâ€™ was not declared in this scope
[5.211s]   441 |         int n = static_cast<int>([01;31m[KsplineCP_[m[K.size()) - 1, k = splineDegree_;
[5.211s]       |                                  [01;31m[K^~~~~~~~~[m[K
[5.221s] [01m[K/home/gaga/sad_ws/src/sad_pkg/src/path_node.cpp:443:27:[m[K [01;31m[Kerror: [m[Kâ€˜[01m[Kk[m[Kâ€™ was not declared in this scope
[5.222s]   443 |             p += basis(i, [01;31m[Kk[m[K, t) * splineCP_[i];
[5.222s]       |                           [01;31m[K^[m[K
[5.234s] [01m[K/home/gaga/sad_ws/src/sad_pkg/src/path_node.cpp:[m[K In function â€˜[01m[KEigen::Vector3d interpolateOrientation(double)[m[Kâ€™:
[5.234s] [01m[K/home/gaga/sad_ws/src/sad_pkg/src/path_node.cpp:455:34:[m[K [01;31m[Kerror: [m[Kâ€˜[01m[KorientationCP_[m[Kâ€™ was not declared in this scope
[5.234s]   455 |         int m = static_cast<int>([01;31m[KorientationCP_[m[K.size()) - 1;
[5.234s]       |                                  [01;31m[K^~~~~~~~~~~~~~[m[K
[5.241s] [01m[K/home/gaga/sad_ws/src/sad_pkg/src/path_node.cpp:456:17:[m[K [01;31m[Kerror: [m[Kâ€˜[01m[KsplineDegree_[m[Kâ€™ was not declared in this scope
[5.241s]   456 |         int k = [01;31m[KsplineDegree_[m[K;
[5.241s]       |                 [01;31m[K^~~~~~~~~~~~~[m[K
[5.257s] [01m[K/home/gaga/sad_ws/src/sad_pkg/src/path_node.cpp:[m[K At global scope:
[5.257s] [01m[K/home/gaga/sad_ws/src/sad_pkg/src/path_node.cpp:482:1:[m[K [01;31m[Kerror: [m[Kexpected declaration before â€˜[01m[K}[m[Kâ€™ token
[5.257s]   482 | [01;31m[K}[m[K;
[5.257s]       | [01;31m[K^[m[K
[9.204s] gmake[2]: *** [CMakeFiles/path_node.dir/build.make:76: CMakeFiles/path_node.dir/src/path_node.cpp.o] Error 1
[9.205s] gmake[1]: *** [CMakeFiles/Makefile2:279: CMakeFiles/path_node.dir/all] Error 2
[9.205s] gmake: *** [Makefile:146: all] Error 2
[9.208s] Invoked command in '/home/gaga/sad_ws/build/sad_pkg' returned '2': CMAKE_PREFIX_PATH=/home/gaga/sad_ws/install/my_vision_msgs:/home/gaga/sad_ws/install:/home/gaga/sad_ws/install/sad_pkg:/home/gaga/sad_ws/install/mani_urdf:/home/gaga/turtlebot3_ws/install/turtlebot3:/home/gaga/turtlebot3_ws/install/turtlebot3_simulations:/home/gaga/turtlebot3_ws/install/turtlebot3_bringup:/home/gaga/turtlebot3_ws/install/turtlebot3_node:/home/gaga/turtlebot3_ws/install/turtlebot3_navigation2:/home/gaga/turtlebot3_ws/install/turtlebot3_fake_node:/home/gaga/turtlebot3_ws/install/robot_master:/home/gaga/turtlebot3_ws/install/turtlebot3_msgs:/home/gaga/turtlebot3_ws/install/turtlebot3_gazebo:/home/gaga/turtlebot3_ws/install/turtlebot3_description:/home/gaga/turtlebot3_ws/install/turtlebot3_cartographer:/home/gaga/turtlebot3_ws/install/robot_vision:/home/gaga/turtlebot3_ws/install/robot_navigation:/home/gaga/turtlebot3_ws/install/robot_msgs:/home/gaga/turtlebot3_ws/install/dynamixel_sdk_examples:/home/gaga/turtlebot3_ws/install/dynamixel_sdk_custom_interfaces:/home/gaga/turtlebot3_ws/install/dynamixel_sdk:/home/gaga/ssibal_ws/install/robot_msgs:/home/gaga/sad_ws/src/install/sad_pkg:/home/gaga/sad_ws/src/install/vision_msgs:/home/gaga/sad_ws/src/install/my_vision_msgs:/home/gaga/sad_ws/src/install/mani_urdf:/home/gaga/robotprograming_ws/install/rp_pkg:/home/gaga/sad_ws/src/sad_pkg/install/sad_pkg:/home/gaga/turtlebot3_ws/install/turtlebot3_teleop:/home/gaga/turtlebot3_ws/install/turtlebot3_example:/opt/ros/humble /usr/bin/cmake --build /home/gaga/sad_ws/build/sad_pkg -- -j20 -l20
