[35m[1mConsolidate compiler generated dependencies of target Inverse_node[0m
[ 28%] Built target path_node
[ 28%] Built target map_node
[ 42%] Built target rrt_node
[ 57%] Built target forward_node
[ 71%] Built target obstacle_node
[ 92%] Built target spline_node
[ 92%] [32mBuilding CXX object CMakeFiles/Inverse_node.dir/src/Inverse_node.cpp.o[0m
[01m[K/home/gaga/sad_ws/src/sad_pkg/src/Inverse_node.cpp:[m[K In member function â€˜[01m[Kvoid ManipulatorNode::timer_callback()[m[Kâ€™:
[01m[K/home/gaga/sad_ws/src/sad_pkg/src/Inverse_node.cpp:274:9:[m[K [01;31m[Kerror: [m[Kâ€˜[01m[Kidx_[m[Kâ€™ was not declared in this scope
  274 |     if ([01;31m[Kidx_[m[K >= path_poses_.size()) {
      |         [01;31m[K^~~~[m[K
[01m[K/home/gaga/sad_ws/src/sad_pkg/src/Inverse_node.cpp:295:19:[m[K [01;31m[Kerror: [m[Kâ€˜[01m[Kidx_[m[Kâ€™ was not declared in this scope
  295 |       path_poses_[[01;31m[Kidx_[m[K].position.x,
      |                   [01;31m[K^~~~[m[K
[01m[K/home/gaga/sad_ws/src/sad_pkg/src/Inverse_node.cpp:[m[K In member function â€˜[01m[Kvoid ManipulatorNode::path_callback(geometry_msgs::msg::PoseArray_<std::allocator<void> >::SharedPtr)[m[Kâ€™:
[01m[K/home/gaga/sad_ws/src/sad_pkg/src/Inverse_node.cpp:421:5:[m[K [01;31m[Kerror: [m[Kâ€˜[01m[Kidx_[m[Kâ€™ was not declared in this scope
  421 |     [01;31m[Kidx_[m[K = 0;
      |     [01;31m[K^~~~[m[K
gmake[2]: *** [CMakeFiles/Inverse_node.dir/build.make:76: CMakeFiles/Inverse_node.dir/src/Inverse_node.cpp.o] Error 1
gmake[1]: *** [CMakeFiles/Makefile2:305: CMakeFiles/Inverse_node.dir/all] Error 2
gmake: *** [Makefile:146: all] Error 2
