[35m[1mConsolidate compiler generated dependencies of target path_test_node[0m
[35m[1mConsolidate compiler generated dependencies of target obstacle_node[0m
[ 10%] Built target forward_node
[ 25%] Built target path_node
[ 30%] Built target map_node
[ 40%] Built target rrt_node
[ 50%] Built target obstacle_node
[ 60%] Built target real_inverse_node
[ 70%] Built target Inverse_node
[ 75%] [32mBuilding CXX object CMakeFiles/motor_node.dir/src/motor_node.cpp.o[0m
[ 85%] Built target spline_node
[ 95%] Built target path_test_node
[01m[K/home/gaga/sad_ws/src/sad_pkg/src/motor_node.cpp:9:10:[m[K [01;31m[Kfatal error: [m[Kstd_srvs/srv/trigger.hpp: No such file or directory
    9 | #include [01;31m[K"std_srvs/srv/trigger.hpp"[m[K
      |          [01;31m[K^~~~~~~~~~~~~~~~~~~~~~~~~~[m[K
compilation terminated.
gmake[2]: *** [CMakeFiles/motor_node.dir/build.make:76: CMakeFiles/motor_node.dir/src/motor_node.cpp.o] Error 1
gmake[1]: *** [CMakeFiles/Makefile2:389: CMakeFiles/motor_node.dir/all] Error 2
gmake: *** [Makefile:146: all] Error 2
