[35m[1mConsolidate compiler generated dependencies of target path_node[0m
[35m[1mConsolidate compiler generated dependencies of target Inverse_node[0m
[ 71%] Built target rrt_node
[ 71%] Built target forward_node
[ 71%] Built target obstacle_node
[ 71%] Built target map_node
[ 71%] Built target spline_node
[ 85%] Built target path_node
[ 92%] [32mBuilding CXX object CMakeFiles/Inverse_node.dir/src/Inverse_node.cpp.o[0m
[01m[K/home/gaga/sad_ws/src/sad_pkg/src/Inverse_node.cpp:349:10:[m[K [01;31m[Kerror: [m[Kâ€˜[01m[Kvoid ManipulatorNode::timerCallback()[m[Kâ€™ cannot be overloaded with â€˜[01m[Kvoid ManipulatorNode::timerCallback()[m[Kâ€™
  349 |     void [01;31m[KtimerCallback[m[K() {
      |          [01;31m[K^~~~~~~~~~~~~[m[K
[01m[K/home/gaga/sad_ws/src/sad_pkg/src/Inverse_node.cpp:260:10:[m[K [01;36m[Knote: [m[Kprevious declaration â€˜[01m[Kvoid ManipulatorNode::timerCallback()[m[Kâ€™
  260 |     void [01;36m[KtimerCallback[m[K() {
      |          [01;36m[K^~~~~~~~~~~~~[m[K
gmake[2]: *** [CMakeFiles/Inverse_node.dir/build.make:76: CMakeFiles/Inverse_node.dir/src/Inverse_node.cpp.o] Error 1
gmake[1]: *** [CMakeFiles/Makefile2:305: CMakeFiles/Inverse_node.dir/all] Error 2
gmake: *** [Makefile:146: all] Error 2
