[35m[1mConsolidate compiler generated dependencies of target Inverse_node[0m
[ 78%] Built target map_node
[ 78%] [32mBuilding CXX object CMakeFiles/path_node.dir/src/path_node.cpp.o[0m
[ 78%] Built target spline_node
[ 78%] Built target rrt_node
[ 78%] Built target forward_node
[ 78%] Built target obstacle_node
[ 85%] [32mBuilding CXX object CMakeFiles/Inverse_node.dir/src/Inverse_node.cpp.o[0m
[01m[K/home/gaga/sad_ws/src/sad_pkg/src/path_node.cpp:[m[K In constructor â€˜[01m[KRSNode::RSNode()[m[Kâ€™:
[01m[K/home/gaga/sad_ws/src/sad_pkg/src/path_node.cpp:48:40:[m[K [01;31m[Kerror: [m[Kâ€˜[01m[KpublishMarkers[m[Kâ€™ is not a member of â€˜[01m[KRSNode[m[Kâ€™
   48 |             1000ms, std::bind(&RSNode::[01;31m[KpublishMarkers[m[K, this)
      |                                        [01;31m[K^~~~~~~~~~~~~~[m[K
[01m[K/home/gaga/sad_ws/src/sad_pkg/src/path_node.cpp:52:18:[m[K [01;31m[Kerror: [m[Kâ€˜[01m[KmakePoint[m[Kâ€™ was not declared in this scope
   52 |         start_ = [01;31m[KmakePoint[m[K(0.1435, 0.0, 0.976);
      |                  [01;31m[K^~~~~~~~~[m[K
[01m[K/home/gaga/sad_ws/src/sad_pkg/src/path_node.cpp:[m[K In member function â€˜[01m[Kvoid RSNode::obstacleCallback(my_vision_msgs::msg::HarvestOrdering_<std::allocator<void> >::SharedPtr)[m[Kâ€™:
[01m[K/home/gaga/sad_ws/src/sad_pkg/src/path_node.cpp:74:23:[m[K [01;31m[Kerror: [m[Kâ€˜[01m[KmakePoint[m[Kâ€™ was not declared in this scope
   74 |             auto pt = [01;31m[KmakePoint[m[K(obj.x, obj.y, obj.z);
      |                       [01;31m[K^~~~~~~~~[m[K
[01m[K/home/gaga/sad_ws/src/sad_pkg/src/path_node.cpp:82:13:[m[K [01;31m[Kerror: [m[Kâ€˜[01m[KplanRRTstar[m[Kâ€™ was not declared in this scope
   82 |             [01;31m[KplanRRTstar[m[K();
      |             [01;31m[K^~~~~~~~~~~[m[K
[01m[K/home/gaga/sad_ws/src/sad_pkg/src/path_node.cpp:[m[K In member function â€˜[01m[Kvoid RSNode::publishPoseAndOrientation()[m[Kâ€™:
[01m[K/home/gaga/sad_ws/src/sad_pkg/src/path_node.cpp:124:37:[m[K [01;31m[Kerror: [m[Kâ€˜[01m[KinterpolateOrientation[m[Kâ€™ was not declared in this scope
  124 |             Eigen::Vector3d euler = [01;31m[KinterpolateOrientation[m[K(t);
      |                                     [01;31m[K^~~~~~~~~~~~~~~~~~~~~~[m[K
[01m[K/home/gaga/sad_ws/src/sad_pkg/src/Inverse_node.cpp:[m[K In member function â€˜[01m[Kvoid ManipulatorNode::timerCallback()[m[Kâ€™:
[01m[K/home/gaga/sad_ws/src/sad_pkg/src/Inverse_node.cpp:353:45:[m[K [01;31m[Kerror: [m[Kno matching function for call to â€˜[01m[KManipulatorNode::computeFeedbackVelocity(Eigen::Vector3d&, const Eigen::CwiseBinaryOp<Eigen::internal::scalar_product_op<double, double>, const Eigen::Matrix<double, 3, 1>, const Eigen::CwiseNullaryOp<Eigen::internal::scalar_constant_op<double>, const Eigen::Matrix<double, 3, 1> > >)[m[Kâ€™
  353 |     VectorXd q_dot = [01;31m[KcomputeFeedbackVelocity(position_error, axis * angle_rad)[m[K;
      |                      [01;31m[K~~~~~~~~~~~~~~~~~~~~~~~^~~~~~~~~~~~~~~~~~~~~~~~~~~~~~~~~~[m[K
[01m[K/home/gaga/sad_ws/src/sad_pkg/src/Inverse_node.cpp:403:14:[m[K [01;36m[Knote: [m[Kcandidate: â€˜[01m[KEigen::VectorXd ManipulatorNode::computeFeedbackVelocity(const Vector3d&, const Vector3d&, const Vector3d&)[m[Kâ€™
  403 |     VectorXd [01;36m[KcomputeFeedbackVelocity[m[K(const Vector3d &u_d, const Vector3d &u, const Vector3d &u_dot_d)
      |              [01;36m[K^~~~~~~~~~~~~~~~~~~~~~~[m[K
[01m[K/home/gaga/sad_ws/src/sad_pkg/src/Inverse_node.cpp:403:14:[m[K [01;36m[Knote: [m[K  candidate expects 3 arguments, 2 provided
gmake[2]: *** [CMakeFiles/path_node.dir/build.make:76: CMakeFiles/path_node.dir/src/path_node.cpp.o] Error 1
gmake[1]: *** [CMakeFiles/Makefile2:279: CMakeFiles/path_node.dir/all] Error 2
gmake[1]: *** Waiting for unfinished jobs....
gmake[2]: *** [CMakeFiles/Inverse_node.dir/build.make:76: CMakeFiles/Inverse_node.dir/src/Inverse_node.cpp.o] Error 1
gmake[1]: *** [CMakeFiles/Makefile2:305: CMakeFiles/Inverse_node.dir/all] Error 2
gmake: *** [Makefile:146: all] Error 2
