[0.022s] Invoking command in '/home/gaga/sad_ws/build/sad_pkg': CMAKE_PREFIX_PATH=/home/gaga/sad_ws/install/my_vision_msgs:/home/gaga/sad_ws/install:/home/gaga/sad_ws/install/sad_pkg:/home/gaga/sad_ws/install/mani_urdf:/home/gaga/turtlebot3_ws/install/turtlebot3:/home/gaga/turtlebot3_ws/install/turtlebot3_simulations:/home/gaga/turtlebot3_ws/install/turtlebot3_bringup:/home/gaga/turtlebot3_ws/install/turtlebot3_node:/home/gaga/turtlebot3_ws/install/turtlebot3_navigation2:/home/gaga/turtlebot3_ws/install/turtlebot3_fake_node:/home/gaga/turtlebot3_ws/install/robot_master:/home/gaga/turtlebot3_ws/install/turtlebot3_msgs:/home/gaga/turtlebot3_ws/install/turtlebot3_gazebo:/home/gaga/turtlebot3_ws/install/turtlebot3_description:/home/gaga/turtlebot3_ws/install/turtlebot3_cartographer:/home/gaga/turtlebot3_ws/install/robot_vision:/home/gaga/turtlebot3_ws/install/robot_navigation:/home/gaga/turtlebot3_ws/install/robot_msgs:/home/gaga/turtlebot3_ws/install/dynamixel_sdk_examples:/home/gaga/turtlebot3_ws/install/dynamixel_sdk_custom_interfaces:/home/gaga/turtlebot3_ws/install/dynamixel_sdk:/home/gaga/ssibal_ws/install/robot_msgs:/home/gaga/sad_ws/src/install/sad_pkg:/home/gaga/sad_ws/src/install/vision_msgs:/home/gaga/sad_ws/src/install/my_vision_msgs:/home/gaga/sad_ws/src/install/mani_urdf:/home/gaga/robotprograming_ws/install/rp_pkg:/home/gaga/rrt_ws/install/spline_interpolation:/home/gaga/rrt_ws/install/rrt_visualization:/home/gaga/rrt_ws/install/rrt_spline_pkg:/home/gaga/rrt_ws/install/my_rrt_pkg:/home/gaga/rrt_ws/install/mani_pkg:/home/gaga/turtlebot3_ws/install/turtlebot3_teleop:/home/gaga/turtlebot3_ws/install/turtlebot3_example:/opt/ros/humble /usr/bin/cmake --build /home/gaga/sad_ws/build/sad_pkg -- -j20 -l20
[0.117s] [35m[1mConsolidate compiler generated dependencies of target path_node[0m
[0.131s] [ 42%] Built target rrt_node
[0.132s] [ 42%] Built target forward_node
[0.132s] [ 42%] Built target spline_node
[0.132s] [ 64%] Built target map_node
[0.132s] [ 71%] Built target obstacle_node
[0.147s] [ 85%] Built target Inverse_node
[0.154s] [ 92%] [32mBuilding CXX object CMakeFiles/path_node.dir/src/path_node.cpp.o[0m
[0.347s] In file included from [01m[K/home/gaga/sad_ws/src/sad_pkg/src/path_node.cpp:11[m[K:
[0.347s] [01m[K/opt/ros/humble/include/tf2_geometry_msgs/tf2_geometry_msgs/tf2_geometry_msgs.h:35:2:[m[K [01;35m[Kwarning: [m[K#warning This header is obsolete, please include tf2_geometry_msgs/tf2_geometry_msgs.hpp instead [[01;35m[K]8;;https://gcc.gnu.org/onlinedocs/gcc/Warning-Options.html#index-Wcpp-Wcpp]8;;[m[K]
[0.347s]    35 | #[01;35m[Kwarning[m[K This header is obsolete, please include tf2_geometry_msgs/tf2_geometry_msgs.hpp instead
[0.347s]       |  [01;35m[K^~~~~~~[m[K
[3.672s] [01m[K/home/gaga/sad_ws/src/sad_pkg/src/path_node.cpp:393:2:[m[K [01;31m[Kerror: [m[Kexpected â€˜[01m[K}[m[Kâ€™ at end of input
[3.672s]   393 | }
[3.673s]       |  [01;31m[K^[m[K
[3.673s] [01m[K/home/gaga/sad_ws/src/sad_pkg/src/path_node.cpp:29:36:[m[K [01;36m[Knote: [m[Kto match this â€˜[01m[K{[m[Kâ€™
[3.673s]    29 | class RSNode : public rclcpp::Node [01;36m[K{[m[K
[3.673s]       |                                    [01;36m[K^[m[K
[3.673s] [01m[K/home/gaga/sad_ws/src/sad_pkg/src/path_node.cpp:[m[K In constructor â€˜[01m[KRSNode::RSNode()[m[Kâ€™:
[3.674s] [01m[K/home/gaga/sad_ws/src/sad_pkg/src/path_node.cpp:33:7:[m[K [01;31m[Kerror: [m[Kclass â€˜[01m[KRSNode[m[Kâ€™ does not have any field named â€˜[01m[Kgen_[m[Kâ€™
[3.674s]    33 |       [01;31m[Kgen_[m[K(42),              // ë‚œìˆ˜ ìƒì„±ê¸° ì‹œë“œ ê³ ì •
[3.674s]       |       [01;31m[K^~~~[m[K
[3.674s] [01m[K/home/gaga/sad_ws/src/sad_pkg/src/path_node.cpp:34:7:[m[K [01;31m[Kerror: [m[Kclass â€˜[01m[KRSNode[m[Kâ€™ does not have any field named â€˜[01m[Kfirst_plan_done_[m[Kâ€™
[3.674s]    34 |       [01;31m[Kfirst_plan_done_[m[K(false) // ìµœì´ˆ ì‹¤í–‰ ì—¬ë¶€ í”Œëž˜ê·¸
[3.674s]       |       [01;31m[K^~~~~~~~~~~~~~~~[m[K
[3.684s] [01m[K/home/gaga/sad_ws/src/sad_pkg/src/path_node.cpp:39:9:[m[K [01;31m[Kerror: [m[Kâ€˜[01m[Kobstacle_sub_[m[Kâ€™ was not declared in this scope
[3.684s]    39 |         [01;31m[Kobstacle_sub_[m[K = this->create_subscription<my_vision_msgs::msg::HarvestOrdering>(
[3.684s]       |         [01;31m[K^~~~~~~~~~~~~[m[K
[3.754s] [01m[K/home/gaga/sad_ws/src/sad_pkg/src/path_node.cpp:45:9:[m[K [01;31m[Kerror: [m[Kâ€˜[01m[Kmarker_pub_[m[Kâ€™ was not declared in this scope
[3.754s]    45 |         [01;31m[Kmarker_pub_[m[K = this->create_publisher<visualization_msgs::msg::MarkerArray>(
[3.754s]       |         [01;31m[K^~~~~~~~~~~[m[K
[3.766s] [01m[K/home/gaga/sad_ws/src/sad_pkg/src/path_node.cpp:50:9:[m[K [01;31m[Kerror: [m[Kâ€˜[01m[Kpath_pub_[m[Kâ€™ was not declared in this scope
[3.766s]    50 |         [01;31m[Kpath_pub_[m[K = this->create_publisher<geometry_msgs::msg::PoseArray>(
[3.766s]       |         [01;31m[K^~~~~~~~~[m[K
[3.775s] [01m[K/home/gaga/sad_ws/src/sad_pkg/src/path_node.cpp:55:9:[m[K [01;31m[Kerror: [m[Kâ€˜[01m[Ktimer_[m[Kâ€™ was not declared in this scope; did you mean â€˜[01m[Ktimer_t[m[Kâ€™?
[3.775s]    55 |         [01;31m[Ktimer_[m[K = this->create_wall_timer(
[3.775s]       |         [01;31m[K^~~~~~[m[K
[3.775s]       |         [32m[Ktimer_t[m[K
[3.790s] [01m[K/home/gaga/sad_ws/src/sad_pkg/src/path_node.cpp:60:9:[m[K [01;31m[Kerror: [m[Kâ€˜[01m[Kstart_[m[Kâ€™ was not declared in this scope
[3.790s]    60 |         [01;31m[Kstart_[m[K = makePoint(0.1435, 0.0, 0.976);
[3.790s]       |         [01;31m[K^~~~~~[m[K
[3.797s] [01m[K/home/gaga/sad_ws/src/sad_pkg/src/path_node.cpp:60:18:[m[K [01;31m[Kerror: [m[Kâ€˜[01m[KmakePoint[m[Kâ€™ was not declared in this scope
[3.797s]    60 |         start_ = [01;31m[KmakePoint[m[K(0.1435, 0.0, 0.976);
[3.797s]       |                  [01;31m[K^~~~~~~~~[m[K
[3.801s] [01m[K/home/gaga/sad_ws/src/sad_pkg/src/path_node.cpp:61:9:[m[K [01;31m[Kerror: [m[Kâ€˜[01m[Kgoal_[m[Kâ€™ was not declared in this scope
[3.801s]    61 |         [01;31m[Kgoal_[m[K  = makePoint(0.6,    0.0, 0.57);
[3.801s]       |         [01;31m[K^~~~~[m[K
[3.822s] [01m[K/home/gaga/sad_ws/src/sad_pkg/src/path_node.cpp:[m[K In member function â€˜[01m[Kvoid RSNode::obstacleCallback(my_vision_msgs::msg::HarvestOrdering_<std::allocator<void> >::SharedPtr)[m[Kâ€™:
[3.823s] [01m[K/home/gaga/sad_ws/src/sad_pkg/src/path_node.cpp:76:9:[m[K [01;31m[Kerror: [m[Kâ€˜[01m[Kobstacles_[m[Kâ€™ was not declared in this scope; did you mean â€˜[01m[Kobstack[m[Kâ€™?
[3.823s]    76 |         [01;31m[Kobstacles_[m[K.clear();
[3.823s]       |         [01;31m[K^~~~~~~~~~[m[K
[3.823s]       |         [32m[Kobstack[m[K
[3.837s] [01m[K/home/gaga/sad_ws/src/sad_pkg/src/path_node.cpp:78:23:[m[K [01;31m[Kerror: [m[Kâ€˜[01m[KmakePoint[m[Kâ€™ was not declared in this scope
[3.838s]    78 |             auto pt = [01;31m[KmakePoint[m[K(obj.x, obj.y, obj.z);
[3.838s]       |                       [01;31m[K^~~~~~~~~[m[K
[3.852s] [01m[K/home/gaga/sad_ws/src/sad_pkg/src/path_node.cpp:85:14:[m[K [01;31m[Kerror: [m[Kâ€˜[01m[Kfirst_plan_done_[m[Kâ€™ was not declared in this scope
[3.852s]    85 |         if (![01;31m[Kfirst_plan_done_[m[K) {
[3.852s]       |              [01;31m[K^~~~~~~~~~~~~~~~[m[K
[3.861s] [01m[K/home/gaga/sad_ws/src/sad_pkg/src/path_node.cpp:[m[K In member function â€˜[01m[Kvoid RSNode::planRRTstar()[m[Kâ€™:
[3.861s] [01m[K/home/gaga/sad_ws/src/sad_pkg/src/path_node.cpp:112:9:[m[K [01;31m[Kerror: [m[Kâ€˜[01m[Knodes_[m[Kâ€™ was not declared in this scope; did you mean â€˜[01m[KNode[m[Kâ€™?
[3.861s]   112 |         [01;31m[Knodes_[m[K.clear();
[3.861s]       |         [01;31m[K^~~~~~[m[K
[3.861s]       |         [32m[KNode[m[K
[3.867s] [01m[K/home/gaga/sad_ws/src/sad_pkg/src/path_node.cpp:113:28:[m[K [01;31m[Kerror: [m[Kâ€˜[01m[Kstart_[m[Kâ€™ was not declared in this scope
[3.867s]   113 |         nodes_.push_back({ [01;31m[Kstart_[m[K, -1, 0.0 });
[3.867s]       |                            [01;31m[K^~~~~~[m[K
[3.873s] [01m[K/home/gaga/sad_ws/src/sad_pkg/src/path_node.cpp:119:21:[m[K [01;31m[Kerror: [m[Kâ€˜[01m[Kgen_[m[Kâ€™ was not declared in this scope
[3.873s]   119 |                 (ub([01;31m[Kgen_[m[K) < goal_bias) ? goal_ : makePoint(ux(gen_), uy(gen_), uz(gen_));
[3.873s]       |                     [01;31m[K^~~~[m[K
[3.879s] [01m[K/home/gaga/sad_ws/src/sad_pkg/src/path_node.cpp:119:42:[m[K [01;31m[Kerror: [m[Kâ€˜[01m[Kgoal_[m[Kâ€™ was not declared in this scope
[3.879s]   119 |                 (ub(gen_) < goal_bias) ? [01;31m[Kgoal_[m[K : makePoint(ux(gen_), uy(gen_), uz(gen_));
[3.879s]       |                                          [01;31m[K^~~~~[m[K
[3.885s] [01m[K/home/gaga/sad_ws/src/sad_pkg/src/path_node.cpp:119:50:[m[K [01;31m[Kerror: [m[Kâ€˜[01m[KmakePoint[m[Kâ€™ was not declared in this scope
[3.885s]   119 |                 (ub(gen_) < goal_bias) ? goal_ : [01;31m[KmakePoint[m[K(ux(gen_), uy(gen_), uz(gen_));
[3.885s]       |                                                  [01;31m[K^~~~~~~~~[m[K
[3.893s] [01m[K/home/gaga/sad_ws/src/sad_pkg/src/path_node.cpp:121:23:[m[K [01;31m[Kerror: [m[Kâ€˜[01m[KnearestNode[m[Kâ€™ was not declared in this scope
[3.893s]   121 |             int nid = [01;31m[KnearestNode[m[K(rnd);
[3.893s]       |                       [01;31m[K^~~~~~~~~~~[m[K
[3.898s] [01m[K/home/gaga/sad_ws/src/sad_pkg/src/path_node.cpp:123:27:[m[K [01;31m[Kerror: [m[Kâ€˜[01m[Ksteer[m[Kâ€™ was not declared in this scope; did you mean â€˜[01m[Kstderr[m[Kâ€™?
[3.898s]   123 |             auto new_pt = [01;31m[Ksteer[m[K(nodes_[nid].point, rnd, step);
[3.898s]       |                           [01;31m[K^~~~~[m[K
[3.898s]       |                           [32m[Kstderr[m[K
[3.905s] [01m[K/home/gaga/sad_ws/src/sad_pkg/src/path_node.cpp:125:17:[m[K [01;31m[Kerror: [m[Kâ€˜[01m[Kcollision[m[Kâ€™ was not declared in this scope
[3.905s]   125 |             if ([01;31m[Kcollision[m[K(nodes_[nid].point, new_pt)) continue;
[3.905s]       |                 [01;31m[K^~~~~~~~~[m[K
[3.915s] [01m[K/home/gaga/sad_ws/src/sad_pkg/src/path_node.cpp:128:36:[m[K [01;31m[Kerror: [m[Kâ€˜[01m[Kdist[m[Kâ€™ was not declared in this scope
[3.915s]   128 |                 nodes_[nid].cost + [01;31m[Kdist[m[K(nodes_[nid].point, new_pt) };
[3.915s]       |                                    [01;31m[K^~~~[m[K
[3.924s] [01m[K/home/gaga/sad_ws/src/sad_pkg/src/path_node.cpp:130:25:[m[K [01;31m[Kerror: [m[Kâ€˜[01m[KnearNodes[m[Kâ€™ was not declared in this scope
[3.924s]   130 |             auto nbrs = [01;31m[KnearNodes[m[K(new_pt, radius);
[3.924s]       |                         [01;31m[K^~~~~~~~~[m[K
[3.934s] [01m[K/home/gaga/sad_ws/src/sad_pkg/src/path_node.cpp:133:22:[m[K [01;31m[Kerror: [m[Kâ€˜[01m[Kcollision[m[Kâ€™ was not declared in this scope
[3.934s]   133 |                 if (![01;31m[Kcollision[m[K(nodes_[j].point, new_pt) && c < new_node.cost) {
[3.934s]       |                      [01;31m[K^~~~~~~~~[m[K
[3.945s] [01m[K/home/gaga/sad_ws/src/sad_pkg/src/path_node.cpp:143:22:[m[K [01;31m[Kerror: [m[Kâ€˜[01m[Kcollision[m[Kâ€™ was not declared in this scope
[3.945s]   143 |                 if (![01;31m[Kcollision[m[K(new_pt, nodes_[j].point) && c2 < nodes_[j].cost) {
[3.945s]       |                      [01;31m[K^~~~~~~~~[m[K
[3.952s] [01m[K/home/gaga/sad_ws/src/sad_pkg/src/path_node.cpp:151:31:[m[K [01;31m[Kerror: [m[Kâ€˜[01m[Kgoal_[m[Kâ€™ was not declared in this scope
[3.952s]   151 |         int gid = nearestNode([01;31m[Kgoal_[m[K);
[3.952s]       |                               [01;31m[K^~~~~[m[K
[3.959s] [01m[K/home/gaga/sad_ws/src/sad_pkg/src/path_node.cpp:151:19:[m[K [01;31m[Kerror: [m[Kâ€˜[01m[KnearestNode[m[Kâ€™ was not declared in this scope
[3.959s]   151 |         int gid = [01;31m[KnearestNode[m[K(goal_);
[3.959s]       |                   [01;31m[K^~~~~~~~~~~[m[K
[3.966s] [01m[K/home/gaga/sad_ws/src/sad_pkg/src/path_node.cpp:152:14:[m[K [01;31m[Kerror: [m[Kâ€˜[01m[Kcollision[m[Kâ€™ was not declared in this scope
[3.966s]   152 |         if (![01;31m[Kcollision[m[K(nodes_[gid].point, goal_)) {
[3.966s]       |              [01;31m[K^~~~~~~~~[m[K
[3.972s] [01m[K/home/gaga/sad_ws/src/sad_pkg/src/path_node.cpp:154:36:[m[K [01;31m[Kerror: [m[Kâ€˜[01m[Kdist[m[Kâ€™ was not declared in this scope
[3.972s]   154 |                 nodes_[gid].cost + [01;31m[Kdist[m[K(nodes_[gid].point, goal_) };
[3.972s]       |                                    [01;31m[K^~~~[m[K
[3.980s] [01m[K/home/gaga/sad_ws/src/sad_pkg/src/path_node.cpp:156:13:[m[K [01;31m[Kerror: [m[Kâ€˜[01m[KreconstructPath[m[Kâ€™ was not declared in this scope
[3.980s]   156 |             [01;31m[KreconstructPath[m[K(nodes_.size() - 1);
[3.980s]       |             [01;31m[K^~~~~~~~~~~~~~~[m[K
[3.988s] [01m[K/home/gaga/sad_ws/src/sad_pkg/src/path_node.cpp:158:13:[m[K [01;31m[Kerror: [m[Kâ€˜[01m[KreconstructPath[m[Kâ€™ was not declared in this scope
[3.988s]   158 |             [01;31m[KreconstructPath[m[K(nearestNode(goal_));
[3.988s]       |             [01;31m[K^~~~~~~~~~~~~~~[m[K
[3.995s] [01m[K/home/gaga/sad_ws/src/sad_pkg/src/path_node.cpp:163:9:[m[K [01;31m[Kerror: [m[Kâ€˜[01m[KsplineCP_[m[Kâ€™ was not declared in this scope
[3.996s]   163 |         [01;31m[KsplineCP_[m[K.clear();
[3.996s]       |         [01;31m[K^~~~~~~~~[m[K
[4.002s] [01m[K/home/gaga/sad_ws/src/sad_pkg/src/path_node.cpp:164:24:[m[K [01;31m[Kerror: [m[Kâ€˜[01m[Kbest_path_[m[Kâ€™ was not declared in this scope
[4.002s]   164 |         for (auto &p : [01;31m[Kbest_path_[m[K) {
[4.002s]       |                        [01;31m[K^~~~~~~~~~[m[K
[4.037s] [01m[K/home/gaga/sad_ws/src/sad_pkg/src/path_node.cpp:167:9:[m[K [01;31m[Kerror: [m[Kâ€˜[01m[KsplineDegree_[m[Kâ€™ was not declared in this scope
[4.037s]   167 |         [01;31m[KsplineDegree_[m[K = 3;
[4.037s]       |         [01;31m[K^~~~~~~~~~~~~[m[K
[4.049s] [01m[K/home/gaga/sad_ws/src/sad_pkg/src/path_node.cpp:168:9:[m[K [01;31m[Kerror: [m[Kâ€˜[01m[KbuildKnots[m[Kâ€™ was not declared in this scope
[4.049s]   168 |         [01;31m[KbuildKnots[m[K();
[4.049s]       |         [01;31m[K^~~~~~~~~~[m[K
[4.056s] [01m[K/home/gaga/sad_ws/src/sad_pkg/src/path_node.cpp:[m[K In member function â€˜[01m[Kvoid RSNode::publishMarkers()[m[Kâ€™:
[4.056s] [01m[K/home/gaga/sad_ws/src/sad_pkg/src/path_node.cpp:186:32:[m[K [01;31m[Kerror: [m[Kâ€˜[01m[Knodes_[m[Kâ€™ was not declared in this scope; did you mean â€˜[01m[KNode[m[Kâ€™?
[4.056s]   186 |         for (size_t i = 1; i < [01;31m[Knodes_[m[K.size(); ++i) {
[4.056s]       |                                [01;31m[K^~~~~~[m[K
[4.057s]       |                                [32m[KNode[m[K
[4.064s] [01m[K/home/gaga/sad_ws/src/sad_pkg/src/path_node.cpp:202:25:[m[K [01;31m[Kerror: [m[Kâ€˜[01m[Kbest_path_[m[Kâ€™ was not declared in this scope
[4.064s]   202 |         for (auto &pt : [01;31m[Kbest_path_[m[K) path.points.push_back(pt);
[4.064s]       |                         [01;31m[K^~~~~~~~~~[m[K
[4.070s] [01m[K/home/gaga/sad_ws/src/sad_pkg/src/path_node.cpp:206:30:[m[K [01;31m[Kerror: [m[Kâ€˜[01m[KsplineCP_[m[Kâ€™ was not declared in this scope
[4.070s]   206 |         if (static_cast<int>([01;31m[KsplineCP_[m[K.size()) >= splineDegree_ + 1){
[4.070s]       |                              [01;31m[K^~~~~~~~~[m[K
[4.078s] [01m[K/home/gaga/sad_ws/src/sad_pkg/src/path_node.cpp:206:51:[m[K [01;31m[Kerror: [m[Kâ€˜[01m[KsplineDegree_[m[Kâ€™ was not declared in this scope
[4.078s]   206 |         if (static_cast<int>(splineCP_.size()) >= [01;31m[KsplineDegree_[m[K + 1){
[4.078s]       |                                                   [01;31m[K^~~~~~~~~~~~~[m[K
[4.084s] [01m[K/home/gaga/sad_ws/src/sad_pkg/src/path_node.cpp:217:25:[m[K [01;31m[Kerror: [m[Kâ€˜[01m[Kknots_[m[Kâ€™ was not declared in this scope
[4.085s]   217 |             double t0 = [01;31m[Kknots_[m[K[splineDegree_];
[4.085s]       |                         [01;31m[K^~~~~~[m[K
[4.092s] [01m[K/home/gaga/sad_ws/src/sad_pkg/src/path_node.cpp:220:38:[m[K [01;31m[Kerror: [m[Kâ€˜[01m[Kinterpolate[m[Kâ€™ was not declared in this scope
[4.092s]   220 |                 Eigen::Vector3d pi = [01;31m[Kinterpolate[m[K(t);
[4.092s]       |                                      [01;31m[K^~~~~~~~~~~[m[K
[4.100s] [01m[K/home/gaga/sad_ws/src/sad_pkg/src/path_node.cpp:227:13:[m[K [01;31m[Kerror: [m[Kâ€˜[01m[KpublishPath[m[Kâ€™ was not declared in this scope
[4.100s]   227 |             [01;31m[KpublishPath[m[K();  // publishPath í˜¸ì¶œ
[4.101s]       |             [01;31m[K^~~~~~~~~~~[m[K
[4.111s] [01m[K/home/gaga/sad_ws/src/sad_pkg/src/path_node.cpp:229:9:[m[K [01;31m[Kerror: [m[Kâ€˜[01m[Kmarker_pub_[m[Kâ€™ was not declared in this scope
[4.111s]   229 |         [01;31m[Kmarker_pub_[m[K->publish(ma);
[4.112s]       |         [01;31m[K^~~~~~~~~~~[m[K
[4.112s] [01m[K/home/gaga/sad_ws/src/sad_pkg/src/path_node.cpp:232:28:[m[K [01;31m[Kerror: [m[Ka function-definition is not allowed here before â€˜[01m[K{[m[Kâ€™ token
[4.112s]   232 |         void publishPath() [01;31m[K{[m[K
[4.112s]       |                            [01;31m[K^[m[K
[4.112s] [01m[K/home/gaga/sad_ws/src/sad_pkg/src/path_node.cpp:270:89:[m[K [01;31m[Kerror: [m[Ka function-definition is not allowed here before â€˜[01m[K{[m[Kâ€™ token
[4.112s]   270 |     double dist(const geometry_msgs::msg::Point &a, const geometry_msgs::msg::Point &b) [01;31m[K{[m[K
[4.112s]       |                                                                                         [01;31m[K^[m[K
[4.112s] [01m[K/home/gaga/sad_ws/src/sad_pkg/src/path_node.cpp:274:71:[m[K [01;31m[Kerror: [m[Ka function-definition is not allowed here before â€˜[01m[K{[m[Kâ€™ token
[4.112s]   274 |     geometry_msgs::msg::Point makePoint(double x, double y, double z) [01;31m[K{[m[K
[4.112s]       |                                                                       [01;31m[K^[m[K
[4.112s] [01m[K/home/gaga/sad_ws/src/sad_pkg/src/path_node.cpp:278:57:[m[K [01;31m[Kerror: [m[Ka function-definition is not allowed here before â€˜[01m[K{[m[Kâ€™ token
[4.112s]   278 |     int nearestNode(const geometry_msgs::msg::Point &p) [01;31m[K{[m[K
[4.112s]       |                                                         [01;31m[K^[m[K
[4.112s] [01m[K/home/gaga/sad_ws/src/sad_pkg/src/path_node.cpp:288:79:[m[K [01;31m[Kerror: [m[Ka function-definition is not allowed here before â€˜[01m[K{[m[Kâ€™ token
[4.112s]   288 |     std::vector<int> nearNodes(const geometry_msgs::msg::Point &pt, double r) [01;31m[K{[m[K
[4.112s]       |                                                                               [01;31m[K^[m[K
[4.112s] [01m[K/home/gaga/sad_ws/src/sad_pkg/src/path_node.cpp:300:7:[m[K [01;31m[Kerror: [m[Ka function-definition is not allowed here before â€˜[01m[K{[m[Kâ€™ token
[4.112s]   300 |     ) [01;31m[K{[m[K
[4.112s]       |       [01;31m[K^[m[K
[4.112s] [01m[K/home/gaga/sad_ws/src/sad_pkg/src/path_node.cpp:317:7:[m[K [01;31m[Kerror: [m[Ka function-definition is not allowed here before â€˜[01m[K{[m[Kâ€™ token
[4.112s]   317 |     ) [01;31m[K{[m[K
[4.112s]       |       [01;31m[K^[m[K
[4.112s] [01m[K/home/gaga/sad_ws/src/sad_pkg/src/path_node.cpp:339:35:[m[K [01;31m[Kerror: [m[Ka function-definition is not allowed here before â€˜[01m[K{[m[Kâ€™ token
[4.112s]   339 |     void reconstructPath(int idx) [01;31m[K{[m[K
[4.112s]       |                                   [01;31m[K^[m[K
[4.113s] [01m[K/home/gaga/sad_ws/src/sad_pkg/src/path_node.cpp:347:42:[m[K [01;31m[Kerror: [m[Ka function-definition is not allowed here before â€˜[01m[K{[m[Kâ€™ token
[4.113s]   347 |     double basis(int i, int k, double t) [01;31m[K{[m[K
[4.113s]       |                                          [01;31m[K^[m[K
[4.113s] [01m[K/home/gaga/sad_ws/src/sad_pkg/src/path_node.cpp:355:23:[m[K [01;31m[Kerror: [m[Ka function-definition is not allowed here before â€˜[01m[K{[m[Kâ€™ token
[4.113s]   355 |     void buildKnots() [01;31m[K{[m[K
[4.113s]       |                       [01;31m[K^[m[K
[4.113s] [01m[K/home/gaga/sad_ws/src/sad_pkg/src/path_node.cpp:363:43:[m[K [01;31m[Kerror: [m[Ka function-definition is not allowed here before â€˜[01m[K{[m[Kâ€™ token
[4.113s]   363 |     Eigen::Vector3d interpolate(double t) [01;31m[K{[m[K
[4.113s]       |                                           [01;31m[K^[m[K
[4.146s] [01m[K/home/gaga/sad_ws/src/sad_pkg/src/path_node.cpp:382:9:[m[K [01;35m[Kwarning: [m[Kunused variable â€˜[01m[KsplineDegree_[m[Kâ€™ [[01;35m[K]8;;https://gcc.gnu.org/onlinedocs/gcc/Warning-Options.html#index-Wunused-variable-Wunused-variable]8;;[m[K]
[4.146s]   382 |     int [01;35m[KsplineDegree_[m[K;
[4.147s]       |         [01;35m[K^~~~~~~~~~~~~[m[K
[4.147s] [01m[K/home/gaga/sad_ws/src/sad_pkg/src/path_node.cpp:385:10:[m[K [01;35m[Kwarning: [m[Kunused variable â€˜[01m[Kfirst_plan_done_[m[Kâ€™ [[01;35m[K]8;;https://gcc.gnu.org/onlinedocs/gcc/Warning-Options.html#index-Wunused-variable-Wunused-variable]8;;[m[K]
[4.147s]   385 |     bool [01;35m[Kfirst_plan_done_[m[K;
[4.147s]       |          [01;35m[K^~~~~~~~~~~~~~~~[m[K
[4.153s] [01m[K/home/gaga/sad_ws/src/sad_pkg/src/path_node.cpp:[m[K At global scope:
[4.153s] [01m[K/home/gaga/sad_ws/src/sad_pkg/src/path_node.cpp:393:2:[m[K [01;31m[Kerror: [m[Kexpected unqualified-id at end of input
[4.153s]   393 | }
[4.153s]       |  [01;31m[K^[m[K
[7.364s] gmake[2]: *** [CMakeFiles/path_node.dir/build.make:76: CMakeFiles/path_node.dir/src/path_node.cpp.o] Error 1
[7.364s] gmake[1]: *** [CMakeFiles/Makefile2:279: CMakeFiles/path_node.dir/all] Error 2
[7.364s] gmake: *** [Makefile:146: all] Error 2
[7.367s] Invoked command in '/home/gaga/sad_ws/build/sad_pkg' returned '2': CMAKE_PREFIX_PATH=/home/gaga/sad_ws/install/my_vision_msgs:/home/gaga/sad_ws/install:/home/gaga/sad_ws/install/sad_pkg:/home/gaga/sad_ws/install/mani_urdf:/home/gaga/turtlebot3_ws/install/turtlebot3:/home/gaga/turtlebot3_ws/install/turtlebot3_simulations:/home/gaga/turtlebot3_ws/install/turtlebot3_bringup:/home/gaga/turtlebot3_ws/install/turtlebot3_node:/home/gaga/turtlebot3_ws/install/turtlebot3_navigation2:/home/gaga/turtlebot3_ws/install/turtlebot3_fake_node:/home/gaga/turtlebot3_ws/install/robot_master:/home/gaga/turtlebot3_ws/install/turtlebot3_msgs:/home/gaga/turtlebot3_ws/install/turtlebot3_gazebo:/home/gaga/turtlebot3_ws/install/turtlebot3_description:/home/gaga/turtlebot3_ws/install/turtlebot3_cartographer:/home/gaga/turtlebot3_ws/install/robot_vision:/home/gaga/turtlebot3_ws/install/robot_navigation:/home/gaga/turtlebot3_ws/install/robot_msgs:/home/gaga/turtlebot3_ws/install/dynamixel_sdk_examples:/home/gaga/turtlebot3_ws/install/dynamixel_sdk_custom_interfaces:/home/gaga/turtlebot3_ws/install/dynamixel_sdk:/home/gaga/ssibal_ws/install/robot_msgs:/home/gaga/sad_ws/src/install/sad_pkg:/home/gaga/sad_ws/src/install/vision_msgs:/home/gaga/sad_ws/src/install/my_vision_msgs:/home/gaga/sad_ws/src/install/mani_urdf:/home/gaga/robotprograming_ws/install/rp_pkg:/home/gaga/rrt_ws/install/spline_interpolation:/home/gaga/rrt_ws/install/rrt_visualization:/home/gaga/rrt_ws/install/rrt_spline_pkg:/home/gaga/rrt_ws/install/my_rrt_pkg:/home/gaga/rrt_ws/install/mani_pkg:/home/gaga/turtlebot3_ws/install/turtlebot3_teleop:/home/gaga/turtlebot3_ws/install/turtlebot3_example:/opt/ros/humble /usr/bin/cmake --build /home/gaga/sad_ws/build/sad_pkg -- -j20 -l20
