[35m[1mConsolidate compiler generated dependencies of target path_node[0m
[ 14%] Built target rrt_node
[ 28%] Built target map_node
[ 42%] Built target obstacle_node
[ 57%] Built target spline_node
[ 71%] Built target forward_node
[ 85%] Built target Inverse_node
[ 92%] [32mBuilding CXX object CMakeFiles/path_node.dir/src/path_node.cpp.o[0m
[01m[K/home/gaga/sad_ws/src/sad_pkg/src/path_node.cpp:270:10:[m[K [01;31m[Kerror: [m[Kextra qualification â€˜[01m[KRSNode::[m[Kâ€™ on member â€˜[01m[KpublishPath[m[Kâ€™ [[01;31m[K]8;;https://gcc.gnu.org/onlinedocs/gcc/Warning-Options.html#index-fpermissive-fpermissive]8;;[m[K]
  270 |     void [01;31m[KRSNode[m[K::publishPath()
      |          [01;31m[K^~~~~~[m[K
gmake[2]: *** [CMakeFiles/path_node.dir/build.make:76: CMakeFiles/path_node.dir/src/path_node.cpp.o] Error 1
gmake[1]: *** [CMakeFiles/Makefile2:279: CMakeFiles/path_node.dir/all] Error 2
gmake: *** [Makefile:146: all] Error 2
