[35m[1mConsolidate compiler generated dependencies of target path_node[0m
[ 14%] Built target forward_node
[ 42%] Built target map_node
[ 42%] Built target obstacle_node
[ 57%] Built target rrt_node
[ 71%] Built target Inverse_node
[ 85%] Built target spline_node
[ 92%] [32mBuilding CXX object CMakeFiles/path_node.dir/src/path_node.cpp.o[0m
[01m[K/home/gaga/sad_ws/src/sad_pkg/src/path_node.cpp:[m[K In member function â€˜[01m[Kvoid RSNode::publishPoseAndOrientation()[m[Kâ€™:
[01m[K/home/gaga/sad_ws/src/sad_pkg/src/path_node.cpp:137:13:[m[K [01;31m[Kerror: [m[Kâ€˜[01m[Ki[m[Kâ€™ was not declared in this scope
  137 |         if ([01;31m[Ki[m[K == 0) {
      |             [01;31m[K^[m[K
[01m[K/home/gaga/sad_ws/src/sad_pkg/src/path_node.cpp:138:37:[m[K [01;31m[Kerror: [m[Kâ€˜[01m[Ksamples_[m[Kâ€™ was not declared in this scope
  138 |             double t0 = std::get<0>([01;31m[Ksamples_[m[K[0]);
      |                                     [01;31m[K^~~~~~~~[m[K
gmake[2]: *** [CMakeFiles/path_node.dir/build.make:76: CMakeFiles/path_node.dir/src/path_node.cpp.o] Error 1
gmake[1]: *** [CMakeFiles/Makefile2:279: CMakeFiles/path_node.dir/all] Error 2
gmake: *** [Makefile:146: all] Error 2
