[35m[1mConsolidate compiler generated dependencies of target Inverse_node[0m
[ 85%] Built target path_node
[ 85%] Built target rrt_node
[ 85%] Built target obstacle_node
[ 85%] Built target spline_node
[ 85%] Built target forward_node
[ 85%] Built target map_node
[ 92%] [32mBuilding CXX object CMakeFiles/Inverse_node.dir/src/Inverse_node.cpp.o[0m
[01m[K/home/gaga/sad_ws/src/sad_pkg/src/Inverse_node.cpp:[m[K In member function â€˜[01m[Kvoid ManipulatorNode::sendJointTrajectory(const VectorXd&)[m[Kâ€™:
[01m[K/home/gaga/sad_ws/src/sad_pkg/src/Inverse_node.cpp:257:14:[m[K [01;31m[Kerror: [m[Kâ€˜[01m[Ktrajectory_sent_[m[Kâ€™ was not declared in this scope; did you mean â€˜[01m[Ktrajectory_msgs[m[Kâ€™?
  257 |         if (![01;31m[Ktrajectory_sent_[m[K) {
      |              [01;31m[K^~~~~~~~~~~~~~~~[m[K
      |              [32m[Ktrajectory_msgs[m[K
gmake[2]: *** [CMakeFiles/Inverse_node.dir/build.make:76: CMakeFiles/Inverse_node.dir/src/Inverse_node.cpp.o] Error 1
gmake[1]: *** [CMakeFiles/Makefile2:305: CMakeFiles/Inverse_node.dir/all] Error 2
gmake: *** [Makefile:146: all] Error 2
