[35m[1mConsolidate compiler generated dependencies of target Inverse_node[0m
[ 14%] Built target map_node
[ 42%] Built target forward_node
[ 42%] Built target spline_node
[ 50%] [32mBuilding CXX object CMakeFiles/path_node.dir/src/path_node.cpp.o[0m
[ 64%] Built target obstacle_node
[ 78%] Built target rrt_node
[ 85%] [32mBuilding CXX object CMakeFiles/Inverse_node.dir/src/Inverse_node.cpp.o[0m
[01m[K/home/gaga/sad_ws/src/sad_pkg/src/path_node.cpp:[m[K In member function â€˜[01m[Kvoid RSNode::publishPath()[m[Kâ€™:
[01m[K/home/gaga/sad_ws/src/sad_pkg/src/path_node.cpp:263:48:[m[K [01;31m[Kerror: [m[Kredeclaration of â€˜[01m[Kstd::vector<geometry_msgs::msg::Point_<std::allocator<void> >, std::allocator<geometry_msgs::msg::Point_<std::allocator<void> > > > spline_points[m[Kâ€™
  263 |         std::vector<geometry_msgs::msg::Point> [01;31m[Kspline_points[m[K;
      |                                                [01;31m[K^~~~~~~~~~~~~[m[K
[01m[K/home/gaga/sad_ws/src/sad_pkg/src/path_node.cpp:258:48:[m[K [01;36m[Knote: [m[Kâ€˜[01m[Kstd::vector<geometry_msgs::msg::Point_<std::allocator<void> >, std::allocator<geometry_msgs::msg::Point_<std::allocator<void> > > > spline_points[m[Kâ€™ previously declared here
  258 |         std::vector<geometry_msgs::msg::Point> [01;36m[Kspline_points[m[K;
      |                                                [01;36m[K^~~~~~~~~~~~~[m[K
gmake[2]: *** [CMakeFiles/path_node.dir/build.make:76: CMakeFiles/path_node.dir/src/path_node.cpp.o] Error 1
gmake[1]: *** [CMakeFiles/Makefile2:279: CMakeFiles/path_node.dir/all] Error 2
gmake[1]: *** Waiting for unfinished jobs....
[ 92%] [32m[1mLinking CXX executable Inverse_node[0m
[ 92%] Built target Inverse_node
gmake: *** [Makefile:146: all] Error 2
