[0.009s] Invoking command in '/home/gaga/sad_ws/build/sad_pkg': CMAKE_PREFIX_PATH=/home/gaga/sad_ws/install/my_vision_msgs:/home/gaga/sad_ws/install:/home/gaga/sad_ws/install/sad_pkg:/home/gaga/sad_ws/install/mani_urdf:/home/gaga/turtlebot3_ws/install/turtlebot3:/home/gaga/turtlebot3_ws/install/turtlebot3_simulations:/home/gaga/turtlebot3_ws/install/turtlebot3_bringup:/home/gaga/turtlebot3_ws/install/turtlebot3_node:/home/gaga/turtlebot3_ws/install/turtlebot3_navigation2:/home/gaga/turtlebot3_ws/install/turtlebot3_fake_node:/home/gaga/turtlebot3_ws/install/robot_master:/home/gaga/turtlebot3_ws/install/turtlebot3_msgs:/home/gaga/turtlebot3_ws/install/turtlebot3_gazebo:/home/gaga/turtlebot3_ws/install/turtlebot3_description:/home/gaga/turtlebot3_ws/install/turtlebot3_cartographer:/home/gaga/turtlebot3_ws/install/robot_vision:/home/gaga/turtlebot3_ws/install/robot_navigation:/home/gaga/turtlebot3_ws/install/robot_msgs:/home/gaga/turtlebot3_ws/install/dynamixel_sdk_examples:/home/gaga/turtlebot3_ws/install/dynamixel_sdk_custom_interfaces:/home/gaga/turtlebot3_ws/install/dynamixel_sdk:/home/gaga/ssibal_ws/install/robot_msgs:/home/gaga/sad_ws/src/install/sad_pkg:/home/gaga/sad_ws/src/install/vision_msgs:/home/gaga/sad_ws/src/install/my_vision_msgs:/home/gaga/sad_ws/src/install/mani_urdf:/home/gaga/robotprograming_ws/install/rp_pkg:/home/gaga/sad_ws/src/sad_pkg/install/sad_pkg:/home/gaga/turtlebot3_ws/install/turtlebot3_teleop:/home/gaga/turtlebot3_ws/install/turtlebot3_example:/opt/ros/humble /usr/bin/cmake --build /home/gaga/sad_ws/build/sad_pkg -- -j20 -l20
[0.036s] -- Found ament_cmake: 1.3.11 (/opt/ros/humble/share/ament_cmake/cmake)
[0.128s] -- Found rclcpp: 16.0.12 (/opt/ros/humble/share/rclcpp/cmake)
[0.146s] -- Found rosidl_generator_c: 3.1.6 (/opt/ros/humble/share/rosidl_generator_c/cmake)
[0.147s] -- Found rosidl_adapter: 3.1.6 (/opt/ros/humble/share/rosidl_adapter/cmake)
[0.150s] -- Found rosidl_generator_cpp: 3.1.6 (/opt/ros/humble/share/rosidl_generator_cpp/cmake)
[0.156s] -- Using all available rosidl_typesupport_c: rosidl_typesupport_fastrtps_c;rosidl_typesupport_introspection_c
[0.164s] -- Using all available rosidl_typesupport_cpp: rosidl_typesupport_fastrtps_cpp;rosidl_typesupport_introspection_cpp
[0.184s] -- Found rmw_implementation_cmake: 6.1.2 (/opt/ros/humble/share/rmw_implementation_cmake/cmake)
[0.185s] -- Found rmw_fastrtps_cpp: 6.2.7 (/opt/ros/humble/share/rmw_fastrtps_cpp/cmake)
[0.267s] -- Using RMW implementation 'rmw_fastrtps_cpp' as default
[0.295s] -- Found visualization_msgs: 4.8.0 (/opt/ros/humble/share/visualization_msgs/cmake)
[0.322s] -- Found trajectory_msgs: 4.8.0 (/opt/ros/humble/share/trajectory_msgs/cmake)
[0.331s] -- Found xacro: 2.0.13 (/opt/ros/humble/share/xacro/cmake)
[0.331s] -- Found ros2_control: 2.50.0 (/opt/ros/humble/share/ros2_control/cmake)
[0.331s] -- Found gazebo_ros2_control: 0.4.10 (/opt/ros/humble/share/gazebo_ros2_control/cmake)
[0.425s] -- Found DART: /usr/include (Required is at least version "6.6") found components: dart 
[0.444s] -- Found Protobuf: /usr/lib/x86_64-linux-gnu/libprotobuf.so (found version "3.12.4") 
[0.445s] -- Looking for ignition-math6 -- found version 6.15.1
[0.448s] -- Searching for dependencies of ignition-math6
[0.449s] -- Looking for OGRE...
[0.454s] -- Found Ogre Ghadamon (1.9.0)
[0.454s] -- Found OGRE: optimized;/usr/lib/x86_64-linux-gnu/libOgreMain.so;debug;/usr/lib/x86_64-linux-gnu/libOgreMain.so
[0.463s] -- Looking for OGRE_Paging...
[0.463s] -- Found OGRE_Paging: optimized;/usr/lib/x86_64-linux-gnu/libOgrePaging.so;debug;/usr/lib/x86_64-linux-gnu/libOgrePaging.so
[0.463s] -- Looking for OGRE_Terrain...
[0.463s] -- Found OGRE_Terrain: optimized;/usr/lib/x86_64-linux-gnu/libOgreTerrain.so;debug;/usr/lib/x86_64-linux-gnu/libOgreTerrain.so
[0.463s] -- Looking for OGRE_Property...
[0.463s] -- Found OGRE_Property: optimized;/usr/lib/x86_64-linux-gnu/libOgreProperty.so;debug;/usr/lib/x86_64-linux-gnu/libOgreProperty.so
[0.463s] -- Looking for OGRE_RTShaderSystem...
[0.463s] -- Found OGRE_RTShaderSystem: optimized;/usr/lib/x86_64-linux-gnu/libOgreRTShaderSystem.so;debug;/usr/lib/x86_64-linux-gnu/libOgreRTShaderSystem.so
[0.463s] -- Looking for OGRE_Volume...
[0.463s] -- Found OGRE_Volume: optimized;/usr/lib/x86_64-linux-gnu/libOgreVolume.so;debug;/usr/lib/x86_64-linux-gnu/libOgreVolume.so
[0.463s] -- Looking for OGRE_Overlay...
[0.463s] -- Found OGRE_Overlay: optimized;/usr/lib/x86_64-linux-gnu/libOgreOverlay.so;debug;/usr/lib/x86_64-linux-gnu/libOgreOverlay.so
[0.562s] -- Looking for ignition-math6 -- found version 6.15.1
[0.562s] -- Looking for ignition-transport8 -- found version 8.2.1
[0.563s] -- Searching for dependencies of ignition-transport8
[0.576s] -- Found Protobuf: /usr/lib/x86_64-linux-gnu/libprotobuf.so (found suitable version "3.12.4", minimum required is "3") 
[0.584s] -- Config-file not installed for ZeroMQ -- checking for pkg-config
[0.588s] -- Checking for module 'libzmq >= 4'
[0.600s] --   Found libzmq , version 4.3.4
[0.633s] -- Checking for module 'uuid'
[0.645s] --   Found uuid, version 2.37.2
[0.672s] -- Looking for ignition-msgs5 -- found version 5.8.1
[0.672s] -- Searching for dependencies of ignition-msgs5
[0.687s] -- Looking for ignition-math6 -- found version 6.15.1
[0.692s] -- Looking for ignition-msgs5 -- found version 5.8.1
[0.692s] -- Looking for ignition-common3 -- found version 3.14.0
[0.692s] -- Searching for dependencies of ignition-common3
[0.692s] -- Looking for dlfcn.h - found
[0.692s] -- Looking for libdl - found
[0.701s] -- Searching for <ignition-common3> component [graphics]
[0.701s] -- Looking for ignition-common3-graphics -- found version 3.14.0
[0.702s] -- Searching for dependencies of ignition-common3-graphics
[0.702s] -- Looking for ignition-math6 -- found version 6.15.1
[0.703s] -- Looking for ignition-fuel_tools4 -- found version 4.4.0
[0.703s] -- Searching for dependencies of ignition-fuel_tools4
[0.735s] -- Checking for module 'jsoncpp'
[0.754s] --   Found jsoncpp, version 1.9.5
[0.785s] -- Checking for module 'libzip'
[0.796s] --   Found libzip, version 1.7.3
[0.824s] -- Looking for ignition-common3 -- found version 3.14.0
[0.824s] -- Looking for ignition-math6 -- found version 6.15.1
[0.824s] -- Looking for ignition-msgs5 -- found version 5.8.1
[0.825s] -- Gazebo version: 11.10
[0.834s] -- Found my_vision_msgs: 0.1.0 (/home/gaga/sad_ws/install/my_vision_msgs/share/my_vision_msgs/cmake)
[0.843s] -- Found tf2: 0.25.12 (/opt/ros/humble/share/tf2/cmake)
[0.845s] -- Found tf2_geometry_msgs: 0.25.12 (/opt/ros/humble/share/tf2_geometry_msgs/cmake)
[0.847s] -- Found eigen3_cmake_module: 0.1.1 (/opt/ros/humble/share/eigen3_cmake_module/cmake)
[0.848s] -- Ensuring Eigen3 include directory is part of orocos-kdl CMake target
[0.902s] -- Found ament_lint_auto: 0.12.12 (/opt/ros/humble/share/ament_lint_auto/cmake)
[0.960s] -- Added test 'cppcheck' to perform static code analysis on C / C++ code
[0.963s] -- Configured cppcheck include dirs: 
[0.963s] -- Configured cppcheck exclude dirs and/or files: 
[0.965s] -- Added test 'flake8' to check Python code syntax and style conventions
[0.968s] -- Added test 'lint_cmake' to check CMake code style
[0.969s] -- Added test 'pep257' to check Python code against some of the docstring style conventions in PEP 257
[0.980s] -- Added test 'uncrustify' to check C / C++ code style
[0.980s] -- Configured uncrustify additional arguments: 
[0.982s] -- Added test 'xmllint' to check XML markup files
[0.982s] -- Configuring done
[1.009s] -- Generating done
[1.019s] -- Build files have been written to: /home/gaga/sad_ws/build/sad_pkg
[1.045s] [35m[1mConsolidate compiler generated dependencies of target forward_node[0m
[1.045s] [35m[1mConsolidate compiler generated dependencies of target map_node[0m
[1.045s] [35m[1mConsolidate compiler generated dependencies of target path_node[0m
[1.045s] [35m[1mConsolidate compiler generated dependencies of target spline_node[0m
[1.045s] [35m[1mConsolidate compiler generated dependencies of target rrt_node[0m
[1.046s] [35m[1mConsolidate compiler generated dependencies of target obstacle_node[0m
[1.047s] [35m[1mConsolidate compiler generated dependencies of target Inverse_node[0m
[1.055s] [ 14%] Built target forward_node
[1.057s] [ 28%] Built target map_node
[1.057s] [ 42%] Built target path_node
[1.058s] [ 57%] Built target spline_node
[1.059s] [ 71%] Built target rrt_node
[1.062s] [ 85%] Built target obstacle_node
[1.065s] [ 92%] [32mBuilding CXX object CMakeFiles/Inverse_node.dir/src/Inverse_node.cpp.o[0m
[3.207s] [01m[K/home/gaga/sad_ws/src/sad_pkg/src/Inverse_node.cpp:[m[K In constructor â€˜[01m[KManipulatorNode::ManipulatorNode(const Vector3d&, const Vector3d&)[m[Kâ€™:
[3.207s] [01m[K/home/gaga/sad_ws/src/sad_pkg/src/Inverse_node.cpp:141:11:[m[K [01;31m[Kerror: [m[Kâ€˜[01m[Kã„´ã„´[m[Kâ€™ was not declared in this scope
[3.207s]   141 |         );[01;31m[Kã„´ã„´[m[K
[3.207s]       |           [01;31m[K^~~~[m[K
[3.244s] [01m[K/home/gaga/sad_ws/src/sad_pkg/src/Inverse_node.cpp:[m[K In member function â€˜[01m[Kvoid ManipulatorNode::timer_callback()[m[Kâ€™:
[3.244s] [01m[K/home/gaga/sad_ws/src/sad_pkg/src/Inverse_node.cpp:201:9:[m[K [01;31m[Kerror: [m[Kâ€˜[01m[KapplyJointLimits[m[Kâ€™ was not declared in this scope
[3.244s]   201 |         [01;31m[KapplyJointLimits[m[K(target_q);
[3.245s]       |         [01;31m[K^~~~~~~~~~~~~~~~[m[K
[7.613s] gmake[2]: *** [CMakeFiles/Inverse_node.dir/build.make:76: CMakeFiles/Inverse_node.dir/src/Inverse_node.cpp.o] Error 1
[7.614s] gmake[1]: *** [CMakeFiles/Makefile2:305: CMakeFiles/Inverse_node.dir/all] Error 2
[7.614s] gmake: *** [Makefile:146: all] Error 2
[7.616s] Invoked command in '/home/gaga/sad_ws/build/sad_pkg' returned '2': CMAKE_PREFIX_PATH=/home/gaga/sad_ws/install/my_vision_msgs:/home/gaga/sad_ws/install:/home/gaga/sad_ws/install/sad_pkg:/home/gaga/sad_ws/install/mani_urdf:/home/gaga/turtlebot3_ws/install/turtlebot3:/home/gaga/turtlebot3_ws/install/turtlebot3_simulations:/home/gaga/turtlebot3_ws/install/turtlebot3_bringup:/home/gaga/turtlebot3_ws/install/turtlebot3_node:/home/gaga/turtlebot3_ws/install/turtlebot3_navigation2:/home/gaga/turtlebot3_ws/install/turtlebot3_fake_node:/home/gaga/turtlebot3_ws/install/robot_master:/home/gaga/turtlebot3_ws/install/turtlebot3_msgs:/home/gaga/turtlebot3_ws/install/turtlebot3_gazebo:/home/gaga/turtlebot3_ws/install/turtlebot3_description:/home/gaga/turtlebot3_ws/install/turtlebot3_cartographer:/home/gaga/turtlebot3_ws/install/robot_vision:/home/gaga/turtlebot3_ws/install/robot_navigation:/home/gaga/turtlebot3_ws/install/robot_msgs:/home/gaga/turtlebot3_ws/install/dynamixel_sdk_examples:/home/gaga/turtlebot3_ws/install/dynamixel_sdk_custom_interfaces:/home/gaga/turtlebot3_ws/install/dynamixel_sdk:/home/gaga/ssibal_ws/install/robot_msgs:/home/gaga/sad_ws/src/install/sad_pkg:/home/gaga/sad_ws/src/install/vision_msgs:/home/gaga/sad_ws/src/install/my_vision_msgs:/home/gaga/sad_ws/src/install/mani_urdf:/home/gaga/robotprograming_ws/install/rp_pkg:/home/gaga/sad_ws/src/sad_pkg/install/sad_pkg:/home/gaga/turtlebot3_ws/install/turtlebot3_teleop:/home/gaga/turtlebot3_ws/install/turtlebot3_example:/opt/ros/humble /usr/bin/cmake --build /home/gaga/sad_ws/build/sad_pkg -- -j20 -l20
