[01m[K/home/gaga/sad_ws/src/sad_pkg/src/Inverse_node.cpp:463:10:[m[K [01;31m[Kerror: [m[Kâ€˜[01m[Kvoid ManipulatorNode::path_callback(geometry_msgs::msg::PoseArray_<std::allocator<void> >::SharedPtr)[m[Kâ€™ cannot be overloaded with â€˜[01m[Kvoid ManipulatorNode::path_callback(geometry_msgs::msg::PoseArray_<std::allocator<void> >::SharedPtr)[m[Kâ€™
  463 |     void [01;31m[Kpath_callback[m[K(const geometry_msgs::msg::PoseArray::SharedPtr msg) {
      |          [01;31m[K^~~~~~~~~~~~~[m[K
[01m[K/home/gaga/sad_ws/src/sad_pkg/src/Inverse_node.cpp:263:10:[m[K [01;36m[Knote: [m[Kprevious declaration â€˜[01m[Kvoid ManipulatorNode::path_callback(geometry_msgs::msg::PoseArray_<std::allocator<void> >::SharedPtr)[m[Kâ€™
  263 |     void [01;36m[Kpath_callback[m[K(const geometry_msgs::msg::PoseArray::SharedPtr msg) {
      |          [01;36m[K^~~~~~~~~~~~~[m[K
[01m[K/home/gaga/sad_ws/src/sad_pkg/src/Inverse_node.cpp:[m[K In member function â€˜[01m[Kvoid ManipulatorNode::timer_callback()[m[Kâ€™:
[01m[K/home/gaga/sad_ws/src/sad_pkg/src/Inverse_node.cpp:431:31:[m[K [01;31m[Kerror: [m[Kâ€˜[01m[Kjoint_limits_[m[Kâ€™ was not declared in this scope; did you mean â€˜[01m[Kjoint_limits[m[Kâ€™?
  431 |             if (target_q[i] < [01;31m[Kjoint_limits_[m[K[i][0]) target_q[i] = joint_limits_[i][0];
      |                               [01;31m[K^~~~~~~~~~~~~[m[K
      |                               [32m[Kjoint_limits[m[K
[01m[K/home/gaga/sad_ws/src/sad_pkg/src/Inverse_node.cpp:432:31:[m[K [01;31m[Kerror: [m[Kâ€˜[01m[Kjoint_limits_[m[Kâ€™ was not declared in this scope; did you mean â€˜[01m[Kjoint_limits[m[Kâ€™?
  432 |             if (target_q[i] > [01;31m[Kjoint_limits_[m[K[i][1]) target_q[i] = joint_limits_[i][1];
      |                               [01;31m[K^~~~~~~~~~~~~[m[K
      |                               [32m[Kjoint_limits[m[K
gmake[2]: *** [CMakeFiles/Inverse_node.dir/build.make:76: CMakeFiles/Inverse_node.dir/src/Inverse_node.cpp.o] Error 1
gmake[1]: *** [CMakeFiles/Makefile2:305: CMakeFiles/Inverse_node.dir/all] Error 2
gmake: *** [Makefile:146: all] Error 2
