[0.012s] Invoking command in '/home/gaga/sad_ws/build/sad_pkg': CMAKE_PREFIX_PATH=/home/gaga/sad_ws/install/my_vision_msgs:/home/gaga/sad_ws/install:/home/gaga/sad_ws/install/sad_pkg:/home/gaga/sad_ws/install/mani_urdf:/home/gaga/turtlebot3_ws/install/turtlebot3:/home/gaga/turtlebot3_ws/install/turtlebot3_simulations:/home/gaga/turtlebot3_ws/install/turtlebot3_bringup:/home/gaga/turtlebot3_ws/install/turtlebot3_node:/home/gaga/turtlebot3_ws/install/turtlebot3_navigation2:/home/gaga/turtlebot3_ws/install/turtlebot3_fake_node:/home/gaga/turtlebot3_ws/install/robot_master:/home/gaga/turtlebot3_ws/install/turtlebot3_msgs:/home/gaga/turtlebot3_ws/install/turtlebot3_gazebo:/home/gaga/turtlebot3_ws/install/turtlebot3_description:/home/gaga/turtlebot3_ws/install/turtlebot3_cartographer:/home/gaga/turtlebot3_ws/install/robot_vision:/home/gaga/turtlebot3_ws/install/robot_navigation:/home/gaga/turtlebot3_ws/install/robot_msgs:/home/gaga/turtlebot3_ws/install/dynamixel_sdk_examples:/home/gaga/turtlebot3_ws/install/dynamixel_sdk_custom_interfaces:/home/gaga/turtlebot3_ws/install/dynamixel_sdk:/home/gaga/ssibal_ws/install/robot_msgs:/home/gaga/sad_ws/src/install/sad_pkg:/home/gaga/sad_ws/src/install/vision_msgs:/home/gaga/sad_ws/src/install/my_vision_msgs:/home/gaga/sad_ws/src/install/mani_urdf:/home/gaga/robotprograming_ws/install/rp_pkg:/home/gaga/sad_ws/src/sad_pkg/install/sad_pkg:/home/gaga/turtlebot3_ws/install/turtlebot3_teleop:/home/gaga/turtlebot3_ws/install/turtlebot3_example:/opt/ros/humble /usr/bin/cmake --build /home/gaga/sad_ws/build/sad_pkg -- -j20 -l20
[0.067s] [35m[1mConsolidate compiler generated dependencies of target Inverse_node[0m
[0.081s] [ 14%] Built target forward_node
[0.082s] [ 57%] Built target map_node
[0.082s] [ 57%] Built target rrt_node
[0.082s] [ 57%] Built target spline_node
[0.083s] [ 71%] Built target obstacle_node
[0.087s] [ 85%] Built target path_node
[0.089s] [ 92%] [32mBuilding CXX object CMakeFiles/Inverse_node.dir/src/Inverse_node.cpp.o[0m
[2.192s] [01m[K/home/gaga/sad_ws/src/sad_pkg/src/Inverse_node.cpp:463:10:[m[K [01;31m[Kerror: [m[Kâ€˜[01m[Kvoid ManipulatorNode::path_callback(geometry_msgs::msg::PoseArray_<std::allocator<void> >::SharedPtr)[m[Kâ€™ cannot be overloaded with â€˜[01m[Kvoid ManipulatorNode::path_callback(geometry_msgs::msg::PoseArray_<std::allocator<void> >::SharedPtr)[m[Kâ€™
[2.192s]   463 |     void [01;31m[Kpath_callback[m[K(const geometry_msgs::msg::PoseArray::SharedPtr msg) {
[2.192s]       |          [01;31m[K^~~~~~~~~~~~~[m[K
[2.192s] [01m[K/home/gaga/sad_ws/src/sad_pkg/src/Inverse_node.cpp:263:10:[m[K [01;36m[Knote: [m[Kprevious declaration â€˜[01m[Kvoid ManipulatorNode::path_callback(geometry_msgs::msg::PoseArray_<std::allocator<void> >::SharedPtr)[m[Kâ€™
[2.192s]   263 |     void [01;36m[Kpath_callback[m[K(const geometry_msgs::msg::PoseArray::SharedPtr msg) {
[2.192s]       |          [01;36m[K^~~~~~~~~~~~~[m[K
[2.329s] [01m[K/home/gaga/sad_ws/src/sad_pkg/src/Inverse_node.cpp:[m[K In member function â€˜[01m[Kvoid ManipulatorNode::timer_callback()[m[Kâ€™:
[2.329s] [01m[K/home/gaga/sad_ws/src/sad_pkg/src/Inverse_node.cpp:431:31:[m[K [01;31m[Kerror: [m[Kâ€˜[01m[Kjoint_limits_[m[Kâ€™ was not declared in this scope; did you mean â€˜[01m[Kjoint_limits[m[Kâ€™?
[2.329s]   431 |             if (target_q[i] < [01;31m[Kjoint_limits_[m[K[i][0]) target_q[i] = joint_limits_[i][0];
[2.329s]       |                               [01;31m[K^~~~~~~~~~~~~[m[K
[2.329s]       |                               [32m[Kjoint_limits[m[K
[2.333s] [01m[K/home/gaga/sad_ws/src/sad_pkg/src/Inverse_node.cpp:432:31:[m[K [01;31m[Kerror: [m[Kâ€˜[01m[Kjoint_limits_[m[Kâ€™ was not declared in this scope; did you mean â€˜[01m[Kjoint_limits[m[Kâ€™?
[2.333s]   432 |             if (target_q[i] > [01;31m[Kjoint_limits_[m[K[i][1]) target_q[i] = joint_limits_[i][1];
[2.333s]       |                               [01;31m[K^~~~~~~~~~~~~[m[K
[2.333s]       |                               [32m[Kjoint_limits[m[K
[6.761s] gmake[2]: *** [CMakeFiles/Inverse_node.dir/build.make:76: CMakeFiles/Inverse_node.dir/src/Inverse_node.cpp.o] Error 1
[6.761s] gmake[1]: *** [CMakeFiles/Makefile2:305: CMakeFiles/Inverse_node.dir/all] Error 2
[6.761s] gmake: *** [Makefile:146: all] Error 2
[6.763s] Invoked command in '/home/gaga/sad_ws/build/sad_pkg' returned '2': CMAKE_PREFIX_PATH=/home/gaga/sad_ws/install/my_vision_msgs:/home/gaga/sad_ws/install:/home/gaga/sad_ws/install/sad_pkg:/home/gaga/sad_ws/install/mani_urdf:/home/gaga/turtlebot3_ws/install/turtlebot3:/home/gaga/turtlebot3_ws/install/turtlebot3_simulations:/home/gaga/turtlebot3_ws/install/turtlebot3_bringup:/home/gaga/turtlebot3_ws/install/turtlebot3_node:/home/gaga/turtlebot3_ws/install/turtlebot3_navigation2:/home/gaga/turtlebot3_ws/install/turtlebot3_fake_node:/home/gaga/turtlebot3_ws/install/robot_master:/home/gaga/turtlebot3_ws/install/turtlebot3_msgs:/home/gaga/turtlebot3_ws/install/turtlebot3_gazebo:/home/gaga/turtlebot3_ws/install/turtlebot3_description:/home/gaga/turtlebot3_ws/install/turtlebot3_cartographer:/home/gaga/turtlebot3_ws/install/robot_vision:/home/gaga/turtlebot3_ws/install/robot_navigation:/home/gaga/turtlebot3_ws/install/robot_msgs:/home/gaga/turtlebot3_ws/install/dynamixel_sdk_examples:/home/gaga/turtlebot3_ws/install/dynamixel_sdk_custom_interfaces:/home/gaga/turtlebot3_ws/install/dynamixel_sdk:/home/gaga/ssibal_ws/install/robot_msgs:/home/gaga/sad_ws/src/install/sad_pkg:/home/gaga/sad_ws/src/install/vision_msgs:/home/gaga/sad_ws/src/install/my_vision_msgs:/home/gaga/sad_ws/src/install/mani_urdf:/home/gaga/robotprograming_ws/install/rp_pkg:/home/gaga/sad_ws/src/sad_pkg/install/sad_pkg:/home/gaga/turtlebot3_ws/install/turtlebot3_teleop:/home/gaga/turtlebot3_ws/install/turtlebot3_example:/opt/ros/humble /usr/bin/cmake --build /home/gaga/sad_ws/build/sad_pkg -- -j20 -l20
