[01m[K/home/gaga/sad_ws/src/sad_pkg/src/Inverse_node.cpp:106:35:[m[K [01;31m[Kerror: [m[Kâ€˜[01m[Ksensor_msgs[m[Kâ€™ does not name a type
  106 |     void jointStateCallback(const [01;31m[Ksensor_msgs[m[K::msg::JointState::SharedPtr msg){
      |                                   [01;31m[K^~~~~~~~~~~[m[K
[01m[K/home/gaga/sad_ws/src/sad_pkg/src/Inverse_node.cpp:106:51:[m[K [01;31m[Kerror: [m[Kexpected unqualified-id before â€˜[01m[K::[m[Kâ€™ token
  106 |     void jointStateCallback(const sensor_msgs::msg[01;31m[K::[m[KJointState::SharedPtr msg){
      |                                                   [01;31m[K^~[m[K
[01m[K/home/gaga/sad_ws/src/sad_pkg/src/Inverse_node.cpp:106:51:[m[K [01;31m[Kerror: [m[Kexpected â€˜[01m[K)[m[Kâ€™ before â€˜[01m[K::[m[Kâ€™ token
  106 |     void jointStateCallback[34m[K([m[Kconst sensor_msgs::msg[01;31m[K:[m[K[32m[K:[m[KJointState::SharedPtr msg){
      |                            [34m[K~[m[K                      [01;31m[K^[m[K[32m[K~[m[K
      |                                                   [32m[K)[m[K
[01m[K/home/gaga/sad_ws/src/sad_pkg/src/Inverse_node.cpp:106:48:[m[K [01;31m[Kerror: [m[Kexpected â€˜[01m[K;[m[Kâ€™ at end of member declaration
  106 |     void jointStateCallback(const sensor_msgs::[01;31m[Kmsg[m[K::JointState::SharedPtr msg){
      |                                                [01;31m[K^~~[m[K
      |                                                   [32m[K;[m[K
[01m[K/home/gaga/sad_ws/src/sad_pkg/src/Inverse_node.cpp:106:53:[m[K [01;31m[Kerror: [m[Kâ€˜[01m[KJointState[m[Kâ€™ in namespace â€˜[01m[K::[m[Kâ€™ does not name a type
  106 |     void jointStateCallback(const sensor_msgs::msg::[01;31m[KJointState[m[K::SharedPtr msg){
      |                                                     [01;31m[K^~~~~~~~~~[m[K
gmake[2]: *** [CMakeFiles/Inverse_node.dir/build.make:76: CMakeFiles/Inverse_node.dir/src/Inverse_node.cpp.o] Error 1
gmake[1]: *** [CMakeFiles/Makefile2:305: CMakeFiles/Inverse_node.dir/all] Error 2
gmake: *** [Makefile:146: all] Error 2
