[35m[1mConsolidate compiler generated dependencies of target Inverse_node[0m
[ 50%] Built target forward_node
[ 57%] Built target obstacle_node
[ 57%] Built target rrt_node
[ 57%] Built target map_node
[ 71%] Built target spline_node
[ 85%] Built target path_node
[ 92%] [32mBuilding CXX object CMakeFiles/Inverse_node.dir/src/Inverse_node.cpp.o[0m
[01m[K/home/gaga/sad_ws/src/sad_pkg/src/Inverse_node.cpp:[m[K In lambda function:
[01m[K/home/gaga/sad_ws/src/sad_pkg/src/Inverse_node.cpp:107:13:[m[K [01;31m[Kerror: [m[Kâ€˜[01m[Khave_joint_state_[m[Kâ€™ was not declared in this scope
  107 |             [01;31m[Khave_joint_state_[m[K = true;
      |             [01;31m[K^~~~~~~~~~~~~~~~~[m[K
[01m[K/home/gaga/sad_ws/src/sad_pkg/src/Inverse_node.cpp:[m[K In member function â€˜[01m[Kvoid ManipulatorNode::timer_callback()[m[Kâ€™:
[01m[K/home/gaga/sad_ws/src/sad_pkg/src/Inverse_node.cpp:127:14:[m[K [01;31m[Kerror: [m[Kâ€˜[01m[Khave_joint_state_[m[Kâ€™ was not declared in this scope
  127 |         if (![01;31m[Khave_joint_state_[m[K || path_poses_.empty()) return;
      |              [01;31m[K^~~~~~~~~~~~~~~~~[m[K
[01m[K/home/gaga/sad_ws/src/sad_pkg/src/Inverse_node.cpp:165:44:[m[K [01;31m[Kerror: [m[Kâ€˜[01m[Kjoint_limits[m[Kâ€™ was not declared in this scope
  165 |             if (current_joint_angles_(i) < [01;31m[Kjoint_limits[m[K[i][0]) {
      |                                            [01;31m[K^~~~~~~~~~~~[m[K
gmake[2]: *** [CMakeFiles/Inverse_node.dir/build.make:76: CMakeFiles/Inverse_node.dir/src/Inverse_node.cpp.o] Error 1
gmake[1]: *** [CMakeFiles/Makefile2:305: CMakeFiles/Inverse_node.dir/all] Error 2
gmake: *** [Makefile:146: all] Error 2
