[0.011s] Invoking command in '/home/gaga/sad_ws/src/build/sad_pkg': CMAKE_PREFIX_PATH=/home/gaga/sad_ws/src/install/my_vision_msgs:/home/gaga/sad_ws/install:/home/gaga/sad_ws/install/sad_pkg:/home/gaga/sad_ws/install/my_vision_msgs:/home/gaga/sad_ws/install/mani_urdf:/home/gaga/turtlebot3_ws/install/turtlebot3:/home/gaga/turtlebot3_ws/install/turtlebot3_simulations:/home/gaga/turtlebot3_ws/install/turtlebot3_bringup:/home/gaga/turtlebot3_ws/install/turtlebot3_node:/home/gaga/turtlebot3_ws/install/turtlebot3_navigation2:/home/gaga/turtlebot3_ws/install/turtlebot3_fake_node:/home/gaga/turtlebot3_ws/install/robot_master:/home/gaga/turtlebot3_ws/install/turtlebot3_msgs:/home/gaga/turtlebot3_ws/install/turtlebot3_gazebo:/home/gaga/turtlebot3_ws/install/turtlebot3_description:/home/gaga/turtlebot3_ws/install/turtlebot3_cartographer:/home/gaga/turtlebot3_ws/install/robot_vision:/home/gaga/turtlebot3_ws/install/robot_navigation:/home/gaga/turtlebot3_ws/install/robot_msgs:/home/gaga/turtlebot3_ws/install/dynamixel_sdk_examples:/home/gaga/turtlebot3_ws/install/dynamixel_sdk_custom_interfaces:/home/gaga/turtlebot3_ws/install/dynamixel_sdk:/home/gaga/ssibal_ws/install/robot_msgs:/home/gaga/sad_ws/src/install/sad_pkg:/home/gaga/sad_ws/src/install/vision_msgs:/home/gaga/sad_ws/src/install/mani_urdf:/home/gaga/robotprograming_ws/install/rp_pkg:/home/gaga/sad_ws/src/sad_pkg/install/sad_pkg:/home/gaga/turtlebot3_ws/install/turtlebot3_teleop:/home/gaga/turtlebot3_ws/install/turtlebot3_example:/opt/ros/humble LD_LIBRARY_PATH=/home/gaga/sad_ws/src/install/my_vision_msgs/lib:/home/gaga/sad_ws/install/my_vision_msgs/lib:/home/gaga/turtlebot3_ws/install/turtlebot3_msgs/lib:/home/gaga/turtlebot3_ws/install/robot_msgs/lib:/home/gaga/turtlebot3_ws/install/dynamixel_sdk_custom_interfaces/lib:/home/gaga/turtlebot3_ws/install/dynamixel_sdk/lib:/home/gaga/ssibal_ws/install/robot_msgs/lib:/home/gaga/sad_ws/src/install/vision_msgs/lib:/home/gaga/robotprograming_ws/install/rp_pkg/lib:/usr/lib/x86_64-linux-gnu/gazebo-11/plugins:/opt/ros/humble/opt/rviz_ogre_vendor/lib:/opt/ros/humble/lib/x86_64-linux-gnu:/opt/ros/humble/lib /usr/bin/cmake --build /home/gaga/sad_ws/src/build/sad_pkg -- -j20 -l20
[0.036s] -- Found ament_cmake: 1.3.11 (/opt/ros/humble/share/ament_cmake/cmake)
[0.148s] -- Found rclcpp: 16.0.12 (/opt/ros/humble/share/rclcpp/cmake)
[0.167s] -- Found rosidl_generator_c: 3.1.6 (/opt/ros/humble/share/rosidl_generator_c/cmake)
[0.168s] -- Found rosidl_adapter: 3.1.6 (/opt/ros/humble/share/rosidl_adapter/cmake)
[0.172s] -- Found rosidl_generator_cpp: 3.1.6 (/opt/ros/humble/share/rosidl_generator_cpp/cmake)
[0.179s] -- Using all available rosidl_typesupport_c: rosidl_typesupport_fastrtps_c;rosidl_typesupport_introspection_c
[0.187s] -- Using all available rosidl_typesupport_cpp: rosidl_typesupport_fastrtps_cpp;rosidl_typesupport_introspection_cpp
[0.209s] -- Found rmw_implementation_cmake: 6.1.2 (/opt/ros/humble/share/rmw_implementation_cmake/cmake)
[0.215s] -- Found rmw_fastrtps_cpp: 6.2.7 (/opt/ros/humble/share/rmw_fastrtps_cpp/cmake)
[0.332s] -- Using RMW implementation 'rmw_fastrtps_cpp' as default
[0.370s] -- Found visualization_msgs: 4.8.0 (/opt/ros/humble/share/visualization_msgs/cmake)
[0.409s] -- Found trajectory_msgs: 4.8.0 (/opt/ros/humble/share/trajectory_msgs/cmake)
[0.422s] -- Found xacro: 2.0.13 (/opt/ros/humble/share/xacro/cmake)
[0.423s] -- Found ros2_control: 2.50.0 (/opt/ros/humble/share/ros2_control/cmake)
[0.423s] -- Found gazebo_ros2_control: 0.4.10 (/opt/ros/humble/share/gazebo_ros2_control/cmake)
[0.570s] -- Found DART: /usr/include (Required is at least version "6.6") found components: dart 
[0.597s] -- Found Protobuf: /usr/lib/x86_64-linux-gnu/libprotobuf.so (found version "3.12.4") 
[0.598s] -- Looking for ignition-math6 -- found version 6.15.1
[0.603s] -- Searching for dependencies of ignition-math6
[0.605s] -- Looking for OGRE...
[0.610s] -- Found Ogre Ghadamon (1.9.0)
[0.610s] -- Found OGRE: optimized;/usr/lib/x86_64-linux-gnu/libOgreMain.so;debug;/usr/lib/x86_64-linux-gnu/libOgreMain.so
[0.621s] -- Looking for OGRE_Paging...
[0.622s] -- Found OGRE_Paging: optimized;/usr/lib/x86_64-linux-gnu/libOgrePaging.so;debug;/usr/lib/x86_64-linux-gnu/libOgrePaging.so
[0.622s] -- Looking for OGRE_Terrain...
[0.622s] -- Found OGRE_Terrain: optimized;/usr/lib/x86_64-linux-gnu/libOgreTerrain.so;debug;/usr/lib/x86_64-linux-gnu/libOgreTerrain.so
[0.622s] -- Looking for OGRE_Property...
[0.622s] -- Found OGRE_Property: optimized;/usr/lib/x86_64-linux-gnu/libOgreProperty.so;debug;/usr/lib/x86_64-linux-gnu/libOgreProperty.so
[0.622s] -- Looking for OGRE_RTShaderSystem...
[0.622s] -- Found OGRE_RTShaderSystem: optimized;/usr/lib/x86_64-linux-gnu/libOgreRTShaderSystem.so;debug;/usr/lib/x86_64-linux-gnu/libOgreRTShaderSystem.so
[0.622s] -- Looking for OGRE_Volume...
[0.622s] -- Found OGRE_Volume: optimized;/usr/lib/x86_64-linux-gnu/libOgreVolume.so;debug;/usr/lib/x86_64-linux-gnu/libOgreVolume.so
[0.622s] -- Looking for OGRE_Overlay...
[0.622s] -- Found OGRE_Overlay: optimized;/usr/lib/x86_64-linux-gnu/libOgreOverlay.so;debug;/usr/lib/x86_64-linux-gnu/libOgreOverlay.so
[0.725s] -- Looking for ignition-math6 -- found version 6.15.1
[0.726s] -- Looking for ignition-transport8 -- found version 8.2.1
[0.726s] -- Searching for dependencies of ignition-transport8
[0.742s] -- Found Protobuf: /usr/lib/x86_64-linux-gnu/libprotobuf.so (found suitable version "3.12.4", minimum required is "3") 
[0.752s] -- Config-file not installed for ZeroMQ -- checking for pkg-config
[0.757s] -- Checking for module 'libzmq >= 4'
[0.773s] --   Found libzmq , version 4.3.4
[0.812s] -- Checking for module 'uuid'
[0.828s] --   Found uuid, version 2.37.2
[0.859s] -- Looking for ignition-msgs5 -- found version 5.8.1
[0.860s] -- Searching for dependencies of ignition-msgs5
[0.875s] -- Looking for ignition-math6 -- found version 6.15.1
[0.882s] -- Looking for ignition-msgs5 -- found version 5.8.1
[0.884s] -- Looking for ignition-common3 -- found version 3.14.0
[0.885s] -- Searching for dependencies of ignition-common3
[0.885s] -- Looking for dlfcn.h - found
[0.885s] -- Looking for libdl - found
[0.900s] -- Searching for <ignition-common3> component [graphics]
[0.901s] -- Looking for ignition-common3-graphics -- found version 3.14.0
[0.901s] -- Searching for dependencies of ignition-common3-graphics
[0.901s] -- Looking for ignition-math6 -- found version 6.15.1
[0.903s] -- Looking for ignition-fuel_tools4 -- found version 4.4.0
[0.903s] -- Searching for dependencies of ignition-fuel_tools4
[0.946s] -- Checking for module 'jsoncpp'
[0.961s] --   Found jsoncpp, version 1.9.5
[0.996s] -- Checking for module 'libzip'
[1.010s] --   Found libzip, version 1.7.3
[1.044s] -- Looking for ignition-common3 -- found version 3.14.0
[1.044s] -- Looking for ignition-math6 -- found version 6.15.1
[1.044s] -- Looking for ignition-msgs5 -- found version 5.8.1
[1.046s] -- Gazebo version: 11.10
[1.056s] -- Found my_vision_msgs: 0.1.0 (/home/gaga/sad_ws/src/install/my_vision_msgs/share/my_vision_msgs/cmake)
[1.069s] -- Found tf2: 0.25.12 (/opt/ros/humble/share/tf2/cmake)
[1.073s] -- Found tf2_geometry_msgs: 0.25.12 (/opt/ros/humble/share/tf2_geometry_msgs/cmake)
[1.083s] -- Found eigen3_cmake_module: 0.1.1 (/opt/ros/humble/share/eigen3_cmake_module/cmake)
[1.084s] -- Found Eigen3: TRUE (found version "3.4.0") 
[1.084s] -- Ensuring Eigen3 include directory is part of orocos-kdl CMake target
[1.167s] -- Found ament_lint_auto: 0.12.12 (/opt/ros/humble/share/ament_lint_auto/cmake)
[1.233s] -- Added test 'cppcheck' to perform static code analysis on C / C++ code
[1.237s] -- Configured cppcheck include dirs: 
[1.237s] -- Configured cppcheck exclude dirs and/or files: 
[1.237s] -- Added test 'flake8' to check Python code syntax and style conventions
[1.239s] -- Added test 'lint_cmake' to check CMake code style
[1.240s] -- Added test 'pep257' to check Python code against some of the docstring style conventions in PEP 257
[1.245s] -- Added test 'uncrustify' to check C / C++ code style
[1.245s] -- Configured uncrustify additional arguments: 
[1.246s] -- Added test 'xmllint' to check XML markup files
[1.246s] -- Configuring done
[1.276s] -- Generating done
[1.288s] -- Build files have been written to: /home/gaga/sad_ws/src/build/sad_pkg
[1.322s] [35m[1mConsolidate compiler generated dependencies of target forward_node[0m
[1.322s] [35m[1mConsolidate compiler generated dependencies of target obstacle_node[0m
[1.322s] [35m[1mConsolidate compiler generated dependencies of target map_node[0m
[1.322s] [35m[1mConsolidate compiler generated dependencies of target spline_node[0m
[1.322s] [35m[1mConsolidate compiler generated dependencies of target rrt_node[0m
[1.341s] [ 18%] [32mBuilding CXX object CMakeFiles/motor_node.dir/src/motor_node.cpp.o[0m
[1.342s] [ 18%] [32mBuilding CXX object CMakeFiles/Inverse_node.dir/src/Inverse_node.cpp.o[0m
[1.342s] [ 18%] [32mBuilding CXX object CMakeFiles/path_node.dir/src/path_node.cpp.o[0m
[1.347s] [ 37%] [32mBuilding CXX object CMakeFiles/rrt_node.dir/src/rrt_node.cpp.o[0m
[1.348s] [ 37%] [32mBuilding CXX object CMakeFiles/forward_node.dir/src/forward_node.cpp.o[0m
[1.348s] [ 37%] [32mBuilding CXX object CMakeFiles/map_node.dir/src/map_node.cpp.o[0m
[1.348s] [ 43%] [32mBuilding CXX object CMakeFiles/obstacle_node.dir/src/obstacle_node.cpp.o[0m
[1.348s] [ 50%] [32mBuilding CXX object CMakeFiles/spline_node.dir/src/spline_node.cpp.o[0m
[1.538s] [01m[K/home/gaga/sad_ws/src/sad_pkg/src/motor_node.cpp:4:10:[m[K [01;31m[Kfatal error: [m[Kserial/serial.h: No such file or directory
[1.538s]     4 | #include [01;31m[K"serial/serial.h"[m[K
[1.538s]       |          [01;31m[K^~~~~~~~~~~~~~~~~[m[K
[1.538s] compilation terminated.
[1.540s] gmake[2]: *** [CMakeFiles/motor_node.dir/build.make:76: CMakeFiles/motor_node.dir/src/motor_node.cpp.o] Error 1
[1.540s] gmake[1]: *** [CMakeFiles/Makefile2:333: CMakeFiles/motor_node.dir/all] Error 2
[1.541s] gmake[1]: *** Waiting for unfinished jobs....
[2.803s] [ 56%] [32m[1mLinking CXX executable forward_node[0m
[3.063s] [ 56%] Built target forward_node
[6.818s] [ 62%] [32m[1mLinking CXX executable obstacle_node[0m
[7.117s] [ 62%] Built target obstacle_node
[8.787s] [ 68%] [32m[1mLinking CXX executable spline_node[0m
[9.087s] [ 68%] Built target spline_node
[11.423s] [ 75%] [32m[1mLinking CXX executable map_node[0m
[11.888s] [ 81%] [32m[1mLinking CXX executable rrt_node[0m
[12.038s] [ 81%] Built target map_node
[12.367s] [ 81%] Built target rrt_node
[13.334s] [ 87%] [32m[1mLinking CXX executable path_node[0m
[13.822s] [ 87%] Built target path_node
[19.997s] [ 93%] [32m[1mLinking CXX executable Inverse_node[0m
[20.733s] [ 93%] Built target Inverse_node
[20.733s] gmake: *** [Makefile:146: all] Error 2
[20.736s] Invoked command in '/home/gaga/sad_ws/src/build/sad_pkg' returned '2': CMAKE_PREFIX_PATH=/home/gaga/sad_ws/src/install/my_vision_msgs:/home/gaga/sad_ws/install:/home/gaga/sad_ws/install/sad_pkg:/home/gaga/sad_ws/install/my_vision_msgs:/home/gaga/sad_ws/install/mani_urdf:/home/gaga/turtlebot3_ws/install/turtlebot3:/home/gaga/turtlebot3_ws/install/turtlebot3_simulations:/home/gaga/turtlebot3_ws/install/turtlebot3_bringup:/home/gaga/turtlebot3_ws/install/turtlebot3_node:/home/gaga/turtlebot3_ws/install/turtlebot3_navigation2:/home/gaga/turtlebot3_ws/install/turtlebot3_fake_node:/home/gaga/turtlebot3_ws/install/robot_master:/home/gaga/turtlebot3_ws/install/turtlebot3_msgs:/home/gaga/turtlebot3_ws/install/turtlebot3_gazebo:/home/gaga/turtlebot3_ws/install/turtlebot3_description:/home/gaga/turtlebot3_ws/install/turtlebot3_cartographer:/home/gaga/turtlebot3_ws/install/robot_vision:/home/gaga/turtlebot3_ws/install/robot_navigation:/home/gaga/turtlebot3_ws/install/robot_msgs:/home/gaga/turtlebot3_ws/install/dynamixel_sdk_examples:/home/gaga/turtlebot3_ws/install/dynamixel_sdk_custom_interfaces:/home/gaga/turtlebot3_ws/install/dynamixel_sdk:/home/gaga/ssibal_ws/install/robot_msgs:/home/gaga/sad_ws/src/install/sad_pkg:/home/gaga/sad_ws/src/install/vision_msgs:/home/gaga/sad_ws/src/install/mani_urdf:/home/gaga/robotprograming_ws/install/rp_pkg:/home/gaga/sad_ws/src/sad_pkg/install/sad_pkg:/home/gaga/turtlebot3_ws/install/turtlebot3_teleop:/home/gaga/turtlebot3_ws/install/turtlebot3_example:/opt/ros/humble LD_LIBRARY_PATH=/home/gaga/sad_ws/src/install/my_vision_msgs/lib:/home/gaga/sad_ws/install/my_vision_msgs/lib:/home/gaga/turtlebot3_ws/install/turtlebot3_msgs/lib:/home/gaga/turtlebot3_ws/install/robot_msgs/lib:/home/gaga/turtlebot3_ws/install/dynamixel_sdk_custom_interfaces/lib:/home/gaga/turtlebot3_ws/install/dynamixel_sdk/lib:/home/gaga/ssibal_ws/install/robot_msgs/lib:/home/gaga/sad_ws/src/install/vision_msgs/lib:/home/gaga/robotprograming_ws/install/rp_pkg/lib:/usr/lib/x86_64-linux-gnu/gazebo-11/plugins:/opt/ros/humble/opt/rviz_ogre_vendor/lib:/opt/ros/humble/lib/x86_64-linux-gnu:/opt/ros/humble/lib /usr/bin/cmake --build /home/gaga/sad_ws/src/build/sad_pkg -- -j20 -l20
