[0.025s] Invoking command in '/home/gaga/sad_ws/build/sad_pkg': CMAKE_PREFIX_PATH=/home/gaga/sad_ws/install/my_vision_msgs:/home/gaga/sad_ws/install:/home/gaga/sad_ws/install/sad_pkg:/home/gaga/sad_ws/install/mani_urdf:/home/gaga/turtlebot3_ws/install/turtlebot3:/home/gaga/turtlebot3_ws/install/turtlebot3_simulations:/home/gaga/turtlebot3_ws/install/turtlebot3_bringup:/home/gaga/turtlebot3_ws/install/turtlebot3_node:/home/gaga/turtlebot3_ws/install/turtlebot3_navigation2:/home/gaga/turtlebot3_ws/install/turtlebot3_fake_node:/home/gaga/turtlebot3_ws/install/robot_master:/home/gaga/turtlebot3_ws/install/turtlebot3_msgs:/home/gaga/turtlebot3_ws/install/turtlebot3_gazebo:/home/gaga/turtlebot3_ws/install/turtlebot3_description:/home/gaga/turtlebot3_ws/install/turtlebot3_cartographer:/home/gaga/turtlebot3_ws/install/robot_vision:/home/gaga/turtlebot3_ws/install/robot_navigation:/home/gaga/turtlebot3_ws/install/robot_msgs:/home/gaga/turtlebot3_ws/install/dynamixel_sdk_examples:/home/gaga/turtlebot3_ws/install/dynamixel_sdk_custom_interfaces:/home/gaga/turtlebot3_ws/install/dynamixel_sdk:/home/gaga/ssibal_ws/install/robot_msgs:/home/gaga/sad_ws/src/install/sad_pkg:/home/gaga/sad_ws/src/install/vision_msgs:/home/gaga/sad_ws/src/install/my_vision_msgs:/home/gaga/sad_ws/src/install/mani_urdf:/home/gaga/robotprograming_ws/install/rp_pkg:/home/gaga/rrt_ws/install/spline_interpolation:/home/gaga/rrt_ws/install/rrt_visualization:/home/gaga/rrt_ws/install/rrt_spline_pkg:/home/gaga/rrt_ws/install/my_rrt_pkg:/home/gaga/rrt_ws/install/mani_pkg:/home/gaga/turtlebot3_ws/install/turtlebot3_teleop:/home/gaga/turtlebot3_ws/install/turtlebot3_example:/opt/ros/humble /usr/bin/cmake --build /home/gaga/sad_ws/build/sad_pkg -- -j20 -l20
[0.126s] [ 78%] Built target forward_node
[0.126s] [ 78%] Built target rrt_node
[0.126s] [ 78%] Built target spline_node
[0.126s] [ 78%] [32mBuilding CXX object CMakeFiles/Inverse_node.dir/src/Inverse_node.cpp.o[0m
[0.127s] [ 78%] Built target obstacle_node
[0.127s] [ 78%] Built target map_node
[0.142s] [ 92%] Built target path_node
[4.723s] [01m[K/home/gaga/sad_ws/src/sad_pkg/src/Inverse_node.cpp:299:31:[m[K [01;31m[Kerror: [m[Kâ€˜[01m[Kq_err[m[Kâ€™ is not a type
[4.723s]   299 |         quaternionToAngleAxis([01;31m[Kq_err[m[K, axis, angle);
[4.723s]       |                               [01;31m[K^~~~~[m[K
[4.723s] [01m[K/home/gaga/sad_ws/src/sad_pkg/src/Inverse_node.cpp:299:38:[m[K [01;31m[Kerror: [m[Kâ€˜[01m[Kaxis[m[Kâ€™ is not a type
[4.723s]   299 |         quaternionToAngleAxis(q_err, [01;31m[Kaxis[m[K, angle);
[4.723s]       |                                      [01;31m[K^~~~[m[K
[4.723s] [01m[K/home/gaga/sad_ws/src/sad_pkg/src/Inverse_node.cpp:299:44:[m[K [01;31m[Kerror: [m[Kâ€˜[01m[Kangle[m[Kâ€™ is not a type
[4.723s]   299 |         quaternionToAngleAxis(q_err, axis, [01;31m[Kangle[m[K);
[4.723s]       |                                            [01;31m[K^~~~~[m[K
[4.723s] [01m[K/home/gaga/sad_ws/src/sad_pkg/src/Inverse_node.cpp:299:9:[m[K [01;31m[Kerror: [m[KISO C++ forbids declaration of â€˜[01m[KquaternionToAngleAxis[m[Kâ€™ with no type [[01;31m[K]8;;https://gcc.gnu.org/onlinedocs/gcc/Warning-Options.html#index-fpermissive-fpermissive]8;;[m[K]
[4.723s]   299 |         [01;31m[KquaternionToAngleAxis[m[K(q_err, axis, angle);
[4.723s]       |         [01;31m[K^~~~~~~~~~~~~~~~~~~~~[m[K
[4.723s] [01m[K/home/gaga/sad_ws/src/sad_pkg/src/Inverse_node.cpp:309:9:[m[K [01;31m[Kerror: [m[Kexpected unqualified-id before â€˜[01m[Kif[m[Kâ€™
[4.723s]   309 |         [01;31m[Kif[m[K (pos_err < position_deadband
[4.723s]       |         [01;31m[K^~[m[K
[4.723s] [01m[K/home/gaga/sad_ws/src/sad_pkg/src/Inverse_node.cpp:339:9:[m[K [01;31m[Kerror: [m[Kexpected unqualified-id before â€˜[01m[Kfor[m[Kâ€™
[4.723s]   339 |         [01;31m[Kfor[m[K (int i = 0; i < 6; ++i) {
[4.724s]       |         [01;31m[K^~~[m[K
[4.724s] [01m[K/home/gaga/sad_ws/src/sad_pkg/src/Inverse_node.cpp:339:25:[m[K [01;31m[Kerror: [m[Kâ€˜[01m[Ki[m[Kâ€™ does not name a type
[4.724s]   339 |         for (int i = 0; [01;31m[Ki[m[K < 6; ++i) {
[4.724s]       |                         [01;31m[K^[m[K
[4.724s] [01m[K/home/gaga/sad_ws/src/sad_pkg/src/Inverse_node.cpp:339:32:[m[K [01;31m[Kerror: [m[Kexpected unqualified-id before â€˜[01m[K++[m[Kâ€™ token
[4.725s]   339 |         for (int i = 0; i < 6; [01;31m[K++[m[Ki) {
[4.725s]       |                                [01;31m[K^~[m[K
[4.725s] In file included from [01m[K/opt/ros/humble/include/rclcpp/rclcpp/client.hpp:40[m[K,
[4.725s]                  from [01m[K/opt/ros/humble/include/rclcpp/rclcpp/callback_group.hpp:24[m[K,
[4.725s]                  from [01m[K/opt/ros/humble/include/rclcpp/rclcpp/any_executable.hpp:20[m[K,
[4.725s]                  from [01m[K/opt/ros/humble/include/rclcpp/rclcpp/memory_strategy.hpp:25[m[K,
[4.725s]                  from [01m[K/opt/ros/humble/include/rclcpp/rclcpp/memory_strategies.hpp:18[m[K,
[4.725s]                  from [01m[K/opt/ros/humble/include/rclcpp/rclcpp/executor_options.hpp:20[m[K,
[4.725s]                  from [01m[K/opt/ros/humble/include/rclcpp/rclcpp/executor.hpp:37[m[K,
[4.725s]                  from [01m[K/opt/ros/humble/include/rclcpp/rclcpp/executors/multi_threaded_executor.hpp:25[m[K,
[4.725s]                  from [01m[K/opt/ros/humble/include/rclcpp/rclcpp/executors.hpp:21[m[K,
[4.725s]                  from [01m[K/opt/ros/humble/include/rclcpp/rclcpp/rclcpp.hpp:155[m[K,
[4.725s]                  from [01m[K/home/gaga/sad_ws/src/sad_pkg/src/Inverse_node.cpp:6[m[K:
[4.725s] [01m[K/home/gaga/sad_ws/src/sad_pkg/src/Inverse_node.cpp:348:9:[m[K [01;31m[Kerror: [m[Kexpected unqualified-id before â€˜[01m[Kdo[m[Kâ€™
[4.725s]   348 |         [01;31m[KRCLCPP_INFO[m[K(this->get_logger(),
[4.725s]       |         [01;31m[K^~~~~~~~~~~[m[K
[4.725s] [01m[K/home/gaga/sad_ws/src/sad_pkg/src/Inverse_node.cpp:348:9:[m[K [01;31m[Kerror: [m[Kexpected unqualified-id before â€˜[01m[Kwhile[m[Kâ€™
[4.725s]   348 |         [01;31m[KRCLCPP_INFO[m[K(this->get_logger(),
[4.725s]       |         [01;31m[K^~~~~~~~~~~[m[K
[4.725s] [01m[K/home/gaga/sad_ws/src/sad_pkg/src/Inverse_node.cpp:352:9:[m[K [01;31m[Kerror: [m[Kexpected unqualified-id before â€˜[01m[Kdo[m[Kâ€™
[4.725s]   352 |         [01;31m[KRCLCPP_INFO[m[K(this->get_logger(),
[4.725s]       |         [01;31m[K^~~~~~~~~~~[m[K
[4.725s] [01m[K/home/gaga/sad_ws/src/sad_pkg/src/Inverse_node.cpp:352:9:[m[K [01;31m[Kerror: [m[Kexpected unqualified-id before â€˜[01m[Kwhile[m[Kâ€™
[4.725s]   352 |         [01;31m[KRCLCPP_INFO[m[K(this->get_logger(),
[4.725s]       |         [01;31m[K^~~~~~~~~~~[m[K
[4.725s] [01m[K/home/gaga/sad_ws/src/sad_pkg/src/Inverse_node.cpp:358:29:[m[K [01;31m[Kerror: [m[Kâ€˜[01m[Ktarget_q[m[Kâ€™ is not a type
[4.725s]   358 |         sendJointTrajectory([01;31m[Ktarget_q[m[K, current_joint_angles_, dt);
[4.726s]       |                             [01;31m[K^~~~~~~~[m[K
[4.726s] [01m[K/home/gaga/sad_ws/src/sad_pkg/src/Inverse_node.cpp:358:39:[m[K [01;31m[Kerror: [m[Kâ€˜[01m[Kcurrent_joint_angles_[m[Kâ€™ is not a type
[4.726s]   358 |         sendJointTrajectory(target_q, [01;31m[Kcurrent_joint_angles_[m[K, dt);
[4.726s]       |                                       [01;31m[K^~~~~~~~~~~~~~~~~~~~~[m[K
[4.726s] [01m[K/home/gaga/sad_ws/src/sad_pkg/src/Inverse_node.cpp:358:62:[m[K [01;31m[Kerror: [m[Kâ€˜[01m[Kdt[m[Kâ€™ has not been declared
[4.726s]   358 |         sendJointTrajectory(target_q, current_joint_angles_, [01;31m[Kdt[m[K);
[4.726s]       |                                                              [01;31m[K^~[m[K
[4.726s] [01m[K/home/gaga/sad_ws/src/sad_pkg/src/Inverse_node.cpp:358:9:[m[K [01;31m[Kerror: [m[KISO C++ forbids declaration of â€˜[01m[KsendJointTrajectory[m[Kâ€™ with no type [[01;31m[K]8;;https://gcc.gnu.org/onlinedocs/gcc/Warning-Options.html#index-fpermissive-fpermissive]8;;[m[K]
[4.726s]   358 |         [01;31m[KsendJointTrajectory[m[K(target_q, current_joint_angles_, dt);
[4.726s]       |         [01;31m[K^~~~~~~~~~~~~~~~~~~[m[K
[4.727s] [01m[K/home/gaga/sad_ws/src/sad_pkg/src/Inverse_node.cpp:359:10:[m[K [01;31m[Kerror: [m[Kexpected â€˜[01m[K;[m[Kâ€™ after class definition
[4.727s]   359 |         }
[4.727s]       |          [01;31m[K^[m[K
[4.727s]       |          [32m[K;[m[K
[4.824s] [01m[K/home/gaga/sad_ws/src/sad_pkg/src/Inverse_node.cpp:332:26:[m[K [01;31m[Kerror: [m[Kâ€˜[01m[KcomputeFeedbackVelocity[m[Kâ€™ was not declared in this scope
[4.825s]   332 |         VectorXd q_dot = [01;31m[KcomputeFeedbackVelocity[m[K(target_position_,
[4.825s]       |                          [01;31m[K^~~~~~~~~~~~~~~~~~~~~~~[m[K
[4.832s] [01m[K/home/gaga/sad_ws/src/sad_pkg/src/Inverse_node.cpp:336:61:[m[K [01;31m[Kerror: [m[Kâ€˜[01m[Kdt[m[Kâ€™ was not declared in this scope; did you mean â€˜[01m[Kd7[m[Kâ€™?
[4.832s]   336 |         VectorXd target_q = current_joint_angles_ + q_dot * [01;31m[Kdt[m[K;
[4.832s]       |                                                             [01;31m[K^~[m[K
[4.832s]       |                                                             [32m[Kd7[m[K
[4.959s] [01m[K/home/gaga/sad_ws/src/sad_pkg/src/Inverse_node.cpp:[m[K In constructor â€˜[01m[KManipulatorNode::ManipulatorNode(const Vector3d&, const Vector3d&)[m[Kâ€™:
[4.959s] [01m[K/home/gaga/sad_ws/src/sad_pkg/src/Inverse_node.cpp:213:39:[m[K [01;31m[Kerror: [m[Kâ€˜[01m[Kpath_callback[m[Kâ€™ is not a member of â€˜[01m[KManipulatorNode[m[Kâ€™
[4.959s]   213 |           std::bind(&ManipulatorNode::[01;31m[Kpath_callback[m[K, this, std::placeholders::_1)
[4.959s]       |                                       [01;31m[K^~~~~~~~~~~~~[m[K
[4.984s] [01m[K/home/gaga/sad_ws/src/sad_pkg/src/Inverse_node.cpp:[m[K In member function â€˜[01m[Kvoid ManipulatorNode::timer_callback()[m[Kâ€™:
[4.985s] [01m[K/home/gaga/sad_ws/src/sad_pkg/src/Inverse_node.cpp:265:13:[m[K [01;31m[Kerror: [m[Kâ€˜[01m[Kpose[m[Kâ€™ was not declared in this scope
[4.985s]   265 |             [01;31m[Kpose[m[K.position.x,
[4.985s]       |             [01;31m[K^~~~[m[K
[4.985s] [01m[K/home/gaga/sad_ws/src/sad_pkg/src/Inverse_node.cpp:252:22:[m[K [01;35m[Kwarning: [m[Kunused variable â€˜[01m[Kdt[m[Kâ€™ [[01;35m[K]8;;https://gcc.gnu.org/onlinedocs/gcc/Warning-Options.html#index-Wunused-variable-Wunused-variable]8;;[m[K]
[4.985s]   252 |         const double [01;35m[Kdt[m[K = 0.1;
[4.985s]       |                      [01;35m[K^~[m[K
[4.996s] [01m[K/home/gaga/sad_ws/src/sad_pkg/src/Inverse_node.cpp:[m[K In function â€˜[01m[Kvoid path_callback(geometry_msgs::msg::PoseArray_<std::allocator<void> >::SharedPtr)[m[Kâ€™:
[4.997s] [01m[K/home/gaga/sad_ws/src/sad_pkg/src/Inverse_node.cpp:363:13:[m[K [01;31m[Kerror: [m[Kâ€˜[01m[Kpath_poses_[m[Kâ€™ was not declared in this scope
[4.997s]   363 |             [01;31m[Kpath_poses_[m[K = msg->poses;
[4.997s]       |             [01;31m[K^~~~~~~~~~~[m[K
[5.006s] [01m[K/home/gaga/sad_ws/src/sad_pkg/src/Inverse_node.cpp:371:25:[m[K [01;31m[Kerror: [m[Kâ€˜[01m[Kcurrent_index_[m[Kâ€™ was not declared in this scope
[5.006s]   371 |                         [01;31m[Kcurrent_index_[m[K = 0;            // ìƒˆ ê²½ë¡œê°€ ë“¤ì–´ì™”ìœ¼ë‹ˆ ì¸ë±ìŠ¤ ë¦¬ì…‹
[5.007s]       |                         [01;31m[K^~~~~~~~~~~~~~[m[K
[5.015s] [01m[K/home/gaga/sad_ws/src/sad_pkg/src/Inverse_node.cpp:373:13:[m[K [01;31m[Kerror: [m[Kâ€˜[01m[Ktarget_position_[m[Kâ€™ was not declared in this scope
[5.015s]   373 |             [01;31m[Ktarget_position_[m[K    = Vector3d(path_poses_[0].position.x,
[5.015s]       |             [01;31m[K^~~~~~~~~~~~~~~~[m[K
[5.025s] [01m[K/home/gaga/sad_ws/src/sad_pkg/src/Inverse_node.cpp:376:13:[m[K [01;31m[Kerror: [m[Kâ€˜[01m[Ktarget_orientation_[m[Kâ€™ was not declared in this scope
[5.026s]   376 |             [01;31m[Ktarget_orientation_[m[K = Vector3d(path_poses_[0].orientation.x,
[5.026s]       |             [01;31m[K^~~~~~~~~~~~~~~~~~~[m[K
[5.134s] [01m[K/home/gaga/sad_ws/src/sad_pkg/src/Inverse_node.cpp:[m[K In function â€˜[01m[KEigen::VectorXd computeFeedbackVelocity(Eigen::Vector3d, Eigen::Vector3d)[m[Kâ€™:
[5.134s] [01m[K/home/gaga/sad_ws/src/sad_pkg/src/Inverse_node.cpp:424:41:[m[K [01;31m[Kerror: [m[Kâ€˜[01m[Kcurrent_joint_angles_[m[Kâ€™ was not declared in this scope
[5.134s]   424 |         Matrix4d T6 = forwardKinematics([01;31m[Kcurrent_joint_angles_[m[K); // tranformation matrix
[5.134s]       |                                         [01;31m[K^~~~~~~~~~~~~~~~~~~~~[m[K
[5.186s] [01m[K/home/gaga/sad_ws/src/sad_pkg/src/Inverse_node.cpp:478:33:[m[K [01;31m[Kerror: [m[Kâ€˜[01m[KdampedPseudoInverse[m[Kâ€™ was not declared in this scope
[5.186s]   478 |         MatrixXd J_pseudo_inv = [01;31m[KdampedPseudoInverse[m[K(J);
[5.186s]       |                                 [01;31m[K^~~~~~~~~~~~~~~~~~~[m[K
[5.315s] [01m[K/home/gaga/sad_ws/src/sad_pkg/src/Inverse_node.cpp:[m[K In function â€˜[01m[Kvoid sendJointTrajectory(const VectorXd&, const VectorXd&, double)[m[Kâ€™:
[5.315s] [01m[K/home/gaga/sad_ws/src/sad_pkg/src/Inverse_node.cpp:519:28:[m[K [01;31m[Kerror: [m[Kâ€˜[01m[Know[m[Kâ€™ was not declared in this scope; did you mean â€˜[01m[Kpow[m[Kâ€™?
[5.315s]   519 |         msg.header.stamp = [01;31m[Know[m[K();
[5.315s]       |                            [01;31m[K^~~[m[K
[5.315s]       |                            [32m[Kpow[m[K
[5.328s] [01m[K/home/gaga/sad_ws/src/sad_pkg/src/Inverse_node.cpp:534:9:[m[K [01;31m[Kerror: [m[Kâ€˜[01m[Kjoint_trajectory_pub_[m[Kâ€™ was not declared in this scope
[5.328s]   534 |         [01;31m[Kjoint_trajectory_pub_[m[K->publish(msg);
[5.328s]       |         [01;31m[K^~~~~~~~~~~~~~~~~~~~~[m[K
[5.328s] [01m[K/home/gaga/sad_ws/src/sad_pkg/src/Inverse_node.cpp:[m[K At global scope:
[5.328s] [01m[K/home/gaga/sad_ws/src/sad_pkg/src/Inverse_node.cpp:537:1:[m[K [01;31m[Kerror: [m[Kexpected declaration before â€˜[01m[K}[m[Kâ€™ token
[5.328s]   537 | [01;31m[K}[m[K;
[5.328s]       | [01;31m[K^[m[K
[17.606s] gmake[2]: *** [CMakeFiles/Inverse_node.dir/build.make:76: CMakeFiles/Inverse_node.dir/src/Inverse_node.cpp.o] Error 1
[17.606s] gmake[1]: *** [CMakeFiles/Makefile2:305: CMakeFiles/Inverse_node.dir/all] Error 2
[17.606s] gmake: *** [Makefile:146: all] Error 2
[17.611s] Invoked command in '/home/gaga/sad_ws/build/sad_pkg' returned '2': CMAKE_PREFIX_PATH=/home/gaga/sad_ws/install/my_vision_msgs:/home/gaga/sad_ws/install:/home/gaga/sad_ws/install/sad_pkg:/home/gaga/sad_ws/install/mani_urdf:/home/gaga/turtlebot3_ws/install/turtlebot3:/home/gaga/turtlebot3_ws/install/turtlebot3_simulations:/home/gaga/turtlebot3_ws/install/turtlebot3_bringup:/home/gaga/turtlebot3_ws/install/turtlebot3_node:/home/gaga/turtlebot3_ws/install/turtlebot3_navigation2:/home/gaga/turtlebot3_ws/install/turtlebot3_fake_node:/home/gaga/turtlebot3_ws/install/robot_master:/home/gaga/turtlebot3_ws/install/turtlebot3_msgs:/home/gaga/turtlebot3_ws/install/turtlebot3_gazebo:/home/gaga/turtlebot3_ws/install/turtlebot3_description:/home/gaga/turtlebot3_ws/install/turtlebot3_cartographer:/home/gaga/turtlebot3_ws/install/robot_vision:/home/gaga/turtlebot3_ws/install/robot_navigation:/home/gaga/turtlebot3_ws/install/robot_msgs:/home/gaga/turtlebot3_ws/install/dynamixel_sdk_examples:/home/gaga/turtlebot3_ws/install/dynamixel_sdk_custom_interfaces:/home/gaga/turtlebot3_ws/install/dynamixel_sdk:/home/gaga/ssibal_ws/install/robot_msgs:/home/gaga/sad_ws/src/install/sad_pkg:/home/gaga/sad_ws/src/install/vision_msgs:/home/gaga/sad_ws/src/install/my_vision_msgs:/home/gaga/sad_ws/src/install/mani_urdf:/home/gaga/robotprograming_ws/install/rp_pkg:/home/gaga/rrt_ws/install/spline_interpolation:/home/gaga/rrt_ws/install/rrt_visualization:/home/gaga/rrt_ws/install/rrt_spline_pkg:/home/gaga/rrt_ws/install/my_rrt_pkg:/home/gaga/rrt_ws/install/mani_pkg:/home/gaga/turtlebot3_ws/install/turtlebot3_teleop:/home/gaga/turtlebot3_ws/install/turtlebot3_example:/opt/ros/humble /usr/bin/cmake --build /home/gaga/sad_ws/build/sad_pkg -- -j20 -l20
