[35m[1mConsolidate compiler generated dependencies of target path_node[0m
[35m[1mConsolidate compiler generated dependencies of target Inverse_node[0m
[ 71%] Built target forward_node
[ 71%] Built target obstacle_node
[ 71%] Built target rrt_node
[ 71%] Built target map_node
[ 71%] Built target spline_node
[ 85%] [32mBuilding CXX object CMakeFiles/Inverse_node.dir/src/Inverse_node.cpp.o[0m
[ 85%] [32mBuilding CXX object CMakeFiles/path_node.dir/src/path_node.cpp.o[0m
[01m[K/home/gaga/sad_ws/src/sad_pkg/src/Inverse_node.cpp:[m[K In member function â€˜[01m[Kvoid ManipulatorNode::timerCallback()[m[Kâ€™:
[01m[K/home/gaga/sad_ws/src/sad_pkg/src/Inverse_node.cpp:356:47:[m[K [01;31m[Kerror: [m[Kâ€˜[01m[Kq_dot[m[Kâ€™ was not declared in this scope
  356 |     VectorXd next_q = current_joint_angles_ + [01;31m[Kq_dot[m[K * dt;
      |                                               [01;31m[K^~~~~[m[K
[ 92%] [32m[1mLinking CXX executable path_node[0m
[ 92%] Built target path_node
gmake[2]: *** [CMakeFiles/Inverse_node.dir/build.make:76: CMakeFiles/Inverse_node.dir/src/Inverse_node.cpp.o] Error 1
gmake[1]: *** [CMakeFiles/Makefile2:305: CMakeFiles/Inverse_node.dir/all] Error 2
gmake: *** [Makefile:146: all] Error 2
