[35m[1mConsolidate compiler generated dependencies of target path_node[0m
[ 85%] Built target spline_node
[ 85%] Built target rrt_node
[ 85%] Built target obstacle_node
[ 85%] Built target forward_node
[ 85%] Built target map_node
[ 85%] Built target Inverse_node
[ 92%] [32mBuilding CXX object CMakeFiles/path_node.dir/src/path_node.cpp.o[0m
In file included from [01m[K/home/gaga/sad_ws/src/sad_pkg/src/path_node.cpp:11[m[K:
[01m[K/opt/ros/humble/include/tf2_geometry_msgs/tf2_geometry_msgs/tf2_geometry_msgs.h:35:2:[m[K [01;35m[Kwarning: [m[K#warning This header is obsolete, please include tf2_geometry_msgs/tf2_geometry_msgs.hpp instead [[01;35m[K]8;;https://gcc.gnu.org/onlinedocs/gcc/Warning-Options.html#index-Wcpp-Wcpp]8;;[m[K]
   35 | #[01;35m[Kwarning[m[K This header is obsolete, please include tf2_geometry_msgs/tf2_geometry_msgs.hpp instead
      |  [01;35m[K^~~~~~~[m[K
[01m[K/home/gaga/sad_ws/src/sad_pkg/src/path_node.cpp:391:2:[m[K [01;31m[Kerror: [m[Kexpected â€˜[01m[K}[m[Kâ€™ at end of input
  391 | }
      |  [01;31m[K^[m[K
[01m[K/home/gaga/sad_ws/src/sad_pkg/src/path_node.cpp:29:36:[m[K [01;36m[Knote: [m[Kto match this â€˜[01m[K{[m[Kâ€™
   29 | class RSNode : public rclcpp::Node [01;36m[K{[m[K
      |                                    [01;36m[K^[m[K
[01m[K/home/gaga/sad_ws/src/sad_pkg/src/path_node.cpp:[m[K In constructor â€˜[01m[KRSNode::RSNode()[m[Kâ€™:
[01m[K/home/gaga/sad_ws/src/sad_pkg/src/path_node.cpp:33:7:[m[K [01;31m[Kerror: [m[Kclass â€˜[01m[KRSNode[m[Kâ€™ does not have any field named â€˜[01m[Kgen_[m[Kâ€™
   33 |       [01;31m[Kgen_[m[K(42),              // ë‚œìˆ˜ ìƒì„±ê¸° ì‹œë“œ ê³ ì •
      |       [01;31m[K^~~~[m[K
[01m[K/home/gaga/sad_ws/src/sad_pkg/src/path_node.cpp:34:7:[m[K [01;31m[Kerror: [m[Kclass â€˜[01m[KRSNode[m[Kâ€™ does not have any field named â€˜[01m[Kfirst_plan_done_[m[Kâ€™
   34 |       [01;31m[Kfirst_plan_done_[m[K(false) // ìµœì´ˆ ì‹¤í–‰ ì—¬ë¶€ í”Œëž˜ê·¸
      |       [01;31m[K^~~~~~~~~~~~~~~~[m[K
[01m[K/home/gaga/sad_ws/src/sad_pkg/src/path_node.cpp:39:9:[m[K [01;31m[Kerror: [m[Kâ€˜[01m[Kobstacle_sub_[m[Kâ€™ was not declared in this scope
   39 |         [01;31m[Kobstacle_sub_[m[K = this->create_subscription<my_vision_msgs::msg::HarvestOrdering>(
      |         [01;31m[K^~~~~~~~~~~~~[m[K
[01m[K/home/gaga/sad_ws/src/sad_pkg/src/path_node.cpp:45:9:[m[K [01;31m[Kerror: [m[Kâ€˜[01m[Kmarker_pub_[m[Kâ€™ was not declared in this scope
   45 |         [01;31m[Kmarker_pub_[m[K = this->create_publisher<visualization_msgs::msg::MarkerArray>(
      |         [01;31m[K^~~~~~~~~~~[m[K
[01m[K/home/gaga/sad_ws/src/sad_pkg/src/path_node.cpp:50:9:[m[K [01;31m[Kerror: [m[Kâ€˜[01m[Kpath_pub_[m[Kâ€™ was not declared in this scope
   50 |         [01;31m[Kpath_pub_[m[K = this->create_publisher<geometry_msgs::msg::PoseArray>(
      |         [01;31m[K^~~~~~~~~[m[K
[01m[K/home/gaga/sad_ws/src/sad_pkg/src/path_node.cpp:55:9:[m[K [01;31m[Kerror: [m[Kâ€˜[01m[Ktimer_[m[Kâ€™ was not declared in this scope; did you mean â€˜[01m[Ktimer_t[m[Kâ€™?
   55 |         [01;31m[Ktimer_[m[K = this->create_wall_timer(
      |         [01;31m[K^~~~~~[m[K
      |         [32m[Ktimer_t[m[K
[01m[K/home/gaga/sad_ws/src/sad_pkg/src/path_node.cpp:60:9:[m[K [01;31m[Kerror: [m[Kâ€˜[01m[Kstart_[m[Kâ€™ was not declared in this scope
   60 |         [01;31m[Kstart_[m[K = makePoint(0.1435, 0.0, 0.976);
      |         [01;31m[K^~~~~~[m[K
[01m[K/home/gaga/sad_ws/src/sad_pkg/src/path_node.cpp:60:18:[m[K [01;31m[Kerror: [m[Kâ€˜[01m[KmakePoint[m[Kâ€™ was not declared in this scope
   60 |         start_ = [01;31m[KmakePoint[m[K(0.1435, 0.0, 0.976);
      |                  [01;31m[K^~~~~~~~~[m[K
[01m[K/home/gaga/sad_ws/src/sad_pkg/src/path_node.cpp:61:9:[m[K [01;31m[Kerror: [m[Kâ€˜[01m[Kgoal_[m[Kâ€™ was not declared in this scope
   61 |         [01;31m[Kgoal_[m[K  = makePoint(0.6,    0.0, 0.57);
      |         [01;31m[K^~~~~[m[K
[01m[K/home/gaga/sad_ws/src/sad_pkg/src/path_node.cpp:[m[K In member function â€˜[01m[Kvoid RSNode::obstacleCallback(my_vision_msgs::msg::HarvestOrdering_<std::allocator<void> >::SharedPtr)[m[Kâ€™:
[01m[K/home/gaga/sad_ws/src/sad_pkg/src/path_node.cpp:76:9:[m[K [01;31m[Kerror: [m[Kâ€˜[01m[Kobstacles_[m[Kâ€™ was not declared in this scope; did you mean â€˜[01m[Kobstack[m[Kâ€™?
   76 |         [01;31m[Kobstacles_[m[K.clear();
      |         [01;31m[K^~~~~~~~~~[m[K
      |         [32m[Kobstack[m[K
[01m[K/home/gaga/sad_ws/src/sad_pkg/src/path_node.cpp:78:23:[m[K [01;31m[Kerror: [m[Kâ€˜[01m[KmakePoint[m[Kâ€™ was not declared in this scope
   78 |             auto pt = [01;31m[KmakePoint[m[K(obj.x, obj.y, obj.z);
      |                       [01;31m[K^~~~~~~~~[m[K
[01m[K/home/gaga/sad_ws/src/sad_pkg/src/path_node.cpp:85:14:[m[K [01;31m[Kerror: [m[Kâ€˜[01m[Kfirst_plan_done_[m[Kâ€™ was not declared in this scope
   85 |         if (![01;31m[Kfirst_plan_done_[m[K) {
      |              [01;31m[K^~~~~~~~~~~~~~~~[m[K
[01m[K/home/gaga/sad_ws/src/sad_pkg/src/path_node.cpp:[m[K In member function â€˜[01m[Kvoid RSNode::planRRTstar()[m[Kâ€™:
[01m[K/home/gaga/sad_ws/src/sad_pkg/src/path_node.cpp:112:9:[m[K [01;31m[Kerror: [m[Kâ€˜[01m[Knodes_[m[Kâ€™ was not declared in this scope; did you mean â€˜[01m[KNode[m[Kâ€™?
  112 |         [01;31m[Knodes_[m[K.clear();
      |         [01;31m[K^~~~~~[m[K
      |         [32m[KNode[m[K
[01m[K/home/gaga/sad_ws/src/sad_pkg/src/path_node.cpp:113:28:[m[K [01;31m[Kerror: [m[Kâ€˜[01m[Kstart_[m[Kâ€™ was not declared in this scope
  113 |         nodes_.push_back({ [01;31m[Kstart_[m[K, -1, 0.0 });
      |                            [01;31m[K^~~~~~[m[K
[01m[K/home/gaga/sad_ws/src/sad_pkg/src/path_node.cpp:119:21:[m[K [01;31m[Kerror: [m[Kâ€˜[01m[Kgen_[m[Kâ€™ was not declared in this scope
  119 |                 (ub([01;31m[Kgen_[m[K) < goal_bias) ? goal_ : makePoint(ux(gen_), uy(gen_), uz(gen_));
      |                     [01;31m[K^~~~[m[K
[01m[K/home/gaga/sad_ws/src/sad_pkg/src/path_node.cpp:119:42:[m[K [01;31m[Kerror: [m[Kâ€˜[01m[Kgoal_[m[Kâ€™ was not declared in this scope
  119 |                 (ub(gen_) < goal_bias) ? [01;31m[Kgoal_[m[K : makePoint(ux(gen_), uy(gen_), uz(gen_));
      |                                          [01;31m[K^~~~~[m[K
[01m[K/home/gaga/sad_ws/src/sad_pkg/src/path_node.cpp:119:50:[m[K [01;31m[Kerror: [m[Kâ€˜[01m[KmakePoint[m[Kâ€™ was not declared in this scope
  119 |                 (ub(gen_) < goal_bias) ? goal_ : [01;31m[KmakePoint[m[K(ux(gen_), uy(gen_), uz(gen_));
      |                                                  [01;31m[K^~~~~~~~~[m[K
[01m[K/home/gaga/sad_ws/src/sad_pkg/src/path_node.cpp:121:23:[m[K [01;31m[Kerror: [m[Kâ€˜[01m[KnearestNode[m[Kâ€™ was not declared in this scope
  121 |             int nid = [01;31m[KnearestNode[m[K(rnd);
      |                       [01;31m[K^~~~~~~~~~~[m[K
[01m[K/home/gaga/sad_ws/src/sad_pkg/src/path_node.cpp:123:27:[m[K [01;31m[Kerror: [m[Kâ€˜[01m[Ksteer[m[Kâ€™ was not declared in this scope; did you mean â€˜[01m[Kstderr[m[Kâ€™?
  123 |             auto new_pt = [01;31m[Ksteer[m[K(nodes_[nid].point, rnd, step);
      |                           [01;31m[K^~~~~[m[K
      |                           [32m[Kstderr[m[K
[01m[K/home/gaga/sad_ws/src/sad_pkg/src/path_node.cpp:125:17:[m[K [01;31m[Kerror: [m[Kâ€˜[01m[Kcollision[m[Kâ€™ was not declared in this scope
  125 |             if ([01;31m[Kcollision[m[K(nodes_[nid].point, new_pt)) continue;
      |                 [01;31m[K^~~~~~~~~[m[K
[01m[K/home/gaga/sad_ws/src/sad_pkg/src/path_node.cpp:128:36:[m[K [01;31m[Kerror: [m[Kâ€˜[01m[Kdist[m[Kâ€™ was not declared in this scope
  128 |                 nodes_[nid].cost + [01;31m[Kdist[m[K(nodes_[nid].point, new_pt) };
      |                                    [01;31m[K^~~~[m[K
[01m[K/home/gaga/sad_ws/src/sad_pkg/src/path_node.cpp:130:25:[m[K [01;31m[Kerror: [m[Kâ€˜[01m[KnearNodes[m[Kâ€™ was not declared in this scope
  130 |             auto nbrs = [01;31m[KnearNodes[m[K(new_pt, radius);
      |                         [01;31m[K^~~~~~~~~[m[K
[01m[K/home/gaga/sad_ws/src/sad_pkg/src/path_node.cpp:133:22:[m[K [01;31m[Kerror: [m[Kâ€˜[01m[Kcollision[m[Kâ€™ was not declared in this scope
  133 |                 if (![01;31m[Kcollision[m[K(nodes_[j].point, new_pt) && c < new_node.cost) {
      |                      [01;31m[K^~~~~~~~~[m[K
[01m[K/home/gaga/sad_ws/src/sad_pkg/src/path_node.cpp:143:22:[m[K [01;31m[Kerror: [m[Kâ€˜[01m[Kcollision[m[Kâ€™ was not declared in this scope
  143 |                 if (![01;31m[Kcollision[m[K(new_pt, nodes_[j].point) && c2 < nodes_[j].cost) {
      |                      [01;31m[K^~~~~~~~~[m[K
[01m[K/home/gaga/sad_ws/src/sad_pkg/src/path_node.cpp:151:31:[m[K [01;31m[Kerror: [m[Kâ€˜[01m[Kgoal_[m[Kâ€™ was not declared in this scope
  151 |         int gid = nearestNode([01;31m[Kgoal_[m[K);
      |                               [01;31m[K^~~~~[m[K
[01m[K/home/gaga/sad_ws/src/sad_pkg/src/path_node.cpp:151:19:[m[K [01;31m[Kerror: [m[Kâ€˜[01m[KnearestNode[m[Kâ€™ was not declared in this scope
  151 |         int gid = [01;31m[KnearestNode[m[K(goal_);
      |                   [01;31m[K^~~~~~~~~~~[m[K
[01m[K/home/gaga/sad_ws/src/sad_pkg/src/path_node.cpp:152:14:[m[K [01;31m[Kerror: [m[Kâ€˜[01m[Kcollision[m[Kâ€™ was not declared in this scope
  152 |         if (![01;31m[Kcollision[m[K(nodes_[gid].point, goal_)) {
      |              [01;31m[K^~~~~~~~~[m[K
[01m[K/home/gaga/sad_ws/src/sad_pkg/src/path_node.cpp:154:36:[m[K [01;31m[Kerror: [m[Kâ€˜[01m[Kdist[m[Kâ€™ was not declared in this scope
  154 |                 nodes_[gid].cost + [01;31m[Kdist[m[K(nodes_[gid].point, goal_) };
      |                                    [01;31m[K^~~~[m[K
[01m[K/home/gaga/sad_ws/src/sad_pkg/src/path_node.cpp:156:13:[m[K [01;31m[Kerror: [m[Kâ€˜[01m[KreconstructPath[m[Kâ€™ was not declared in this scope
  156 |             [01;31m[KreconstructPath[m[K(nodes_.size() - 1);
      |             [01;31m[K^~~~~~~~~~~~~~~[m[K
[01m[K/home/gaga/sad_ws/src/sad_pkg/src/path_node.cpp:158:13:[m[K [01;31m[Kerror: [m[Kâ€˜[01m[KreconstructPath[m[Kâ€™ was not declared in this scope
  158 |             [01;31m[KreconstructPath[m[K(nearestNode(goal_));
      |             [01;31m[K^~~~~~~~~~~~~~~[m[K
[01m[K/home/gaga/sad_ws/src/sad_pkg/src/path_node.cpp:163:9:[m[K [01;31m[Kerror: [m[Kâ€˜[01m[KsplineCP_[m[Kâ€™ was not declared in this scope
  163 |         [01;31m[KsplineCP_[m[K.clear();
      |         [01;31m[K^~~~~~~~~[m[K
[01m[K/home/gaga/sad_ws/src/sad_pkg/src/path_node.cpp:164:24:[m[K [01;31m[Kerror: [m[Kâ€˜[01m[Kbest_path_[m[Kâ€™ was not declared in this scope
  164 |         for (auto &p : [01;31m[Kbest_path_[m[K) {
      |                        [01;31m[K^~~~~~~~~~[m[K
[01m[K/home/gaga/sad_ws/src/sad_pkg/src/path_node.cpp:167:9:[m[K [01;31m[Kerror: [m[Kâ€˜[01m[KsplineDegree_[m[Kâ€™ was not declared in this scope
  167 |         [01;31m[KsplineDegree_[m[K = 3;
      |         [01;31m[K^~~~~~~~~~~~~[m[K
[01m[K/home/gaga/sad_ws/src/sad_pkg/src/path_node.cpp:168:9:[m[K [01;31m[Kerror: [m[Kâ€˜[01m[KbuildKnots[m[Kâ€™ was not declared in this scope
  168 |         [01;31m[KbuildKnots[m[K();
      |         [01;31m[K^~~~~~~~~~[m[K
[01m[K/home/gaga/sad_ws/src/sad_pkg/src/path_node.cpp:[m[K In member function â€˜[01m[Kvoid RSNode::publishMarkers()[m[Kâ€™:
[01m[K/home/gaga/sad_ws/src/sad_pkg/src/path_node.cpp:186:32:[m[K [01;31m[Kerror: [m[Kâ€˜[01m[Knodes_[m[Kâ€™ was not declared in this scope; did you mean â€˜[01m[KNode[m[Kâ€™?
  186 |         for (size_t i = 1; i < [01;31m[Knodes_[m[K.size(); ++i) {
      |                                [01;31m[K^~~~~~[m[K
      |                                [32m[KNode[m[K
[01m[K/home/gaga/sad_ws/src/sad_pkg/src/path_node.cpp:202:25:[m[K [01;31m[Kerror: [m[Kâ€˜[01m[Kbest_path_[m[Kâ€™ was not declared in this scope
  202 |         for (auto &pt : [01;31m[Kbest_path_[m[K) path.points.push_back(pt);
      |                         [01;31m[K^~~~~~~~~~[m[K
[01m[K/home/gaga/sad_ws/src/sad_pkg/src/path_node.cpp:206:30:[m[K [01;31m[Kerror: [m[Kâ€˜[01m[KsplineCP_[m[Kâ€™ was not declared in this scope
  206 |         if (static_cast<int>([01;31m[KsplineCP_[m[K.size()) >= splineDegree_ + 1){
      |                              [01;31m[K^~~~~~~~~[m[K
[01m[K/home/gaga/sad_ws/src/sad_pkg/src/path_node.cpp:206:51:[m[K [01;31m[Kerror: [m[Kâ€˜[01m[KsplineDegree_[m[Kâ€™ was not declared in this scope
  206 |         if (static_cast<int>(splineCP_.size()) >= [01;31m[KsplineDegree_[m[K + 1){
      |                                                   [01;31m[K^~~~~~~~~~~~~[m[K
[01m[K/home/gaga/sad_ws/src/sad_pkg/src/path_node.cpp:217:25:[m[K [01;31m[Kerror: [m[Kâ€˜[01m[Kknots_[m[Kâ€™ was not declared in this scope
  217 |             double t0 = [01;31m[Kknots_[m[K[splineDegree_];
      |                         [01;31m[K^~~~~~[m[K
[01m[K/home/gaga/sad_ws/src/sad_pkg/src/path_node.cpp:220:38:[m[K [01;31m[Kerror: [m[Kâ€˜[01m[Kinterpolate[m[Kâ€™ was not declared in this scope
  220 |                 Eigen::Vector3d pi = [01;31m[Kinterpolate[m[K(t);
      |                                      [01;31m[K^~~~~~~~~~~[m[K
[01m[K/home/gaga/sad_ws/src/sad_pkg/src/path_node.cpp:227:9:[m[K [01;31m[Kerror: [m[Kâ€˜[01m[Kmarker_pub_[m[Kâ€™ was not declared in this scope
  227 |         [01;31m[Kmarker_pub_[m[K->publish(ma);
      |         [01;31m[K^~~~~~~~~~~[m[K
[01m[K/home/gaga/sad_ws/src/sad_pkg/src/path_node.cpp:229:28:[m[K [01;31m[Kerror: [m[Ka function-definition is not allowed here before â€˜[01m[K{[m[Kâ€™ token
  229 |         void publishPath() [01;31m[K{[m[K
      |                            [01;31m[K^[m[K
[01m[K/home/gaga/sad_ws/src/sad_pkg/src/path_node.cpp:268:89:[m[K [01;31m[Kerror: [m[Ka function-definition is not allowed here before â€˜[01m[K{[m[Kâ€™ token
  268 |     double dist(const geometry_msgs::msg::Point &a, const geometry_msgs::msg::Point &b) [01;31m[K{[m[K
      |                                                                                         [01;31m[K^[m[K
[01m[K/home/gaga/sad_ws/src/sad_pkg/src/path_node.cpp:272:71:[m[K [01;31m[Kerror: [m[Ka function-definition is not allowed here before â€˜[01m[K{[m[Kâ€™ token
  272 |     geometry_msgs::msg::Point makePoint(double x, double y, double z) [01;31m[K{[m[K
      |                                                                       [01;31m[K^[m[K
[01m[K/home/gaga/sad_ws/src/sad_pkg/src/path_node.cpp:276:57:[m[K [01;31m[Kerror: [m[Ka function-definition is not allowed here before â€˜[01m[K{[m[Kâ€™ token
  276 |     int nearestNode(const geometry_msgs::msg::Point &p) [01;31m[K{[m[K
      |                                                         [01;31m[K^[m[K
[01m[K/home/gaga/sad_ws/src/sad_pkg/src/path_node.cpp:286:79:[m[K [01;31m[Kerror: [m[Ka function-definition is not allowed here before â€˜[01m[K{[m[Kâ€™ token
  286 |     std::vector<int> nearNodes(const geometry_msgs::msg::Point &pt, double r) [01;31m[K{[m[K
      |                                                                               [01;31m[K^[m[K
[01m[K/home/gaga/sad_ws/src/sad_pkg/src/path_node.cpp:298:7:[m[K [01;31m[Kerror: [m[Ka function-definition is not allowed here before â€˜[01m[K{[m[Kâ€™ token
  298 |     ) [01;31m[K{[m[K
      |       [01;31m[K^[m[K
[01m[K/home/gaga/sad_ws/src/sad_pkg/src/path_node.cpp:315:7:[m[K [01;31m[Kerror: [m[Ka function-definition is not allowed here before â€˜[01m[K{[m[Kâ€™ token
  315 |     ) [01;31m[K{[m[K
      |       [01;31m[K^[m[K
[01m[K/home/gaga/sad_ws/src/sad_pkg/src/path_node.cpp:337:35:[m[K [01;31m[Kerror: [m[Ka function-definition is not allowed here before â€˜[01m[K{[m[Kâ€™ token
  337 |     void reconstructPath(int idx) [01;31m[K{[m[K
      |                                   [01;31m[K^[m[K
[01m[K/home/gaga/sad_ws/src/sad_pkg/src/path_node.cpp:345:42:[m[K [01;31m[Kerror: [m[Ka function-definition is not allowed here before â€˜[01m[K{[m[Kâ€™ token
  345 |     double basis(int i, int k, double t) [01;31m[K{[m[K
      |                                          [01;31m[K^[m[K
[01m[K/home/gaga/sad_ws/src/sad_pkg/src/path_node.cpp:353:23:[m[K [01;31m[Kerror: [m[Ka function-definition is not allowed here before â€˜[01m[K{[m[Kâ€™ token
  353 |     void buildKnots() [01;31m[K{[m[K
      |                       [01;31m[K^[m[K
[01m[K/home/gaga/sad_ws/src/sad_pkg/src/path_node.cpp:361:43:[m[K [01;31m[Kerror: [m[Ka function-definition is not allowed here before â€˜[01m[K{[m[Kâ€™ token
  361 |     Eigen::Vector3d interpolate(double t) [01;31m[K{[m[K
      |                                           [01;31m[K^[m[K
[01m[K/home/gaga/sad_ws/src/sad_pkg/src/path_node.cpp:380:9:[m[K [01;35m[Kwarning: [m[Kunused variable â€˜[01m[KsplineDegree_[m[Kâ€™ [[01;35m[K]8;;https://gcc.gnu.org/onlinedocs/gcc/Warning-Options.html#index-Wunused-variable-Wunused-variable]8;;[m[K]
  380 |     int [01;35m[KsplineDegree_[m[K;
      |         [01;35m[K^~~~~~~~~~~~~[m[K
[01m[K/home/gaga/sad_ws/src/sad_pkg/src/path_node.cpp:383:10:[m[K [01;35m[Kwarning: [m[Kunused variable â€˜[01m[Kfirst_plan_done_[m[Kâ€™ [[01;35m[K]8;;https://gcc.gnu.org/onlinedocs/gcc/Warning-Options.html#index-Wunused-variable-Wunused-variable]8;;[m[K]
  383 |     bool [01;35m[Kfirst_plan_done_[m[K;
      |          [01;35m[K^~~~~~~~~~~~~~~~[m[K
[01m[K/home/gaga/sad_ws/src/sad_pkg/src/path_node.cpp:[m[K At global scope:
[01m[K/home/gaga/sad_ws/src/sad_pkg/src/path_node.cpp:391:2:[m[K [01;31m[Kerror: [m[Kexpected unqualified-id at end of input
  391 | }
      |  [01;31m[K^[m[K
gmake[2]: *** [CMakeFiles/path_node.dir/build.make:76: CMakeFiles/path_node.dir/src/path_node.cpp.o] Error 1
gmake[1]: *** [CMakeFiles/Makefile2:279: CMakeFiles/path_node.dir/all] Error 2
gmake: *** [Makefile:146: all] Error 2
