[0.014s] Invoking command in '/home/gaga/sad_ws/build/sad_pkg': CMAKE_PREFIX_PATH=/home/gaga/sad_ws/install/my_vision_msgs:/home/gaga/sad_ws/install:/home/gaga/sad_ws/install/sad_pkg:/home/gaga/sad_ws/install/mani_urdf:/home/gaga/turtlebot3_ws/install/turtlebot3:/home/gaga/turtlebot3_ws/install/turtlebot3_simulations:/home/gaga/turtlebot3_ws/install/turtlebot3_bringup:/home/gaga/turtlebot3_ws/install/turtlebot3_node:/home/gaga/turtlebot3_ws/install/turtlebot3_navigation2:/home/gaga/turtlebot3_ws/install/turtlebot3_fake_node:/home/gaga/turtlebot3_ws/install/robot_master:/home/gaga/turtlebot3_ws/install/turtlebot3_msgs:/home/gaga/turtlebot3_ws/install/turtlebot3_gazebo:/home/gaga/turtlebot3_ws/install/turtlebot3_description:/home/gaga/turtlebot3_ws/install/turtlebot3_cartographer:/home/gaga/turtlebot3_ws/install/robot_vision:/home/gaga/turtlebot3_ws/install/robot_navigation:/home/gaga/turtlebot3_ws/install/robot_msgs:/home/gaga/turtlebot3_ws/install/dynamixel_sdk_examples:/home/gaga/turtlebot3_ws/install/dynamixel_sdk_custom_interfaces:/home/gaga/turtlebot3_ws/install/dynamixel_sdk:/home/gaga/ssibal_ws/install/robot_msgs:/home/gaga/sad_ws/src/install/sad_pkg:/home/gaga/sad_ws/src/install/vision_msgs:/home/gaga/sad_ws/src/install/my_vision_msgs:/home/gaga/sad_ws/src/install/mani_urdf:/home/gaga/robotprograming_ws/install/rp_pkg:/home/gaga/rrt_ws/install/spline_interpolation:/home/gaga/rrt_ws/install/rrt_visualization:/home/gaga/rrt_ws/install/rrt_spline_pkg:/home/gaga/rrt_ws/install/my_rrt_pkg:/home/gaga/rrt_ws/install/mani_pkg:/home/gaga/turtlebot3_ws/install/turtlebot3_teleop:/home/gaga/turtlebot3_ws/install/turtlebot3_example:/opt/ros/humble /usr/bin/cmake --build /home/gaga/sad_ws/build/sad_pkg -- -j20 -l20
[0.086s] [35m[1mConsolidate compiler generated dependencies of target path_node[0m
[0.106s] [ 85%] Built target spline_node
[0.107s] [ 85%] Built target rrt_node
[0.107s] [ 85%] Built target obstacle_node
[0.107s] [ 85%] Built target forward_node
[0.107s] [ 85%] Built target map_node
[0.107s] [ 85%] Built target Inverse_node
[0.114s] [ 92%] [32mBuilding CXX object CMakeFiles/path_node.dir/src/path_node.cpp.o[0m
[0.339s] In file included from [01m[K/home/gaga/sad_ws/src/sad_pkg/src/path_node.cpp:11[m[K:
[0.339s] [01m[K/opt/ros/humble/include/tf2_geometry_msgs/tf2_geometry_msgs/tf2_geometry_msgs.h:35:2:[m[K [01;35m[Kwarning: [m[K#warning This header is obsolete, please include tf2_geometry_msgs/tf2_geometry_msgs.hpp instead [[01;35m[K]8;;https://gcc.gnu.org/onlinedocs/gcc/Warning-Options.html#index-Wcpp-Wcpp]8;;[m[K]
[0.339s]    35 | #[01;35m[Kwarning[m[K This header is obsolete, please include tf2_geometry_msgs/tf2_geometry_msgs.hpp instead
[0.339s]       |  [01;35m[K^~~~~~~[m[K
[3.707s] [01m[K/home/gaga/sad_ws/src/sad_pkg/src/path_node.cpp:391:2:[m[K [01;31m[Kerror: [m[Kexpected â€˜[01m[K}[m[Kâ€™ at end of input
[3.708s]   391 | }
[3.708s]       |  [01;31m[K^[m[K
[3.708s] [01m[K/home/gaga/sad_ws/src/sad_pkg/src/path_node.cpp:29:36:[m[K [01;36m[Knote: [m[Kto match this â€˜[01m[K{[m[Kâ€™
[3.708s]    29 | class RSNode : public rclcpp::Node [01;36m[K{[m[K
[3.708s]       |                                    [01;36m[K^[m[K
[3.708s] [01m[K/home/gaga/sad_ws/src/sad_pkg/src/path_node.cpp:[m[K In constructor â€˜[01m[KRSNode::RSNode()[m[Kâ€™:
[3.708s] [01m[K/home/gaga/sad_ws/src/sad_pkg/src/path_node.cpp:33:7:[m[K [01;31m[Kerror: [m[Kclass â€˜[01m[KRSNode[m[Kâ€™ does not have any field named â€˜[01m[Kgen_[m[Kâ€™
[3.708s]    33 |       [01;31m[Kgen_[m[K(42),              // ë‚œìˆ˜ ìƒì„±ê¸° ì‹œë“œ ê³ ì •
[3.708s]       |       [01;31m[K^~~~[m[K
[3.708s] [01m[K/home/gaga/sad_ws/src/sad_pkg/src/path_node.cpp:34:7:[m[K [01;31m[Kerror: [m[Kclass â€˜[01m[KRSNode[m[Kâ€™ does not have any field named â€˜[01m[Kfirst_plan_done_[m[Kâ€™
[3.708s]    34 |       [01;31m[Kfirst_plan_done_[m[K(false) // ìµœì´ˆ ì‹¤í–‰ ì—¬ë¶€ í”Œëž˜ê·¸
[3.708s]       |       [01;31m[K^~~~~~~~~~~~~~~~[m[K
[3.723s] [01m[K/home/gaga/sad_ws/src/sad_pkg/src/path_node.cpp:39:9:[m[K [01;31m[Kerror: [m[Kâ€˜[01m[Kobstacle_sub_[m[Kâ€™ was not declared in this scope
[3.723s]    39 |         [01;31m[Kobstacle_sub_[m[K = this->create_subscription<my_vision_msgs::msg::HarvestOrdering>(
[3.724s]       |         [01;31m[K^~~~~~~~~~~~~[m[K
[3.800s] [01m[K/home/gaga/sad_ws/src/sad_pkg/src/path_node.cpp:45:9:[m[K [01;31m[Kerror: [m[Kâ€˜[01m[Kmarker_pub_[m[Kâ€™ was not declared in this scope
[3.800s]    45 |         [01;31m[Kmarker_pub_[m[K = this->create_publisher<visualization_msgs::msg::MarkerArray>(
[3.800s]       |         [01;31m[K^~~~~~~~~~~[m[K
[3.810s] [01m[K/home/gaga/sad_ws/src/sad_pkg/src/path_node.cpp:50:9:[m[K [01;31m[Kerror: [m[Kâ€˜[01m[Kpath_pub_[m[Kâ€™ was not declared in this scope
[3.810s]    50 |         [01;31m[Kpath_pub_[m[K = this->create_publisher<geometry_msgs::msg::PoseArray>(
[3.810s]       |         [01;31m[K^~~~~~~~~[m[K
[3.818s] [01m[K/home/gaga/sad_ws/src/sad_pkg/src/path_node.cpp:55:9:[m[K [01;31m[Kerror: [m[Kâ€˜[01m[Ktimer_[m[Kâ€™ was not declared in this scope; did you mean â€˜[01m[Ktimer_t[m[Kâ€™?
[3.819s]    55 |         [01;31m[Ktimer_[m[K = this->create_wall_timer(
[3.819s]       |         [01;31m[K^~~~~~[m[K
[3.819s]       |         [32m[Ktimer_t[m[K
[3.833s] [01m[K/home/gaga/sad_ws/src/sad_pkg/src/path_node.cpp:60:9:[m[K [01;31m[Kerror: [m[Kâ€˜[01m[Kstart_[m[Kâ€™ was not declared in this scope
[3.833s]    60 |         [01;31m[Kstart_[m[K = makePoint(0.1435, 0.0, 0.976);
[3.833s]       |         [01;31m[K^~~~~~[m[K
[3.840s] [01m[K/home/gaga/sad_ws/src/sad_pkg/src/path_node.cpp:60:18:[m[K [01;31m[Kerror: [m[Kâ€˜[01m[KmakePoint[m[Kâ€™ was not declared in this scope
[3.840s]    60 |         start_ = [01;31m[KmakePoint[m[K(0.1435, 0.0, 0.976);
[3.840s]       |                  [01;31m[K^~~~~~~~~[m[K
[3.845s] [01m[K/home/gaga/sad_ws/src/sad_pkg/src/path_node.cpp:61:9:[m[K [01;31m[Kerror: [m[Kâ€˜[01m[Kgoal_[m[Kâ€™ was not declared in this scope
[3.845s]    61 |         [01;31m[Kgoal_[m[K  = makePoint(0.6,    0.0, 0.57);
[3.845s]       |         [01;31m[K^~~~~[m[K
[3.858s] [01m[K/home/gaga/sad_ws/src/sad_pkg/src/path_node.cpp:[m[K In member function â€˜[01m[Kvoid RSNode::obstacleCallback(my_vision_msgs::msg::HarvestOrdering_<std::allocator<void> >::SharedPtr)[m[Kâ€™:
[3.858s] [01m[K/home/gaga/sad_ws/src/sad_pkg/src/path_node.cpp:76:9:[m[K [01;31m[Kerror: [m[Kâ€˜[01m[Kobstacles_[m[Kâ€™ was not declared in this scope; did you mean â€˜[01m[Kobstack[m[Kâ€™?
[3.858s]    76 |         [01;31m[Kobstacles_[m[K.clear();
[3.858s]       |         [01;31m[K^~~~~~~~~~[m[K
[3.858s]       |         [32m[Kobstack[m[K
[3.867s] [01m[K/home/gaga/sad_ws/src/sad_pkg/src/path_node.cpp:78:23:[m[K [01;31m[Kerror: [m[Kâ€˜[01m[KmakePoint[m[Kâ€™ was not declared in this scope
[3.867s]    78 |             auto pt = [01;31m[KmakePoint[m[K(obj.x, obj.y, obj.z);
[3.867s]       |                       [01;31m[K^~~~~~~~~[m[K
[3.883s] [01m[K/home/gaga/sad_ws/src/sad_pkg/src/path_node.cpp:85:14:[m[K [01;31m[Kerror: [m[Kâ€˜[01m[Kfirst_plan_done_[m[Kâ€™ was not declared in this scope
[3.883s]    85 |         if (![01;31m[Kfirst_plan_done_[m[K) {
[3.884s]       |              [01;31m[K^~~~~~~~~~~~~~~~[m[K
[3.894s] [01m[K/home/gaga/sad_ws/src/sad_pkg/src/path_node.cpp:[m[K In member function â€˜[01m[Kvoid RSNode::planRRTstar()[m[Kâ€™:
[3.895s] [01m[K/home/gaga/sad_ws/src/sad_pkg/src/path_node.cpp:112:9:[m[K [01;31m[Kerror: [m[Kâ€˜[01m[Knodes_[m[Kâ€™ was not declared in this scope; did you mean â€˜[01m[KNode[m[Kâ€™?
[3.895s]   112 |         [01;31m[Knodes_[m[K.clear();
[3.895s]       |         [01;31m[K^~~~~~[m[K
[3.895s]       |         [32m[KNode[m[K
[3.901s] [01m[K/home/gaga/sad_ws/src/sad_pkg/src/path_node.cpp:113:28:[m[K [01;31m[Kerror: [m[Kâ€˜[01m[Kstart_[m[Kâ€™ was not declared in this scope
[3.901s]   113 |         nodes_.push_back({ [01;31m[Kstart_[m[K, -1, 0.0 });
[3.901s]       |                            [01;31m[K^~~~~~[m[K
[3.908s] [01m[K/home/gaga/sad_ws/src/sad_pkg/src/path_node.cpp:119:21:[m[K [01;31m[Kerror: [m[Kâ€˜[01m[Kgen_[m[Kâ€™ was not declared in this scope
[3.908s]   119 |                 (ub([01;31m[Kgen_[m[K) < goal_bias) ? goal_ : makePoint(ux(gen_), uy(gen_), uz(gen_));
[3.908s]       |                     [01;31m[K^~~~[m[K
[3.915s] [01m[K/home/gaga/sad_ws/src/sad_pkg/src/path_node.cpp:119:42:[m[K [01;31m[Kerror: [m[Kâ€˜[01m[Kgoal_[m[Kâ€™ was not declared in this scope
[3.915s]   119 |                 (ub(gen_) < goal_bias) ? [01;31m[Kgoal_[m[K : makePoint(ux(gen_), uy(gen_), uz(gen_));
[3.915s]       |                                          [01;31m[K^~~~~[m[K
[3.922s] [01m[K/home/gaga/sad_ws/src/sad_pkg/src/path_node.cpp:119:50:[m[K [01;31m[Kerror: [m[Kâ€˜[01m[KmakePoint[m[Kâ€™ was not declared in this scope
[3.922s]   119 |                 (ub(gen_) < goal_bias) ? goal_ : [01;31m[KmakePoint[m[K(ux(gen_), uy(gen_), uz(gen_));
[3.922s]       |                                                  [01;31m[K^~~~~~~~~[m[K
[3.928s] [01m[K/home/gaga/sad_ws/src/sad_pkg/src/path_node.cpp:121:23:[m[K [01;31m[Kerror: [m[Kâ€˜[01m[KnearestNode[m[Kâ€™ was not declared in this scope
[3.928s]   121 |             int nid = [01;31m[KnearestNode[m[K(rnd);
[3.928s]       |                       [01;31m[K^~~~~~~~~~~[m[K
[3.933s] [01m[K/home/gaga/sad_ws/src/sad_pkg/src/path_node.cpp:123:27:[m[K [01;31m[Kerror: [m[Kâ€˜[01m[Ksteer[m[Kâ€™ was not declared in this scope; did you mean â€˜[01m[Kstderr[m[Kâ€™?
[3.933s]   123 |             auto new_pt = [01;31m[Ksteer[m[K(nodes_[nid].point, rnd, step);
[3.933s]       |                           [01;31m[K^~~~~[m[K
[3.933s]       |                           [32m[Kstderr[m[K
[3.940s] [01m[K/home/gaga/sad_ws/src/sad_pkg/src/path_node.cpp:125:17:[m[K [01;31m[Kerror: [m[Kâ€˜[01m[Kcollision[m[Kâ€™ was not declared in this scope
[3.940s]   125 |             if ([01;31m[Kcollision[m[K(nodes_[nid].point, new_pt)) continue;
[3.940s]       |                 [01;31m[K^~~~~~~~~[m[K
[3.943s] [01m[K/home/gaga/sad_ws/src/sad_pkg/src/path_node.cpp:128:36:[m[K [01;31m[Kerror: [m[Kâ€˜[01m[Kdist[m[Kâ€™ was not declared in this scope
[3.943s]   128 |                 nodes_[nid].cost + [01;31m[Kdist[m[K(nodes_[nid].point, new_pt) };
[3.943s]       |                                    [01;31m[K^~~~[m[K
[3.949s] [01m[K/home/gaga/sad_ws/src/sad_pkg/src/path_node.cpp:130:25:[m[K [01;31m[Kerror: [m[Kâ€˜[01m[KnearNodes[m[Kâ€™ was not declared in this scope
[3.949s]   130 |             auto nbrs = [01;31m[KnearNodes[m[K(new_pt, radius);
[3.950s]       |                         [01;31m[K^~~~~~~~~[m[K
[3.956s] [01m[K/home/gaga/sad_ws/src/sad_pkg/src/path_node.cpp:133:22:[m[K [01;31m[Kerror: [m[Kâ€˜[01m[Kcollision[m[Kâ€™ was not declared in this scope
[3.956s]   133 |                 if (![01;31m[Kcollision[m[K(nodes_[j].point, new_pt) && c < new_node.cost) {
[3.956s]       |                      [01;31m[K^~~~~~~~~[m[K
[3.963s] [01m[K/home/gaga/sad_ws/src/sad_pkg/src/path_node.cpp:143:22:[m[K [01;31m[Kerror: [m[Kâ€˜[01m[Kcollision[m[Kâ€™ was not declared in this scope
[3.963s]   143 |                 if (![01;31m[Kcollision[m[K(new_pt, nodes_[j].point) && c2 < nodes_[j].cost) {
[3.963s]       |                      [01;31m[K^~~~~~~~~[m[K
[3.974s] [01m[K/home/gaga/sad_ws/src/sad_pkg/src/path_node.cpp:151:31:[m[K [01;31m[Kerror: [m[Kâ€˜[01m[Kgoal_[m[Kâ€™ was not declared in this scope
[3.974s]   151 |         int gid = nearestNode([01;31m[Kgoal_[m[K);
[3.974s]       |                               [01;31m[K^~~~~[m[K
[3.985s] [01m[K/home/gaga/sad_ws/src/sad_pkg/src/path_node.cpp:151:19:[m[K [01;31m[Kerror: [m[Kâ€˜[01m[KnearestNode[m[Kâ€™ was not declared in this scope
[3.986s]   151 |         int gid = [01;31m[KnearestNode[m[K(goal_);
[3.986s]       |                   [01;31m[K^~~~~~~~~~~[m[K
[3.999s] [01m[K/home/gaga/sad_ws/src/sad_pkg/src/path_node.cpp:152:14:[m[K [01;31m[Kerror: [m[Kâ€˜[01m[Kcollision[m[Kâ€™ was not declared in this scope
[3.999s]   152 |         if (![01;31m[Kcollision[m[K(nodes_[gid].point, goal_)) {
[3.999s]       |              [01;31m[K^~~~~~~~~[m[K
[4.006s] [01m[K/home/gaga/sad_ws/src/sad_pkg/src/path_node.cpp:154:36:[m[K [01;31m[Kerror: [m[Kâ€˜[01m[Kdist[m[Kâ€™ was not declared in this scope
[4.006s]   154 |                 nodes_[gid].cost + [01;31m[Kdist[m[K(nodes_[gid].point, goal_) };
[4.006s]       |                                    [01;31m[K^~~~[m[K
[4.015s] [01m[K/home/gaga/sad_ws/src/sad_pkg/src/path_node.cpp:156:13:[m[K [01;31m[Kerror: [m[Kâ€˜[01m[KreconstructPath[m[Kâ€™ was not declared in this scope
[4.015s]   156 |             [01;31m[KreconstructPath[m[K(nodes_.size() - 1);
[4.015s]       |             [01;31m[K^~~~~~~~~~~~~~~[m[K
[4.023s] [01m[K/home/gaga/sad_ws/src/sad_pkg/src/path_node.cpp:158:13:[m[K [01;31m[Kerror: [m[Kâ€˜[01m[KreconstructPath[m[Kâ€™ was not declared in this scope
[4.023s]   158 |             [01;31m[KreconstructPath[m[K(nearestNode(goal_));
[4.023s]       |             [01;31m[K^~~~~~~~~~~~~~~[m[K
[4.030s] [01m[K/home/gaga/sad_ws/src/sad_pkg/src/path_node.cpp:163:9:[m[K [01;31m[Kerror: [m[Kâ€˜[01m[KsplineCP_[m[Kâ€™ was not declared in this scope
[4.030s]   163 |         [01;31m[KsplineCP_[m[K.clear();
[4.030s]       |         [01;31m[K^~~~~~~~~[m[K
[4.036s] [01m[K/home/gaga/sad_ws/src/sad_pkg/src/path_node.cpp:164:24:[m[K [01;31m[Kerror: [m[Kâ€˜[01m[Kbest_path_[m[Kâ€™ was not declared in this scope
[4.036s]   164 |         for (auto &p : [01;31m[Kbest_path_[m[K) {
[4.036s]       |                        [01;31m[K^~~~~~~~~~[m[K
[4.055s] [01m[K/home/gaga/sad_ws/src/sad_pkg/src/path_node.cpp:167:9:[m[K [01;31m[Kerror: [m[Kâ€˜[01m[KsplineDegree_[m[Kâ€™ was not declared in this scope
[4.055s]   167 |         [01;31m[KsplineDegree_[m[K = 3;
[4.055s]       |         [01;31m[K^~~~~~~~~~~~~[m[K
[4.062s] [01m[K/home/gaga/sad_ws/src/sad_pkg/src/path_node.cpp:168:9:[m[K [01;31m[Kerror: [m[Kâ€˜[01m[KbuildKnots[m[Kâ€™ was not declared in this scope
[4.062s]   168 |         [01;31m[KbuildKnots[m[K();
[4.062s]       |         [01;31m[K^~~~~~~~~~[m[K
[4.073s] [01m[K/home/gaga/sad_ws/src/sad_pkg/src/path_node.cpp:[m[K In member function â€˜[01m[Kvoid RSNode::publishMarkers()[m[Kâ€™:
[4.073s] [01m[K/home/gaga/sad_ws/src/sad_pkg/src/path_node.cpp:186:32:[m[K [01;31m[Kerror: [m[Kâ€˜[01m[Knodes_[m[Kâ€™ was not declared in this scope; did you mean â€˜[01m[KNode[m[Kâ€™?
[4.073s]   186 |         for (size_t i = 1; i < [01;31m[Knodes_[m[K.size(); ++i) {
[4.073s]       |                                [01;31m[K^~~~~~[m[K
[4.073s]       |                                [32m[KNode[m[K
[4.086s] [01m[K/home/gaga/sad_ws/src/sad_pkg/src/path_node.cpp:202:25:[m[K [01;31m[Kerror: [m[Kâ€˜[01m[Kbest_path_[m[Kâ€™ was not declared in this scope
[4.086s]   202 |         for (auto &pt : [01;31m[Kbest_path_[m[K) path.points.push_back(pt);
[4.086s]       |                         [01;31m[K^~~~~~~~~~[m[K
[4.098s] [01m[K/home/gaga/sad_ws/src/sad_pkg/src/path_node.cpp:206:30:[m[K [01;31m[Kerror: [m[Kâ€˜[01m[KsplineCP_[m[Kâ€™ was not declared in this scope
[4.098s]   206 |         if (static_cast<int>([01;31m[KsplineCP_[m[K.size()) >= splineDegree_ + 1){
[4.098s]       |                              [01;31m[K^~~~~~~~~[m[K
[4.110s] [01m[K/home/gaga/sad_ws/src/sad_pkg/src/path_node.cpp:206:51:[m[K [01;31m[Kerror: [m[Kâ€˜[01m[KsplineDegree_[m[Kâ€™ was not declared in this scope
[4.110s]   206 |         if (static_cast<int>(splineCP_.size()) >= [01;31m[KsplineDegree_[m[K + 1){
[4.111s]       |                                                   [01;31m[K^~~~~~~~~~~~~[m[K
[4.118s] [01m[K/home/gaga/sad_ws/src/sad_pkg/src/path_node.cpp:217:25:[m[K [01;31m[Kerror: [m[Kâ€˜[01m[Kknots_[m[Kâ€™ was not declared in this scope
[4.118s]   217 |             double t0 = [01;31m[Kknots_[m[K[splineDegree_];
[4.118s]       |                         [01;31m[K^~~~~~[m[K
[4.125s] [01m[K/home/gaga/sad_ws/src/sad_pkg/src/path_node.cpp:220:38:[m[K [01;31m[Kerror: [m[Kâ€˜[01m[Kinterpolate[m[Kâ€™ was not declared in this scope
[4.126s]   220 |                 Eigen::Vector3d pi = [01;31m[Kinterpolate[m[K(t);
[4.126s]       |                                      [01;31m[K^~~~~~~~~~~[m[K
[4.135s] [01m[K/home/gaga/sad_ws/src/sad_pkg/src/path_node.cpp:227:9:[m[K [01;31m[Kerror: [m[Kâ€˜[01m[Kmarker_pub_[m[Kâ€™ was not declared in this scope
[4.135s]   227 |         [01;31m[Kmarker_pub_[m[K->publish(ma);
[4.135s]       |         [01;31m[K^~~~~~~~~~~[m[K
[4.135s] [01m[K/home/gaga/sad_ws/src/sad_pkg/src/path_node.cpp:229:28:[m[K [01;31m[Kerror: [m[Ka function-definition is not allowed here before â€˜[01m[K{[m[Kâ€™ token
[4.135s]   229 |         void publishPath() [01;31m[K{[m[K
[4.135s]       |                            [01;31m[K^[m[K
[4.135s] [01m[K/home/gaga/sad_ws/src/sad_pkg/src/path_node.cpp:268:89:[m[K [01;31m[Kerror: [m[Ka function-definition is not allowed here before â€˜[01m[K{[m[Kâ€™ token
[4.135s]   268 |     double dist(const geometry_msgs::msg::Point &a, const geometry_msgs::msg::Point &b) [01;31m[K{[m[K
[4.135s]       |                                                                                         [01;31m[K^[m[K
[4.135s] [01m[K/home/gaga/sad_ws/src/sad_pkg/src/path_node.cpp:272:71:[m[K [01;31m[Kerror: [m[Ka function-definition is not allowed here before â€˜[01m[K{[m[Kâ€™ token
[4.135s]   272 |     geometry_msgs::msg::Point makePoint(double x, double y, double z) [01;31m[K{[m[K
[4.136s]       |                                                                       [01;31m[K^[m[K
[4.136s] [01m[K/home/gaga/sad_ws/src/sad_pkg/src/path_node.cpp:276:57:[m[K [01;31m[Kerror: [m[Ka function-definition is not allowed here before â€˜[01m[K{[m[Kâ€™ token
[4.136s]   276 |     int nearestNode(const geometry_msgs::msg::Point &p) [01;31m[K{[m[K
[4.136s]       |                                                         [01;31m[K^[m[K
[4.136s] [01m[K/home/gaga/sad_ws/src/sad_pkg/src/path_node.cpp:286:79:[m[K [01;31m[Kerror: [m[Ka function-definition is not allowed here before â€˜[01m[K{[m[Kâ€™ token
[4.136s]   286 |     std::vector<int> nearNodes(const geometry_msgs::msg::Point &pt, double r) [01;31m[K{[m[K
[4.136s]       |                                                                               [01;31m[K^[m[K
[4.136s] [01m[K/home/gaga/sad_ws/src/sad_pkg/src/path_node.cpp:298:7:[m[K [01;31m[Kerror: [m[Ka function-definition is not allowed here before â€˜[01m[K{[m[Kâ€™ token
[4.136s]   298 |     ) [01;31m[K{[m[K
[4.136s]       |       [01;31m[K^[m[K
[4.136s] [01m[K/home/gaga/sad_ws/src/sad_pkg/src/path_node.cpp:315:7:[m[K [01;31m[Kerror: [m[Ka function-definition is not allowed here before â€˜[01m[K{[m[Kâ€™ token
[4.136s]   315 |     ) [01;31m[K{[m[K
[4.136s]       |       [01;31m[K^[m[K
[4.136s] [01m[K/home/gaga/sad_ws/src/sad_pkg/src/path_node.cpp:337:35:[m[K [01;31m[Kerror: [m[Ka function-definition is not allowed here before â€˜[01m[K{[m[Kâ€™ token
[4.136s]   337 |     void reconstructPath(int idx) [01;31m[K{[m[K
[4.136s]       |                                   [01;31m[K^[m[K
[4.136s] [01m[K/home/gaga/sad_ws/src/sad_pkg/src/path_node.cpp:345:42:[m[K [01;31m[Kerror: [m[Ka function-definition is not allowed here before â€˜[01m[K{[m[Kâ€™ token
[4.136s]   345 |     double basis(int i, int k, double t) [01;31m[K{[m[K
[4.137s]       |                                          [01;31m[K^[m[K
[4.137s] [01m[K/home/gaga/sad_ws/src/sad_pkg/src/path_node.cpp:353:23:[m[K [01;31m[Kerror: [m[Ka function-definition is not allowed here before â€˜[01m[K{[m[Kâ€™ token
[4.137s]   353 |     void buildKnots() [01;31m[K{[m[K
[4.137s]       |                       [01;31m[K^[m[K
[4.137s] [01m[K/home/gaga/sad_ws/src/sad_pkg/src/path_node.cpp:361:43:[m[K [01;31m[Kerror: [m[Ka function-definition is not allowed here before â€˜[01m[K{[m[Kâ€™ token
[4.137s]   361 |     Eigen::Vector3d interpolate(double t) [01;31m[K{[m[K
[4.137s]       |                                           [01;31m[K^[m[K
[4.150s] [01m[K/home/gaga/sad_ws/src/sad_pkg/src/path_node.cpp:380:9:[m[K [01;35m[Kwarning: [m[Kunused variable â€˜[01m[KsplineDegree_[m[Kâ€™ [[01;35m[K]8;;https://gcc.gnu.org/onlinedocs/gcc/Warning-Options.html#index-Wunused-variable-Wunused-variable]8;;[m[K]
[4.150s]   380 |     int [01;35m[KsplineDegree_[m[K;
[4.150s]       |         [01;35m[K^~~~~~~~~~~~~[m[K
[4.150s] [01m[K/home/gaga/sad_ws/src/sad_pkg/src/path_node.cpp:383:10:[m[K [01;35m[Kwarning: [m[Kunused variable â€˜[01m[Kfirst_plan_done_[m[Kâ€™ [[01;35m[K]8;;https://gcc.gnu.org/onlinedocs/gcc/Warning-Options.html#index-Wunused-variable-Wunused-variable]8;;[m[K]
[4.150s]   383 |     bool [01;35m[Kfirst_plan_done_[m[K;
[4.151s]       |          [01;35m[K^~~~~~~~~~~~~~~~[m[K
[4.154s] [01m[K/home/gaga/sad_ws/src/sad_pkg/src/path_node.cpp:[m[K At global scope:
[4.154s] [01m[K/home/gaga/sad_ws/src/sad_pkg/src/path_node.cpp:391:2:[m[K [01;31m[Kerror: [m[Kexpected unqualified-id at end of input
[4.154s]   391 | }
[4.154s]       |  [01;31m[K^[m[K
[7.245s] gmake[2]: *** [CMakeFiles/path_node.dir/build.make:76: CMakeFiles/path_node.dir/src/path_node.cpp.o] Error 1
[7.245s] gmake[1]: *** [CMakeFiles/Makefile2:279: CMakeFiles/path_node.dir/all] Error 2
[7.246s] gmake: *** [Makefile:146: all] Error 2
[7.252s] Invoked command in '/home/gaga/sad_ws/build/sad_pkg' returned '2': CMAKE_PREFIX_PATH=/home/gaga/sad_ws/install/my_vision_msgs:/home/gaga/sad_ws/install:/home/gaga/sad_ws/install/sad_pkg:/home/gaga/sad_ws/install/mani_urdf:/home/gaga/turtlebot3_ws/install/turtlebot3:/home/gaga/turtlebot3_ws/install/turtlebot3_simulations:/home/gaga/turtlebot3_ws/install/turtlebot3_bringup:/home/gaga/turtlebot3_ws/install/turtlebot3_node:/home/gaga/turtlebot3_ws/install/turtlebot3_navigation2:/home/gaga/turtlebot3_ws/install/turtlebot3_fake_node:/home/gaga/turtlebot3_ws/install/robot_master:/home/gaga/turtlebot3_ws/install/turtlebot3_msgs:/home/gaga/turtlebot3_ws/install/turtlebot3_gazebo:/home/gaga/turtlebot3_ws/install/turtlebot3_description:/home/gaga/turtlebot3_ws/install/turtlebot3_cartographer:/home/gaga/turtlebot3_ws/install/robot_vision:/home/gaga/turtlebot3_ws/install/robot_navigation:/home/gaga/turtlebot3_ws/install/robot_msgs:/home/gaga/turtlebot3_ws/install/dynamixel_sdk_examples:/home/gaga/turtlebot3_ws/install/dynamixel_sdk_custom_interfaces:/home/gaga/turtlebot3_ws/install/dynamixel_sdk:/home/gaga/ssibal_ws/install/robot_msgs:/home/gaga/sad_ws/src/install/sad_pkg:/home/gaga/sad_ws/src/install/vision_msgs:/home/gaga/sad_ws/src/install/my_vision_msgs:/home/gaga/sad_ws/src/install/mani_urdf:/home/gaga/robotprograming_ws/install/rp_pkg:/home/gaga/rrt_ws/install/spline_interpolation:/home/gaga/rrt_ws/install/rrt_visualization:/home/gaga/rrt_ws/install/rrt_spline_pkg:/home/gaga/rrt_ws/install/my_rrt_pkg:/home/gaga/rrt_ws/install/mani_pkg:/home/gaga/turtlebot3_ws/install/turtlebot3_teleop:/home/gaga/turtlebot3_ws/install/turtlebot3_example:/opt/ros/humble /usr/bin/cmake --build /home/gaga/sad_ws/build/sad_pkg -- -j20 -l20
