[0.010s] Invoking command in '/home/gaga/sad_ws/build/sad_pkg': CMAKE_PREFIX_PATH=/home/gaga/sad_ws/install/my_vision_msgs:/home/gaga/sad_ws/install:/home/gaga/sad_ws/install/sad_pkg:/home/gaga/sad_ws/install/mani_urdf:/home/gaga/turtlebot3_ws/install/turtlebot3:/home/gaga/turtlebot3_ws/install/turtlebot3_simulations:/home/gaga/turtlebot3_ws/install/turtlebot3_bringup:/home/gaga/turtlebot3_ws/install/turtlebot3_node:/home/gaga/turtlebot3_ws/install/turtlebot3_navigation2:/home/gaga/turtlebot3_ws/install/turtlebot3_fake_node:/home/gaga/turtlebot3_ws/install/robot_master:/home/gaga/turtlebot3_ws/install/turtlebot3_msgs:/home/gaga/turtlebot3_ws/install/turtlebot3_gazebo:/home/gaga/turtlebot3_ws/install/turtlebot3_description:/home/gaga/turtlebot3_ws/install/turtlebot3_cartographer:/home/gaga/turtlebot3_ws/install/robot_vision:/home/gaga/turtlebot3_ws/install/robot_navigation:/home/gaga/turtlebot3_ws/install/robot_msgs:/home/gaga/turtlebot3_ws/install/dynamixel_sdk_examples:/home/gaga/turtlebot3_ws/install/dynamixel_sdk_custom_interfaces:/home/gaga/turtlebot3_ws/install/dynamixel_sdk:/home/gaga/ssibal_ws/install/robot_msgs:/home/gaga/sad_ws/src/install/sad_pkg:/home/gaga/sad_ws/src/install/vision_msgs:/home/gaga/sad_ws/src/install/my_vision_msgs:/home/gaga/sad_ws/src/install/mani_urdf:/home/gaga/robotprograming_ws/install/rp_pkg:/home/gaga/sad_ws/src/sad_pkg/install/sad_pkg:/home/gaga/turtlebot3_ws/install/turtlebot3_teleop:/home/gaga/turtlebot3_ws/install/turtlebot3_example:/opt/ros/humble /usr/bin/cmake --build /home/gaga/sad_ws/build/sad_pkg -- -j20 -l20
[0.061s] [35m[1mConsolidate compiler generated dependencies of target Inverse_node[0m
[0.068s] [ 14%] Built target obstacle_node
[0.068s] [ 21%] [32mBuilding CXX object CMakeFiles/path_node.dir/src/path_node.cpp.o[0m
[0.068s] [ 35%] Built target forward_node
[0.068s] [ 50%] Built target map_node
[0.071s] [ 64%] Built target spline_node
[0.071s] [ 78%] Built target rrt_node
[0.077s] [ 85%] [32mBuilding CXX object CMakeFiles/Inverse_node.dir/src/Inverse_node.cpp.o[0m
[1.963s] [01m[K/home/gaga/sad_ws/src/sad_pkg/src/path_node.cpp:242:9:[m[K [01;31m[Kerror: [m[Kâ€˜[01m[Kmarker_pub_[m[Kâ€™ does not name a type
[1.963s]   242 |         [01;31m[Kmarker_pub_[m[K->publish(ma);
[1.963s]       |         [01;31m[K^~~~~~~~~~~[m[K
[1.963s] [01m[K/home/gaga/sad_ws/src/sad_pkg/src/path_node.cpp:245:9:[m[K [01;31m[Kerror: [m[Kexpected unqualified-id before â€˜[01m[Kif[m[Kâ€™
[1.963s]   245 |         [01;31m[Kif[m[K (!path_published_ && splineCP_.size() >= static_cast<size_t>(splineDegree_ + 1)) {
[1.963s]       |         [01;31m[K^~[m[K
[1.963s] [01m[K/home/gaga/sad_ws/src/sad_pkg/src/path_node.cpp:250:6:[m[K [01;31m[Kerror: [m[Kexpected â€˜[01m[K;[m[Kâ€™ after class definition
[1.963s]   250 |     }
[1.963s]       |      [01;31m[K^[m[K
[1.963s]       |      [32m[K;[m[K
[1.963s] [01m[K/home/gaga/sad_ws/src/sad_pkg/src/path_node.cpp:[m[K In constructor â€˜[01m[KRSNode::RSNode()[m[Kâ€™:
[1.963s] [01m[K/home/gaga/sad_ws/src/sad_pkg/src/path_node.cpp:33:7:[m[K [01;31m[Kerror: [m[Kclass â€˜[01m[KRSNode[m[Kâ€™ does not have any field named â€˜[01m[Kgen_[m[Kâ€™
[1.963s]    33 |       [01;31m[Kgen_[m[K(42),              // ë‚œìˆ˜ ìƒì„±ê¸° ì‹œë“œ ê³ ì •
[1.963s]       |       [01;31m[K^~~~[m[K
[1.963s] [01m[K/home/gaga/sad_ws/src/sad_pkg/src/path_node.cpp:34:7:[m[K [01;31m[Kerror: [m[Kclass â€˜[01m[KRSNode[m[Kâ€™ does not have any field named â€˜[01m[Kfirst_plan_done_[m[Kâ€™
[1.963s]    34 |       [01;31m[Kfirst_plan_done_[m[K(false), // ìµœì´ˆ ì‹¤í–‰ ì—¬ë¶€ í”Œëž˜ê·¸
[1.963s]       |       [01;31m[K^~~~~~~~~~~~~~~~[m[K
[1.963s] [01m[K/home/gaga/sad_ws/src/sad_pkg/src/path_node.cpp:35:7:[m[K [01;31m[Kerror: [m[Kclass â€˜[01m[KRSNode[m[Kâ€™ does not have any field named â€˜[01m[Kpath_published_[m[Kâ€™
[1.963s]    35 |       [01;31m[Kpath_published_[m[K(false)
[1.963s]       |       [01;31m[K^~~~~~~~~~~~~~~[m[K
[1.969s] [01m[K/home/gaga/sad_ws/src/sad_pkg/src/path_node.cpp:40:9:[m[K [01;31m[Kerror: [m[Kâ€˜[01m[Kobstacle_sub_[m[Kâ€™ was not declared in this scope
[1.970s]    40 |         [01;31m[Kobstacle_sub_[m[K = this->create_subscription<my_vision_msgs::msg::HarvestOrdering>(
[1.970s]       |         [01;31m[K^~~~~~~~~~~~~[m[K
[2.005s] [01m[K/home/gaga/sad_ws/src/sad_pkg/src/path_node.cpp:46:9:[m[K [01;31m[Kerror: [m[Kâ€˜[01m[Kmarker_pub_[m[Kâ€™ was not declared in this scope
[2.005s]    46 |         [01;31m[Kmarker_pub_[m[K = this->create_publisher<visualization_msgs::msg::MarkerArray>(
[2.006s]       |         [01;31m[K^~~~~~~~~~~[m[K
[2.012s] [01m[K/home/gaga/sad_ws/src/sad_pkg/src/path_node.cpp:51:9:[m[K [01;31m[Kerror: [m[Kâ€˜[01m[Kpath_pub_[m[Kâ€™ was not declared in this scope
[2.013s]    51 |         [01;31m[Kpath_pub_[m[K = this->create_publisher<geometry_msgs::msg::PoseArray>(
[2.013s]       |         [01;31m[K^~~~~~~~~[m[K
[2.019s] [01m[K/home/gaga/sad_ws/src/sad_pkg/src/path_node.cpp:56:9:[m[K [01;31m[Kerror: [m[Kâ€˜[01m[Ktimer_[m[Kâ€™ was not declared in this scope; did you mean â€˜[01m[Ktimer_t[m[Kâ€™?
[2.019s]    56 |         [01;31m[Ktimer_[m[K = this->create_wall_timer(
[2.020s]       |         [01;31m[K^~~~~~[m[K
[2.020s]       |         [32m[Ktimer_t[m[K
[2.029s] [01m[K/home/gaga/sad_ws/src/sad_pkg/src/path_node.cpp:61:9:[m[K [01;31m[Kerror: [m[Kâ€˜[01m[Kstart_[m[Kâ€™ was not declared in this scope
[2.029s]    61 |         [01;31m[Kstart_[m[K = makePoint(0.1435, 0.0, 0.976);
[2.030s]       |         [01;31m[K^~~~~~[m[K
[2.034s] [01m[K/home/gaga/sad_ws/src/sad_pkg/src/path_node.cpp:61:18:[m[K [01;31m[Kerror: [m[Kâ€˜[01m[KmakePoint[m[Kâ€™ was not declared in this scope
[2.034s]    61 |         start_ = [01;31m[KmakePoint[m[K(0.1435, 0.0, 0.976);
[2.034s]       |                  [01;31m[K^~~~~~~~~[m[K
[2.038s] [01m[K/home/gaga/sad_ws/src/sad_pkg/src/path_node.cpp:62:9:[m[K [01;31m[Kerror: [m[Kâ€˜[01m[Kgoal_[m[Kâ€™ was not declared in this scope
[2.038s]    62 |         [01;31m[Kgoal_[m[K  = makePoint(0.6,    0.0, 0.57);
[2.038s]       |         [01;31m[K^~~~~[m[K
[2.045s] [01m[K/home/gaga/sad_ws/src/sad_pkg/src/path_node.cpp:[m[K In member function â€˜[01m[Kvoid RSNode::obstacleCallback(my_vision_msgs::msg::HarvestOrdering_<std::allocator<void> >::SharedPtr)[m[Kâ€™:
[2.045s] [01m[K/home/gaga/sad_ws/src/sad_pkg/src/path_node.cpp:77:9:[m[K [01;31m[Kerror: [m[Kâ€˜[01m[Kobstacles_[m[Kâ€™ was not declared in this scope; did you mean â€˜[01m[Kobstack[m[Kâ€™?
[2.046s]    77 |         [01;31m[Kobstacles_[m[K.clear();
[2.046s]       |         [01;31m[K^~~~~~~~~~[m[K
[2.046s]       |         [32m[Kobstack[m[K
[2.051s] [01m[K/home/gaga/sad_ws/src/sad_pkg/src/path_node.cpp:79:23:[m[K [01;31m[Kerror: [m[Kâ€˜[01m[KmakePoint[m[Kâ€™ was not declared in this scope
[2.051s]    79 |             auto pt = [01;31m[KmakePoint[m[K(obj.x, obj.y, obj.z);
[2.051s]       |                       [01;31m[K^~~~~~~~~[m[K
[2.060s] [01m[K/home/gaga/sad_ws/src/sad_pkg/src/path_node.cpp:86:14:[m[K [01;31m[Kerror: [m[Kâ€˜[01m[Kfirst_plan_done_[m[Kâ€™ was not declared in this scope
[2.060s]    86 |         if (![01;31m[Kfirst_plan_done_[m[K) {
[2.060s]       |              [01;31m[K^~~~~~~~~~~~~~~~[m[K
[2.068s] [01m[K/home/gaga/sad_ws/src/sad_pkg/src/path_node.cpp:[m[K In member function â€˜[01m[Kvoid RSNode::planRRTstar()[m[Kâ€™:
[2.068s] [01m[K/home/gaga/sad_ws/src/sad_pkg/src/path_node.cpp:113:9:[m[K [01;31m[Kerror: [m[Kâ€˜[01m[Knodes_[m[Kâ€™ was not declared in this scope; did you mean â€˜[01m[KNode[m[Kâ€™?
[2.068s]   113 |         [01;31m[Knodes_[m[K.clear();
[2.068s]       |         [01;31m[K^~~~~~[m[K
[2.068s]       |         [32m[KNode[m[K
[2.073s] [01m[K/home/gaga/sad_ws/src/sad_pkg/src/path_node.cpp:114:28:[m[K [01;31m[Kerror: [m[Kâ€˜[01m[Kstart_[m[Kâ€™ was not declared in this scope
[2.073s]   114 |         nodes_.push_back({ [01;31m[Kstart_[m[K, -1, 0.0 });
[2.073s]       |                            [01;31m[K^~~~~~[m[K
[2.077s] [01m[K/home/gaga/sad_ws/src/sad_pkg/src/path_node.cpp:120:21:[m[K [01;31m[Kerror: [m[Kâ€˜[01m[Kgen_[m[Kâ€™ was not declared in this scope
[2.077s]   120 |                 (ub([01;31m[Kgen_[m[K) < goal_bias) ? goal_ : makePoint(ux(gen_), uy(gen_), uz(gen_));
[2.077s]       |                     [01;31m[K^~~~[m[K
[2.081s] [01m[K/home/gaga/sad_ws/src/sad_pkg/src/path_node.cpp:120:42:[m[K [01;31m[Kerror: [m[Kâ€˜[01m[Kgoal_[m[Kâ€™ was not declared in this scope
[2.081s]   120 |                 (ub(gen_) < goal_bias) ? [01;31m[Kgoal_[m[K : makePoint(ux(gen_), uy(gen_), uz(gen_));
[2.081s]       |                                          [01;31m[K^~~~~[m[K
[2.086s] [01m[K/home/gaga/sad_ws/src/sad_pkg/src/path_node.cpp:120:50:[m[K [01;31m[Kerror: [m[Kâ€˜[01m[KmakePoint[m[Kâ€™ was not declared in this scope
[2.086s]   120 |                 (ub(gen_) < goal_bias) ? goal_ : [01;31m[KmakePoint[m[K(ux(gen_), uy(gen_), uz(gen_));
[2.086s]       |                                                  [01;31m[K^~~~~~~~~[m[K
[2.091s] [01m[K/home/gaga/sad_ws/src/sad_pkg/src/path_node.cpp:122:23:[m[K [01;31m[Kerror: [m[Kâ€˜[01m[KnearestNode[m[Kâ€™ was not declared in this scope
[2.091s]   122 |             int nid = [01;31m[KnearestNode[m[K(rnd);
[2.091s]       |                       [01;31m[K^~~~~~~~~~~[m[K
[2.094s] [01m[K/home/gaga/sad_ws/src/sad_pkg/src/path_node.cpp:124:27:[m[K [01;31m[Kerror: [m[Kâ€˜[01m[Ksteer[m[Kâ€™ was not declared in this scope; did you mean â€˜[01m[Kstderr[m[Kâ€™?
[2.094s]   124 |             auto new_pt = [01;31m[Ksteer[m[K(nodes_[nid].point, rnd, step);
[2.094s]       |                           [01;31m[K^~~~~[m[K
[2.094s]       |                           [32m[Kstderr[m[K
[2.099s] [01m[K/home/gaga/sad_ws/src/sad_pkg/src/path_node.cpp:126:17:[m[K [01;31m[Kerror: [m[Kâ€˜[01m[Kcollision[m[Kâ€™ was not declared in this scope
[2.099s]   126 |             if ([01;31m[Kcollision[m[K(nodes_[nid].point, new_pt)) continue;
[2.099s]       |                 [01;31m[K^~~~~~~~~[m[K
[2.102s] [01m[K/home/gaga/sad_ws/src/sad_pkg/src/path_node.cpp:129:36:[m[K [01;31m[Kerror: [m[Kâ€˜[01m[Kdist[m[Kâ€™ was not declared in this scope
[2.103s]   129 |                 nodes_[nid].cost + [01;31m[Kdist[m[K(nodes_[nid].point, new_pt) };
[2.103s]       |                                    [01;31m[K^~~~[m[K
[2.107s] [01m[K/home/gaga/sad_ws/src/sad_pkg/src/path_node.cpp:131:25:[m[K [01;31m[Kerror: [m[Kâ€˜[01m[KnearNodes[m[Kâ€™ was not declared in this scope
[2.107s]   131 |             auto nbrs = [01;31m[KnearNodes[m[K(new_pt, radius);
[2.107s]       |                         [01;31m[K^~~~~~~~~[m[K
[2.112s] [01m[K/home/gaga/sad_ws/src/sad_pkg/src/path_node.cpp:134:22:[m[K [01;31m[Kerror: [m[Kâ€˜[01m[Kcollision[m[Kâ€™ was not declared in this scope
[2.112s]   134 |                 if (![01;31m[Kcollision[m[K(nodes_[j].point, new_pt) && c < new_node.cost) {
[2.112s]       |                      [01;31m[K^~~~~~~~~[m[K
[2.118s] [01m[K/home/gaga/sad_ws/src/sad_pkg/src/path_node.cpp:144:22:[m[K [01;31m[Kerror: [m[Kâ€˜[01m[Kcollision[m[Kâ€™ was not declared in this scope
[2.118s]   144 |                 if (![01;31m[Kcollision[m[K(new_pt, nodes_[j].point) && c2 < nodes_[j].cost) {
[2.118s]       |                      [01;31m[K^~~~~~~~~[m[K
[2.127s] [01m[K/home/gaga/sad_ws/src/sad_pkg/src/path_node.cpp:152:31:[m[K [01;31m[Kerror: [m[Kâ€˜[01m[Kgoal_[m[Kâ€™ was not declared in this scope
[2.127s]   152 |         int gid = nearestNode([01;31m[Kgoal_[m[K);
[2.127s]       |                               [01;31m[K^~~~~[m[K
[2.135s] [01m[K/home/gaga/sad_ws/src/sad_pkg/src/path_node.cpp:152:19:[m[K [01;31m[Kerror: [m[Kâ€˜[01m[KnearestNode[m[Kâ€™ was not declared in this scope
[2.135s]   152 |         int gid = [01;31m[KnearestNode[m[K(goal_);
[2.135s]       |                   [01;31m[K^~~~~~~~~~~[m[K
[2.140s] [01m[K/home/gaga/sad_ws/src/sad_pkg/src/path_node.cpp:153:14:[m[K [01;31m[Kerror: [m[Kâ€˜[01m[Kcollision[m[Kâ€™ was not declared in this scope
[2.140s]   153 |         if (![01;31m[Kcollision[m[K(nodes_[gid].point, goal_)) {
[2.140s]       |              [01;31m[K^~~~~~~~~[m[K
[2.144s] [01m[K/home/gaga/sad_ws/src/sad_pkg/src/path_node.cpp:155:36:[m[K [01;31m[Kerror: [m[Kâ€˜[01m[Kdist[m[Kâ€™ was not declared in this scope
[2.144s]   155 |                 nodes_[gid].cost + [01;31m[Kdist[m[K(nodes_[gid].point, goal_) };
[2.144s]       |                                    [01;31m[K^~~~[m[K
[2.150s] [01m[K/home/gaga/sad_ws/src/sad_pkg/src/path_node.cpp:157:13:[m[K [01;31m[Kerror: [m[Kâ€˜[01m[KreconstructPath[m[Kâ€™ was not declared in this scope
[2.150s]   157 |             [01;31m[KreconstructPath[m[K(nodes_.size() - 1);
[2.150s]       |             [01;31m[K^~~~~~~~~~~~~~~[m[K
[2.157s] [01m[K/home/gaga/sad_ws/src/sad_pkg/src/path_node.cpp:159:13:[m[K [01;31m[Kerror: [m[Kâ€˜[01m[KreconstructPath[m[Kâ€™ was not declared in this scope
[2.157s]   159 |             [01;31m[KreconstructPath[m[K(nearestNode(goal_));
[2.157s]       |             [01;31m[K^~~~~~~~~~~~~~~[m[K
[2.162s] [01m[K/home/gaga/sad_ws/src/sad_pkg/src/path_node.cpp:164:9:[m[K [01;31m[Kerror: [m[Kâ€˜[01m[KsplineCP_[m[Kâ€™ was not declared in this scope
[2.163s]   164 |         [01;31m[KsplineCP_[m[K.clear();
[2.163s]       |         [01;31m[K^~~~~~~~~[m[K
[2.168s] [01m[K/home/gaga/sad_ws/src/sad_pkg/src/path_node.cpp:165:24:[m[K [01;31m[Kerror: [m[Kâ€˜[01m[Kbest_path_[m[Kâ€™ was not declared in this scope
[2.168s]   165 |         for (auto &p : [01;31m[Kbest_path_[m[K) {
[2.168s]       |                        [01;31m[K^~~~~~~~~~[m[K
[2.181s] [01m[K/home/gaga/sad_ws/src/sad_pkg/src/path_node.cpp:168:9:[m[K [01;31m[Kerror: [m[Kâ€˜[01m[KsplineDegree_[m[Kâ€™ was not declared in this scope
[2.181s]   168 |         [01;31m[KsplineDegree_[m[K = 3;
[2.181s]       |         [01;31m[K^~~~~~~~~~~~~[m[K
[2.186s] [01m[K/home/gaga/sad_ws/src/sad_pkg/src/path_node.cpp:169:9:[m[K [01;31m[Kerror: [m[Kâ€˜[01m[KbuildKnots[m[Kâ€™ was not declared in this scope
[2.187s]   169 |         [01;31m[KbuildKnots[m[K();
[2.187s]       |         [01;31m[K^~~~~~~~~~[m[K
[2.192s] [01m[K/home/gaga/sad_ws/src/sad_pkg/src/path_node.cpp:[m[K In member function â€˜[01m[Kvoid RSNode::publishMarkers()[m[Kâ€™:
[2.192s] [01m[K/home/gaga/sad_ws/src/sad_pkg/src/path_node.cpp:174:13:[m[K [01;31m[Kerror: [m[Kâ€˜[01m[Kpath_published_[m[Kâ€™ was not declared in this scope
[2.192s]   174 |         if ([01;31m[Kpath_published_[m[K) {
[2.192s]       |             [01;31m[K^~~~~~~~~~~~~~~[m[K
[2.198s] In file included from [01m[K/opt/ros/humble/include/rclcpp/rclcpp/logging.hpp:24[m[K,
[2.198s]                  from [01m[K/opt/ros/humble/include/rclcpp/rclcpp/client.hpp:40[m[K,
[2.198s]                  from [01m[K/opt/ros/humble/include/rclcpp/rclcpp/callback_group.hpp:24[m[K,
[2.198s]                  from [01m[K/opt/ros/humble/include/rclcpp/rclcpp/any_executable.hpp:20[m[K,
[2.198s]                  from [01m[K/opt/ros/humble/include/rclcpp/rclcpp/memory_strategy.hpp:25[m[K,
[2.198s]                  from [01m[K/opt/ros/humble/include/rclcpp/rclcpp/memory_strategies.hpp:18[m[K,
[2.198s]                  from [01m[K/opt/ros/humble/include/rclcpp/rclcpp/executor_options.hpp:20[m[K,
[2.198s]                  from [01m[K/opt/ros/humble/include/rclcpp/rclcpp/executor.hpp:37[m[K,
[2.198s]                  from [01m[K/opt/ros/humble/include/rclcpp/rclcpp/executors/multi_threaded_executor.hpp:25[m[K,
[2.198s]                  from [01m[K/opt/ros/humble/include/rclcpp/rclcpp/executors.hpp:21[m[K,
[2.198s]                  from [01m[K/opt/ros/humble/include/rclcpp/rclcpp/rclcpp.hpp:155[m[K,
[2.198s]                  from [01m[K/home/gaga/sad_ws/src/sad_pkg/src/path_node.cpp:3[m[K:
[2.198s] [01m[K/home/gaga/sad_ws/src/sad_pkg/src/path_node.cpp:180:73:[m[K [01;31m[Kerror: [m[Kâ€˜[01m[Kbest_path_[m[Kâ€™ was not declared in this scope
[2.198s]   180 |         RCLCPP_INFO(get_logger(), "=== ìµœì  ê²½ë¡œ í¬ì¸íŠ¸ ê°œìˆ˜: %zu ===", [01;31m[Kbest_path_[m[K.size());
[2.198s]       |                                                                         [01;31m[K^~~~~~~~~~[m[K
[2.202s] [01m[K/home/gaga/sad_ws/src/sad_pkg/src/path_node.cpp:181:32:[m[K [01;31m[Kerror: [m[Kâ€˜[01m[Kbest_path_[m[Kâ€™ was not declared in this scope
[2.202s]   181 |         for (size_t i = 0; i < [01;31m[Kbest_path_[m[K.size(); ++i) {
[2.203s]       |                                [01;31m[K^~~~~~~~~~[m[K
[2.207s] [01m[K/home/gaga/sad_ws/src/sad_pkg/src/path_node.cpp:199:32:[m[K [01;31m[Kerror: [m[Kâ€˜[01m[Knodes_[m[Kâ€™ was not declared in this scope; did you mean â€˜[01m[KNode[m[Kâ€™?
[2.207s]   199 |         for (size_t i = 1; i < [01;31m[Knodes_[m[K.size(); ++i) {
[2.207s]       |                                [01;31m[K^~~~~~[m[K
[2.207s]       |                                [32m[KNode[m[K
[2.211s] [01m[K/home/gaga/sad_ws/src/sad_pkg/src/path_node.cpp:215:25:[m[K [01;31m[Kerror: [m[Kâ€˜[01m[Kbest_path_[m[Kâ€™ was not declared in this scope
[2.211s]   215 |         for (auto &pt : [01;31m[Kbest_path_[m[K) path.points.push_back(pt);
[2.212s]       |                         [01;31m[K^~~~~~~~~~[m[K
[2.215s] [01m[K/home/gaga/sad_ws/src/sad_pkg/src/path_node.cpp:219:31:[m[K [01;31m[Kerror: [m[Kâ€˜[01m[Kknots_[m[Kâ€™ was not declared in this scope
[2.215s]   219 |             const double t0 = [01;31m[Kknots_[m[K[splineDegree_];
[2.216s]       |                               [01;31m[K^~~~~~[m[K
[2.222s] [01m[K/home/gaga/sad_ws/src/sad_pkg/src/path_node.cpp:219:38:[m[K [01;31m[Kerror: [m[Kâ€˜[01m[KsplineDegree_[m[Kâ€™ was not declared in this scope
[2.222s]   219 |             const double t0 = knots_[[01;31m[KsplineDegree_[m[K];
[2.222s]       |                                      [01;31m[K^~~~~~~~~~~~~[m[K
[2.227s] [01m[K/home/gaga/sad_ws/src/sad_pkg/src/path_node.cpp:220:38:[m[K [01;31m[Kerror: [m[Kâ€˜[01m[KsplineCP_[m[Kâ€™ was not declared in this scope
[2.227s]   220 |             const double t1 = knots_[[01;31m[KsplineCP_[m[K.size()];
[2.227s]       |                                      [01;31m[K^~~~~~~~~[m[K
[2.232s] [01m[K/home/gaga/sad_ws/src/sad_pkg/src/path_node.cpp:224:38:[m[K [01;31m[Kerror: [m[Kâ€˜[01m[Kinterpolate[m[Kâ€™ was not declared in this scope
[2.232s]   224 |                 Eigen::Vector3d pi = [01;31m[Kinterpolate[m[K(t);
[2.232s]       |                                      [01;31m[K^~~~~~~~~~~[m[K
[2.236s] [01m[K/home/gaga/sad_ws/src/sad_pkg/src/path_node.cpp:229:17:[m[K [01;31m[Kerror: [m[Kâ€˜[01m[Kspline[m[Kâ€™ was not declared in this scope
[2.236s]   229 |                 [01;31m[Kspline[m[K.points.push_back(gp);
[2.236s]       |                 [01;31m[K^~~~~~[m[K
[2.241s] [01m[K/home/gaga/sad_ws/src/sad_pkg/src/path_node.cpp:233:43:[m[K [01;31m[Kerror: [m[Kâ€˜[01m[Kinterpolate[m[Kâ€™ was not declared in this scope
[2.241s]   233 |                 Eigen::Vector3d pi_last = [01;31m[Kinterpolate[m[K(t1);
[2.241s]       |                                           [01;31m[K^~~~~~~~~~~[m[K
[2.245s] [01m[K/home/gaga/sad_ws/src/sad_pkg/src/path_node.cpp:238:17:[m[K [01;31m[Kerror: [m[Kâ€˜[01m[Kspline[m[Kâ€™ was not declared in this scope
[2.245s]   238 |                 [01;31m[Kspline[m[K.points.push_back(gp_last);
[2.245s]       |                 [01;31m[K^~~~~~[m[K
[2.249s] [01m[K/home/gaga/sad_ws/src/sad_pkg/src/path_node.cpp:240:34:[m[K [01;31m[Kerror: [m[Kâ€˜[01m[Kspline[m[Kâ€™ was not declared in this scope
[2.249s]   240 |             ma.markers.push_back([01;31m[Kspline[m[K);
[2.249s]       |                                  [01;31m[K^~~~~~[m[K
[2.252s] [01m[K/home/gaga/sad_ws/src/sad_pkg/src/path_node.cpp:[m[K In function â€˜[01m[Kvoid publishPath()[m[Kâ€™:
[2.252s] [01m[K/home/gaga/sad_ws/src/sad_pkg/src/path_node.cpp:253:30:[m[K [01;31m[Kerror: [m[Kâ€˜[01m[KsplineCP_[m[Kâ€™ was not declared in this scope
[2.252s]   253 |         if (static_cast<int>([01;31m[KsplineCP_[m[K.size()) < splineDegree_ + 1) return;
[2.252s]       |                              [01;31m[K^~~~~~~~~[m[K
[2.256s] [01m[K/home/gaga/sad_ws/src/sad_pkg/src/path_node.cpp:253:50:[m[K [01;31m[Kerror: [m[Kâ€˜[01m[KsplineDegree_[m[Kâ€™ was not declared in this scope
[2.256s]   253 |         if (static_cast<int>(splineCP_.size()) < [01;31m[KsplineDegree_[m[K + 1) return;
[2.256s]       |                                                  [01;31m[K^~~~~~~~~~~~~[m[K
[2.259s] [01m[K/home/gaga/sad_ws/src/sad_pkg/src/path_node.cpp:263:21:[m[K [01;31m[Kerror: [m[Kâ€˜[01m[Kknots_[m[Kâ€™ was not declared in this scope
[2.259s]   263 |         double t0 = [01;31m[Kknots_[m[K[splineDegree_];
[2.259s]       |                     [01;31m[K^~~~~~[m[K
[2.262s] [01m[K/home/gaga/sad_ws/src/sad_pkg/src/path_node.cpp:263:28:[m[K [01;31m[Kerror: [m[Kâ€˜[01m[KsplineDegree_[m[Kâ€™ was not declared in this scope
[2.262s]   263 |         double t0 = knots_[[01;31m[KsplineDegree_[m[K];
[2.262s]       |                            [01;31m[K^~~~~~~~~~~~~[m[K
[2.265s] [01m[K/home/gaga/sad_ws/src/sad_pkg/src/path_node.cpp:264:28:[m[K [01;31m[Kerror: [m[Kâ€˜[01m[KsplineCP_[m[Kâ€™ was not declared in this scope
[2.265s]   264 |         double t1 = knots_[[01;31m[KsplineCP_[m[K.size()];
[2.265s]       |                            [01;31m[K^~~~~~~~~[m[K
[2.269s] [01m[K/home/gaga/sad_ws/src/sad_pkg/src/path_node.cpp:269:34:[m[K [01;31m[Kerror: [m[Kâ€˜[01m[Kinterpolate[m[Kâ€™ was not declared in this scope
[2.269s]   269 |             Eigen::Vector3d pi = [01;31m[Kinterpolate[m[K(t);
[2.269s]       |                                  [01;31m[K^~~~~~~~~~~[m[K
[2.272s] [01m[K/home/gaga/sad_ws/src/sad_pkg/src/path_node.cpp:278:39:[m[K [01;31m[Kerror: [m[Kâ€˜[01m[Kinterpolate[m[Kâ€™ was not declared in this scope
[2.272s]   278 |             Eigen::Vector3d pi_last = [01;31m[Kinterpolate[m[K(t1);
[2.272s]       |                                       [01;31m[K^~~~~~~~~~~[m[K
[2.274s] [01m[K/home/gaga/sad_ws/src/sad_pkg/src/path_node.cpp:288:27:[m[K [01;31m[Kerror: [m[Kâ€˜[01m[Know[m[Kâ€™ was not declared in this scope; did you mean â€˜[01m[Kpow[m[Kâ€™?
[2.274s]   288 |         pa.header.stamp = [01;31m[Know[m[K();
[2.274s]       |                           [01;31m[K^~~[m[K
[2.274s]       |                           [32m[Kpow[m[K
[2.282s] In file included from [01m[K/opt/ros/humble/include/rclcpp/rclcpp/client.hpp:40[m[K,
[2.282s]                  from [01m[K/opt/ros/humble/include/rclcpp/rclcpp/callback_group.hpp:24[m[K,
[2.282s]                  from [01m[K/opt/ros/humble/include/rclcpp/rclcpp/any_executable.hpp:20[m[K,
[2.282s]                  from [01m[K/opt/ros/humble/include/rclcpp/rclcpp/memory_strategy.hpp:25[m[K,
[2.282s]                  from [01m[K/opt/ros/humble/include/rclcpp/rclcpp/memory_strategies.hpp:18[m[K,
[2.282s]                  from [01m[K/opt/ros/humble/include/rclcpp/rclcpp/executor_options.hpp:20[m[K,
[2.282s]                  from [01m[K/opt/ros/humble/include/rclcpp/rclcpp/executor.hpp:37[m[K,
[2.282s]                  from [01m[K/opt/ros/humble/include/rclcpp/rclcpp/executors/multi_threaded_executor.hpp:25[m[K,
[2.282s]                  from [01m[K/opt/ros/humble/include/rclcpp/rclcpp/executors.hpp:21[m[K,
[2.282s]                  from [01m[K/opt/ros/humble/include/rclcpp/rclcpp/rclcpp.hpp:155[m[K,
[2.282s]                  from [01m[K/home/gaga/sad_ws/src/sad_pkg/src/path_node.cpp:3[m[K:
[2.282s] [01m[K/home/gaga/sad_ws/src/sad_pkg/src/path_node.cpp:306:21:[m[K [01;31m[Kerror: [m[Kâ€˜[01m[Kget_logger[m[Kâ€™ was not declared in this scope; did you mean â€˜[01m[Krclcpp::get_logger[m[Kâ€™?
[2.282s]   306 |         RCLCPP_INFO([01;31m[Kget_logger[m[K(),
[2.282s]       |                     [01;31m[K^~~~~~~~~~[m[K
[2.282s] In file included from [01m[K/opt/ros/humble/include/rclcpp/rclcpp/logging.hpp:23[m[K,
[2.282s]                  from [01m[K/opt/ros/humble/include/rclcpp/rclcpp/client.hpp:40[m[K,
[2.282s]                  from [01m[K/opt/ros/humble/include/rclcpp/rclcpp/callback_group.hpp:24[m[K,
[2.282s]                  from [01m[K/opt/ros/humble/include/rclcpp/rclcpp/any_executable.hpp:20[m[K,
[2.282s]                  from [01m[K/opt/ros/humble/include/rclcpp/rclcpp/memory_strategy.hpp:25[m[K,
[2.282s]                  from [01m[K/opt/ros/humble/include/rclcpp/rclcpp/memory_strategies.hpp:18[m[K,
[2.282s]                  from [01m[K/opt/ros/humble/include/rclcpp/rclcpp/executor_options.hpp:20[m[K,
[2.282s]                  from [01m[K/opt/ros/humble/include/rclcpp/rclcpp/executor.hpp:37[m[K,
[2.282s]                  from [01m[K/opt/ros/humble/include/rclcpp/rclcpp/executors/multi_threaded_executor.hpp:25[m[K,
[2.282s]                  from [01m[K/opt/ros/humble/include/rclcpp/rclcpp/executors.hpp:21[m[K,
[2.282s]                  from [01m[K/opt/ros/humble/include/rclcpp/rclcpp/rclcpp.hpp:155[m[K,
[2.282s]                  from [01m[K/home/gaga/sad_ws/src/sad_pkg/src/path_node.cpp:3[m[K:
[2.282s] [01m[K/opt/ros/humble/include/rclcpp/rclcpp/logger.hpp:106:17:[m[K [01;36m[Knote: [m[Kâ€˜[01m[Krclcpp::get_logger[m[Kâ€™ declared here
[2.282s]   106 |   friend Logger [01;36m[Krclcpp[m[K::get_logger(const std::string & name);
[2.282s]       |                 [01;36m[K^~~~~~[m[K
[2.282s] In file included from [01m[K/opt/ros/humble/include/rclcpp/rclcpp/client.hpp:40[m[K,
[2.283s]                  from [01m[K/opt/ros/humble/include/rclcpp/rclcpp/callback_group.hpp:24[m[K,
[2.283s]                  from [01m[K/opt/ros/humble/include/rclcpp/rclcpp/any_executable.hpp:20[m[K,
[2.283s]                  from [01m[K/opt/ros/humble/include/rclcpp/rclcpp/memory_strategy.hpp:25[m[K,
[2.283s]                  from [01m[K/opt/ros/humble/include/rclcpp/rclcpp/memory_strategies.hpp:18[m[K,
[2.283s]                  from [01m[K/opt/ros/humble/include/rclcpp/rclcpp/executor_options.hpp:20[m[K,
[2.283s]                  from [01m[K/opt/ros/humble/include/rclcpp/rclcpp/executor.hpp:37[m[K,
[2.283s]                  from [01m[K/opt/ros/humble/include/rclcpp/rclcpp/executors/multi_threaded_executor.hpp:25[m[K,
[2.283s]                  from [01m[K/opt/ros/humble/include/rclcpp/rclcpp/executors.hpp:21[m[K,
[2.283s]                  from [01m[K/opt/ros/humble/include/rclcpp/rclcpp/rclcpp.hpp:155[m[K,
[2.283s]                  from [01m[K/home/gaga/sad_ws/src/sad_pkg/src/path_node.cpp:3[m[K:
[2.283s] [01m[K/home/gaga/sad_ws/src/sad_pkg/src/path_node.cpp:306:9:[m[K [01;31m[Kerror: [m[Ktemplate argument 1 is invalid
[2.283s]   306 |         [01;31m[KRCLCPP_INFO[m[K(get_logger(),
[2.283s]       |         [01;31m[K^~~~~~~~~~~[m[K
[2.283s] [01m[K/home/gaga/sad_ws/src/sad_pkg/src/path_node.cpp:306:9:[m[K [01;31m[Kerror: [m[Ktemplate argument 1 is invalid
[2.283s]   306 |         [01;31m[KRCLCPP_INFO[m[K(get_logger(),
[2.283s]       |         [01;31m[K^~~~~~~~~~~[m[K
[2.283s] [01m[K/home/gaga/sad_ws/src/sad_pkg/src/path_node.cpp:306:9:[m[K [01;31m[Kerror: [m[Ktemplate argument 1 is invalid
[2.283s]   306 |         [01;31m[KRCLCPP_INFO[m[K(get_logger(),
[2.283s]       |         [01;31m[K^~~~~~~~~~~[m[K
[2.283s] [01m[K/home/gaga/sad_ws/src/sad_pkg/src/path_node.cpp:311:25:[m[K [01;31m[Kerror: [m[Kâ€˜[01m[Kget_logger[m[Kâ€™ was not declared in this scope; did you mean â€˜[01m[Krclcpp::get_logger[m[Kâ€™?
[2.283s]   311 |             RCLCPP_INFO([01;31m[Kget_logger[m[K(),
[2.283s]       |                         [01;31m[K^~~~~~~~~~[m[K
[2.283s] In file included from [01m[K/opt/ros/humble/include/rclcpp/rclcpp/logging.hpp:23[m[K,
[2.283s]                  from [01m[K/opt/ros/humble/include/rclcpp/rclcpp/client.hpp:40[m[K,
[2.283s]                  from [01m[K/opt/ros/humble/include/rclcpp/rclcpp/callback_group.hpp:24[m[K,
[2.283s]                  from [01m[K/opt/ros/humble/include/rclcpp/rclcpp/any_executable.hpp:20[m[K,
[2.283s]                  from [01m[K/opt/ros/humble/include/rclcpp/rclcpp/memory_strategy.hpp:25[m[K,
[2.283s]                  from [01m[K/opt/ros/humble/include/rclcpp/rclcpp/memory_strategies.hpp:18[m[K,
[2.283s]                  from [01m[K/opt/ros/humble/include/rclcpp/rclcpp/executor_options.hpp:20[m[K,
[2.283s]                  from [01m[K/opt/ros/humble/include/rclcpp/rclcpp/executor.hpp:37[m[K,
[2.283s]                  from [01m[K/opt/ros/humble/include/rclcpp/rclcpp/executors/multi_threaded_executor.hpp:25[m[K,
[2.283s]                  from [01m[K/opt/ros/humble/include/rclcpp/rclcpp/executors.hpp:21[m[K,
[2.283s]                  from [01m[K/opt/ros/humble/include/rclcpp/rclcpp/rclcpp.hpp:155[m[K,
[2.283s]                  from [01m[K/home/gaga/sad_ws/src/sad_pkg/src/path_node.cpp:3[m[K:
[2.283s] [01m[K/opt/ros/humble/include/rclcpp/rclcpp/logger.hpp:106:17:[m[K [01;36m[Knote: [m[Kâ€˜[01m[Krclcpp::get_logger[m[Kâ€™ declared here
[2.283s]   106 |   friend Logger [01;36m[Krclcpp[m[K::get_logger(const std::string & name);
[2.283s]       |                 [01;36m[K^~~~~~[m[K
[2.283s] In file included from [01m[K/opt/ros/humble/include/rclcpp/rclcpp/client.hpp:40[m[K,
[2.284s]                  from [01m[K/opt/ros/humble/include/rclcpp/rclcpp/callback_group.hpp:24[m[K,
[2.284s]                  from [01m[K/opt/ros/humble/include/rclcpp/rclcpp/any_executable.hpp:20[m[K,
[2.284s]                  from [01m[K/opt/ros/humble/include/rclcpp/rclcpp/memory_strategy.hpp:25[m[K,
[2.284s]                  from [01m[K/opt/ros/humble/include/rclcpp/rclcpp/memory_strategies.hpp:18[m[K,
[2.284s]                  from [01m[K/opt/ros/humble/include/rclcpp/rclcpp/executor_options.hpp:20[m[K,
[2.284s]                  from [01m[K/opt/ros/humble/include/rclcpp/rclcpp/executor.hpp:37[m[K,
[2.284s]                  from [01m[K/opt/ros/humble/include/rclcpp/rclcpp/executors/multi_threaded_executor.hpp:25[m[K,
[2.284s]                  from [01m[K/opt/ros/humble/include/rclcpp/rclcpp/executors.hpp:21[m[K,
[2.284s]                  from [01m[K/opt/ros/humble/include/rclcpp/rclcpp/rclcpp.hpp:155[m[K,
[2.284s]                  from [01m[K/home/gaga/sad_ws/src/sad_pkg/src/path_node.cpp:3[m[K:
[2.284s] [01m[K/home/gaga/sad_ws/src/sad_pkg/src/path_node.cpp:311:13:[m[K [01;31m[Kerror: [m[Ktemplate argument 1 is invalid
[2.284s]   311 |             [01;31m[KRCLCPP_INFO[m[K(get_logger(),
[2.284s]       |             [01;31m[K^~~~~~~~~~~[m[K
[2.284s] [01m[K/home/gaga/sad_ws/src/sad_pkg/src/path_node.cpp:311:13:[m[K [01;31m[Kerror: [m[Ktemplate argument 1 is invalid
[2.284s]   311 |             [01;31m[KRCLCPP_INFO[m[K(get_logger(),
[2.284s]       |             [01;31m[K^~~~~~~~~~~[m[K
[2.284s] [01m[K/home/gaga/sad_ws/src/sad_pkg/src/path_node.cpp:311:13:[m[K [01;31m[Kerror: [m[Ktemplate argument 1 is invalid
[2.284s]   311 |             [01;31m[KRCLCPP_INFO[m[K(get_logger(),
[2.284s]       |             [01;31m[K^~~~~~~~~~~[m[K
[2.286s] [01m[K/home/gaga/sad_ws/src/sad_pkg/src/path_node.cpp:319:9:[m[K [01;31m[Kerror: [m[Kâ€˜[01m[Kpath_pub_[m[Kâ€™ was not declared in this scope
[2.286s]   319 |         [01;31m[Kpath_pub_[m[K->publish(pa);
[2.286s]       |         [01;31m[K^~~~~~~~~[m[K
[2.289s] [01m[K/home/gaga/sad_ws/src/sad_pkg/src/path_node.cpp:[m[K In function â€˜[01m[Kint nearestNode(const Point&)[m[Kâ€™:
[2.289s] [01m[K/home/gaga/sad_ws/src/sad_pkg/src/path_node.cpp:334:32:[m[K [01;31m[Kerror: [m[Kâ€˜[01m[Knodes_[m[Kâ€™ was not declared in this scope
[2.289s]   334 |         for (size_t i = 0; i < [01;31m[Knodes_[m[K.size(); ++i) {
[2.289s]       |                                [01;31m[K^~~~~~[m[K
[2.292s] [01m[K/home/gaga/sad_ws/src/sad_pkg/src/path_node.cpp:[m[K In function â€˜[01m[Kstd::vector<int> nearNodes(const Point&, double)[m[Kâ€™:
[2.292s] [01m[K/home/gaga/sad_ws/src/sad_pkg/src/path_node.cpp:343:32:[m[K [01;31m[Kerror: [m[Kâ€˜[01m[Knodes_[m[Kâ€™ was not declared in this scope
[2.292s]   343 |         for (size_t i = 0; i < [01;31m[Knodes_[m[K.size(); ++i) {
[2.292s]       |                                [01;31m[K^~~~~~[m[K
[2.295s] [01m[K/home/gaga/sad_ws/src/sad_pkg/src/path_node.cpp:[m[K In function â€˜[01m[Kbool collision(const Point&, const Point&)[m[Kâ€™:
[2.295s] [01m[K/home/gaga/sad_ws/src/sad_pkg/src/path_node.cpp:371:26:[m[K [01;31m[Kerror: [m[Kâ€˜[01m[Kobstacles_[m[Kâ€™ was not declared in this scope; did you mean â€˜[01m[Kobstack[m[Kâ€™?
[2.295s]   371 |         for (auto &obs : [01;31m[Kobstacles_[m[K) {
[2.296s]       |                          [01;31m[K^~~~~~~~~~[m[K
[2.296s]       |                          [32m[Kobstack[m[K
[2.299s] [01m[K/home/gaga/sad_ws/src/sad_pkg/src/path_node.cpp:[m[K In function â€˜[01m[Kvoid reconstructPath(int)[m[Kâ€™:
[2.299s] [01m[K/home/gaga/sad_ws/src/sad_pkg/src/path_node.cpp:393:9:[m[K [01;31m[Kerror: [m[Kâ€˜[01m[Kbest_path_[m[Kâ€™ was not declared in this scope
[2.299s]   393 |         [01;31m[Kbest_path_[m[K.clear();
[2.299s]       |         [01;31m[K^~~~~~~~~~[m[K
[2.301s] [01m[K/home/gaga/sad_ws/src/sad_pkg/src/path_node.cpp:394:39:[m[K [01;31m[Kerror: [m[Kâ€˜[01m[Knodes_[m[Kâ€™ was not declared in this scope
[2.301s]   394 |         for (int i = idx; i >= 0; i = [01;31m[Knodes_[m[K[i].parent) {
[2.301s]       |                                       [01;31m[K^~~~~~[m[K
[2.304s] [01m[K/home/gaga/sad_ws/src/sad_pkg/src/path_node.cpp:[m[K In function â€˜[01m[Kdouble basis(int, int, double)[m[Kâ€™:
[2.304s] [01m[K/home/gaga/sad_ws/src/sad_pkg/src/path_node.cpp:401:30:[m[K [01;31m[Kerror: [m[Kâ€˜[01m[Kknots_[m[Kâ€™ was not declared in this scope
[2.304s]   401 |         if (k==0) return (t>=[01;31m[Kknots_[m[K[i] && t<knots_[i+1])?1.0:0.0;
[2.304s]       |                              [01;31m[K^~~~~~[m[K
[2.306s] [01m[K/home/gaga/sad_ws/src/sad_pkg/src/path_node.cpp:402:19:[m[K [01;31m[Kerror: [m[Kâ€˜[01m[Kknots_[m[Kâ€™ was not declared in this scope
[2.306s]   402 |         double d1=[01;31m[Kknots_[m[K[i+k]-knots_[i], d2=knots_[i+k+1]-knots_[i+1];
[2.306s]       |                   [01;31m[K^~~~~~[m[K
[2.308s] [01m[K/home/gaga/sad_ws/src/sad_pkg/src/path_node.cpp:404:19:[m[K [01;31m[Kerror: [m[Kâ€˜[01m[Kd2[m[Kâ€™ was not declared in this scope; did you mean â€˜[01m[Kd1[m[Kâ€™?
[2.308s]   404 |         double b=([01;31m[Kd2[m[K==0?0:(knots_[i+k+1]-t)/d2*basis(i+1,k-1,t));
[2.308s]       |                   [01;31m[K^~[m[K
[2.308s]       |                   [32m[Kd1[m[K
[2.311s] [01m[K/home/gaga/sad_ws/src/sad_pkg/src/path_node.cpp:[m[K In function â€˜[01m[Kvoid buildKnots()[m[Kâ€™:
[2.311s] [01m[K/home/gaga/sad_ws/src/sad_pkg/src/path_node.cpp:409:20:[m[K [01;31m[Kerror: [m[Kâ€˜[01m[KsplineCP_[m[Kâ€™ was not declared in this scope
[2.311s]   409 |         int n=(int)[01;31m[KsplineCP_[m[K.size(), k=splineDegree_;
[2.311s]       |                    [01;31m[K^~~~~~~~~[m[K
[2.313s] [01m[K/home/gaga/sad_ws/src/sad_pkg/src/path_node.cpp:410:9:[m[K [01;31m[Kerror: [m[Kâ€˜[01m[Kknots_[m[Kâ€™ was not declared in this scope
[2.313s]   410 |         [01;31m[Kknots_[m[K.resize(n+k+1);
[2.313s]       |         [01;31m[K^~~~~~[m[K
[2.315s] [01m[K/home/gaga/sad_ws/src/sad_pkg/src/path_node.cpp:410:25:[m[K [01;31m[Kerror: [m[Kâ€˜[01m[Kk[m[Kâ€™ was not declared in this scope
[2.315s]   410 |         knots_.resize(n+[01;31m[Kk[m[K+1);
[2.315s]       |                         [01;31m[K^[m[K
[2.319s] [01m[K/home/gaga/sad_ws/src/sad_pkg/src/path_node.cpp:[m[K In function â€˜[01m[KEigen::Vector3d interpolate(double)[m[Kâ€™:
[2.319s] [01m[K/home/gaga/sad_ws/src/sad_pkg/src/path_node.cpp:418:20:[m[K [01;31m[Kerror: [m[Kâ€˜[01m[KsplineCP_[m[Kâ€™ was not declared in this scope
[2.319s]   418 |         int n=(int)[01;31m[KsplineCP_[m[K.size()-1, k=splineDegree_;
[2.319s]       |                    [01;31m[K^~~~~~~~~[m[K
[2.321s] [01m[K/home/gaga/sad_ws/src/sad_pkg/src/path_node.cpp:419:45:[m[K [01;31m[Kerror: [m[Kâ€˜[01m[Kk[m[Kâ€™ was not declared in this scope
[2.321s]   419 |         for (int i=0; i<=n; ++i) p+=basis(i,[01;31m[Kk[m[K,t)*splineCP_[i];
[2.321s]       |                                             [01;31m[K^[m[K
[2.331s] [01m[K/home/gaga/sad_ws/src/sad_pkg/src/path_node.cpp:[m[K At global scope:
[2.331s] [01m[K/home/gaga/sad_ws/src/sad_pkg/src/path_node.cpp:440:1:[m[K [01;31m[Kerror: [m[Kexpected declaration before â€˜[01m[K}[m[Kâ€™ token
[2.331s]   440 | [01;31m[K}[m[K;
[2.331s]       | [01;31m[K^[m[K
[3.918s] gmake[2]: *** [CMakeFiles/path_node.dir/build.make:76: CMakeFiles/path_node.dir/src/path_node.cpp.o] Error 1
[3.918s] gmake[1]: *** [CMakeFiles/Makefile2:279: CMakeFiles/path_node.dir/all] Error 2
[3.918s] gmake[1]: *** Waiting for unfinished jobs....
[15.635s] [ 92%] [32m[1mLinking CXX executable Inverse_node[0m
[16.776s] [ 92%] Built target Inverse_node
[16.777s] gmake: *** [Makefile:146: all] Error 2
[16.780s] Invoked command in '/home/gaga/sad_ws/build/sad_pkg' returned '2': CMAKE_PREFIX_PATH=/home/gaga/sad_ws/install/my_vision_msgs:/home/gaga/sad_ws/install:/home/gaga/sad_ws/install/sad_pkg:/home/gaga/sad_ws/install/mani_urdf:/home/gaga/turtlebot3_ws/install/turtlebot3:/home/gaga/turtlebot3_ws/install/turtlebot3_simulations:/home/gaga/turtlebot3_ws/install/turtlebot3_bringup:/home/gaga/turtlebot3_ws/install/turtlebot3_node:/home/gaga/turtlebot3_ws/install/turtlebot3_navigation2:/home/gaga/turtlebot3_ws/install/turtlebot3_fake_node:/home/gaga/turtlebot3_ws/install/robot_master:/home/gaga/turtlebot3_ws/install/turtlebot3_msgs:/home/gaga/turtlebot3_ws/install/turtlebot3_gazebo:/home/gaga/turtlebot3_ws/install/turtlebot3_description:/home/gaga/turtlebot3_ws/install/turtlebot3_cartographer:/home/gaga/turtlebot3_ws/install/robot_vision:/home/gaga/turtlebot3_ws/install/robot_navigation:/home/gaga/turtlebot3_ws/install/robot_msgs:/home/gaga/turtlebot3_ws/install/dynamixel_sdk_examples:/home/gaga/turtlebot3_ws/install/dynamixel_sdk_custom_interfaces:/home/gaga/turtlebot3_ws/install/dynamixel_sdk:/home/gaga/ssibal_ws/install/robot_msgs:/home/gaga/sad_ws/src/install/sad_pkg:/home/gaga/sad_ws/src/install/vision_msgs:/home/gaga/sad_ws/src/install/my_vision_msgs:/home/gaga/sad_ws/src/install/mani_urdf:/home/gaga/robotprograming_ws/install/rp_pkg:/home/gaga/sad_ws/src/sad_pkg/install/sad_pkg:/home/gaga/turtlebot3_ws/install/turtlebot3_teleop:/home/gaga/turtlebot3_ws/install/turtlebot3_example:/opt/ros/humble /usr/bin/cmake --build /home/gaga/sad_ws/build/sad_pkg -- -j20 -l20
