[35m[1mConsolidate compiler generated dependencies of target path_node[0m
[ 92%] [32mBuilding CXX object CMakeFiles/path_node.dir/src/path_node.cpp.o[0m
[ 92%] Built target Inverse_node
[ 92%] Built target obstacle_node
[ 92%] Built target forward_node
[ 92%] Built target rrt_node
[ 92%] Built target spline_node
[ 92%] Built target map_node
[01m[K/home/gaga/sad_ws/src/sad_pkg/src/path_node.cpp:496:2:[m[K [01;31m[Kerror: [m[Kexpected â€˜[01m[K}[m[Kâ€™ at end of input
  496 | }
      |  [01;31m[K^[m[K
[01m[K/home/gaga/sad_ws/src/sad_pkg/src/path_node.cpp:25:36:[m[K [01;36m[Knote: [m[Kto match this â€˜[01m[K{[m[Kâ€™
   25 | class RSNode : public rclcpp::Node [01;36m[K{[m[K
      |                                    [01;36m[K^[m[K
[01m[K/home/gaga/sad_ws/src/sad_pkg/src/path_node.cpp:[m[K In constructor â€˜[01m[KRSNode::RSNode()[m[Kâ€™:
[01m[K/home/gaga/sad_ws/src/sad_pkg/src/path_node.cpp:29:7:[m[K [01;31m[Kerror: [m[Kclass â€˜[01m[KRSNode[m[Kâ€™ does not have any field named â€˜[01m[Kgen_[m[Kâ€™
   29 |       [01;31m[Kgen_[m[K(42),
      |       [01;31m[K^~~~[m[K
[01m[K/home/gaga/sad_ws/src/sad_pkg/src/path_node.cpp:30:7:[m[K [01;31m[Kerror: [m[Kclass â€˜[01m[KRSNode[m[Kâ€™ does not have any field named â€˜[01m[Kfirst_plan_done_[m[Kâ€™
   30 |       [01;31m[Kfirst_plan_done_[m[K(false)
      |       [01;31m[K^~~~~~~~~~~~~~~~[m[K
[01m[K/home/gaga/sad_ws/src/sad_pkg/src/path_node.cpp:35:9:[m[K [01;31m[Kerror: [m[Kâ€˜[01m[Kobstacle_sub_[m[Kâ€™ was not declared in this scope
   35 |         [01;31m[Kobstacle_sub_[m[K = this->create_subscription<my_vision_msgs::msg::HarvestOrdering>(
      |         [01;31m[K^~~~~~~~~~~~~[m[K
[01m[K/home/gaga/sad_ws/src/sad_pkg/src/path_node.cpp:41:9:[m[K [01;31m[Kerror: [m[Kâ€˜[01m[Kmarker_pub_[m[Kâ€™ was not declared in this scope
   41 |         [01;31m[Kmarker_pub_[m[K = this->create_publisher<visualization_msgs::msg::MarkerArray>(
      |         [01;31m[K^~~~~~~~~~~[m[K
[01m[K/home/gaga/sad_ws/src/sad_pkg/src/path_node.cpp:47:9:[m[K [01;31m[Kerror: [m[Kâ€˜[01m[Ktimer_[m[Kâ€™ was not declared in this scope; did you mean â€˜[01m[Ktimer_t[m[Kâ€™?
   47 |         [01;31m[Ktimer_[m[K = this->create_wall_timer(
      |         [01;31m[K^~~~~~[m[K
      |         [32m[Ktimer_t[m[K
[01m[K/home/gaga/sad_ws/src/sad_pkg/src/path_node.cpp:48:40:[m[K [01;31m[Kerror: [m[Kâ€˜[01m[KpublishMarkers[m[Kâ€™ is not a member of â€˜[01m[KRSNode[m[Kâ€™
   48 |             1000ms, std::bind(&RSNode::[01;31m[KpublishMarkers[m[K, this)
      |                                        [01;31m[K^~~~~~~~~~~~~~[m[K
[01m[K/home/gaga/sad_ws/src/sad_pkg/src/path_node.cpp:52:9:[m[K [01;31m[Kerror: [m[Kâ€˜[01m[Kstart_[m[Kâ€™ was not declared in this scope
   52 |         [01;31m[Kstart_[m[K = makePoint(0.1435, 0.0, 0.976);
      |         [01;31m[K^~~~~~[m[K
[01m[K/home/gaga/sad_ws/src/sad_pkg/src/path_node.cpp:52:18:[m[K [01;31m[Kerror: [m[Kâ€˜[01m[KmakePoint[m[Kâ€™ was not declared in this scope
   52 |         start_ = [01;31m[KmakePoint[m[K(0.1435, 0.0, 0.976);
      |                  [01;31m[K^~~~~~~~~[m[K
[01m[K/home/gaga/sad_ws/src/sad_pkg/src/path_node.cpp:53:9:[m[K [01;31m[Kerror: [m[Kâ€˜[01m[Kgoal_[m[Kâ€™ was not declared in this scope
   53 |         [01;31m[Kgoal_[m[K  = makePoint(0.6,    0.0, 0.57);
      |         [01;31m[K^~~~~[m[K
[01m[K/home/gaga/sad_ws/src/sad_pkg/src/path_node.cpp:56:9:[m[K [01;31m[Kerror: [m[Kâ€˜[01m[Korientation_pub_[m[Kâ€™ was not declared in this scope
   56 |         [01;31m[Korientation_pub_[m[K = this->create_publisher<std_msgs::msg::Float64MultiArray>(
      |         [01;31m[K^~~~~~~~~~~~~~~~[m[K
[01m[K/home/gaga/sad_ws/src/sad_pkg/src/path_node.cpp:[m[K In member function â€˜[01m[Kvoid RSNode::obstacleCallback(my_vision_msgs::msg::HarvestOrdering_<std::allocator<void> >::SharedPtr)[m[Kâ€™:
[01m[K/home/gaga/sad_ws/src/sad_pkg/src/path_node.cpp:72:9:[m[K [01;31m[Kerror: [m[Kâ€˜[01m[Kobstacles_[m[Kâ€™ was not declared in this scope; did you mean â€˜[01m[Kobstack[m[Kâ€™?
   72 |         [01;31m[Kobstacles_[m[K.clear();
      |         [01;31m[K^~~~~~~~~~[m[K
      |         [32m[Kobstack[m[K
[01m[K/home/gaga/sad_ws/src/sad_pkg/src/path_node.cpp:74:23:[m[K [01;31m[Kerror: [m[Kâ€˜[01m[KmakePoint[m[Kâ€™ was not declared in this scope
   74 |             auto pt = [01;31m[KmakePoint[m[K(obj.x, obj.y, obj.z);
      |                       [01;31m[K^~~~~~~~~[m[K
[01m[K/home/gaga/sad_ws/src/sad_pkg/src/path_node.cpp:80:14:[m[K [01;31m[Kerror: [m[Kâ€˜[01m[Kfirst_plan_done_[m[Kâ€™ was not declared in this scope
   80 |         if (![01;31m[Kfirst_plan_done_[m[K) {
      |              [01;31m[K^~~~~~~~~~~~~~~~[m[K
[01m[K/home/gaga/sad_ws/src/sad_pkg/src/path_node.cpp:82:13:[m[K [01;31m[Kerror: [m[Kâ€˜[01m[KplanRRTstar[m[Kâ€™ was not declared in this scope
   82 |             [01;31m[KplanRRTstar[m[K();
      |             [01;31m[K^~~~~~~~~~~[m[K
[01m[K/home/gaga/sad_ws/src/sad_pkg/src/path_node.cpp:[m[K In member function â€˜[01m[Kdouble RSNode::basis_derivative(int, int, double)[m[Kâ€™:
[01m[K/home/gaga/sad_ws/src/sad_pkg/src/path_node.cpp:95:21:[m[K [01;31m[Kerror: [m[Kâ€˜[01m[Kknots_[m[Kâ€™ was not declared in this scope
   95 |         double d1 = [01;31m[Kknots_[m[K[i + k] - knots_[i];
      |                     [01;31m[K^~~~~~[m[K
[01m[K/home/gaga/sad_ws/src/sad_pkg/src/path_node.cpp:97:52:[m[K [01;31m[Kerror: [m[Kâ€˜[01m[Kbasis[m[Kâ€™ was not declared in this scope
   97 |         double term1 = (d1 == 0 ? 0 : (1.0 / d1) * [01;31m[Kbasis[m[K(i, k - 1, t));
      |                                                    [01;31m[K^~~~~[m[K
[01m[K/home/gaga/sad_ws/src/sad_pkg/src/path_node.cpp:[m[K In member function â€˜[01m[KEigen::Vector3d RSNode::interpolateVelocity(double)[m[Kâ€™:
[01m[K/home/gaga/sad_ws/src/sad_pkg/src/path_node.cpp:105:34:[m[K [01;31m[Kerror: [m[Kâ€˜[01m[KsplineCP_[m[Kâ€™ was not declared in this scope
  105 |         int n = static_cast<int>([01;31m[KsplineCP_[m[K.size()) - 1;
      |                                  [01;31m[K^~~~~~~~~[m[K
[01m[K/home/gaga/sad_ws/src/sad_pkg/src/path_node.cpp:106:17:[m[K [01;31m[Kerror: [m[Kâ€˜[01m[KsplineDegree_[m[Kâ€™ was not declared in this scope
  106 |         int k = [01;31m[KsplineDegree_[m[K;
      |                 [01;31m[K^~~~~~~~~~~~~[m[K
[01m[K/home/gaga/sad_ws/src/sad_pkg/src/path_node.cpp:[m[K In member function â€˜[01m[Kvoid RSNode::publishPoseAndOrientation()[m[Kâ€™:
[01m[K/home/gaga/sad_ws/src/sad_pkg/src/path_node.cpp:116:30:[m[K [01;31m[Kerror: [m[Kâ€˜[01m[KsplineCP_[m[Kâ€™ was not declared in this scope
  116 |         if (static_cast<int>([01;31m[KsplineCP_[m[K.size()) < splineDegree_ + 1 ||
      |                              [01;31m[K^~~~~~~~~[m[K
[01m[K/home/gaga/sad_ws/src/sad_pkg/src/path_node.cpp:116:50:[m[K [01;31m[Kerror: [m[Kâ€˜[01m[KsplineDegree_[m[Kâ€™ was not declared in this scope
  116 |         if (static_cast<int>(splineCP_.size()) < [01;31m[KsplineDegree_[m[K + 1 ||
      |                                                  [01;31m[K^~~~~~~~~~~~~[m[K
[01m[K/home/gaga/sad_ws/src/sad_pkg/src/path_node.cpp:117:30:[m[K [01;31m[Kerror: [m[Kâ€˜[01m[KorientationCP_[m[Kâ€™ was not declared in this scope
  117 |             static_cast<int>([01;31m[KorientationCP_[m[K.size()) < splineDegree_ + 1)
      |                              [01;31m[K^~~~~~~~~~~~~~[m[K
[01m[K/home/gaga/sad_ws/src/sad_pkg/src/path_node.cpp:125:21:[m[K [01;31m[Kerror: [m[Kâ€˜[01m[Kknots_[m[Kâ€™ was not declared in this scope
  125 |         double t0 = [01;31m[Kknots_[m[K[splineDegree_];
      |                     [01;31m[K^~~~~~[m[K
[01m[K/home/gaga/sad_ws/src/sad_pkg/src/path_node.cpp:125:28:[m[K [01;31m[Kerror: [m[Kâ€˜[01m[KsplineDegree_[m[Kâ€™ was not declared in this scope
  125 |         double t0 = knots_[[01;31m[KsplineDegree_[m[K];
      |                            [01;31m[K^~~~~~~~~~~~~[m[K
[01m[K/home/gaga/sad_ws/src/sad_pkg/src/path_node.cpp:126:28:[m[K [01;31m[Kerror: [m[Kâ€˜[01m[KsplineCP_[m[Kâ€™ was not declared in this scope
  126 |         double t1 = knots_[[01;31m[KsplineCP_[m[K.size()];
      |                            [01;31m[K^~~~~~~~~[m[K
[01m[K/home/gaga/sad_ws/src/sad_pkg/src/path_node.cpp:137:34:[m[K [01;31m[Kerror: [m[Kâ€˜[01m[Kinterpolate[m[Kâ€™ was not declared in this scope
  137 |             Eigen::Vector3d pi = [01;31m[Kinterpolate[m[K(t);
      |                                  [01;31m[K^~~~~~~~~~~[m[K
[01m[K/home/gaga/sad_ws/src/sad_pkg/src/path_node.cpp:138:37:[m[K [01;31m[Kerror: [m[Kâ€˜[01m[KinterpolateOrientation[m[Kâ€™ was not declared in this scope
  138 |             Eigen::Vector3d euler = [01;31m[KinterpolateOrientation[m[K(t);
      |                                     [01;31m[K^~~~~~~~~~~~~~~~~~~~~~[m[K
[01m[K/home/gaga/sad_ws/src/sad_pkg/src/path_node.cpp:167:34:[m[K [01;31m[Kerror: [m[Kâ€˜[01m[Kinterpolate[m[Kâ€™ was not declared in this scope
  167 |             Eigen::Vector3d pi = [01;31m[Kinterpolate[m[K(t);
      |                                  [01;31m[K^~~~~~~~~~~[m[K
[01m[K/home/gaga/sad_ws/src/sad_pkg/src/path_node.cpp:168:37:[m[K [01;31m[Kerror: [m[Kâ€˜[01m[KinterpolateOrientation[m[Kâ€™ was not declared in this scope
  168 |             Eigen::Vector3d euler = [01;31m[KinterpolateOrientation[m[K(t);
      |                                     [01;31m[K^~~~~~~~~~~~~~~~~~~~~~[m[K
[01m[K/home/gaga/sad_ws/src/sad_pkg/src/path_node.cpp:192:9:[m[K [01;31m[Kerror: [m[Kâ€˜[01m[Korientation_pub_[m[Kâ€™ was not declared in this scope
  192 |         [01;31m[Korientation_pub_[m[K->publish(msg);
      |         [01;31m[K^~~~~~~~~~~~~~~~[m[K
[01m[K/home/gaga/sad_ws/src/sad_pkg/src/path_node.cpp:203:24:[m[K [01;31m[Kerror: [m[Ka function-definition is not allowed here before â€˜[01m[K{[m[Kâ€™ token
  203 |     void planRRTstar() [01;31m[K{[m[K
      |                        [01;31m[K^[m[K
[01m[K/home/gaga/sad_ws/src/sad_pkg/src/path_node.cpp:286:27:[m[K [01;31m[Kerror: [m[Ka function-definition is not allowed here before â€˜[01m[K{[m[Kâ€™ token
  286 |     void publishMarkers() [01;31m[K{[m[K
      |                           [01;31m[K^[m[K
[01m[K/home/gaga/sad_ws/src/sad_pkg/src/path_node.cpp:351:89:[m[K [01;31m[Kerror: [m[Ka function-definition is not allowed here before â€˜[01m[K{[m[Kâ€™ token
  351 |     double dist(const geometry_msgs::msg::Point &a, const geometry_msgs::msg::Point &b) [01;31m[K{[m[K
      |                                                                                         [01;31m[K^[m[K
[01m[K/home/gaga/sad_ws/src/sad_pkg/src/path_node.cpp:355:71:[m[K [01;31m[Kerror: [m[Ka function-definition is not allowed here before â€˜[01m[K{[m[Kâ€™ token
  355 |     geometry_msgs::msg::Point makePoint(double x, double y, double z) [01;31m[K{[m[K
      |                                                                       [01;31m[K^[m[K
[01m[K/home/gaga/sad_ws/src/sad_pkg/src/path_node.cpp:359:57:[m[K [01;31m[Kerror: [m[Ka function-definition is not allowed here before â€˜[01m[K{[m[Kâ€™ token
  359 |     int nearestNode(const geometry_msgs::msg::Point &p) [01;31m[K{[m[K
      |                                                         [01;31m[K^[m[K
[01m[K/home/gaga/sad_ws/src/sad_pkg/src/path_node.cpp:369:79:[m[K [01;31m[Kerror: [m[Ka function-definition is not allowed here before â€˜[01m[K{[m[Kâ€™ token
  369 |     std::vector<int> nearNodes(const geometry_msgs::msg::Point &pt, double r) [01;31m[K{[m[K
      |                                                                               [01;31m[K^[m[K
[01m[K/home/gaga/sad_ws/src/sad_pkg/src/path_node.cpp:381:7:[m[K [01;31m[Kerror: [m[Ka function-definition is not allowed here before â€˜[01m[K{[m[Kâ€™ token
  381 |     ) [01;31m[K{[m[K
      |       [01;31m[K^[m[K
[01m[K/home/gaga/sad_ws/src/sad_pkg/src/path_node.cpp:398:7:[m[K [01;31m[Kerror: [m[Ka function-definition is not allowed here before â€˜[01m[K{[m[Kâ€™ token
  398 |     ) [01;31m[K{[m[K
      |       [01;31m[K^[m[K
[01m[K/home/gaga/sad_ws/src/sad_pkg/src/path_node.cpp:420:35:[m[K [01;31m[Kerror: [m[Ka function-definition is not allowed here before â€˜[01m[K{[m[Kâ€™ token
  420 |     void reconstructPath(int idx) [01;31m[K{[m[K
      |                                   [01;31m[K^[m[K
[01m[K/home/gaga/sad_ws/src/sad_pkg/src/path_node.cpp:429:42:[m[K [01;31m[Kerror: [m[Ka function-definition is not allowed here before â€˜[01m[K{[m[Kâ€™ token
  429 |     double basis(int i, int k, double t) [01;31m[K{[m[K
      |                                          [01;31m[K^[m[K
[01m[K/home/gaga/sad_ws/src/sad_pkg/src/path_node.cpp:438:23:[m[K [01;31m[Kerror: [m[Ka function-definition is not allowed here before â€˜[01m[K{[m[Kâ€™ token
  438 |     void buildKnots() [01;31m[K{[m[K
      |                       [01;31m[K^[m[K
[01m[K/home/gaga/sad_ws/src/sad_pkg/src/path_node.cpp:446:43:[m[K [01;31m[Kerror: [m[Ka function-definition is not allowed here before â€˜[01m[K{[m[Kâ€™ token
  446 |     Eigen::Vector3d interpolate(double t) [01;31m[K{[m[K
      |                                           [01;31m[K^[m[K
[01m[K/home/gaga/sad_ws/src/sad_pkg/src/path_node.cpp:456:54:[m[K [01;31m[Kerror: [m[Ka function-definition is not allowed here before â€˜[01m[K{[m[Kâ€™ token
  456 |     Eigen::Vector3d interpolateOrientation(double t) [01;31m[K{[m[K
      |                                                      [01;31m[K^[m[K
[01m[K/home/gaga/sad_ws/src/sad_pkg/src/path_node.cpp:488:10:[m[K [01;35m[Kwarning: [m[Kunused variable â€˜[01m[Kfirst_plan_done_[m[Kâ€™ [[01;35m[K]8;;https://gcc.gnu.org/onlinedocs/gcc/Warning-Options.html#index-Wunused-variable-Wunused-variable]8;;[m[K]
  488 |     bool [01;35m[Kfirst_plan_done_[m[K;
      |          [01;35m[K^~~~~~~~~~~~~~~~[m[K
[01m[K/home/gaga/sad_ws/src/sad_pkg/src/path_node.cpp:[m[K At global scope:
[01m[K/home/gaga/sad_ws/src/sad_pkg/src/path_node.cpp:496:2:[m[K [01;31m[Kerror: [m[Kexpected unqualified-id at end of input
  496 | }
      |  [01;31m[K^[m[K
gmake[2]: *** [CMakeFiles/path_node.dir/build.make:76: CMakeFiles/path_node.dir/src/path_node.cpp.o] Error 1
gmake[1]: *** [CMakeFiles/Makefile2:279: CMakeFiles/path_node.dir/all] Error 2
gmake: *** [Makefile:146: all] Error 2
