[0.024s] Invoking command in '/home/gaga/sad_ws/build/sad_pkg': CMAKE_PREFIX_PATH=/home/gaga/sad_ws/install/my_vision_msgs:/home/gaga/sad_ws/install:/home/gaga/sad_ws/install/sad_pkg:/home/gaga/sad_ws/install/mani_urdf:/home/gaga/turtlebot3_ws/install/turtlebot3:/home/gaga/turtlebot3_ws/install/turtlebot3_simulations:/home/gaga/turtlebot3_ws/install/turtlebot3_bringup:/home/gaga/turtlebot3_ws/install/turtlebot3_node:/home/gaga/turtlebot3_ws/install/turtlebot3_navigation2:/home/gaga/turtlebot3_ws/install/turtlebot3_fake_node:/home/gaga/turtlebot3_ws/install/robot_master:/home/gaga/turtlebot3_ws/install/turtlebot3_msgs:/home/gaga/turtlebot3_ws/install/turtlebot3_gazebo:/home/gaga/turtlebot3_ws/install/turtlebot3_description:/home/gaga/turtlebot3_ws/install/turtlebot3_cartographer:/home/gaga/turtlebot3_ws/install/robot_vision:/home/gaga/turtlebot3_ws/install/robot_navigation:/home/gaga/turtlebot3_ws/install/robot_msgs:/home/gaga/turtlebot3_ws/install/dynamixel_sdk_examples:/home/gaga/turtlebot3_ws/install/dynamixel_sdk_custom_interfaces:/home/gaga/turtlebot3_ws/install/dynamixel_sdk:/home/gaga/ssibal_ws/install/robot_msgs:/home/gaga/sad_ws/src/install/sad_pkg:/home/gaga/sad_ws/src/install/vision_msgs:/home/gaga/sad_ws/src/install/my_vision_msgs:/home/gaga/sad_ws/src/install/mani_urdf:/home/gaga/robotprograming_ws/install/rp_pkg:/home/gaga/sad_ws/src/sad_pkg/install/sad_pkg:/home/gaga/turtlebot3_ws/install/turtlebot3_teleop:/home/gaga/turtlebot3_ws/install/turtlebot3_example:/opt/ros/humble /usr/bin/cmake --build /home/gaga/sad_ws/build/sad_pkg -- -j20 -l20
[0.130s] [35m[1mConsolidate compiler generated dependencies of target path_node[0m
[0.158s] [ 92%] [32mBuilding CXX object CMakeFiles/path_node.dir/src/path_node.cpp.o[0m
[0.159s] [ 92%] Built target Inverse_node
[0.159s] [ 92%] Built target obstacle_node
[0.159s] [ 92%] Built target forward_node
[0.159s] [ 92%] Built target rrt_node
[0.160s] [ 92%] Built target spline_node
[0.160s] [ 92%] Built target map_node
[5.889s] [01m[K/home/gaga/sad_ws/src/sad_pkg/src/path_node.cpp:496:2:[m[K [01;31m[Kerror: [m[Kexpected â€˜[01m[K}[m[Kâ€™ at end of input
[5.890s]   496 | }
[5.890s]       |  [01;31m[K^[m[K
[5.890s] [01m[K/home/gaga/sad_ws/src/sad_pkg/src/path_node.cpp:25:36:[m[K [01;36m[Knote: [m[Kto match this â€˜[01m[K{[m[Kâ€™
[5.890s]    25 | class RSNode : public rclcpp::Node [01;36m[K{[m[K
[5.890s]       |                                    [01;36m[K^[m[K
[5.890s] [01m[K/home/gaga/sad_ws/src/sad_pkg/src/path_node.cpp:[m[K In constructor â€˜[01m[KRSNode::RSNode()[m[Kâ€™:
[5.890s] [01m[K/home/gaga/sad_ws/src/sad_pkg/src/path_node.cpp:29:7:[m[K [01;31m[Kerror: [m[Kclass â€˜[01m[KRSNode[m[Kâ€™ does not have any field named â€˜[01m[Kgen_[m[Kâ€™
[5.890s]    29 |       [01;31m[Kgen_[m[K(42),
[5.890s]       |       [01;31m[K^~~~[m[K
[5.890s] [01m[K/home/gaga/sad_ws/src/sad_pkg/src/path_node.cpp:30:7:[m[K [01;31m[Kerror: [m[Kclass â€˜[01m[KRSNode[m[Kâ€™ does not have any field named â€˜[01m[Kfirst_plan_done_[m[Kâ€™
[5.890s]    30 |       [01;31m[Kfirst_plan_done_[m[K(false)
[5.891s]       |       [01;31m[K^~~~~~~~~~~~~~~~[m[K
[5.916s] [01m[K/home/gaga/sad_ws/src/sad_pkg/src/path_node.cpp:35:9:[m[K [01;31m[Kerror: [m[Kâ€˜[01m[Kobstacle_sub_[m[Kâ€™ was not declared in this scope
[5.916s]    35 |         [01;31m[Kobstacle_sub_[m[K = this->create_subscription<my_vision_msgs::msg::HarvestOrdering>(
[5.916s]       |         [01;31m[K^~~~~~~~~~~~~[m[K
[6.041s] [01m[K/home/gaga/sad_ws/src/sad_pkg/src/path_node.cpp:41:9:[m[K [01;31m[Kerror: [m[Kâ€˜[01m[Kmarker_pub_[m[Kâ€™ was not declared in this scope
[6.041s]    41 |         [01;31m[Kmarker_pub_[m[K = this->create_publisher<visualization_msgs::msg::MarkerArray>(
[6.041s]       |         [01;31m[K^~~~~~~~~~~[m[K
[6.063s] [01m[K/home/gaga/sad_ws/src/sad_pkg/src/path_node.cpp:47:9:[m[K [01;31m[Kerror: [m[Kâ€˜[01m[Ktimer_[m[Kâ€™ was not declared in this scope; did you mean â€˜[01m[Ktimer_t[m[Kâ€™?
[6.063s]    47 |         [01;31m[Ktimer_[m[K = this->create_wall_timer(
[6.063s]       |         [01;31m[K^~~~~~[m[K
[6.063s]       |         [32m[Ktimer_t[m[K
[6.063s] [01m[K/home/gaga/sad_ws/src/sad_pkg/src/path_node.cpp:48:40:[m[K [01;31m[Kerror: [m[Kâ€˜[01m[KpublishMarkers[m[Kâ€™ is not a member of â€˜[01m[KRSNode[m[Kâ€™
[6.063s]    48 |             1000ms, std::bind(&RSNode::[01;31m[KpublishMarkers[m[K, this)
[6.064s]       |                                        [01;31m[K^~~~~~~~~~~~~~[m[K
[6.073s] [01m[K/home/gaga/sad_ws/src/sad_pkg/src/path_node.cpp:52:9:[m[K [01;31m[Kerror: [m[Kâ€˜[01m[Kstart_[m[Kâ€™ was not declared in this scope
[6.073s]    52 |         [01;31m[Kstart_[m[K = makePoint(0.1435, 0.0, 0.976);
[6.073s]       |         [01;31m[K^~~~~~[m[K
[6.085s] [01m[K/home/gaga/sad_ws/src/sad_pkg/src/path_node.cpp:52:18:[m[K [01;31m[Kerror: [m[Kâ€˜[01m[KmakePoint[m[Kâ€™ was not declared in this scope
[6.085s]    52 |         start_ = [01;31m[KmakePoint[m[K(0.1435, 0.0, 0.976);
[6.085s]       |                  [01;31m[K^~~~~~~~~[m[K
[6.097s] [01m[K/home/gaga/sad_ws/src/sad_pkg/src/path_node.cpp:53:9:[m[K [01;31m[Kerror: [m[Kâ€˜[01m[Kgoal_[m[Kâ€™ was not declared in this scope
[6.097s]    53 |         [01;31m[Kgoal_[m[K  = makePoint(0.6,    0.0, 0.57);
[6.098s]       |         [01;31m[K^~~~~[m[K
[6.113s] [01m[K/home/gaga/sad_ws/src/sad_pkg/src/path_node.cpp:56:9:[m[K [01;31m[Kerror: [m[Kâ€˜[01m[Korientation_pub_[m[Kâ€™ was not declared in this scope
[6.113s]    56 |         [01;31m[Korientation_pub_[m[K = this->create_publisher<std_msgs::msg::Float64MultiArray>(
[6.113s]       |         [01;31m[K^~~~~~~~~~~~~~~~[m[K
[6.158s] [01m[K/home/gaga/sad_ws/src/sad_pkg/src/path_node.cpp:[m[K In member function â€˜[01m[Kvoid RSNode::obstacleCallback(my_vision_msgs::msg::HarvestOrdering_<std::allocator<void> >::SharedPtr)[m[Kâ€™:
[6.158s] [01m[K/home/gaga/sad_ws/src/sad_pkg/src/path_node.cpp:72:9:[m[K [01;31m[Kerror: [m[Kâ€˜[01m[Kobstacles_[m[Kâ€™ was not declared in this scope; did you mean â€˜[01m[Kobstack[m[Kâ€™?
[6.159s]    72 |         [01;31m[Kobstacles_[m[K.clear();
[6.159s]       |         [01;31m[K^~~~~~~~~~[m[K
[6.159s]       |         [32m[Kobstack[m[K
[6.174s] [01m[K/home/gaga/sad_ws/src/sad_pkg/src/path_node.cpp:74:23:[m[K [01;31m[Kerror: [m[Kâ€˜[01m[KmakePoint[m[Kâ€™ was not declared in this scope
[6.174s]    74 |             auto pt = [01;31m[KmakePoint[m[K(obj.x, obj.y, obj.z);
[6.174s]       |                       [01;31m[K^~~~~~~~~[m[K
[6.191s] [01m[K/home/gaga/sad_ws/src/sad_pkg/src/path_node.cpp:80:14:[m[K [01;31m[Kerror: [m[Kâ€˜[01m[Kfirst_plan_done_[m[Kâ€™ was not declared in this scope
[6.191s]    80 |         if (![01;31m[Kfirst_plan_done_[m[K) {
[6.191s]       |              [01;31m[K^~~~~~~~~~~~~~~~[m[K
[6.206s] [01m[K/home/gaga/sad_ws/src/sad_pkg/src/path_node.cpp:82:13:[m[K [01;31m[Kerror: [m[Kâ€˜[01m[KplanRRTstar[m[Kâ€™ was not declared in this scope
[6.206s]    82 |             [01;31m[KplanRRTstar[m[K();
[6.206s]       |             [01;31m[K^~~~~~~~~~~[m[K
[6.221s] [01m[K/home/gaga/sad_ws/src/sad_pkg/src/path_node.cpp:[m[K In member function â€˜[01m[Kdouble RSNode::basis_derivative(int, int, double)[m[Kâ€™:
[6.221s] [01m[K/home/gaga/sad_ws/src/sad_pkg/src/path_node.cpp:95:21:[m[K [01;31m[Kerror: [m[Kâ€˜[01m[Kknots_[m[Kâ€™ was not declared in this scope
[6.221s]    95 |         double d1 = [01;31m[Kknots_[m[K[i + k] - knots_[i];
[6.221s]       |                     [01;31m[K^~~~~~[m[K
[6.231s] [01m[K/home/gaga/sad_ws/src/sad_pkg/src/path_node.cpp:97:52:[m[K [01;31m[Kerror: [m[Kâ€˜[01m[Kbasis[m[Kâ€™ was not declared in this scope
[6.231s]    97 |         double term1 = (d1 == 0 ? 0 : (1.0 / d1) * [01;31m[Kbasis[m[K(i, k - 1, t));
[6.231s]       |                                                    [01;31m[K^~~~~[m[K
[6.271s] [01m[K/home/gaga/sad_ws/src/sad_pkg/src/path_node.cpp:[m[K In member function â€˜[01m[KEigen::Vector3d RSNode::interpolateVelocity(double)[m[Kâ€™:
[6.272s] [01m[K/home/gaga/sad_ws/src/sad_pkg/src/path_node.cpp:105:34:[m[K [01;31m[Kerror: [m[Kâ€˜[01m[KsplineCP_[m[Kâ€™ was not declared in this scope
[6.272s]   105 |         int n = static_cast<int>([01;31m[KsplineCP_[m[K.size()) - 1;
[6.272s]       |                                  [01;31m[K^~~~~~~~~[m[K
[6.284s] [01m[K/home/gaga/sad_ws/src/sad_pkg/src/path_node.cpp:106:17:[m[K [01;31m[Kerror: [m[Kâ€˜[01m[KsplineDegree_[m[Kâ€™ was not declared in this scope
[6.284s]   106 |         int k = [01;31m[KsplineDegree_[m[K;
[6.284s]       |                 [01;31m[K^~~~~~~~~~~~~[m[K
[6.299s] [01m[K/home/gaga/sad_ws/src/sad_pkg/src/path_node.cpp:[m[K In member function â€˜[01m[Kvoid RSNode::publishPoseAndOrientation()[m[Kâ€™:
[6.299s] [01m[K/home/gaga/sad_ws/src/sad_pkg/src/path_node.cpp:116:30:[m[K [01;31m[Kerror: [m[Kâ€˜[01m[KsplineCP_[m[Kâ€™ was not declared in this scope
[6.299s]   116 |         if (static_cast<int>([01;31m[KsplineCP_[m[K.size()) < splineDegree_ + 1 ||
[6.299s]       |                              [01;31m[K^~~~~~~~~[m[K
[6.312s] [01m[K/home/gaga/sad_ws/src/sad_pkg/src/path_node.cpp:116:50:[m[K [01;31m[Kerror: [m[Kâ€˜[01m[KsplineDegree_[m[Kâ€™ was not declared in this scope
[6.312s]   116 |         if (static_cast<int>(splineCP_.size()) < [01;31m[KsplineDegree_[m[K + 1 ||
[6.312s]       |                                                  [01;31m[K^~~~~~~~~~~~~[m[K
[6.326s] [01m[K/home/gaga/sad_ws/src/sad_pkg/src/path_node.cpp:117:30:[m[K [01;31m[Kerror: [m[Kâ€˜[01m[KorientationCP_[m[Kâ€™ was not declared in this scope
[6.326s]   117 |             static_cast<int>([01;31m[KorientationCP_[m[K.size()) < splineDegree_ + 1)
[6.326s]       |                              [01;31m[K^~~~~~~~~~~~~~[m[K
[6.340s] [01m[K/home/gaga/sad_ws/src/sad_pkg/src/path_node.cpp:125:21:[m[K [01;31m[Kerror: [m[Kâ€˜[01m[Kknots_[m[Kâ€™ was not declared in this scope
[6.340s]   125 |         double t0 = [01;31m[Kknots_[m[K[splineDegree_];
[6.340s]       |                     [01;31m[K^~~~~~[m[K
[6.353s] [01m[K/home/gaga/sad_ws/src/sad_pkg/src/path_node.cpp:125:28:[m[K [01;31m[Kerror: [m[Kâ€˜[01m[KsplineDegree_[m[Kâ€™ was not declared in this scope
[6.353s]   125 |         double t0 = knots_[[01;31m[KsplineDegree_[m[K];
[6.353s]       |                            [01;31m[K^~~~~~~~~~~~~[m[K
[6.364s] [01m[K/home/gaga/sad_ws/src/sad_pkg/src/path_node.cpp:126:28:[m[K [01;31m[Kerror: [m[Kâ€˜[01m[KsplineCP_[m[Kâ€™ was not declared in this scope
[6.364s]   126 |         double t1 = knots_[[01;31m[KsplineCP_[m[K.size()];
[6.364s]       |                            [01;31m[K^~~~~~~~~[m[K
[6.379s] [01m[K/home/gaga/sad_ws/src/sad_pkg/src/path_node.cpp:137:34:[m[K [01;31m[Kerror: [m[Kâ€˜[01m[Kinterpolate[m[Kâ€™ was not declared in this scope
[6.380s]   137 |             Eigen::Vector3d pi = [01;31m[Kinterpolate[m[K(t);
[6.380s]       |                                  [01;31m[K^~~~~~~~~~~[m[K
[6.397s] [01m[K/home/gaga/sad_ws/src/sad_pkg/src/path_node.cpp:138:37:[m[K [01;31m[Kerror: [m[Kâ€˜[01m[KinterpolateOrientation[m[Kâ€™ was not declared in this scope
[6.398s]   138 |             Eigen::Vector3d euler = [01;31m[KinterpolateOrientation[m[K(t);
[6.398s]       |                                     [01;31m[K^~~~~~~~~~~~~~~~~~~~~~[m[K
[6.416s] [01m[K/home/gaga/sad_ws/src/sad_pkg/src/path_node.cpp:167:34:[m[K [01;31m[Kerror: [m[Kâ€˜[01m[Kinterpolate[m[Kâ€™ was not declared in this scope
[6.417s]   167 |             Eigen::Vector3d pi = [01;31m[Kinterpolate[m[K(t);
[6.417s]       |                                  [01;31m[K^~~~~~~~~~~[m[K
[6.435s] [01m[K/home/gaga/sad_ws/src/sad_pkg/src/path_node.cpp:168:37:[m[K [01;31m[Kerror: [m[Kâ€˜[01m[KinterpolateOrientation[m[Kâ€™ was not declared in this scope
[6.435s]   168 |             Eigen::Vector3d euler = [01;31m[KinterpolateOrientation[m[K(t);
[6.435s]       |                                     [01;31m[K^~~~~~~~~~~~~~~~~~~~~~[m[K
[6.473s] [01m[K/home/gaga/sad_ws/src/sad_pkg/src/path_node.cpp:192:9:[m[K [01;31m[Kerror: [m[Kâ€˜[01m[Korientation_pub_[m[Kâ€™ was not declared in this scope
[6.474s]   192 |         [01;31m[Korientation_pub_[m[K->publish(msg);
[6.474s]       |         [01;31m[K^~~~~~~~~~~~~~~~[m[K
[6.474s] [01m[K/home/gaga/sad_ws/src/sad_pkg/src/path_node.cpp:203:24:[m[K [01;31m[Kerror: [m[Ka function-definition is not allowed here before â€˜[01m[K{[m[Kâ€™ token
[6.474s]   203 |     void planRRTstar() [01;31m[K{[m[K
[6.474s]       |                        [01;31m[K^[m[K
[6.474s] [01m[K/home/gaga/sad_ws/src/sad_pkg/src/path_node.cpp:286:27:[m[K [01;31m[Kerror: [m[Ka function-definition is not allowed here before â€˜[01m[K{[m[Kâ€™ token
[6.474s]   286 |     void publishMarkers() [01;31m[K{[m[K
[6.474s]       |                           [01;31m[K^[m[K
[6.474s] [01m[K/home/gaga/sad_ws/src/sad_pkg/src/path_node.cpp:351:89:[m[K [01;31m[Kerror: [m[Ka function-definition is not allowed here before â€˜[01m[K{[m[Kâ€™ token
[6.474s]   351 |     double dist(const geometry_msgs::msg::Point &a, const geometry_msgs::msg::Point &b) [01;31m[K{[m[K
[6.474s]       |                                                                                         [01;31m[K^[m[K
[6.474s] [01m[K/home/gaga/sad_ws/src/sad_pkg/src/path_node.cpp:355:71:[m[K [01;31m[Kerror: [m[Ka function-definition is not allowed here before â€˜[01m[K{[m[Kâ€™ token
[6.474s]   355 |     geometry_msgs::msg::Point makePoint(double x, double y, double z) [01;31m[K{[m[K
[6.474s]       |                                                                       [01;31m[K^[m[K
[6.474s] [01m[K/home/gaga/sad_ws/src/sad_pkg/src/path_node.cpp:359:57:[m[K [01;31m[Kerror: [m[Ka function-definition is not allowed here before â€˜[01m[K{[m[Kâ€™ token
[6.474s]   359 |     int nearestNode(const geometry_msgs::msg::Point &p) [01;31m[K{[m[K
[6.474s]       |                                                         [01;31m[K^[m[K
[6.474s] [01m[K/home/gaga/sad_ws/src/sad_pkg/src/path_node.cpp:369:79:[m[K [01;31m[Kerror: [m[Ka function-definition is not allowed here before â€˜[01m[K{[m[Kâ€™ token
[6.474s]   369 |     std::vector<int> nearNodes(const geometry_msgs::msg::Point &pt, double r) [01;31m[K{[m[K
[6.474s]       |                                                                               [01;31m[K^[m[K
[6.474s] [01m[K/home/gaga/sad_ws/src/sad_pkg/src/path_node.cpp:381:7:[m[K [01;31m[Kerror: [m[Ka function-definition is not allowed here before â€˜[01m[K{[m[Kâ€™ token
[6.475s]   381 |     ) [01;31m[K{[m[K
[6.475s]       |       [01;31m[K^[m[K
[6.475s] [01m[K/home/gaga/sad_ws/src/sad_pkg/src/path_node.cpp:398:7:[m[K [01;31m[Kerror: [m[Ka function-definition is not allowed here before â€˜[01m[K{[m[Kâ€™ token
[6.475s]   398 |     ) [01;31m[K{[m[K
[6.475s]       |       [01;31m[K^[m[K
[6.475s] [01m[K/home/gaga/sad_ws/src/sad_pkg/src/path_node.cpp:420:35:[m[K [01;31m[Kerror: [m[Ka function-definition is not allowed here before â€˜[01m[K{[m[Kâ€™ token
[6.475s]   420 |     void reconstructPath(int idx) [01;31m[K{[m[K
[6.475s]       |                                   [01;31m[K^[m[K
[6.475s] [01m[K/home/gaga/sad_ws/src/sad_pkg/src/path_node.cpp:429:42:[m[K [01;31m[Kerror: [m[Ka function-definition is not allowed here before â€˜[01m[K{[m[Kâ€™ token
[6.475s]   429 |     double basis(int i, int k, double t) [01;31m[K{[m[K
[6.475s]       |                                          [01;31m[K^[m[K
[6.475s] [01m[K/home/gaga/sad_ws/src/sad_pkg/src/path_node.cpp:438:23:[m[K [01;31m[Kerror: [m[Ka function-definition is not allowed here before â€˜[01m[K{[m[Kâ€™ token
[6.475s]   438 |     void buildKnots() [01;31m[K{[m[K
[6.475s]       |                       [01;31m[K^[m[K
[6.475s] [01m[K/home/gaga/sad_ws/src/sad_pkg/src/path_node.cpp:446:43:[m[K [01;31m[Kerror: [m[Ka function-definition is not allowed here before â€˜[01m[K{[m[Kâ€™ token
[6.475s]   446 |     Eigen::Vector3d interpolate(double t) [01;31m[K{[m[K
[6.475s]       |                                           [01;31m[K^[m[K
[6.475s] [01m[K/home/gaga/sad_ws/src/sad_pkg/src/path_node.cpp:456:54:[m[K [01;31m[Kerror: [m[Ka function-definition is not allowed here before â€˜[01m[K{[m[Kâ€™ token
[6.475s]   456 |     Eigen::Vector3d interpolateOrientation(double t) [01;31m[K{[m[K
[6.475s]       |                                                      [01;31m[K^[m[K
[6.509s] [01m[K/home/gaga/sad_ws/src/sad_pkg/src/path_node.cpp:488:10:[m[K [01;35m[Kwarning: [m[Kunused variable â€˜[01m[Kfirst_plan_done_[m[Kâ€™ [[01;35m[K]8;;https://gcc.gnu.org/onlinedocs/gcc/Warning-Options.html#index-Wunused-variable-Wunused-variable]8;;[m[K]
[6.509s]   488 |     bool [01;35m[Kfirst_plan_done_[m[K;
[6.509s]       |          [01;35m[K^~~~~~~~~~~~~~~~[m[K
[6.520s] [01m[K/home/gaga/sad_ws/src/sad_pkg/src/path_node.cpp:[m[K At global scope:
[6.520s] [01m[K/home/gaga/sad_ws/src/sad_pkg/src/path_node.cpp:496:2:[m[K [01;31m[Kerror: [m[Kexpected unqualified-id at end of input
[6.520s]   496 | }
[6.520s]       |  [01;31m[K^[m[K
[12.410s] gmake[2]: *** [CMakeFiles/path_node.dir/build.make:76: CMakeFiles/path_node.dir/src/path_node.cpp.o] Error 1
[12.410s] gmake[1]: *** [CMakeFiles/Makefile2:279: CMakeFiles/path_node.dir/all] Error 2
[12.411s] gmake: *** [Makefile:146: all] Error 2
[12.419s] Invoked command in '/home/gaga/sad_ws/build/sad_pkg' returned '2': CMAKE_PREFIX_PATH=/home/gaga/sad_ws/install/my_vision_msgs:/home/gaga/sad_ws/install:/home/gaga/sad_ws/install/sad_pkg:/home/gaga/sad_ws/install/mani_urdf:/home/gaga/turtlebot3_ws/install/turtlebot3:/home/gaga/turtlebot3_ws/install/turtlebot3_simulations:/home/gaga/turtlebot3_ws/install/turtlebot3_bringup:/home/gaga/turtlebot3_ws/install/turtlebot3_node:/home/gaga/turtlebot3_ws/install/turtlebot3_navigation2:/home/gaga/turtlebot3_ws/install/turtlebot3_fake_node:/home/gaga/turtlebot3_ws/install/robot_master:/home/gaga/turtlebot3_ws/install/turtlebot3_msgs:/home/gaga/turtlebot3_ws/install/turtlebot3_gazebo:/home/gaga/turtlebot3_ws/install/turtlebot3_description:/home/gaga/turtlebot3_ws/install/turtlebot3_cartographer:/home/gaga/turtlebot3_ws/install/robot_vision:/home/gaga/turtlebot3_ws/install/robot_navigation:/home/gaga/turtlebot3_ws/install/robot_msgs:/home/gaga/turtlebot3_ws/install/dynamixel_sdk_examples:/home/gaga/turtlebot3_ws/install/dynamixel_sdk_custom_interfaces:/home/gaga/turtlebot3_ws/install/dynamixel_sdk:/home/gaga/ssibal_ws/install/robot_msgs:/home/gaga/sad_ws/src/install/sad_pkg:/home/gaga/sad_ws/src/install/vision_msgs:/home/gaga/sad_ws/src/install/my_vision_msgs:/home/gaga/sad_ws/src/install/mani_urdf:/home/gaga/robotprograming_ws/install/rp_pkg:/home/gaga/sad_ws/src/sad_pkg/install/sad_pkg:/home/gaga/turtlebot3_ws/install/turtlebot3_teleop:/home/gaga/turtlebot3_ws/install/turtlebot3_example:/opt/ros/humble /usr/bin/cmake --build /home/gaga/sad_ws/build/sad_pkg -- -j20 -l20
