[35m[1mConsolidate compiler generated dependencies of target Inverse_node[0m
[ 14%] Built target forward_node
[ 28%] Built target map_node
[ 42%] Built target rrt_node
[ 57%] Built target obstacle_node
[ 64%] [32mBuilding CXX object CMakeFiles/path_node.dir/src/path_node.cpp.o[0m
[ 78%] Built target spline_node
[ 85%] [32mBuilding CXX object CMakeFiles/Inverse_node.dir/src/Inverse_node.cpp.o[0m
[01m[K/home/gaga/sad_ws/src/sad_pkg/src/path_node.cpp:[m[K In member function â€˜[01m[Kvoid RSNode::publishPath()[m[Kâ€™:
[01m[K/home/gaga/sad_ws/src/sad_pkg/src/path_node.cpp:272:22:[m[K [01;35m[Kwarning: [m[Kunused variable â€˜[01m[Kfixed_roll[m[Kâ€™ [[01;35m[K]8;;https://gcc.gnu.org/onlinedocs/gcc/Warning-Options.html#index-Wunused-variable-Wunused-variable]8;;[m[K]
  272 |         const double [01;35m[Kfixed_roll[m[K  = 0.0;
      |                      [01;35m[K^~~~~~~~~~[m[K
[01m[K/home/gaga/sad_ws/src/sad_pkg/src/path_node.cpp:273:22:[m[K [01;35m[Kwarning: [m[Kunused variable â€˜[01m[Kfixed_pitch[m[Kâ€™ [[01;35m[K]8;;https://gcc.gnu.org/onlinedocs/gcc/Warning-Options.html#index-Wunused-variable-Wunused-variable]8;;[m[K]
  273 |         const double [01;35m[Kfixed_pitch[m[K = 0.0;
      |                      [01;35m[K^~~~~~~~~~~[m[K
[01m[K/home/gaga/sad_ws/src/sad_pkg/src/path_node.cpp:274:22:[m[K [01;35m[Kwarning: [m[Kunused variable â€˜[01m[Kfixed_yaw[m[Kâ€™ [[01;35m[K]8;;https://gcc.gnu.org/onlinedocs/gcc/Warning-Options.html#index-Wunused-variable-Wunused-variable]8;;[m[K]
  274 |         const double [01;35m[Kfixed_yaw[m[K   = 0.0;
      |                      [01;35m[K^~~~~~~~~[m[K
[01m[K/home/gaga/sad_ws/src/sad_pkg/src/Inverse_node.cpp:[m[K In member function â€˜[01m[Kvoid ManipulatorNode::timer_callback()[m[Kâ€™:
[01m[K/home/gaga/sad_ws/src/sad_pkg/src/Inverse_node.cpp:323:24:[m[K [01;31m[Kerror: [m[Kâ€˜[01m[Kinterpolate[m[Kâ€™ was not declared in this scope
  323 |         Vector3d p_d = [01;31m[Kinterpolate[m[K(t_current);
      |                        [01;31m[K^~~~~~~~~~~[m[K
[ 92%] [32m[1mLinking CXX executable path_node[0m
[ 92%] Built target path_node
gmake[2]: *** [CMakeFiles/Inverse_node.dir/build.make:76: CMakeFiles/Inverse_node.dir/src/Inverse_node.cpp.o] Error 1
gmake[1]: *** [CMakeFiles/Makefile2:305: CMakeFiles/Inverse_node.dir/all] Error 2
gmake: *** [Makefile:146: all] Error 2
