[0.009s] Invoking command in '/home/gaga/sad_ws/build/sad_pkg': CMAKE_PREFIX_PATH=/home/gaga/sad_ws/install/my_vision_msgs:/home/gaga/sad_ws/install:/home/gaga/sad_ws/install/sad_pkg:/home/gaga/sad_ws/install/mani_urdf:/home/gaga/turtlebot3_ws/install/turtlebot3:/home/gaga/turtlebot3_ws/install/turtlebot3_simulations:/home/gaga/turtlebot3_ws/install/turtlebot3_bringup:/home/gaga/turtlebot3_ws/install/turtlebot3_node:/home/gaga/turtlebot3_ws/install/turtlebot3_navigation2:/home/gaga/turtlebot3_ws/install/turtlebot3_fake_node:/home/gaga/turtlebot3_ws/install/robot_master:/home/gaga/turtlebot3_ws/install/turtlebot3_msgs:/home/gaga/turtlebot3_ws/install/turtlebot3_gazebo:/home/gaga/turtlebot3_ws/install/turtlebot3_description:/home/gaga/turtlebot3_ws/install/turtlebot3_cartographer:/home/gaga/turtlebot3_ws/install/robot_vision:/home/gaga/turtlebot3_ws/install/robot_navigation:/home/gaga/turtlebot3_ws/install/robot_msgs:/home/gaga/turtlebot3_ws/install/dynamixel_sdk_examples:/home/gaga/turtlebot3_ws/install/dynamixel_sdk_custom_interfaces:/home/gaga/turtlebot3_ws/install/dynamixel_sdk:/home/gaga/ssibal_ws/install/robot_msgs:/home/gaga/sad_ws/src/install/sad_pkg:/home/gaga/sad_ws/src/install/vision_msgs:/home/gaga/sad_ws/src/install/my_vision_msgs:/home/gaga/sad_ws/src/install/mani_urdf:/home/gaga/robotprograming_ws/install/rp_pkg:/home/gaga/sad_ws/src/sad_pkg/install/sad_pkg:/home/gaga/turtlebot3_ws/install/turtlebot3_teleop:/home/gaga/turtlebot3_ws/install/turtlebot3_example:/opt/ros/humble /usr/bin/cmake --build /home/gaga/sad_ws/build/sad_pkg -- -j20 -l20
[0.057s] [35m[1mConsolidate compiler generated dependencies of target Inverse_node[0m
[0.075s] [ 14%] Built target forward_node
[0.078s] [ 28%] Built target map_node
[0.080s] [ 42%] Built target rrt_node
[0.080s] [ 57%] Built target obstacle_node
[0.080s] [ 64%] [32mBuilding CXX object CMakeFiles/path_node.dir/src/path_node.cpp.o[0m
[0.085s] [ 78%] Built target spline_node
[0.086s] [ 85%] [32mBuilding CXX object CMakeFiles/Inverse_node.dir/src/Inverse_node.cpp.o[0m
[2.097s] [01m[K/home/gaga/sad_ws/src/sad_pkg/src/path_node.cpp:[m[K In member function â€˜[01m[Kvoid RSNode::publishPath()[m[Kâ€™:
[2.097s] [01m[K/home/gaga/sad_ws/src/sad_pkg/src/path_node.cpp:272:22:[m[K [01;35m[Kwarning: [m[Kunused variable â€˜[01m[Kfixed_roll[m[Kâ€™ [[01;35m[K]8;;https://gcc.gnu.org/onlinedocs/gcc/Warning-Options.html#index-Wunused-variable-Wunused-variable]8;;[m[K]
[2.097s]   272 |         const double [01;35m[Kfixed_roll[m[K  = 0.0;
[2.097s]       |                      [01;35m[K^~~~~~~~~~[m[K
[2.098s] [01m[K/home/gaga/sad_ws/src/sad_pkg/src/path_node.cpp:273:22:[m[K [01;35m[Kwarning: [m[Kunused variable â€˜[01m[Kfixed_pitch[m[Kâ€™ [[01;35m[K]8;;https://gcc.gnu.org/onlinedocs/gcc/Warning-Options.html#index-Wunused-variable-Wunused-variable]8;;[m[K]
[2.098s]   273 |         const double [01;35m[Kfixed_pitch[m[K = 0.0;
[2.098s]       |                      [01;35m[K^~~~~~~~~~~[m[K
[2.098s] [01m[K/home/gaga/sad_ws/src/sad_pkg/src/path_node.cpp:274:22:[m[K [01;35m[Kwarning: [m[Kunused variable â€˜[01m[Kfixed_yaw[m[Kâ€™ [[01;35m[K]8;;https://gcc.gnu.org/onlinedocs/gcc/Warning-Options.html#index-Wunused-variable-Wunused-variable]8;;[m[K]
[2.098s]   274 |         const double [01;35m[Kfixed_yaw[m[K   = 0.0;
[2.098s]       |                      [01;35m[K^~~~~~~~~[m[K
[2.350s] [01m[K/home/gaga/sad_ws/src/sad_pkg/src/Inverse_node.cpp:[m[K In member function â€˜[01m[Kvoid ManipulatorNode::timer_callback()[m[Kâ€™:
[2.350s] [01m[K/home/gaga/sad_ws/src/sad_pkg/src/Inverse_node.cpp:323:24:[m[K [01;31m[Kerror: [m[Kâ€˜[01m[Kinterpolate[m[Kâ€™ was not declared in this scope
[2.350s]   323 |         Vector3d p_d = [01;31m[Kinterpolate[m[K(t_current);
[2.350s]       |                        [01;31m[K^~~~~~~~~~~[m[K
[8.779s] [ 92%] [32m[1mLinking CXX executable path_node[0m
[9.832s] [ 92%] Built target path_node
[14.350s] gmake[2]: *** [CMakeFiles/Inverse_node.dir/build.make:76: CMakeFiles/Inverse_node.dir/src/Inverse_node.cpp.o] Error 1
[14.351s] gmake[1]: *** [CMakeFiles/Makefile2:305: CMakeFiles/Inverse_node.dir/all] Error 2
[14.351s] gmake: *** [Makefile:146: all] Error 2
[14.357s] Invoked command in '/home/gaga/sad_ws/build/sad_pkg' returned '2': CMAKE_PREFIX_PATH=/home/gaga/sad_ws/install/my_vision_msgs:/home/gaga/sad_ws/install:/home/gaga/sad_ws/install/sad_pkg:/home/gaga/sad_ws/install/mani_urdf:/home/gaga/turtlebot3_ws/install/turtlebot3:/home/gaga/turtlebot3_ws/install/turtlebot3_simulations:/home/gaga/turtlebot3_ws/install/turtlebot3_bringup:/home/gaga/turtlebot3_ws/install/turtlebot3_node:/home/gaga/turtlebot3_ws/install/turtlebot3_navigation2:/home/gaga/turtlebot3_ws/install/turtlebot3_fake_node:/home/gaga/turtlebot3_ws/install/robot_master:/home/gaga/turtlebot3_ws/install/turtlebot3_msgs:/home/gaga/turtlebot3_ws/install/turtlebot3_gazebo:/home/gaga/turtlebot3_ws/install/turtlebot3_description:/home/gaga/turtlebot3_ws/install/turtlebot3_cartographer:/home/gaga/turtlebot3_ws/install/robot_vision:/home/gaga/turtlebot3_ws/install/robot_navigation:/home/gaga/turtlebot3_ws/install/robot_msgs:/home/gaga/turtlebot3_ws/install/dynamixel_sdk_examples:/home/gaga/turtlebot3_ws/install/dynamixel_sdk_custom_interfaces:/home/gaga/turtlebot3_ws/install/dynamixel_sdk:/home/gaga/ssibal_ws/install/robot_msgs:/home/gaga/sad_ws/src/install/sad_pkg:/home/gaga/sad_ws/src/install/vision_msgs:/home/gaga/sad_ws/src/install/my_vision_msgs:/home/gaga/sad_ws/src/install/mani_urdf:/home/gaga/robotprograming_ws/install/rp_pkg:/home/gaga/sad_ws/src/sad_pkg/install/sad_pkg:/home/gaga/turtlebot3_ws/install/turtlebot3_teleop:/home/gaga/turtlebot3_ws/install/turtlebot3_example:/opt/ros/humble /usr/bin/cmake --build /home/gaga/sad_ws/build/sad_pkg -- -j20 -l20
