[0.022s] Invoking command in '/home/gaga/sad_ws/build/sad_pkg': CMAKE_PREFIX_PATH=/home/gaga/sad_ws/install/my_vision_msgs:/home/gaga/sad_ws/install:/home/gaga/sad_ws/install/sad_pkg:/home/gaga/sad_ws/install/mani_urdf:/home/gaga/turtlebot3_ws/install/turtlebot3:/home/gaga/turtlebot3_ws/install/turtlebot3_simulations:/home/gaga/turtlebot3_ws/install/turtlebot3_bringup:/home/gaga/turtlebot3_ws/install/turtlebot3_node:/home/gaga/turtlebot3_ws/install/turtlebot3_navigation2:/home/gaga/turtlebot3_ws/install/turtlebot3_fake_node:/home/gaga/turtlebot3_ws/install/robot_master:/home/gaga/turtlebot3_ws/install/turtlebot3_msgs:/home/gaga/turtlebot3_ws/install/turtlebot3_gazebo:/home/gaga/turtlebot3_ws/install/turtlebot3_description:/home/gaga/turtlebot3_ws/install/turtlebot3_cartographer:/home/gaga/turtlebot3_ws/install/robot_vision:/home/gaga/turtlebot3_ws/install/robot_navigation:/home/gaga/turtlebot3_ws/install/robot_msgs:/home/gaga/turtlebot3_ws/install/dynamixel_sdk_examples:/home/gaga/turtlebot3_ws/install/dynamixel_sdk_custom_interfaces:/home/gaga/turtlebot3_ws/install/dynamixel_sdk:/home/gaga/ssibal_ws/install/robot_msgs:/home/gaga/sad_ws/src/install/sad_pkg:/home/gaga/sad_ws/src/install/vision_msgs:/home/gaga/sad_ws/src/install/my_vision_msgs:/home/gaga/sad_ws/src/install/mani_urdf:/home/gaga/robotprograming_ws/install/rp_pkg:/home/gaga/sad_ws/src/sad_pkg/install/sad_pkg:/home/gaga/turtlebot3_ws/install/turtlebot3_teleop:/home/gaga/turtlebot3_ws/install/turtlebot3_example:/opt/ros/humble /usr/bin/cmake --build /home/gaga/sad_ws/build/sad_pkg -- -j20 -l20
[0.076s] -- Found ament_cmake: 1.3.11 (/opt/ros/humble/share/ament_cmake/cmake)
[0.305s] -- Found rclcpp: 16.0.12 (/opt/ros/humble/share/rclcpp/cmake)
[0.346s] -- Found rosidl_generator_c: 3.1.6 (/opt/ros/humble/share/rosidl_generator_c/cmake)
[0.349s] -- Found rosidl_adapter: 3.1.6 (/opt/ros/humble/share/rosidl_adapter/cmake)
[0.359s] -- Found rosidl_generator_cpp: 3.1.6 (/opt/ros/humble/share/rosidl_generator_cpp/cmake)
[0.370s] -- Using all available rosidl_typesupport_c: rosidl_typesupport_fastrtps_c;rosidl_typesupport_introspection_c
[0.389s] -- Using all available rosidl_typesupport_cpp: rosidl_typesupport_fastrtps_cpp;rosidl_typesupport_introspection_cpp
[0.425s] -- Found rmw_implementation_cmake: 6.1.2 (/opt/ros/humble/share/rmw_implementation_cmake/cmake)
[0.428s] -- Found rmw_fastrtps_cpp: 6.2.7 (/opt/ros/humble/share/rmw_fastrtps_cpp/cmake)
[0.555s] -- Using RMW implementation 'rmw_fastrtps_cpp' as default
[0.608s] -- Found visualization_msgs: 4.8.0 (/opt/ros/humble/share/visualization_msgs/cmake)
[0.653s] -- Found trajectory_msgs: 4.8.0 (/opt/ros/humble/share/trajectory_msgs/cmake)
[0.666s] -- Found xacro: 2.0.13 (/opt/ros/humble/share/xacro/cmake)
[0.666s] -- Found ros2_control: 2.50.0 (/opt/ros/humble/share/ros2_control/cmake)
[0.667s] -- Found gazebo_ros2_control: 0.4.10 (/opt/ros/humble/share/gazebo_ros2_control/cmake)
[0.850s] -- Found DART: /usr/include (Required is at least version "6.6") found components: dart 
[0.891s] -- Found Protobuf: /usr/lib/x86_64-linux-gnu/libprotobuf.so (found version "3.12.4") 
[0.893s] -- Looking for ignition-math6 -- found version 6.15.1
[0.901s] -- Searching for dependencies of ignition-math6
[0.903s] -- Looking for OGRE...
[0.912s] -- Found Ogre Ghadamon (1.9.0)
[0.912s] -- Found OGRE: optimized;/usr/lib/x86_64-linux-gnu/libOgreMain.so;debug;/usr/lib/x86_64-linux-gnu/libOgreMain.so
[0.922s] -- Looking for OGRE_Paging...
[0.922s] -- Found OGRE_Paging: optimized;/usr/lib/x86_64-linux-gnu/libOgrePaging.so;debug;/usr/lib/x86_64-linux-gnu/libOgrePaging.so
[0.922s] -- Looking for OGRE_Terrain...
[0.922s] -- Found OGRE_Terrain: optimized;/usr/lib/x86_64-linux-gnu/libOgreTerrain.so;debug;/usr/lib/x86_64-linux-gnu/libOgreTerrain.so
[0.922s] -- Looking for OGRE_Property...
[0.922s] -- Found OGRE_Property: optimized;/usr/lib/x86_64-linux-gnu/libOgreProperty.so;debug;/usr/lib/x86_64-linux-gnu/libOgreProperty.so
[0.922s] -- Looking for OGRE_RTShaderSystem...
[0.923s] -- Found OGRE_RTShaderSystem: optimized;/usr/lib/x86_64-linux-gnu/libOgreRTShaderSystem.so;debug;/usr/lib/x86_64-linux-gnu/libOgreRTShaderSystem.so
[0.923s] -- Looking for OGRE_Volume...
[0.923s] -- Found OGRE_Volume: optimized;/usr/lib/x86_64-linux-gnu/libOgreVolume.so;debug;/usr/lib/x86_64-linux-gnu/libOgreVolume.so
[0.923s] -- Looking for OGRE_Overlay...
[0.923s] -- Found OGRE_Overlay: optimized;/usr/lib/x86_64-linux-gnu/libOgreOverlay.so;debug;/usr/lib/x86_64-linux-gnu/libOgreOverlay.so
[1.105s] -- Looking for ignition-math6 -- found version 6.15.1
[1.112s] -- Looking for ignition-transport8 -- found version 8.2.1
[1.113s] -- Searching for dependencies of ignition-transport8
[1.135s] -- Found Protobuf: /usr/lib/x86_64-linux-gnu/libprotobuf.so (found suitable version "3.12.4", minimum required is "3") 
[1.147s] -- Config-file not installed for ZeroMQ -- checking for pkg-config
[1.156s] -- Checking for module 'libzmq >= 4'
[1.175s] --   Found libzmq , version 4.3.4
[1.237s] -- Checking for module 'uuid'
[1.265s] --   Found uuid, version 2.37.2
[1.310s] -- Looking for ignition-msgs5 -- found version 5.8.1
[1.310s] -- Searching for dependencies of ignition-msgs5
[1.334s] -- Looking for ignition-math6 -- found version 6.15.1
[1.350s] -- Looking for ignition-msgs5 -- found version 5.8.1
[1.350s] -- Looking for ignition-common3 -- found version 3.14.0
[1.350s] -- Searching for dependencies of ignition-common3
[1.351s] -- Looking for dlfcn.h - found
[1.351s] -- Looking for libdl - found
[1.373s] -- Searching for <ignition-common3> component [graphics]
[1.373s] -- Looking for ignition-common3-graphics -- found version 3.14.0
[1.373s] -- Searching for dependencies of ignition-common3-graphics
[1.374s] -- Looking for ignition-math6 -- found version 6.15.1
[1.375s] -- Looking for ignition-fuel_tools4 -- found version 4.4.0
[1.375s] -- Searching for dependencies of ignition-fuel_tools4
[1.442s] -- Checking for module 'jsoncpp'
[1.469s] --   Found jsoncpp, version 1.9.5
[1.516s] -- Checking for module 'libzip'
[1.534s] --   Found libzip, version 1.7.3
[1.578s] -- Looking for ignition-common3 -- found version 3.14.0
[1.578s] -- Looking for ignition-math6 -- found version 6.15.1
[1.578s] -- Looking for ignition-msgs5 -- found version 5.8.1
[1.582s] -- Gazebo version: 11.10
[1.594s] -- Found my_vision_msgs: 0.1.0 (/home/gaga/sad_ws/install/my_vision_msgs/share/my_vision_msgs/cmake)
[1.608s] -- Found tf2: 0.25.12 (/opt/ros/humble/share/tf2/cmake)
[1.613s] -- Found tf2_geometry_msgs: 0.25.12 (/opt/ros/humble/share/tf2_geometry_msgs/cmake)
[1.618s] -- Found eigen3_cmake_module: 0.1.1 (/opt/ros/humble/share/eigen3_cmake_module/cmake)
[1.619s] -- Ensuring Eigen3 include directory is part of orocos-kdl CMake target
[1.716s] -- Found ament_lint_auto: 0.12.12 (/opt/ros/humble/share/ament_lint_auto/cmake)
[1.825s] -- Added test 'cppcheck' to perform static code analysis on C / C++ code
[1.829s] -- Configured cppcheck include dirs: 
[1.829s] -- Configured cppcheck exclude dirs and/or files: 
[1.833s] -- Added test 'flake8' to check Python code syntax and style conventions
[1.841s] -- Added test 'lint_cmake' to check CMake code style
[1.845s] -- Added test 'pep257' to check Python code against some of the docstring style conventions in PEP 257
[1.859s] -- Added test 'uncrustify' to check C / C++ code style
[1.859s] -- Configured uncrustify additional arguments: 
[1.861s] -- Added test 'xmllint' to check XML markup files
[1.885s] -- Configuring done
[1.931s] -- Generating done
[1.954s] -- Build files have been written to: /home/gaga/sad_ws/build/sad_pkg
[2.015s] [35m[1mConsolidate compiler generated dependencies of target obstacle_node[0m
[2.015s] [35m[1mConsolidate compiler generated dependencies of target path_node[0m
[2.015s] [35m[1mConsolidate compiler generated dependencies of target Inverse_node[0m
[2.015s] [35m[1mConsolidate compiler generated dependencies of target forward_node[0m
[2.015s] [35m[1mConsolidate compiler generated dependencies of target map_node[0m
[2.015s] [35m[1mConsolidate compiler generated dependencies of target rrt_node[0m
[2.015s] [35m[1mConsolidate compiler generated dependencies of target spline_node[0m
[2.033s] [  6%] [32mBuilding CXX object CMakeFiles/motor_node.dir/src/motor_node.cpp.o[0m
[2.040s] [ 75%] Built target obstacle_node
[2.040s] [ 75%] Built target path_node
[2.040s] [ 75%] Built target map_node
[2.040s] [ 75%] Built target spline_node
[2.041s] [ 75%] Built target forward_node
[2.041s] [ 81%] Built target rrt_node
[2.052s] [ 93%] Built target Inverse_node
[2.232s] [01m[K/home/gaga/sad_ws/src/sad_pkg/src/motor_node.cpp:4:10:[m[K [01;31m[Kfatal error: [m[Kserial/serial.h: No such file or directory
[2.233s]     4 | #include [01;31m[K"serial/serial.h"[m[K
[2.233s]       |          [01;31m[K^~~~~~~~~~~~~~~~~[m[K
[2.233s] compilation terminated.
[2.243s] gmake[2]: *** [CMakeFiles/motor_node.dir/build.make:76: CMakeFiles/motor_node.dir/src/motor_node.cpp.o] Error 1
[2.244s] gmake[1]: *** [CMakeFiles/Makefile2:333: CMakeFiles/motor_node.dir/all] Error 2
[2.244s] gmake: *** [Makefile:146: all] Error 2
[2.249s] Invoked command in '/home/gaga/sad_ws/build/sad_pkg' returned '2': CMAKE_PREFIX_PATH=/home/gaga/sad_ws/install/my_vision_msgs:/home/gaga/sad_ws/install:/home/gaga/sad_ws/install/sad_pkg:/home/gaga/sad_ws/install/mani_urdf:/home/gaga/turtlebot3_ws/install/turtlebot3:/home/gaga/turtlebot3_ws/install/turtlebot3_simulations:/home/gaga/turtlebot3_ws/install/turtlebot3_bringup:/home/gaga/turtlebot3_ws/install/turtlebot3_node:/home/gaga/turtlebot3_ws/install/turtlebot3_navigation2:/home/gaga/turtlebot3_ws/install/turtlebot3_fake_node:/home/gaga/turtlebot3_ws/install/robot_master:/home/gaga/turtlebot3_ws/install/turtlebot3_msgs:/home/gaga/turtlebot3_ws/install/turtlebot3_gazebo:/home/gaga/turtlebot3_ws/install/turtlebot3_description:/home/gaga/turtlebot3_ws/install/turtlebot3_cartographer:/home/gaga/turtlebot3_ws/install/robot_vision:/home/gaga/turtlebot3_ws/install/robot_navigation:/home/gaga/turtlebot3_ws/install/robot_msgs:/home/gaga/turtlebot3_ws/install/dynamixel_sdk_examples:/home/gaga/turtlebot3_ws/install/dynamixel_sdk_custom_interfaces:/home/gaga/turtlebot3_ws/install/dynamixel_sdk:/home/gaga/ssibal_ws/install/robot_msgs:/home/gaga/sad_ws/src/install/sad_pkg:/home/gaga/sad_ws/src/install/vision_msgs:/home/gaga/sad_ws/src/install/my_vision_msgs:/home/gaga/sad_ws/src/install/mani_urdf:/home/gaga/robotprograming_ws/install/rp_pkg:/home/gaga/sad_ws/src/sad_pkg/install/sad_pkg:/home/gaga/turtlebot3_ws/install/turtlebot3_teleop:/home/gaga/turtlebot3_ws/install/turtlebot3_example:/opt/ros/humble /usr/bin/cmake --build /home/gaga/sad_ws/build/sad_pkg -- -j20 -l20
