[ 71%] Built target path_node
[ 71%] Built target forward_node
[ 71%] Built target obstacle_node
[ 71%] Built target rrt_node
[ 71%] Built target spline_node
[ 85%] Built target map_node
[ 92%] [32mBuilding CXX object CMakeFiles/Inverse_node.dir/src/Inverse_node.cpp.o[0m
[01m[K/home/gaga/sad_ws/src/sad_pkg/src/Inverse_node.cpp:[m[K In member function â€˜[01m[KEigen::VectorXd ManipulatorNode::computeFeedbackVelocity(Eigen::Vector3d, Eigen::Vector3d)[m[Kâ€™:
[01m[K/home/gaga/sad_ws/src/sad_pkg/src/Inverse_node.cpp:386:13:[m[K [01;31m[Kerror: [m[Kâ€˜[01m[Ku_feedback[m[Kâ€™ was not declared in this scope
  386 |             [01;31m[Ku_feedback[m[K.tail<3>().setZero();
      |             [01;31m[K^~~~~~~~~~[m[K
[01m[K/home/gaga/sad_ws/src/sad_pkg/src/Inverse_node.cpp:386:32:[m[K [01;31m[Kerror: [m[Kexpected primary-expression before â€˜[01m[K)[m[Kâ€™ token
  386 |             u_feedback.tail<3>([01;31m[K)[m[K.setZero();
      |                                [01;31m[K^[m[K
gmake[2]: *** [CMakeFiles/Inverse_node.dir/build.make:76: CMakeFiles/Inverse_node.dir/src/Inverse_node.cpp.o] Error 1
gmake[1]: *** [CMakeFiles/Makefile2:305: CMakeFiles/Inverse_node.dir/all] Error 2
gmake: *** [Makefile:146: all] Error 2
