[0.016s] Invoking command in '/home/gaga/sad_ws/build/sad_pkg': CMAKE_PREFIX_PATH=/home/gaga/sad_ws/install/my_vision_msgs:/home/gaga/sad_ws/install:/home/gaga/sad_ws/install/sad_pkg:/home/gaga/sad_ws/install/mani_urdf:/home/gaga/turtlebot3_ws/install/turtlebot3:/home/gaga/turtlebot3_ws/install/turtlebot3_simulations:/home/gaga/turtlebot3_ws/install/turtlebot3_bringup:/home/gaga/turtlebot3_ws/install/turtlebot3_node:/home/gaga/turtlebot3_ws/install/turtlebot3_navigation2:/home/gaga/turtlebot3_ws/install/turtlebot3_fake_node:/home/gaga/turtlebot3_ws/install/robot_master:/home/gaga/turtlebot3_ws/install/turtlebot3_msgs:/home/gaga/turtlebot3_ws/install/turtlebot3_gazebo:/home/gaga/turtlebot3_ws/install/turtlebot3_description:/home/gaga/turtlebot3_ws/install/turtlebot3_cartographer:/home/gaga/turtlebot3_ws/install/robot_vision:/home/gaga/turtlebot3_ws/install/robot_navigation:/home/gaga/turtlebot3_ws/install/robot_msgs:/home/gaga/turtlebot3_ws/install/dynamixel_sdk_examples:/home/gaga/turtlebot3_ws/install/dynamixel_sdk_custom_interfaces:/home/gaga/turtlebot3_ws/install/dynamixel_sdk:/home/gaga/ssibal_ws/install/robot_msgs:/home/gaga/sad_ws/src/install/sad_pkg:/home/gaga/sad_ws/src/install/vision_msgs:/home/gaga/sad_ws/src/install/my_vision_msgs:/home/gaga/sad_ws/src/install/mani_urdf:/home/gaga/robotprograming_ws/install/rp_pkg:/home/gaga/sad_ws/src/sad_pkg/install/sad_pkg:/home/gaga/turtlebot3_ws/install/turtlebot3_teleop:/home/gaga/turtlebot3_ws/install/turtlebot3_example:/opt/ros/humble /usr/bin/cmake --build /home/gaga/sad_ws/build/sad_pkg -- -j20 -l20
[0.097s] [35m[1mConsolidate compiler generated dependencies of target forward_node[0m
[0.097s] [35m[1mConsolidate compiler generated dependencies of target rrt_node[0m
[0.097s] [35m[1mConsolidate compiler generated dependencies of target obstacle_node[0m
[0.097s] [35m[1mConsolidate compiler generated dependencies of target spline_node[0m
[0.097s] [35m[1mConsolidate compiler generated dependencies of target Inverse_node[0m
[0.097s] [35m[1mConsolidate compiler generated dependencies of target map_node[0m
[0.097s] [35m[1mConsolidate compiler generated dependencies of target path_node[0m
[0.126s] [ 28%] Built target rrt_node
[0.126s] [ 21%] [32mBuilding CXX object CMakeFiles/Inverse_node.dir/src/Inverse_node.cpp.o[0m
[0.126s] [ 21%] [32mBuilding CXX object CMakeFiles/path_node.dir/src/path_node.cpp.o[0m
[0.126s] [ 71%] Built target obstacle_node
[0.126s] [ 85%] Built target map_node
[0.126s] [ 85%] Built target spline_node
[0.126s] [ 85%] Built target forward_node
[4.009s] [01m[K/home/gaga/sad_ws/src/sad_pkg/src/path_node.cpp:[m[K In member function ‚Äò[01m[Kvoid RSNode::publishPoseAndOrientation()[m[K‚Äô:
[4.009s] [01m[K/home/gaga/sad_ws/src/sad_pkg/src/path_node.cpp:98:28:[m[K [01;31m[Kerror: [m[K‚Äò[01m[Kroll[m[K‚Äô was not declared in this scope
[4.009s]    98 |         msg.data.push_back([01;31m[Kroll[m[K);       // roll (ÎùºÎîîÏïà)
[4.009s]       |                            [01;31m[K^~~~[m[K
[4.017s] [01m[K/home/gaga/sad_ws/src/sad_pkg/src/path_node.cpp:99:28:[m[K [01;31m[Kerror: [m[K‚Äò[01m[Kpitch[m[K‚Äô was not declared in this scope
[4.017s]    99 |         msg.data.push_back([01;31m[Kpitch[m[K);      // pitch (ÎùºÎîîÏïà)
[4.017s]       |                            [01;31m[K^~~~~[m[K
[4.022s] [01m[K/home/gaga/sad_ws/src/sad_pkg/src/path_node.cpp:100:28:[m[K [01;31m[Kerror: [m[K‚Äò[01m[Kyaw[m[K‚Äô was not declared in this scope
[4.022s]   100 |         msg.data.push_back([01;31m[Kyaw[m[K);        // yaw (ÎùºÎîîÏïà)
[4.022s]       |                            [01;31m[K^~~[m[K
[8.126s] gmake[2]: *** [CMakeFiles/path_node.dir/build.make:76: CMakeFiles/path_node.dir/src/path_node.cpp.o] Error 1
[8.127s] gmake[1]: *** [CMakeFiles/Makefile2:279: CMakeFiles/path_node.dir/all] Error 2
[8.127s] gmake[1]: *** Waiting for unfinished jobs....
[17.699s] [ 92%] [32m[1mLinking CXX executable Inverse_node[0m
[18.617s] [ 92%] Built target Inverse_node
[18.622s] gmake: *** [Makefile:146: all] Error 2
[18.628s] Invoked command in '/home/gaga/sad_ws/build/sad_pkg' returned '2': CMAKE_PREFIX_PATH=/home/gaga/sad_ws/install/my_vision_msgs:/home/gaga/sad_ws/install:/home/gaga/sad_ws/install/sad_pkg:/home/gaga/sad_ws/install/mani_urdf:/home/gaga/turtlebot3_ws/install/turtlebot3:/home/gaga/turtlebot3_ws/install/turtlebot3_simulations:/home/gaga/turtlebot3_ws/install/turtlebot3_bringup:/home/gaga/turtlebot3_ws/install/turtlebot3_node:/home/gaga/turtlebot3_ws/install/turtlebot3_navigation2:/home/gaga/turtlebot3_ws/install/turtlebot3_fake_node:/home/gaga/turtlebot3_ws/install/robot_master:/home/gaga/turtlebot3_ws/install/turtlebot3_msgs:/home/gaga/turtlebot3_ws/install/turtlebot3_gazebo:/home/gaga/turtlebot3_ws/install/turtlebot3_description:/home/gaga/turtlebot3_ws/install/turtlebot3_cartographer:/home/gaga/turtlebot3_ws/install/robot_vision:/home/gaga/turtlebot3_ws/install/robot_navigation:/home/gaga/turtlebot3_ws/install/robot_msgs:/home/gaga/turtlebot3_ws/install/dynamixel_sdk_examples:/home/gaga/turtlebot3_ws/install/dynamixel_sdk_custom_interfaces:/home/gaga/turtlebot3_ws/install/dynamixel_sdk:/home/gaga/ssibal_ws/install/robot_msgs:/home/gaga/sad_ws/src/install/sad_pkg:/home/gaga/sad_ws/src/install/vision_msgs:/home/gaga/sad_ws/src/install/my_vision_msgs:/home/gaga/sad_ws/src/install/mani_urdf:/home/gaga/robotprograming_ws/install/rp_pkg:/home/gaga/sad_ws/src/sad_pkg/install/sad_pkg:/home/gaga/turtlebot3_ws/install/turtlebot3_teleop:/home/gaga/turtlebot3_ws/install/turtlebot3_example:/opt/ros/humble /usr/bin/cmake --build /home/gaga/sad_ws/build/sad_pkg -- -j20 -l20
