[35m[1mConsolidate compiler generated dependencies of target Inverse_node[0m
[ 71%] Built target spline_node
[ 71%] Built target rrt_node
[ 71%] Built target obstacle_node
[ 71%] Built target forward_node
[ 71%] Built target map_node
[ 85%] Built target path_node
[ 92%] [32mBuilding CXX object CMakeFiles/Inverse_node.dir/src/Inverse_node.cpp.o[0m
[01m[K/home/gaga/sad_ws/src/sad_pkg/src/Inverse_node.cpp:[m[K In member function â€˜[01m[Kvoid ManipulatorNode::timerCallback()[m[Kâ€™:
[01m[K/home/gaga/sad_ws/src/sad_pkg/src/Inverse_node.cpp:353:46:[m[K [01;31m[Kerror: [m[Kexpected primary-expression before â€˜[01m[Kconst[m[Kâ€™
  353 |     VectorXd q_dot = computeFeedbackVelocity([01;31m[Kconst[m[K Vector3d &u_d, const Vector3d &u, const Vector3d &u_dot_d);
      |                                              [01;31m[K^~~~~[m[K
[01m[K/home/gaga/sad_ws/src/sad_pkg/src/Inverse_node.cpp:353:67:[m[K [01;31m[Kerror: [m[Kexpected primary-expression before â€˜[01m[Kconst[m[Kâ€™
  353 |     VectorXd q_dot = computeFeedbackVelocity(const Vector3d &u_d, [01;31m[Kconst[m[K Vector3d &u, const Vector3d &u_dot_d);
      |                                                                   [01;31m[K^~~~~[m[K
[01m[K/home/gaga/sad_ws/src/sad_pkg/src/Inverse_node.cpp:353:86:[m[K [01;31m[Kerror: [m[Kexpected primary-expression before â€˜[01m[Kconst[m[Kâ€™
  353 |     VectorXd q_dot = computeFeedbackVelocity(const Vector3d &u_d, const Vector3d &u, [01;31m[Kconst[m[K Vector3d &u_dot_d);
      |                                                                                      [01;31m[K^~~~~[m[K
gmake[2]: *** [CMakeFiles/Inverse_node.dir/build.make:76: CMakeFiles/Inverse_node.dir/src/Inverse_node.cpp.o] Error 1
gmake[1]: *** [CMakeFiles/Makefile2:305: CMakeFiles/Inverse_node.dir/all] Error 2
gmake: *** [Makefile:146: all] Error 2
