[35m[1mConsolidate compiler generated dependencies of target Inverse_node[0m
[ 14%] Built target map_node
[ 21%] [32mBuilding CXX object CMakeFiles/path_node.dir/src/path_node.cpp.o[0m
[ 42%] Built target forward_node
[ 50%] Built target spline_node
[ 64%] Built target rrt_node
[ 78%] Built target Inverse_node
[ 92%] Built target obstacle_node
[01m[K/home/gaga/sad_ws/src/sad_pkg/src/path_node.cpp:[m[K In member function â€˜[01m[Kvoid RSNode::publishPath()[m[Kâ€™:
[01m[K/home/gaga/sad_ws/src/sad_pkg/src/path_node.cpp:383:34:[m[K [01;31m[Kerror: [m[Kâ€˜[01m[Kfixed_roll[m[Kâ€™ was not declared in this scope
  383 |             pose.orientation.x = [01;31m[Kfixed_roll[m[K;
      |                                  [01;31m[K^~~~~~~~~~[m[K
[01m[K/home/gaga/sad_ws/src/sad_pkg/src/path_node.cpp:384:34:[m[K [01;31m[Kerror: [m[Kâ€˜[01m[Kfixed_pitch[m[Kâ€™ was not declared in this scope
  384 |             pose.orientation.y = [01;31m[Kfixed_pitch[m[K;
      |                                  [01;31m[K^~~~~~~~~~~[m[K
[01m[K/home/gaga/sad_ws/src/sad_pkg/src/path_node.cpp:385:34:[m[K [01;31m[Kerror: [m[Kâ€˜[01m[Kfixed_yaw[m[Kâ€™ was not declared in this scope
  385 |             pose.orientation.z = [01;31m[Kfixed_yaw[m[K;
      |                                  [01;31m[K^~~~~~~~~[m[K
gmake[2]: *** [CMakeFiles/path_node.dir/build.make:76: CMakeFiles/path_node.dir/src/path_node.cpp.o] Error 1
gmake[1]: *** [CMakeFiles/Makefile2:279: CMakeFiles/path_node.dir/all] Error 2
gmake: *** [Makefile:146: all] Error 2
