-- Found ament_cmake: 1.3.11 (/opt/ros/humble/share/ament_cmake/cmake)
-- Found rclcpp: 16.0.12 (/opt/ros/humble/share/rclcpp/cmake)
-- Found rosidl_generator_c: 3.1.6 (/opt/ros/humble/share/rosidl_generator_c/cmake)
-- Found rosidl_adapter: 3.1.6 (/opt/ros/humble/share/rosidl_adapter/cmake)
-- Found rosidl_generator_cpp: 3.1.6 (/opt/ros/humble/share/rosidl_generator_cpp/cmake)
-- Using all available rosidl_typesupport_c: rosidl_typesupport_fastrtps_c;rosidl_typesupport_introspection_c
-- Using all available rosidl_typesupport_cpp: rosidl_typesupport_fastrtps_cpp;rosidl_typesupport_introspection_cpp
-- Found rmw_implementation_cmake: 6.1.2 (/opt/ros/humble/share/rmw_implementation_cmake/cmake)
-- Found rmw_fastrtps_cpp: 6.2.7 (/opt/ros/humble/share/rmw_fastrtps_cpp/cmake)
-- Using RMW implementation 'rmw_fastrtps_cpp' as default
-- Found visualization_msgs: 4.8.0 (/opt/ros/humble/share/visualization_msgs/cmake)
-- Found trajectory_msgs: 4.8.0 (/opt/ros/humble/share/trajectory_msgs/cmake)
-- Found xacro: 2.0.13 (/opt/ros/humble/share/xacro/cmake)
-- Found ros2_control: 2.50.0 (/opt/ros/humble/share/ros2_control/cmake)
-- Found gazebo_ros2_control: 0.4.10 (/opt/ros/humble/share/gazebo_ros2_control/cmake)
-- Found DART: /usr/include (Required is at least version "6.6") found components: dart 
-- Found Protobuf: /usr/lib/x86_64-linux-gnu/libprotobuf.so (found version "3.12.4") 
-- Looking for ignition-math6 -- found version 6.15.1
-- Searching for dependencies of ignition-math6
-- Looking for OGRE...
-- Found Ogre Ghadamon (1.9.0)
-- Found OGRE: optimized;/usr/lib/x86_64-linux-gnu/libOgreMain.so;debug;/usr/lib/x86_64-linux-gnu/libOgreMain.so
-- Looking for OGRE_Paging...
-- Found OGRE_Paging: optimized;/usr/lib/x86_64-linux-gnu/libOgrePaging.so;debug;/usr/lib/x86_64-linux-gnu/libOgrePaging.so
-- Looking for OGRE_Terrain...
-- Found OGRE_Terrain: optimized;/usr/lib/x86_64-linux-gnu/libOgreTerrain.so;debug;/usr/lib/x86_64-linux-gnu/libOgreTerrain.so
-- Looking for OGRE_Property...
-- Found OGRE_Property: optimized;/usr/lib/x86_64-linux-gnu/libOgreProperty.so;debug;/usr/lib/x86_64-linux-gnu/libOgreProperty.so
-- Looking for OGRE_RTShaderSystem...
-- Found OGRE_RTShaderSystem: optimized;/usr/lib/x86_64-linux-gnu/libOgreRTShaderSystem.so;debug;/usr/lib/x86_64-linux-gnu/libOgreRTShaderSystem.so
-- Looking for OGRE_Volume...
-- Found OGRE_Volume: optimized;/usr/lib/x86_64-linux-gnu/libOgreVolume.so;debug;/usr/lib/x86_64-linux-gnu/libOgreVolume.so
-- Looking for OGRE_Overlay...
-- Found OGRE_Overlay: optimized;/usr/lib/x86_64-linux-gnu/libOgreOverlay.so;debug;/usr/lib/x86_64-linux-gnu/libOgreOverlay.so
-- Looking for ignition-math6 -- found version 6.15.1
-- Looking for ignition-transport8 -- found version 8.2.1
-- Searching for dependencies of ignition-transport8
-- Found Protobuf: /usr/lib/x86_64-linux-gnu/libprotobuf.so (found suitable version "3.12.4", minimum required is "3") 
-- Config-file not installed for ZeroMQ -- checking for pkg-config
-- Checking for module 'libzmq >= 4'
--   Found libzmq , version 4.3.4
-- Checking for module 'uuid'
--   Found uuid, version 2.37.2
-- Looking for ignition-msgs5 -- found version 5.8.1
-- Searching for dependencies of ignition-msgs5
-- Looking for ignition-math6 -- found version 6.15.1
-- Looking for ignition-msgs5 -- found version 5.8.1
-- Looking for ignition-common3 -- found version 3.14.0
-- Searching for dependencies of ignition-common3
-- Looking for dlfcn.h - found
-- Looking for libdl - found
-- Searching for <ignition-common3> component [graphics]
-- Looking for ignition-common3-graphics -- found version 3.14.0
-- Searching for dependencies of ignition-common3-graphics
-- Looking for ignition-math6 -- found version 6.15.1
-- Looking for ignition-fuel_tools4 -- found version 4.4.0
-- Searching for dependencies of ignition-fuel_tools4
-- Checking for module 'jsoncpp'
--   Found jsoncpp, version 1.9.5
-- Checking for module 'libzip'
--   Found libzip, version 1.7.3
-- Looking for ignition-common3 -- found version 3.14.0
-- Looking for ignition-math6 -- found version 6.15.1
-- Looking for ignition-msgs5 -- found version 5.8.1
-- Gazebo version: 11.10
-- Found my_vision_msgs: 0.1.0 (/home/gaga/sad_ws/install/my_vision_msgs/share/my_vision_msgs/cmake)
-- Found tf2: 0.25.12 (/opt/ros/humble/share/tf2/cmake)
-- Found tf2_geometry_msgs: 0.25.12 (/opt/ros/humble/share/tf2_geometry_msgs/cmake)
-- Found eigen3_cmake_module: 0.1.1 (/opt/ros/humble/share/eigen3_cmake_module/cmake)
-- Ensuring Eigen3 include directory is part of orocos-kdl CMake target
-- Found ament_lint_auto: 0.12.12 (/opt/ros/humble/share/ament_lint_auto/cmake)
-- Added test 'cppcheck' to perform static code analysis on C / C++ code
-- Configured cppcheck include dirs: 
-- Configured cppcheck exclude dirs and/or files: 
-- Added test 'flake8' to check Python code syntax and style conventions
-- Added test 'lint_cmake' to check CMake code style
-- Added test 'pep257' to check Python code against some of the docstring style conventions in PEP 257
-- Added test 'uncrustify' to check C / C++ code style
-- Configured uncrustify additional arguments: 
-- Added test 'xmllint' to check XML markup files
-- Configuring done
-- Generating done
-- Build files have been written to: /home/gaga/sad_ws/build/sad_pkg
[35m[1mConsolidate compiler generated dependencies of target forward_node[0m
[35m[1mConsolidate compiler generated dependencies of target rrt_node[0m
[35m[1mConsolidate compiler generated dependencies of target path_node[0m
[35m[1mConsolidate compiler generated dependencies of target spline_node[0m
[35m[1mConsolidate compiler generated dependencies of target obstacle_node[0m
[35m[1mConsolidate compiler generated dependencies of target map_node[0m
[35m[1mConsolidate compiler generated dependencies of target Inverse_node[0m
[ 14%] Built target forward_node
[ 57%] Built target obstacle_node
[ 57%] Built target map_node
[ 57%] [32mBuilding CXX object CMakeFiles/path_node.dir/src/path_node.cpp.o[0m
[ 64%] Built target rrt_node
[ 71%] [32mBuilding CXX object CMakeFiles/Inverse_node.dir/src/Inverse_node.cpp.o[0m
[ 85%] Built target spline_node
[01m[K/home/gaga/sad_ws/src/sad_pkg/src/Inverse_node.cpp:99:26:[m[K [01;31m[Kerror: [m[Kâ€˜[01m[Kgeometry_msgs[m[Kâ€™ was not declared in this scope
   99 |     rclcpp::Subscription<[01;31m[Kgeometry_msgs[m[K::msg::PoseArray>::SharedPtr path_sub_;
      |                          [01;31m[K^~~~~~~~~~~~~[m[K
[01m[K/home/gaga/sad_ws/src/sad_pkg/src/Inverse_node.cpp:99:55:[m[K [01;31m[Kerror: [m[Ktemplate argument 1 is invalid
   99 |     rclcpp::Subscription<geometry_msgs::msg::PoseArray[01;31m[K>[m[K::SharedPtr path_sub_;
      |                                                       [01;31m[K^[m[K
[01m[K/home/gaga/sad_ws/src/sad_pkg/src/Inverse_node.cpp:99:55:[m[K [01;31m[Kerror: [m[Ktemplate argument 3 is invalid
[01m[K/home/gaga/sad_ws/src/sad_pkg/src/Inverse_node.cpp:99:55:[m[K [01;31m[Kerror: [m[Ktemplate argument 4 is invalid
[01m[K/home/gaga/sad_ws/src/sad_pkg/src/Inverse_node.cpp:99:55:[m[K [01;31m[Kerror: [m[Ktemplate argument 5 is invalid
[01m[K/home/gaga/sad_ws/src/sad_pkg/src/Inverse_node.cpp:99:58:[m[K [01;31m[Kerror: [m[Kexpected â€˜[01m[K;[m[Kâ€™ at end of member declaration
   99 |     rclcpp::Subscription<geometry_msgs::msg::PoseArray>::[01;31m[KSharedPtr[m[K path_sub_;
      |                                                          [01;31m[K^~~~~~~~~[m[K
      |                                                                   [32m[K;[m[K
[01m[K/home/gaga/sad_ws/src/sad_pkg/src/Inverse_node.cpp:99:68:[m[K [01;31m[Kerror: [m[Kâ€˜[01m[Kpath_sub_[m[Kâ€™ does not name a type
   99 |     rclcpp::Subscription<geometry_msgs::msg::PoseArray>::SharedPtr [01;31m[Kpath_sub_[m[K;
      |                                                                    [01;31m[K^~~~~~~~~[m[K
[01m[K/home/gaga/sad_ws/src/sad_pkg/src/Inverse_node.cpp:105:17:[m[K [01;31m[Kerror: [m[Kâ€˜[01m[Kgeometry_msgs[m[Kâ€™ was not declared in this scope
  105 |     std::vector<[01;31m[Kgeometry_msgs[m[K::msg::Pose> path_poses_;
      |                 [01;31m[K^~~~~~~~~~~~~[m[K
[01m[K/home/gaga/sad_ws/src/sad_pkg/src/Inverse_node.cpp:105:41:[m[K [01;31m[Kerror: [m[Ktemplate argument 1 is invalid
  105 |     std::vector<geometry_msgs::msg::Pose[01;31m[K>[m[K path_poses_;
      |                                         [01;31m[K^[m[K
[01m[K/home/gaga/sad_ws/src/sad_pkg/src/Inverse_node.cpp:105:41:[m[K [01;31m[Kerror: [m[Ktemplate argument 2 is invalid
[01m[K/home/gaga/sad_ws/src/sad_pkg/src/Inverse_node.cpp:[m[K In member function â€˜[01m[Kvoid ManipulatorNode::timer_callback()[m[Kâ€™:
[01m[K/home/gaga/sad_ws/src/sad_pkg/src/Inverse_node.cpp:113:42:[m[K [01;31m[Kerror: [m[Krequest for member â€˜[01m[Ksize[m[Kâ€™ in â€˜[01m[K((ManipulatorNode*)this)->ManipulatorNode::path_poses_[m[Kâ€™, which is of non-class type â€˜[01m[Kint[m[Kâ€™
  113 |         if (current_index_ < path_poses_.[01;31m[Ksize[m[K()) {
      |                                          [01;31m[K^~~~[m[K
[01m[K/home/gaga/sad_ws/src/sad_pkg/src/Inverse_node.cpp:114:37:[m[K [01;31m[Kerror: [m[Kinvalid types â€˜[01m[Kint[size_t {aka long unsigned int}][m[Kâ€™ for array subscript
  114 |             auto &pose = path_poses_[01;31m[K[[m[Kcurrent_index_];
      |                                     [01;31m[K^[m[K
[01m[K/home/gaga/sad_ws/src/sad_pkg/src/Inverse_node.cpp:116:13:[m[K [01;31m[Kerror: [m[Kâ€˜[01m[Ktf2[m[Kâ€™ has not been declared
  116 |             [01;31m[Ktf2[m[K::Quaternion q;
      |             [01;31m[K^~~[m[K
[01m[K/home/gaga/sad_ws/src/sad_pkg/src/Inverse_node.cpp:117:13:[m[K [01;31m[Kerror: [m[Kâ€˜[01m[Ktf2[m[Kâ€™ has not been declared
  117 |             [01;31m[Ktf2[m[K::fromMsg(pose.orientation, q);
      |             [01;31m[K^~~[m[K
[01m[K/home/gaga/sad_ws/src/sad_pkg/src/Inverse_node.cpp:117:44:[m[K [01;31m[Kerror: [m[Kâ€˜[01m[Kq[m[Kâ€™ was not declared in this scope
  117 |             tf2::fromMsg(pose.orientation, [01;31m[Kq[m[K);
      |                                            [01;31m[K^[m[K
[01m[K/home/gaga/sad_ws/src/sad_pkg/src/Inverse_node.cpp:119:13:[m[K [01;31m[Kerror: [m[Kâ€˜[01m[Ktf2[m[Kâ€™ has not been declared
  119 |             [01;31m[Ktf2[m[K::Matrix3x3(q).getRPY(roll, pitch, yaw);
      |             [01;31m[K^~~[m[K
[01m[K/home/gaga/sad_ws/src/sad_pkg/src/path_node.cpp:366:43:[m[K [01;31m[Kerror: [m[Kâ€˜[01m[KPoseArray[m[Kâ€™ is not a member of â€˜[01m[Kgeometry_msgs::msg[m[Kâ€™
  366 |     rclcpp::Publisher<geometry_msgs::msg::[01;31m[KPoseArray[m[K>::SharedPtr path_pub_;
      |                                           [01;31m[K^~~~~~~~~[m[K
[01m[K/home/gaga/sad_ws/src/sad_pkg/src/path_node.cpp:366:52:[m[K [01;31m[Kerror: [m[Ktemplate argument 1 is invalid
  366 |     rclcpp::Publisher<geometry_msgs::msg::PoseArray[01;31m[K>[m[K::SharedPtr path_pub_;
      |                                                    [01;31m[K^[m[K
[01m[K/home/gaga/sad_ws/src/sad_pkg/src/path_node.cpp:366:55:[m[K [01;31m[Kerror: [m[Kexpected â€˜[01m[K;[m[Kâ€™ at end of member declaration
  366 |     rclcpp::Publisher<geometry_msgs::msg::PoseArray>::[01;31m[KSharedPtr[m[K path_pub_;
      |                                                       [01;31m[K^~~~~~~~~[m[K
      |                                                                [32m[K;[m[K
[01m[K/home/gaga/sad_ws/src/sad_pkg/src/path_node.cpp:366:65:[m[K [01;31m[Kerror: [m[Kâ€˜[01m[Kpath_pub_[m[Kâ€™ does not name a type
  366 |     rclcpp::Publisher<geometry_msgs::msg::PoseArray>::SharedPtr [01;31m[Kpath_pub_[m[K;
      |                                                                 [01;31m[K^~~~~~~~~[m[K
[01m[K/home/gaga/sad_ws/src/sad_pkg/src/path_node.cpp:[m[K In constructor â€˜[01m[KRSNode::RSNode()[m[Kâ€™:
[01m[K/home/gaga/sad_ws/src/sad_pkg/src/path_node.cpp:45:9:[m[K [01;31m[Kerror: [m[Kâ€˜[01m[Kpath_pub_[m[Kâ€™ was not declared in this scope
   45 |         [01;31m[Kpath_pub_[m[K = this->create_publisher<geometry_msgs::msg::PoseArray>(
      |         [01;31m[K^~~~~~~~~[m[K
[01m[K/home/gaga/sad_ws/src/sad_pkg/src/path_node.cpp:45:64:[m[K [01;31m[Kerror: [m[Kâ€˜[01m[KPoseArray[m[Kâ€™ is not a member of â€˜[01m[Kgeometry_msgs::msg[m[Kâ€™
   45 |         path_pub_ = this->create_publisher<geometry_msgs::msg::[01;31m[KPoseArray[m[K>(
      |                                                                [01;31m[K^~~~~~~~~[m[K
[01m[K/home/gaga/sad_ws/src/sad_pkg/src/path_node.cpp:45:74:[m[K [01;31m[Kerror: [m[Kno matching function for call to â€˜[01m[KRSNode::create_publisher<<expression error> >(const char [17], int)[m[Kâ€™
   45 |         path_pub_ = [01;31m[Kthis->create_publisher<geometry_msgs::msg::PoseArray>([m[K
      |                     [01;31m[K~~~~~~~~~~~~~~~~~~~~~~~~~~~~~~~~~~~~~~~~~~~~~~~~~~~~~^[m[K
   46 | [01;31m[K            "/rrt_spline/path", 10[m[K
      |             [01;31m[K~~~~~~~~~~~~~~~~~~~~~~[m[K                                        
   47 | [01;31m[K        )[m[K;
      |         [01;31m[K~[m[K                                                                 
In file included from [01m[K/opt/ros/humble/include/rclcpp/rclcpp/node.hpp:1321[m[K,
                 from [01m[K/opt/ros/humble/include/rclcpp/rclcpp/executors/single_threaded_executor.hpp:28[m[K,
                 from [01m[K/opt/ros/humble/include/rclcpp/rclcpp/executors.hpp:22[m[K,
                 from [01m[K/opt/ros/humble/include/rclcpp/rclcpp/rclcpp.hpp:155[m[K,
                 from [01m[K/home/gaga/sad_ws/src/sad_pkg/src/path_node.cpp:3[m[K:
[01m[K/opt/ros/humble/include/rclcpp/rclcpp/node_impl.hpp:73:1:[m[K [01;36m[Knote: [m[Kcandidate: â€˜[01m[Ktemplate<class MessageT, class AllocatorT, class PublisherT> std::shared_ptr<PublisherT> rclcpp::Node::create_publisher(const string&, const rclcpp::QoS&, const rclcpp::PublisherOptionsWithAllocator<AllocatorT>&)[m[Kâ€™
   73 | [01;36m[KNode[m[K::create_publisher(
      | [01;36m[K^~~~[m[K
[01m[K/opt/ros/humble/include/rclcpp/rclcpp/node_impl.hpp:73:1:[m[K [01;36m[Knote: [m[K  template argument deduction/substitution failed:
[01m[K/home/gaga/sad_ws/src/sad_pkg/src/path_node.cpp:45:74:[m[K [01;31m[Kerror: [m[Ktemplate argument 1 is invalid
   45 |         path_pub_ = [01;31m[Kthis->create_publisher<geometry_msgs::msg::PoseArray>([m[K
      |                     [01;31m[K~~~~~~~~~~~~~~~~~~~~~~~~~~~~~~~~~~~~~~~~~~~~~~~~~~~~~^[m[K
   46 | [01;31m[K            "/rrt_spline/path", 10[m[K
      |             [01;31m[K~~~~~~~~~~~~~~~~~~~~~~[m[K                                        
   47 | [01;31m[K        )[m[K;
      |         [01;31m[K~[m[K                                                                 
[01m[K/home/gaga/sad_ws/src/sad_pkg/src/path_node.cpp:[m[K In member function â€˜[01m[Kvoid RSNode::publishMarkers()[m[Kâ€™:
[01m[K/home/gaga/sad_ws/src/sad_pkg/src/path_node.cpp:224:28:[m[K [01;31m[Kerror: [m[Ka function-definition is not allowed here before â€˜[01m[K{[m[Kâ€™ token
  224 |         void publishPath() [01;31m[K{[m[K
      |                            [01;31m[K^[m[K
gmake[2]: *** [CMakeFiles/path_node.dir/build.make:76: CMakeFiles/path_node.dir/src/path_node.cpp.o] Error 1
gmake[1]: *** [CMakeFiles/Makefile2:279: CMakeFiles/path_node.dir/all] Error 2
gmake[1]: *** Waiting for unfinished jobs....
gmake[2]: *** [CMakeFiles/Inverse_node.dir/build.make:76: CMakeFiles/Inverse_node.dir/src/Inverse_node.cpp.o] Error 1
gmake[1]: *** [CMakeFiles/Makefile2:305: CMakeFiles/Inverse_node.dir/all] Error 2
gmake: *** [Makefile:146: all] Error 2
