[0.010s] Invoking command in '/home/gaga/sad_ws/build/sad_pkg': CMAKE_PREFIX_PATH=/home/gaga/sad_ws/install/my_vision_msgs:/home/gaga/sad_ws/install:/home/gaga/sad_ws/install/sad_pkg:/home/gaga/sad_ws/install/mani_urdf:/home/gaga/turtlebot3_ws/install/turtlebot3:/home/gaga/turtlebot3_ws/install/turtlebot3_simulations:/home/gaga/turtlebot3_ws/install/turtlebot3_bringup:/home/gaga/turtlebot3_ws/install/turtlebot3_node:/home/gaga/turtlebot3_ws/install/turtlebot3_navigation2:/home/gaga/turtlebot3_ws/install/turtlebot3_fake_node:/home/gaga/turtlebot3_ws/install/robot_master:/home/gaga/turtlebot3_ws/install/turtlebot3_msgs:/home/gaga/turtlebot3_ws/install/turtlebot3_gazebo:/home/gaga/turtlebot3_ws/install/turtlebot3_description:/home/gaga/turtlebot3_ws/install/turtlebot3_cartographer:/home/gaga/turtlebot3_ws/install/robot_vision:/home/gaga/turtlebot3_ws/install/robot_navigation:/home/gaga/turtlebot3_ws/install/robot_msgs:/home/gaga/turtlebot3_ws/install/dynamixel_sdk_examples:/home/gaga/turtlebot3_ws/install/dynamixel_sdk_custom_interfaces:/home/gaga/turtlebot3_ws/install/dynamixel_sdk:/home/gaga/ssibal_ws/install/robot_msgs:/home/gaga/sad_ws/src/install/sad_pkg:/home/gaga/sad_ws/src/install/vision_msgs:/home/gaga/sad_ws/src/install/my_vision_msgs:/home/gaga/sad_ws/src/install/mani_urdf:/home/gaga/robotprograming_ws/install/rp_pkg:/home/gaga/rrt_ws/install/spline_interpolation:/home/gaga/rrt_ws/install/rrt_visualization:/home/gaga/rrt_ws/install/rrt_spline_pkg:/home/gaga/rrt_ws/install/my_rrt_pkg:/home/gaga/rrt_ws/install/mani_pkg:/home/gaga/turtlebot3_ws/install/turtlebot3_teleop:/home/gaga/turtlebot3_ws/install/turtlebot3_example:/opt/ros/humble /usr/bin/cmake --build /home/gaga/sad_ws/build/sad_pkg -- -j20 -l20
[0.042s] -- Found ament_cmake: 1.3.11 (/opt/ros/humble/share/ament_cmake/cmake)
[0.143s] -- Found rclcpp: 16.0.12 (/opt/ros/humble/share/rclcpp/cmake)
[0.166s] -- Found rosidl_generator_c: 3.1.6 (/opt/ros/humble/share/rosidl_generator_c/cmake)
[0.168s] -- Found rosidl_adapter: 3.1.6 (/opt/ros/humble/share/rosidl_adapter/cmake)
[0.172s] -- Found rosidl_generator_cpp: 3.1.6 (/opt/ros/humble/share/rosidl_generator_cpp/cmake)
[0.179s] -- Using all available rosidl_typesupport_c: rosidl_typesupport_fastrtps_c;rosidl_typesupport_introspection_c
[0.188s] -- Using all available rosidl_typesupport_cpp: rosidl_typesupport_fastrtps_cpp;rosidl_typesupport_introspection_cpp
[0.209s] -- Found rmw_implementation_cmake: 6.1.2 (/opt/ros/humble/share/rmw_implementation_cmake/cmake)
[0.211s] -- Found rmw_fastrtps_cpp: 6.2.7 (/opt/ros/humble/share/rmw_fastrtps_cpp/cmake)
[0.293s] -- Using RMW implementation 'rmw_fastrtps_cpp' as default
[0.323s] -- Found visualization_msgs: 4.8.0 (/opt/ros/humble/share/visualization_msgs/cmake)
[0.353s] -- Found trajectory_msgs: 4.8.0 (/opt/ros/humble/share/trajectory_msgs/cmake)
[0.362s] -- Found xacro: 2.0.13 (/opt/ros/humble/share/xacro/cmake)
[0.362s] -- Found ros2_control: 2.50.0 (/opt/ros/humble/share/ros2_control/cmake)
[0.362s] -- Found gazebo_ros2_control: 0.4.10 (/opt/ros/humble/share/gazebo_ros2_control/cmake)
[0.467s] -- Found DART: /usr/include (Required is at least version "6.6") found components: dart 
[0.487s] -- Found Protobuf: /usr/lib/x86_64-linux-gnu/libprotobuf.so (found version "3.12.4") 
[0.488s] -- Looking for ignition-math6 -- found version 6.15.1
[0.491s] -- Searching for dependencies of ignition-math6
[0.492s] -- Looking for OGRE...
[0.497s] -- Found Ogre Ghadamon (1.9.0)
[0.497s] -- Found OGRE: optimized;/usr/lib/x86_64-linux-gnu/libOgreMain.so;debug;/usr/lib/x86_64-linux-gnu/libOgreMain.so
[0.503s] -- Looking for OGRE_Paging...
[0.504s] -- Found OGRE_Paging: optimized;/usr/lib/x86_64-linux-gnu/libOgrePaging.so;debug;/usr/lib/x86_64-linux-gnu/libOgrePaging.so
[0.504s] -- Looking for OGRE_Terrain...
[0.504s] -- Found OGRE_Terrain: optimized;/usr/lib/x86_64-linux-gnu/libOgreTerrain.so;debug;/usr/lib/x86_64-linux-gnu/libOgreTerrain.so
[0.504s] -- Looking for OGRE_Property...
[0.504s] -- Found OGRE_Property: optimized;/usr/lib/x86_64-linux-gnu/libOgreProperty.so;debug;/usr/lib/x86_64-linux-gnu/libOgreProperty.so
[0.504s] -- Looking for OGRE_RTShaderSystem...
[0.504s] -- Found OGRE_RTShaderSystem: optimized;/usr/lib/x86_64-linux-gnu/libOgreRTShaderSystem.so;debug;/usr/lib/x86_64-linux-gnu/libOgreRTShaderSystem.so
[0.504s] -- Looking for OGRE_Volume...
[0.504s] -- Found OGRE_Volume: optimized;/usr/lib/x86_64-linux-gnu/libOgreVolume.so;debug;/usr/lib/x86_64-linux-gnu/libOgreVolume.so
[0.504s] -- Looking for OGRE_Overlay...
[0.504s] -- Found OGRE_Overlay: optimized;/usr/lib/x86_64-linux-gnu/libOgreOverlay.so;debug;/usr/lib/x86_64-linux-gnu/libOgreOverlay.so
[0.597s] -- Looking for ignition-math6 -- found version 6.15.1
[0.597s] -- Looking for ignition-transport8 -- found version 8.2.1
[0.598s] -- Searching for dependencies of ignition-transport8
[0.612s] -- Found Protobuf: /usr/lib/x86_64-linux-gnu/libprotobuf.so (found suitable version "3.12.4", minimum required is "3") 
[0.620s] -- Config-file not installed for ZeroMQ -- checking for pkg-config
[0.625s] -- Checking for module 'libzmq >= 4'
[0.637s] --   Found libzmq , version 4.3.4
[0.671s] -- Checking for module 'uuid'
[0.683s] --   Found uuid, version 2.37.2
[0.709s] -- Looking for ignition-msgs5 -- found version 5.8.1
[0.710s] -- Searching for dependencies of ignition-msgs5
[0.727s] -- Looking for ignition-math6 -- found version 6.15.1
[0.733s] -- Looking for ignition-msgs5 -- found version 5.8.1
[0.733s] -- Looking for ignition-common3 -- found version 3.14.0
[0.733s] -- Searching for dependencies of ignition-common3
[0.733s] -- Looking for dlfcn.h - found
[0.733s] -- Looking for libdl - found
[0.742s] -- Searching for <ignition-common3> component [graphics]
[0.742s] -- Looking for ignition-common3-graphics -- found version 3.14.0
[0.742s] -- Searching for dependencies of ignition-common3-graphics
[0.742s] -- Looking for ignition-math6 -- found version 6.15.1
[0.743s] -- Looking for ignition-fuel_tools4 -- found version 4.4.0
[0.743s] -- Searching for dependencies of ignition-fuel_tools4
[0.772s] -- Checking for module 'jsoncpp'
[0.784s] --   Found jsoncpp, version 1.9.5
[0.815s] -- Checking for module 'libzip'
[0.828s] --   Found libzip, version 1.7.3
[0.853s] -- Looking for ignition-common3 -- found version 3.14.0
[0.853s] -- Looking for ignition-math6 -- found version 6.15.1
[0.854s] -- Looking for ignition-msgs5 -- found version 5.8.1
[0.855s] -- Gazebo version: 11.10
[0.863s] -- Found my_vision_msgs: 0.1.0 (/home/gaga/sad_ws/install/my_vision_msgs/share/my_vision_msgs/cmake)
[0.873s] -- Found tf2: 0.25.12 (/opt/ros/humble/share/tf2/cmake)
[0.875s] -- Found tf2_geometry_msgs: 0.25.12 (/opt/ros/humble/share/tf2_geometry_msgs/cmake)
[0.877s] -- Found eigen3_cmake_module: 0.1.1 (/opt/ros/humble/share/eigen3_cmake_module/cmake)
[0.878s] -- Ensuring Eigen3 include directory is part of orocos-kdl CMake target
[0.937s] -- Found ament_lint_auto: 0.12.12 (/opt/ros/humble/share/ament_lint_auto/cmake)
[1.000s] -- Added test 'cppcheck' to perform static code analysis on C / C++ code
[1.004s] -- Configured cppcheck include dirs: 
[1.004s] -- Configured cppcheck exclude dirs and/or files: 
[1.005s] -- Added test 'flake8' to check Python code syntax and style conventions
[1.009s] -- Added test 'lint_cmake' to check CMake code style
[1.011s] -- Added test 'pep257' to check Python code against some of the docstring style conventions in PEP 257
[1.022s] -- Added test 'uncrustify' to check C / C++ code style
[1.022s] -- Configured uncrustify additional arguments: 
[1.024s] -- Added test 'xmllint' to check XML markup files
[1.024s] -- Configuring done
[1.046s] -- Generating done
[1.055s] -- Build files have been written to: /home/gaga/sad_ws/build/sad_pkg
[1.081s] [35m[1mConsolidate compiler generated dependencies of target forward_node[0m
[1.081s] [35m[1mConsolidate compiler generated dependencies of target rrt_node[0m
[1.081s] [35m[1mConsolidate compiler generated dependencies of target path_node[0m
[1.082s] [35m[1mConsolidate compiler generated dependencies of target spline_node[0m
[1.083s] [35m[1mConsolidate compiler generated dependencies of target obstacle_node[0m
[1.083s] [35m[1mConsolidate compiler generated dependencies of target map_node[0m
[1.083s] [35m[1mConsolidate compiler generated dependencies of target Inverse_node[0m
[1.095s] [ 14%] Built target forward_node
[1.097s] [ 57%] Built target obstacle_node
[1.097s] [ 57%] Built target map_node
[1.097s] [ 57%] [32mBuilding CXX object CMakeFiles/path_node.dir/src/path_node.cpp.o[0m
[1.097s] [ 64%] Built target rrt_node
[1.105s] [ 71%] [32mBuilding CXX object CMakeFiles/Inverse_node.dir/src/Inverse_node.cpp.o[0m
[1.106s] [ 85%] Built target spline_node
[3.112s] [01m[K/home/gaga/sad_ws/src/sad_pkg/src/Inverse_node.cpp:99:26:[m[K [01;31m[Kerror: [m[Kâ€˜[01m[Kgeometry_msgs[m[Kâ€™ was not declared in this scope
[3.112s]    99 |     rclcpp::Subscription<[01;31m[Kgeometry_msgs[m[K::msg::PoseArray>::SharedPtr path_sub_;
[3.112s]       |                          [01;31m[K^~~~~~~~~~~~~[m[K
[3.112s] [01m[K/home/gaga/sad_ws/src/sad_pkg/src/Inverse_node.cpp:99:55:[m[K [01;31m[Kerror: [m[Ktemplate argument 1 is invalid
[3.112s]    99 |     rclcpp::Subscription<geometry_msgs::msg::PoseArray[01;31m[K>[m[K::SharedPtr path_sub_;
[3.112s]       |                                                       [01;31m[K^[m[K
[3.112s] [01m[K/home/gaga/sad_ws/src/sad_pkg/src/Inverse_node.cpp:99:55:[m[K [01;31m[Kerror: [m[Ktemplate argument 3 is invalid
[3.112s] [01m[K/home/gaga/sad_ws/src/sad_pkg/src/Inverse_node.cpp:99:55:[m[K [01;31m[Kerror: [m[Ktemplate argument 4 is invalid
[3.112s] [01m[K/home/gaga/sad_ws/src/sad_pkg/src/Inverse_node.cpp:99:55:[m[K [01;31m[Kerror: [m[Ktemplate argument 5 is invalid
[3.112s] [01m[K/home/gaga/sad_ws/src/sad_pkg/src/Inverse_node.cpp:99:58:[m[K [01;31m[Kerror: [m[Kexpected â€˜[01m[K;[m[Kâ€™ at end of member declaration
[3.112s]    99 |     rclcpp::Subscription<geometry_msgs::msg::PoseArray>::[01;31m[KSharedPtr[m[K path_sub_;
[3.112s]       |                                                          [01;31m[K^~~~~~~~~[m[K
[3.112s]       |                                                                   [32m[K;[m[K
[3.114s] [01m[K/home/gaga/sad_ws/src/sad_pkg/src/Inverse_node.cpp:99:68:[m[K [01;31m[Kerror: [m[Kâ€˜[01m[Kpath_sub_[m[Kâ€™ does not name a type
[3.114s]    99 |     rclcpp::Subscription<geometry_msgs::msg::PoseArray>::SharedPtr [01;31m[Kpath_sub_[m[K;
[3.114s]       |                                                                    [01;31m[K^~~~~~~~~[m[K
[3.122s] [01m[K/home/gaga/sad_ws/src/sad_pkg/src/Inverse_node.cpp:105:17:[m[K [01;31m[Kerror: [m[Kâ€˜[01m[Kgeometry_msgs[m[Kâ€™ was not declared in this scope
[3.122s]   105 |     std::vector<[01;31m[Kgeometry_msgs[m[K::msg::Pose> path_poses_;
[3.122s]       |                 [01;31m[K^~~~~~~~~~~~~[m[K
[3.122s] [01m[K/home/gaga/sad_ws/src/sad_pkg/src/Inverse_node.cpp:105:41:[m[K [01;31m[Kerror: [m[Ktemplate argument 1 is invalid
[3.122s]   105 |     std::vector<geometry_msgs::msg::Pose[01;31m[K>[m[K path_poses_;
[3.122s]       |                                         [01;31m[K^[m[K
[3.122s] [01m[K/home/gaga/sad_ws/src/sad_pkg/src/Inverse_node.cpp:105:41:[m[K [01;31m[Kerror: [m[Ktemplate argument 2 is invalid
[3.137s] [01m[K/home/gaga/sad_ws/src/sad_pkg/src/Inverse_node.cpp:[m[K In member function â€˜[01m[Kvoid ManipulatorNode::timer_callback()[m[Kâ€™:
[3.138s] [01m[K/home/gaga/sad_ws/src/sad_pkg/src/Inverse_node.cpp:113:42:[m[K [01;31m[Kerror: [m[Krequest for member â€˜[01m[Ksize[m[Kâ€™ in â€˜[01m[K((ManipulatorNode*)this)->ManipulatorNode::path_poses_[m[Kâ€™, which is of non-class type â€˜[01m[Kint[m[Kâ€™
[3.138s]   113 |         if (current_index_ < path_poses_.[01;31m[Ksize[m[K()) {
[3.138s]       |                                          [01;31m[K^~~~[m[K
[3.138s] [01m[K/home/gaga/sad_ws/src/sad_pkg/src/Inverse_node.cpp:114:37:[m[K [01;31m[Kerror: [m[Kinvalid types â€˜[01m[Kint[size_t {aka long unsigned int}][m[Kâ€™ for array subscript
[3.138s]   114 |             auto &pose = path_poses_[01;31m[K[[m[Kcurrent_index_];
[3.138s]       |                                     [01;31m[K^[m[K
[3.138s] [01m[K/home/gaga/sad_ws/src/sad_pkg/src/Inverse_node.cpp:116:13:[m[K [01;31m[Kerror: [m[Kâ€˜[01m[Ktf2[m[Kâ€™ has not been declared
[3.138s]   116 |             [01;31m[Ktf2[m[K::Quaternion q;
[3.138s]       |             [01;31m[K^~~[m[K
[3.138s] [01m[K/home/gaga/sad_ws/src/sad_pkg/src/Inverse_node.cpp:117:13:[m[K [01;31m[Kerror: [m[Kâ€˜[01m[Ktf2[m[Kâ€™ has not been declared
[3.138s]   117 |             [01;31m[Ktf2[m[K::fromMsg(pose.orientation, q);
[3.138s]       |             [01;31m[K^~~[m[K
[3.147s] [01m[K/home/gaga/sad_ws/src/sad_pkg/src/Inverse_node.cpp:117:44:[m[K [01;31m[Kerror: [m[Kâ€˜[01m[Kq[m[Kâ€™ was not declared in this scope
[3.147s]   117 |             tf2::fromMsg(pose.orientation, [01;31m[Kq[m[K);
[3.147s]       |                                            [01;31m[K^[m[K
[3.147s] [01m[K/home/gaga/sad_ws/src/sad_pkg/src/Inverse_node.cpp:119:13:[m[K [01;31m[Kerror: [m[Kâ€˜[01m[Ktf2[m[Kâ€™ has not been declared
[3.147s]   119 |             [01;31m[Ktf2[m[K::Matrix3x3(q).getRPY(roll, pitch, yaw);
[3.147s]       |             [01;31m[K^~~[m[K
[3.207s] [01m[K/home/gaga/sad_ws/src/sad_pkg/src/path_node.cpp:366:43:[m[K [01;31m[Kerror: [m[Kâ€˜[01m[KPoseArray[m[Kâ€™ is not a member of â€˜[01m[Kgeometry_msgs::msg[m[Kâ€™
[3.207s]   366 |     rclcpp::Publisher<geometry_msgs::msg::[01;31m[KPoseArray[m[K>::SharedPtr path_pub_;
[3.207s]       |                                           [01;31m[K^~~~~~~~~[m[K
[3.207s] [01m[K/home/gaga/sad_ws/src/sad_pkg/src/path_node.cpp:366:52:[m[K [01;31m[Kerror: [m[Ktemplate argument 1 is invalid
[3.207s]   366 |     rclcpp::Publisher<geometry_msgs::msg::PoseArray[01;31m[K>[m[K::SharedPtr path_pub_;
[3.207s]       |                                                    [01;31m[K^[m[K
[3.207s] [01m[K/home/gaga/sad_ws/src/sad_pkg/src/path_node.cpp:366:55:[m[K [01;31m[Kerror: [m[Kexpected â€˜[01m[K;[m[Kâ€™ at end of member declaration
[3.208s]   366 |     rclcpp::Publisher<geometry_msgs::msg::PoseArray>::[01;31m[KSharedPtr[m[K path_pub_;
[3.208s]       |                                                       [01;31m[K^~~~~~~~~[m[K
[3.208s]       |                                                                [32m[K;[m[K
[3.209s] [01m[K/home/gaga/sad_ws/src/sad_pkg/src/path_node.cpp:366:65:[m[K [01;31m[Kerror: [m[Kâ€˜[01m[Kpath_pub_[m[Kâ€™ does not name a type
[3.209s]   366 |     rclcpp::Publisher<geometry_msgs::msg::PoseArray>::SharedPtr [01;31m[Kpath_pub_[m[K;
[3.209s]       |                                                                 [01;31m[K^~~~~~~~~[m[K
[3.235s] [01m[K/home/gaga/sad_ws/src/sad_pkg/src/path_node.cpp:[m[K In constructor â€˜[01m[KRSNode::RSNode()[m[Kâ€™:
[3.235s] [01m[K/home/gaga/sad_ws/src/sad_pkg/src/path_node.cpp:45:9:[m[K [01;31m[Kerror: [m[Kâ€˜[01m[Kpath_pub_[m[Kâ€™ was not declared in this scope
[3.235s]    45 |         [01;31m[Kpath_pub_[m[K = this->create_publisher<geometry_msgs::msg::PoseArray>(
[3.235s]       |         [01;31m[K^~~~~~~~~[m[K
[3.236s] [01m[K/home/gaga/sad_ws/src/sad_pkg/src/path_node.cpp:45:64:[m[K [01;31m[Kerror: [m[Kâ€˜[01m[KPoseArray[m[Kâ€™ is not a member of â€˜[01m[Kgeometry_msgs::msg[m[Kâ€™
[3.236s]    45 |         path_pub_ = this->create_publisher<geometry_msgs::msg::[01;31m[KPoseArray[m[K>(
[3.236s]       |                                                                [01;31m[K^~~~~~~~~[m[K
[3.236s] [01m[K/home/gaga/sad_ws/src/sad_pkg/src/path_node.cpp:45:74:[m[K [01;31m[Kerror: [m[Kno matching function for call to â€˜[01m[KRSNode::create_publisher<<expression error> >(const char [17], int)[m[Kâ€™
[3.236s]    45 |         path_pub_ = [01;31m[Kthis->create_publisher<geometry_msgs::msg::PoseArray>([m[K
[3.236s]       |                     [01;31m[K~~~~~~~~~~~~~~~~~~~~~~~~~~~~~~~~~~~~~~~~~~~~~~~~~~~~~^[m[K
[3.236s]    46 | [01;31m[K            "/rrt_spline/path", 10[m[K
[3.236s]       |             [01;31m[K~~~~~~~~~~~~~~~~~~~~~~[m[K                                        
[3.236s]    47 | [01;31m[K        )[m[K;
[3.237s]       |         [01;31m[K~[m[K                                                                 
[3.237s] In file included from [01m[K/opt/ros/humble/include/rclcpp/rclcpp/node.hpp:1321[m[K,
[3.237s]                  from [01m[K/opt/ros/humble/include/rclcpp/rclcpp/executors/single_threaded_executor.hpp:28[m[K,
[3.237s]                  from [01m[K/opt/ros/humble/include/rclcpp/rclcpp/executors.hpp:22[m[K,
[3.237s]                  from [01m[K/opt/ros/humble/include/rclcpp/rclcpp/rclcpp.hpp:155[m[K,
[3.237s]                  from [01m[K/home/gaga/sad_ws/src/sad_pkg/src/path_node.cpp:3[m[K:
[3.237s] [01m[K/opt/ros/humble/include/rclcpp/rclcpp/node_impl.hpp:73:1:[m[K [01;36m[Knote: [m[Kcandidate: â€˜[01m[Ktemplate<class MessageT, class AllocatorT, class PublisherT> std::shared_ptr<PublisherT> rclcpp::Node::create_publisher(const string&, const rclcpp::QoS&, const rclcpp::PublisherOptionsWithAllocator<AllocatorT>&)[m[Kâ€™
[3.237s]    73 | [01;36m[KNode[m[K::create_publisher(
[3.237s]       | [01;36m[K^~~~[m[K
[3.237s] [01m[K/opt/ros/humble/include/rclcpp/rclcpp/node_impl.hpp:73:1:[m[K [01;36m[Knote: [m[K  template argument deduction/substitution failed:
[3.237s] [01m[K/home/gaga/sad_ws/src/sad_pkg/src/path_node.cpp:45:74:[m[K [01;31m[Kerror: [m[Ktemplate argument 1 is invalid
[3.237s]    45 |         path_pub_ = [01;31m[Kthis->create_publisher<geometry_msgs::msg::PoseArray>([m[K
[3.237s]       |                     [01;31m[K~~~~~~~~~~~~~~~~~~~~~~~~~~~~~~~~~~~~~~~~~~~~~~~~~~~~~^[m[K
[3.237s]    46 | [01;31m[K            "/rrt_spline/path", 10[m[K
[3.237s]       |             [01;31m[K~~~~~~~~~~~~~~~~~~~~~~[m[K                                        
[3.237s]    47 | [01;31m[K        )[m[K;
[3.237s]       |         [01;31m[K~[m[K                                                                 
[3.274s] [01m[K/home/gaga/sad_ws/src/sad_pkg/src/path_node.cpp:[m[K In member function â€˜[01m[Kvoid RSNode::publishMarkers()[m[Kâ€™:
[3.274s] [01m[K/home/gaga/sad_ws/src/sad_pkg/src/path_node.cpp:224:28:[m[K [01;31m[Kerror: [m[Ka function-definition is not allowed here before â€˜[01m[K{[m[Kâ€™ token
[3.274s]   224 |         void publishPath() [01;31m[K{[m[K
[3.274s]       |                            [01;31m[K^[m[K
[4.981s] gmake[2]: *** [CMakeFiles/path_node.dir/build.make:76: CMakeFiles/path_node.dir/src/path_node.cpp.o] Error 1
[4.981s] gmake[1]: *** [CMakeFiles/Makefile2:279: CMakeFiles/path_node.dir/all] Error 2
[4.981s] gmake[1]: *** Waiting for unfinished jobs....
[6.492s] gmake[2]: *** [CMakeFiles/Inverse_node.dir/build.make:76: CMakeFiles/Inverse_node.dir/src/Inverse_node.cpp.o] Error 1
[6.492s] gmake[1]: *** [CMakeFiles/Makefile2:305: CMakeFiles/Inverse_node.dir/all] Error 2
[6.492s] gmake: *** [Makefile:146: all] Error 2
[6.494s] Invoked command in '/home/gaga/sad_ws/build/sad_pkg' returned '2': CMAKE_PREFIX_PATH=/home/gaga/sad_ws/install/my_vision_msgs:/home/gaga/sad_ws/install:/home/gaga/sad_ws/install/sad_pkg:/home/gaga/sad_ws/install/mani_urdf:/home/gaga/turtlebot3_ws/install/turtlebot3:/home/gaga/turtlebot3_ws/install/turtlebot3_simulations:/home/gaga/turtlebot3_ws/install/turtlebot3_bringup:/home/gaga/turtlebot3_ws/install/turtlebot3_node:/home/gaga/turtlebot3_ws/install/turtlebot3_navigation2:/home/gaga/turtlebot3_ws/install/turtlebot3_fake_node:/home/gaga/turtlebot3_ws/install/robot_master:/home/gaga/turtlebot3_ws/install/turtlebot3_msgs:/home/gaga/turtlebot3_ws/install/turtlebot3_gazebo:/home/gaga/turtlebot3_ws/install/turtlebot3_description:/home/gaga/turtlebot3_ws/install/turtlebot3_cartographer:/home/gaga/turtlebot3_ws/install/robot_vision:/home/gaga/turtlebot3_ws/install/robot_navigation:/home/gaga/turtlebot3_ws/install/robot_msgs:/home/gaga/turtlebot3_ws/install/dynamixel_sdk_examples:/home/gaga/turtlebot3_ws/install/dynamixel_sdk_custom_interfaces:/home/gaga/turtlebot3_ws/install/dynamixel_sdk:/home/gaga/ssibal_ws/install/robot_msgs:/home/gaga/sad_ws/src/install/sad_pkg:/home/gaga/sad_ws/src/install/vision_msgs:/home/gaga/sad_ws/src/install/my_vision_msgs:/home/gaga/sad_ws/src/install/mani_urdf:/home/gaga/robotprograming_ws/install/rp_pkg:/home/gaga/rrt_ws/install/spline_interpolation:/home/gaga/rrt_ws/install/rrt_visualization:/home/gaga/rrt_ws/install/rrt_spline_pkg:/home/gaga/rrt_ws/install/my_rrt_pkg:/home/gaga/rrt_ws/install/mani_pkg:/home/gaga/turtlebot3_ws/install/turtlebot3_teleop:/home/gaga/turtlebot3_ws/install/turtlebot3_example:/opt/ros/humble /usr/bin/cmake --build /home/gaga/sad_ws/build/sad_pkg -- -j20 -l20
