[0.009s] Invoking command in '/home/gaga/sad_ws/build/sad_pkg': CMAKE_PREFIX_PATH=/home/gaga/sad_ws/install/my_vision_msgs:/home/gaga/sad_ws/install:/home/gaga/sad_ws/install/sad_pkg:/home/gaga/sad_ws/install/mani_urdf:/home/gaga/robotprograming_ws/install/rp_pkg:/home/gaga/turtlebot3_ws/install/turtlebot3:/home/gaga/turtlebot3_ws/install/turtlebot3_simulations:/home/gaga/turtlebot3_ws/install/turtlebot3_bringup:/home/gaga/turtlebot3_ws/install/turtlebot3_node:/home/gaga/turtlebot3_ws/install/turtlebot3_navigation2:/home/gaga/turtlebot3_ws/install/turtlebot3_fake_node:/home/gaga/turtlebot3_ws/install/robot_master:/home/gaga/turtlebot3_ws/install/turtlebot3_msgs:/home/gaga/turtlebot3_ws/install/turtlebot3_gazebo:/home/gaga/turtlebot3_ws/install/turtlebot3_description:/home/gaga/turtlebot3_ws/install/turtlebot3_cartographer:/home/gaga/turtlebot3_ws/install/robot_vision:/home/gaga/turtlebot3_ws/install/robot_navigation:/home/gaga/turtlebot3_ws/install/robot_msgs:/home/gaga/turtlebot3_ws/install/dynamixel_sdk_examples:/home/gaga/turtlebot3_ws/install/dynamixel_sdk_custom_interfaces:/home/gaga/turtlebot3_ws/install/dynamixel_sdk:/home/gaga/ssibal_ws/install/robot_msgs:/home/gaga/sad_ws/src/install/sad_pkg:/home/gaga/sad_ws/src/install/vision_msgs:/home/gaga/sad_ws/src/install/my_vision_msgs:/home/gaga/sad_ws/src/install/mani_urdf:/home/gaga/turtlebot3_ws/install/turtlebot3_teleop:/home/gaga/turtlebot3_ws/install/turtlebot3_example:/opt/ros/humble /usr/bin/cmake --build /home/gaga/sad_ws/build/sad_pkg -- -j20 -l20
[0.033s] -- Found ament_cmake: 1.3.11 (/opt/ros/humble/share/ament_cmake/cmake)
[0.116s] -- Found rclcpp: 16.0.12 (/opt/ros/humble/share/rclcpp/cmake)
[0.133s] -- Found rosidl_generator_c: 3.1.6 (/opt/ros/humble/share/rosidl_generator_c/cmake)
[0.134s] -- Found rosidl_adapter: 3.1.6 (/opt/ros/humble/share/rosidl_adapter/cmake)
[0.137s] -- Found rosidl_generator_cpp: 3.1.6 (/opt/ros/humble/share/rosidl_generator_cpp/cmake)
[0.143s] -- Using all available rosidl_typesupport_c: rosidl_typesupport_fastrtps_c;rosidl_typesupport_introspection_c
[0.150s] -- Using all available rosidl_typesupport_cpp: rosidl_typesupport_fastrtps_cpp;rosidl_typesupport_introspection_cpp
[0.170s] -- Found rmw_implementation_cmake: 6.1.2 (/opt/ros/humble/share/rmw_implementation_cmake/cmake)
[0.171s] -- Found rmw_fastrtps_cpp: 6.2.7 (/opt/ros/humble/share/rmw_fastrtps_cpp/cmake)
[0.246s] -- Using RMW implementation 'rmw_fastrtps_cpp' as default
[0.274s] -- Found visualization_msgs: 4.8.0 (/opt/ros/humble/share/visualization_msgs/cmake)
[0.299s] -- Found trajectory_msgs: 4.8.0 (/opt/ros/humble/share/trajectory_msgs/cmake)
[0.308s] -- Found xacro: 2.0.13 (/opt/ros/humble/share/xacro/cmake)
[0.309s] -- Found ros2_control: 2.50.0 (/opt/ros/humble/share/ros2_control/cmake)
[0.309s] -- Found gazebo_ros2_control: 0.4.10 (/opt/ros/humble/share/gazebo_ros2_control/cmake)
[0.401s] -- Found DART: /usr/include (Required is at least version "6.6") found components: dart 
[0.420s] -- Found Protobuf: /usr/lib/x86_64-linux-gnu/libprotobuf.so (found version "3.12.4") 
[0.421s] -- Looking for ignition-math6 -- found version 6.15.1
[0.424s] -- Searching for dependencies of ignition-math6
[0.425s] -- Looking for OGRE...
[0.429s] -- Found Ogre Ghadamon (1.9.0)
[0.429s] -- Found OGRE: optimized;/usr/lib/x86_64-linux-gnu/libOgreMain.so;debug;/usr/lib/x86_64-linux-gnu/libOgreMain.so
[0.435s] -- Looking for OGRE_Paging...
[0.435s] -- Found OGRE_Paging: optimized;/usr/lib/x86_64-linux-gnu/libOgrePaging.so;debug;/usr/lib/x86_64-linux-gnu/libOgrePaging.so
[0.435s] -- Looking for OGRE_Terrain...
[0.435s] -- Found OGRE_Terrain: optimized;/usr/lib/x86_64-linux-gnu/libOgreTerrain.so;debug;/usr/lib/x86_64-linux-gnu/libOgreTerrain.so
[0.435s] -- Looking for OGRE_Property...
[0.435s] -- Found OGRE_Property: optimized;/usr/lib/x86_64-linux-gnu/libOgreProperty.so;debug;/usr/lib/x86_64-linux-gnu/libOgreProperty.so
[0.435s] -- Looking for OGRE_RTShaderSystem...
[0.435s] -- Found OGRE_RTShaderSystem: optimized;/usr/lib/x86_64-linux-gnu/libOgreRTShaderSystem.so;debug;/usr/lib/x86_64-linux-gnu/libOgreRTShaderSystem.so
[0.435s] -- Looking for OGRE_Volume...
[0.435s] -- Found OGRE_Volume: optimized;/usr/lib/x86_64-linux-gnu/libOgreVolume.so;debug;/usr/lib/x86_64-linux-gnu/libOgreVolume.so
[0.435s] -- Looking for OGRE_Overlay...
[0.435s] -- Found OGRE_Overlay: optimized;/usr/lib/x86_64-linux-gnu/libOgreOverlay.so;debug;/usr/lib/x86_64-linux-gnu/libOgreOverlay.so
[0.521s] -- Looking for ignition-math6 -- found version 6.15.1
[0.521s] -- Looking for ignition-transport8 -- found version 8.2.1
[0.521s] -- Searching for dependencies of ignition-transport8
[0.533s] -- Found Protobuf: /usr/lib/x86_64-linux-gnu/libprotobuf.so (found suitable version "3.12.4", minimum required is "3") 
[0.541s] -- Config-file not installed for ZeroMQ -- checking for pkg-config
[0.545s] -- Checking for module 'libzmq >= 4'
[0.557s] --   Found libzmq , version 4.3.4
[0.591s] -- Checking for module 'uuid'
[0.602s] --   Found uuid, version 2.37.2
[0.627s] -- Looking for ignition-msgs5 -- found version 5.8.1
[0.627s] -- Searching for dependencies of ignition-msgs5
[0.643s] -- Looking for ignition-math6 -- found version 6.15.1
[0.649s] -- Looking for ignition-msgs5 -- found version 5.8.1
[0.649s] -- Looking for ignition-common3 -- found version 3.14.0
[0.650s] -- Searching for dependencies of ignition-common3
[0.650s] -- Looking for dlfcn.h - found
[0.650s] -- Looking for libdl - found
[0.659s] -- Searching for <ignition-common3> component [graphics]
[0.659s] -- Looking for ignition-common3-graphics -- found version 3.14.0
[0.659s] -- Searching for dependencies of ignition-common3-graphics
[0.659s] -- Looking for ignition-math6 -- found version 6.15.1
[0.660s] -- Looking for ignition-fuel_tools4 -- found version 4.4.0
[0.660s] -- Searching for dependencies of ignition-fuel_tools4
[0.693s] -- Checking for module 'jsoncpp'
[0.705s] --   Found jsoncpp, version 1.9.5
[0.736s] -- Checking for module 'libzip'
[0.748s] --   Found libzip, version 1.7.3
[0.775s] -- Looking for ignition-common3 -- found version 3.14.0
[0.775s] -- Looking for ignition-math6 -- found version 6.15.1
[0.775s] -- Looking for ignition-msgs5 -- found version 5.8.1
[0.776s] -- Gazebo version: 11.10
[0.784s] -- Found my_vision_msgs: 0.1.0 (/home/gaga/sad_ws/install/my_vision_msgs/share/my_vision_msgs/cmake)
[0.811s] -- Found ament_lint_auto: 0.12.12 (/opt/ros/humble/share/ament_lint_auto/cmake)
[0.866s] -- Added test 'cppcheck' to perform static code analysis on C / C++ code
[0.869s] -- Configured cppcheck include dirs: 
[0.869s] -- Configured cppcheck exclude dirs and/or files: 
[0.870s] -- Added test 'flake8' to check Python code syntax and style conventions
[0.873s] -- Added test 'lint_cmake' to check CMake code style
[0.874s] -- Added test 'pep257' to check Python code against some of the docstring style conventions in PEP 257
[0.885s] -- Added test 'uncrustify' to check C / C++ code style
[0.885s] -- Configured uncrustify additional arguments: 
[0.886s] -- Added test 'xmllint' to check XML markup files
[0.886s] -- Configuring done
[0.905s] -- Generating done
[0.913s] -- Build files have been written to: /home/gaga/sad_ws/build/sad_pkg
[0.935s] [35m[1mConsolidate compiler generated dependencies of target map_node[0m
[0.935s] [35m[1mConsolidate compiler generated dependencies of target Inverse_node[0m
[0.935s] [35m[1mConsolidate compiler generated dependencies of target path_node[0m
[0.935s] [35m[1mConsolidate compiler generated dependencies of target forward_node[0m
[0.936s] [35m[1mConsolidate compiler generated dependencies of target rrt_node[0m
[0.936s] [35m[1mConsolidate compiler generated dependencies of target spline_node[0m
[0.936s] [35m[1mConsolidate compiler generated dependencies of target obstacle_node[0m
[0.950s] [ 14%] Built target path_node
[0.950s] [ 35%] Built target forward_node
[0.950s] [ 42%] Built target rrt_node
[0.950s] [ 57%] Built target map_node
[0.951s] [ 71%] Built target spline_node
[0.951s] [ 78%] [32m[1mLinking CXX executable Inverse_node[0m
[0.952s] [ 92%] Built target obstacle_node
[1.189s] /usr/bin/ld: CMakeFiles/Inverse_node.dir/src/Inverse_node.cpp.o: in function `std::enable_if<rosidl_generator_traits::is_message<trajectory_msgs::msg::JointTrajectory_<std::allocator<void> > >::value, rosidl_message_type_support_t const&>::type rclcpp::get_message_type_support_handle<trajectory_msgs::msg::JointTrajectory_<std::allocator<void> > >()':
[1.190s] Inverse_node.cpp:(.text._ZN6rclcpp31get_message_type_support_handleIN15trajectory_msgs3msg16JointTrajectory_ISaIvEEEEENSt9enable_ifIXsrN23rosidl_generator_traits10is_messageIT_EE5valueERK29rosidl_message_type_support_tE4typeEv[_ZN6rclcpp31get_message_type_support_handleIN15trajectory_msgs3msg16JointTrajectory_ISaIvEEEEENSt9enable_ifIXsrN23rosidl_generator_traits10is_messageIT_EE5valueERK29rosidl_message_type_support_tE4typeEv]+0x10): undefined reference to `rosidl_message_type_support_t const* rosidl_typesupport_cpp::get_message_type_support_handle<trajectory_msgs::msg::JointTrajectory_<std::allocator<void> > >()'
[1.210s] collect2: error: ld returned 1 exit status
[1.211s] gmake[2]: *** [CMakeFiles/Inverse_node.dir/build.make:198: Inverse_node] Error 1
[1.212s] gmake[1]: *** [CMakeFiles/Makefile2:305: CMakeFiles/Inverse_node.dir/all] Error 2
[1.212s] gmake: *** [Makefile:146: all] Error 2
[1.214s] Invoked command in '/home/gaga/sad_ws/build/sad_pkg' returned '2': CMAKE_PREFIX_PATH=/home/gaga/sad_ws/install/my_vision_msgs:/home/gaga/sad_ws/install:/home/gaga/sad_ws/install/sad_pkg:/home/gaga/sad_ws/install/mani_urdf:/home/gaga/robotprograming_ws/install/rp_pkg:/home/gaga/turtlebot3_ws/install/turtlebot3:/home/gaga/turtlebot3_ws/install/turtlebot3_simulations:/home/gaga/turtlebot3_ws/install/turtlebot3_bringup:/home/gaga/turtlebot3_ws/install/turtlebot3_node:/home/gaga/turtlebot3_ws/install/turtlebot3_navigation2:/home/gaga/turtlebot3_ws/install/turtlebot3_fake_node:/home/gaga/turtlebot3_ws/install/robot_master:/home/gaga/turtlebot3_ws/install/turtlebot3_msgs:/home/gaga/turtlebot3_ws/install/turtlebot3_gazebo:/home/gaga/turtlebot3_ws/install/turtlebot3_description:/home/gaga/turtlebot3_ws/install/turtlebot3_cartographer:/home/gaga/turtlebot3_ws/install/robot_vision:/home/gaga/turtlebot3_ws/install/robot_navigation:/home/gaga/turtlebot3_ws/install/robot_msgs:/home/gaga/turtlebot3_ws/install/dynamixel_sdk_examples:/home/gaga/turtlebot3_ws/install/dynamixel_sdk_custom_interfaces:/home/gaga/turtlebot3_ws/install/dynamixel_sdk:/home/gaga/ssibal_ws/install/robot_msgs:/home/gaga/sad_ws/src/install/sad_pkg:/home/gaga/sad_ws/src/install/vision_msgs:/home/gaga/sad_ws/src/install/my_vision_msgs:/home/gaga/sad_ws/src/install/mani_urdf:/home/gaga/turtlebot3_ws/install/turtlebot3_teleop:/home/gaga/turtlebot3_ws/install/turtlebot3_example:/opt/ros/humble /usr/bin/cmake --build /home/gaga/sad_ws/build/sad_pkg -- -j20 -l20
