[ 28%] [32mBuilding CXX object CMakeFiles/Inverse_node.dir/src/Inverse_node.cpp.o[0m
[ 35%] Built target rrt_node
[ 28%] Built target path_node
[ 50%] Built target forward_node
[ 64%] Built target map_node
[ 78%] Built target spline_node
[ 92%] Built target obstacle_node
[01m[K/home/gaga/sad_ws/src/sad_pkg/src/Inverse_node.cpp:97:26:[m[K [01;31m[Kerror: [m[Kâ€˜[01m[Ksensor_msgs[m[Kâ€™ was not declared in this scope
   97 |     rclcpp::Subscription<[01;31m[Ksensor_msgs[m[K::msg::JointState>::SharedPtr joint_state_sub_;
      |                          [01;31m[K^~~~~~~~~~~[m[K
[01m[K/home/gaga/sad_ws/src/sad_pkg/src/Inverse_node.cpp:97:54:[m[K [01;31m[Kerror: [m[Ktemplate argument 1 is invalid
   97 |     rclcpp::Subscription<sensor_msgs::msg::JointState[01;31m[K>[m[K::SharedPtr joint_state_sub_;
      |                                                      [01;31m[K^[m[K
[01m[K/home/gaga/sad_ws/src/sad_pkg/src/Inverse_node.cpp:97:54:[m[K [01;31m[Kerror: [m[Ktemplate argument 3 is invalid
[01m[K/home/gaga/sad_ws/src/sad_pkg/src/Inverse_node.cpp:97:54:[m[K [01;31m[Kerror: [m[Ktemplate argument 4 is invalid
[01m[K/home/gaga/sad_ws/src/sad_pkg/src/Inverse_node.cpp:97:54:[m[K [01;31m[Kerror: [m[Ktemplate argument 5 is invalid
[01m[K/home/gaga/sad_ws/src/sad_pkg/src/Inverse_node.cpp:97:57:[m[K [01;31m[Kerror: [m[Kexpected â€˜[01m[K;[m[Kâ€™ at end of member declaration
   97 |     rclcpp::Subscription<sensor_msgs::msg::JointState>::[01;31m[KSharedPtr[m[K joint_state_sub_;
      |                                                         [01;31m[K^~~~~~~~~[m[K
      |                                                                  [32m[K;[m[K
[01m[K/home/gaga/sad_ws/src/sad_pkg/src/Inverse_node.cpp:97:67:[m[K [01;31m[Kerror: [m[Kâ€˜[01m[Kjoint_state_sub_[m[Kâ€™ does not name a type
   97 |     rclcpp::Subscription<sensor_msgs::msg::JointState>::SharedPtr [01;31m[Kjoint_state_sub_[m[K;
      |                                                                   [01;31m[K^~~~~~~~~~~~~~~~[m[K
[01m[K/home/gaga/sad_ws/src/sad_pkg/src/Inverse_node.cpp:110:35:[m[K [01;31m[Kerror: [m[Kâ€˜[01m[Ksensor_msgs[m[Kâ€™ does not name a type
  110 |     void jointStateCallback(const [01;31m[Ksensor_msgs[m[K::msg::JointState::SharedPtr msg){
      |                                   [01;31m[K^~~~~~~~~~~[m[K
[01m[K/home/gaga/sad_ws/src/sad_pkg/src/Inverse_node.cpp:110:51:[m[K [01;31m[Kerror: [m[Kexpected unqualified-id before â€˜[01m[K::[m[Kâ€™ token
  110 |     void jointStateCallback(const sensor_msgs::msg[01;31m[K::[m[KJointState::SharedPtr msg){
      |                                                   [01;31m[K^~[m[K
[01m[K/home/gaga/sad_ws/src/sad_pkg/src/Inverse_node.cpp:110:51:[m[K [01;31m[Kerror: [m[Kexpected â€˜[01m[K)[m[Kâ€™ before â€˜[01m[K::[m[Kâ€™ token
  110 |     void jointStateCallback[34m[K([m[Kconst sensor_msgs::msg[01;31m[K:[m[K[32m[K:[m[KJointState::SharedPtr msg){
      |                            [34m[K~[m[K                      [01;31m[K^[m[K[32m[K~[m[K
      |                                                   [32m[K)[m[K
[01m[K/home/gaga/sad_ws/src/sad_pkg/src/Inverse_node.cpp:110:48:[m[K [01;31m[Kerror: [m[Kexpected â€˜[01m[K;[m[Kâ€™ at end of member declaration
  110 |     void jointStateCallback(const sensor_msgs::[01;31m[Kmsg[m[K::JointState::SharedPtr msg){
      |                                                [01;31m[K^~~[m[K
      |                                                   [32m[K;[m[K
[01m[K/home/gaga/sad_ws/src/sad_pkg/src/Inverse_node.cpp:110:53:[m[K [01;31m[Kerror: [m[Kâ€˜[01m[KJointState[m[Kâ€™ in namespace â€˜[01m[K::[m[Kâ€™ does not name a type
  110 |     void jointStateCallback(const sensor_msgs::msg::[01;31m[KJointState[m[K::SharedPtr msg){
      |                                                     [01;31m[K^~~~~~~~~~[m[K
[01m[K/home/gaga/sad_ws/src/sad_pkg/src/Inverse_node.cpp:[m[K In constructor â€˜[01m[KManipulatorNode::ManipulatorNode(const Vector3d&, const Vector3d&)[m[Kâ€™:
[01m[K/home/gaga/sad_ws/src/sad_pkg/src/Inverse_node.cpp:90:9:[m[K [01;31m[Kerror: [m[Kâ€˜[01m[Kjoint_state_sub_[m[Kâ€™ was not declared in this scope
   90 |         [01;31m[Kjoint_state_sub_[m[K = this->create_subscription<sensor_msgs::msg::JointState>(
      |         [01;31m[K^~~~~~~~~~~~~~~~[m[K
[01m[K/home/gaga/sad_ws/src/sad_pkg/src/Inverse_node.cpp:90:54:[m[K [01;31m[Kerror: [m[Kâ€˜[01m[Ksensor_msgs[m[Kâ€™ was not declared in this scope
   90 |         joint_state_sub_ = this->create_subscription<[01;31m[Ksensor_msgs[m[K::msg::JointState>(
      |                                                      [01;31m[K^~~~~~~~~~~[m[K
[01m[K/home/gaga/sad_ws/src/sad_pkg/src/Inverse_node.cpp:90:34:[m[K [01;31m[Kerror: [m[Kparse error in template argument list
   90 |         joint_state_sub_ = this->[01;31m[Kcreate_subscription<sensor_msgs::msg::JointState>[m[K(
      |                                  [01;31m[K^~~~~~~~~~~~~~~~~~~~~~~~~~~~~~~~~~~~~~~~~~~~~~~~~[m[K
[01m[K/home/gaga/sad_ws/src/sad_pkg/src/Inverse_node.cpp:90:83:[m[K [01;31m[Kerror: [m[Kno matching function for call to â€˜[01m[KManipulatorNode::create_subscription<<expression error> >(const char [14], int, std::_Bind_helper<false, void (ManipulatorNode::*)(...), ManipulatorNode*, const std::_Placeholder<1>&>::type)[m[Kâ€™
   90 |         joint_state_sub_ = [01;31m[Kthis->create_subscription<sensor_msgs::msg::JointState>([m[K
      |                            [01;31m[K~~~~~~~~~~~~~~~~~~~~~~~~~~~~~~~~~~~~~~~~~~~~~~~~~~~~~~~^[m[K
   91 | [01;31m[K            "/joint_states", 10,[m[K
      |             [01;31m[K~~~~~~~~~~~~~~~~~~~~[m[K                                                   
   92 | [01;31m[K            std::bind(&ManipulatorNode::jointStateCallback, this, std::placeholders::_1))[m[K;
      |             [01;31m[K~~~~~~~~~~~~~~~~~~~~~~~~~~~~~~~~~~~~~~~~~~~~~~~~~~~~~~~~~~~~~~~~~~~~~~~~~~~~~[m[K
In file included from [01m[K/opt/ros/humble/include/rclcpp/rclcpp/executors/single_threaded_executor.hpp:28[m[K,
                 from [01m[K/opt/ros/humble/include/rclcpp/rclcpp/executors.hpp:22[m[K,
                 from [01m[K/opt/ros/humble/include/rclcpp/rclcpp/rclcpp.hpp:155[m[K,
                 from [01m[K/home/gaga/sad_ws/src/sad_pkg/src/Inverse_node.cpp:6[m[K:
[01m[K/opt/ros/humble/include/rclcpp/rclcpp/node.hpp:219:3:[m[K [01;36m[Knote: [m[Kcandidate: â€˜[01m[Ktemplate<class MessageT, class CallbackT, class AllocatorT, class SubscriptionT, class MessageMemoryStrategyT> std::shared_ptr<ROSMessageT> rclcpp::Node::create_subscription(const string&, const rclcpp::QoS&, CallbackT&&, const rclcpp::SubscriptionOptionsWithAllocator<AllocatorT>&, typename MessageMemoryStrategyT::SharedPtr)[m[Kâ€™
  219 |   [01;36m[Kcreate_subscription[m[K(
      |   [01;36m[K^~~~~~~~~~~~~~~~~~~[m[K
[01m[K/opt/ros/humble/include/rclcpp/rclcpp/node.hpp:219:3:[m[K [01;36m[Knote: [m[K  template argument deduction/substitution failed:
[01m[K/home/gaga/sad_ws/src/sad_pkg/src/Inverse_node.cpp:90:83:[m[K [01;31m[Kerror: [m[Ktemplate argument 1 is invalid
   90 |         joint_state_sub_ = [01;31m[Kthis->create_subscription<sensor_msgs::msg::JointState>([m[K
      |                            [01;31m[K~~~~~~~~~~~~~~~~~~~~~~~~~~~~~~~~~~~~~~~~~~~~~~~~~~~~~~~^[m[K
   91 | [01;31m[K            "/joint_states", 10,[m[K
      |             [01;31m[K~~~~~~~~~~~~~~~~~~~~[m[K                                                   
   92 | [01;31m[K            std::bind(&ManipulatorNode::jointStateCallback, this, std::placeholders::_1))[m[K;
      |             [01;31m[K~~~~~~~~~~~~~~~~~~~~~~~~~~~~~~~~~~~~~~~~~~~~~~~~~~~~~~~~~~~~~~~~~~~~~~~~~~~~~[m[K
gmake[2]: *** [CMakeFiles/Inverse_node.dir/build.make:76: CMakeFiles/Inverse_node.dir/src/Inverse_node.cpp.o] Error 1
gmake[1]: *** [CMakeFiles/Makefile2:305: CMakeFiles/Inverse_node.dir/all] Error 2
gmake: *** [Makefile:146: all] Error 2
