[0.010s] Invoking command in '/home/gaga/sad_ws/build/sad_pkg': CMAKE_PREFIX_PATH=/home/gaga/sad_ws/install/my_vision_msgs:/home/gaga/sad_ws/install:/home/gaga/sad_ws/install/sad_pkg:/home/gaga/sad_ws/install/mani_urdf:/home/gaga/rrt_ws/install/spline_interpolation:/home/gaga/rrt_ws/install/rrt_visualization:/home/gaga/rrt_ws/install/rrt_spline_pkg:/home/gaga/rrt_ws/install/my_rrt_pkg:/home/gaga/rrt_ws/install/mani_pkg:/home/gaga/turtlebot3_ws/install/turtlebot3:/home/gaga/turtlebot3_ws/install/turtlebot3_simulations:/home/gaga/turtlebot3_ws/install/turtlebot3_bringup:/home/gaga/turtlebot3_ws/install/turtlebot3_node:/home/gaga/turtlebot3_ws/install/turtlebot3_navigation2:/home/gaga/turtlebot3_ws/install/turtlebot3_fake_node:/home/gaga/turtlebot3_ws/install/robot_master:/home/gaga/turtlebot3_ws/install/turtlebot3_msgs:/home/gaga/turtlebot3_ws/install/turtlebot3_gazebo:/home/gaga/turtlebot3_ws/install/turtlebot3_description:/home/gaga/turtlebot3_ws/install/turtlebot3_cartographer:/home/gaga/turtlebot3_ws/install/robot_vision:/home/gaga/turtlebot3_ws/install/robot_navigation:/home/gaga/turtlebot3_ws/install/robot_msgs:/home/gaga/turtlebot3_ws/install/dynamixel_sdk_examples:/home/gaga/turtlebot3_ws/install/dynamixel_sdk_custom_interfaces:/home/gaga/turtlebot3_ws/install/dynamixel_sdk:/home/gaga/ssibal_ws/install/robot_msgs:/home/gaga/sad_ws/src/install/sad_pkg:/home/gaga/sad_ws/src/install/vision_msgs:/home/gaga/sad_ws/src/install/my_vision_msgs:/home/gaga/sad_ws/src/install/mani_urdf:/home/gaga/robotprograming_ws/install/rp_pkg:/home/gaga/turtlebot3_ws/install/turtlebot3_teleop:/home/gaga/turtlebot3_ws/install/turtlebot3_example:/opt/ros/humble /usr/bin/cmake --build /home/gaga/sad_ws/build/sad_pkg -- -j20 -l20
[0.059s] [ 28%] [32mBuilding CXX object CMakeFiles/Inverse_node.dir/src/Inverse_node.cpp.o[0m
[0.059s] [ 35%] Built target rrt_node
[0.060s] [ 28%] Built target path_node
[0.060s] [ 50%] Built target forward_node
[0.062s] [ 64%] Built target map_node
[0.062s] [ 78%] Built target spline_node
[0.063s] [ 92%] Built target obstacle_node
[1.635s] [01m[K/home/gaga/sad_ws/src/sad_pkg/src/Inverse_node.cpp:97:26:[m[K [01;31m[Kerror: [m[Kâ€˜[01m[Ksensor_msgs[m[Kâ€™ was not declared in this scope
[1.635s]    97 |     rclcpp::Subscription<[01;31m[Ksensor_msgs[m[K::msg::JointState>::SharedPtr joint_state_sub_;
[1.636s]       |                          [01;31m[K^~~~~~~~~~~[m[K
[1.636s] [01m[K/home/gaga/sad_ws/src/sad_pkg/src/Inverse_node.cpp:97:54:[m[K [01;31m[Kerror: [m[Ktemplate argument 1 is invalid
[1.636s]    97 |     rclcpp::Subscription<sensor_msgs::msg::JointState[01;31m[K>[m[K::SharedPtr joint_state_sub_;
[1.636s]       |                                                      [01;31m[K^[m[K
[1.636s] [01m[K/home/gaga/sad_ws/src/sad_pkg/src/Inverse_node.cpp:97:54:[m[K [01;31m[Kerror: [m[Ktemplate argument 3 is invalid
[1.636s] [01m[K/home/gaga/sad_ws/src/sad_pkg/src/Inverse_node.cpp:97:54:[m[K [01;31m[Kerror: [m[Ktemplate argument 4 is invalid
[1.636s] [01m[K/home/gaga/sad_ws/src/sad_pkg/src/Inverse_node.cpp:97:54:[m[K [01;31m[Kerror: [m[Ktemplate argument 5 is invalid
[1.636s] [01m[K/home/gaga/sad_ws/src/sad_pkg/src/Inverse_node.cpp:97:57:[m[K [01;31m[Kerror: [m[Kexpected â€˜[01m[K;[m[Kâ€™ at end of member declaration
[1.636s]    97 |     rclcpp::Subscription<sensor_msgs::msg::JointState>::[01;31m[KSharedPtr[m[K joint_state_sub_;
[1.636s]       |                                                         [01;31m[K^~~~~~~~~[m[K
[1.636s]       |                                                                  [32m[K;[m[K
[1.638s] [01m[K/home/gaga/sad_ws/src/sad_pkg/src/Inverse_node.cpp:97:67:[m[K [01;31m[Kerror: [m[Kâ€˜[01m[Kjoint_state_sub_[m[Kâ€™ does not name a type
[1.638s]    97 |     rclcpp::Subscription<sensor_msgs::msg::JointState>::SharedPtr [01;31m[Kjoint_state_sub_[m[K;
[1.638s]       |                                                                   [01;31m[K^~~~~~~~~~~~~~~~[m[K
[1.639s] [01m[K/home/gaga/sad_ws/src/sad_pkg/src/Inverse_node.cpp:110:35:[m[K [01;31m[Kerror: [m[Kâ€˜[01m[Ksensor_msgs[m[Kâ€™ does not name a type
[1.639s]   110 |     void jointStateCallback(const [01;31m[Ksensor_msgs[m[K::msg::JointState::SharedPtr msg){
[1.639s]       |                                   [01;31m[K^~~~~~~~~~~[m[K
[1.639s] [01m[K/home/gaga/sad_ws/src/sad_pkg/src/Inverse_node.cpp:110:51:[m[K [01;31m[Kerror: [m[Kexpected unqualified-id before â€˜[01m[K::[m[Kâ€™ token
[1.639s]   110 |     void jointStateCallback(const sensor_msgs::msg[01;31m[K::[m[KJointState::SharedPtr msg){
[1.639s]       |                                                   [01;31m[K^~[m[K
[1.639s] [01m[K/home/gaga/sad_ws/src/sad_pkg/src/Inverse_node.cpp:110:51:[m[K [01;31m[Kerror: [m[Kexpected â€˜[01m[K)[m[Kâ€™ before â€˜[01m[K::[m[Kâ€™ token
[1.640s]   110 |     void jointStateCallback[34m[K([m[Kconst sensor_msgs::msg[01;31m[K:[m[K[32m[K:[m[KJointState::SharedPtr msg){
[1.640s]       |                            [34m[K~[m[K                      [01;31m[K^[m[K[32m[K~[m[K
[1.640s]       |                                                   [32m[K)[m[K
[1.640s] [01m[K/home/gaga/sad_ws/src/sad_pkg/src/Inverse_node.cpp:110:48:[m[K [01;31m[Kerror: [m[Kexpected â€˜[01m[K;[m[Kâ€™ at end of member declaration
[1.640s]   110 |     void jointStateCallback(const sensor_msgs::[01;31m[Kmsg[m[K::JointState::SharedPtr msg){
[1.640s]       |                                                [01;31m[K^~~[m[K
[1.640s]       |                                                   [32m[K;[m[K
[1.641s] [01m[K/home/gaga/sad_ws/src/sad_pkg/src/Inverse_node.cpp:110:53:[m[K [01;31m[Kerror: [m[Kâ€˜[01m[KJointState[m[Kâ€™ in namespace â€˜[01m[K::[m[Kâ€™ does not name a type
[1.641s]   110 |     void jointStateCallback(const sensor_msgs::msg::[01;31m[KJointState[m[K::SharedPtr msg){
[1.641s]       |                                                     [01;31m[K^~~~~~~~~~[m[K
[1.656s] [01m[K/home/gaga/sad_ws/src/sad_pkg/src/Inverse_node.cpp:[m[K In constructor â€˜[01m[KManipulatorNode::ManipulatorNode(const Vector3d&, const Vector3d&)[m[Kâ€™:
[1.656s] [01m[K/home/gaga/sad_ws/src/sad_pkg/src/Inverse_node.cpp:90:9:[m[K [01;31m[Kerror: [m[Kâ€˜[01m[Kjoint_state_sub_[m[Kâ€™ was not declared in this scope
[1.656s]    90 |         [01;31m[Kjoint_state_sub_[m[K = this->create_subscription<sensor_msgs::msg::JointState>(
[1.656s]       |         [01;31m[K^~~~~~~~~~~~~~~~[m[K
[1.660s] [01m[K/home/gaga/sad_ws/src/sad_pkg/src/Inverse_node.cpp:90:54:[m[K [01;31m[Kerror: [m[Kâ€˜[01m[Ksensor_msgs[m[Kâ€™ was not declared in this scope
[1.661s]    90 |         joint_state_sub_ = this->create_subscription<[01;31m[Ksensor_msgs[m[K::msg::JointState>(
[1.661s]       |                                                      [01;31m[K^~~~~~~~~~~[m[K
[1.661s] [01m[K/home/gaga/sad_ws/src/sad_pkg/src/Inverse_node.cpp:90:34:[m[K [01;31m[Kerror: [m[Kparse error in template argument list
[1.661s]    90 |         joint_state_sub_ = this->[01;31m[Kcreate_subscription<sensor_msgs::msg::JointState>[m[K(
[1.661s]       |                                  [01;31m[K^~~~~~~~~~~~~~~~~~~~~~~~~~~~~~~~~~~~~~~~~~~~~~~~~[m[K
[1.663s] [01m[K/home/gaga/sad_ws/src/sad_pkg/src/Inverse_node.cpp:90:83:[m[K [01;31m[Kerror: [m[Kno matching function for call to â€˜[01m[KManipulatorNode::create_subscription<<expression error> >(const char [14], int, std::_Bind_helper<false, void (ManipulatorNode::*)(...), ManipulatorNode*, const std::_Placeholder<1>&>::type)[m[Kâ€™
[1.663s]    90 |         joint_state_sub_ = [01;31m[Kthis->create_subscription<sensor_msgs::msg::JointState>([m[K
[1.663s]       |                            [01;31m[K~~~~~~~~~~~~~~~~~~~~~~~~~~~~~~~~~~~~~~~~~~~~~~~~~~~~~~~^[m[K
[1.663s]    91 | [01;31m[K            "/joint_states", 10,[m[K
[1.663s]       |             [01;31m[K~~~~~~~~~~~~~~~~~~~~[m[K                                                   
[1.663s]    92 | [01;31m[K            std::bind(&ManipulatorNode::jointStateCallback, this, std::placeholders::_1))[m[K;
[1.663s]       |             [01;31m[K~~~~~~~~~~~~~~~~~~~~~~~~~~~~~~~~~~~~~~~~~~~~~~~~~~~~~~~~~~~~~~~~~~~~~~~~~~~~~[m[K
[1.663s] In file included from [01m[K/opt/ros/humble/include/rclcpp/rclcpp/executors/single_threaded_executor.hpp:28[m[K,
[1.663s]                  from [01m[K/opt/ros/humble/include/rclcpp/rclcpp/executors.hpp:22[m[K,
[1.664s]                  from [01m[K/opt/ros/humble/include/rclcpp/rclcpp/rclcpp.hpp:155[m[K,
[1.664s]                  from [01m[K/home/gaga/sad_ws/src/sad_pkg/src/Inverse_node.cpp:6[m[K:
[1.664s] [01m[K/opt/ros/humble/include/rclcpp/rclcpp/node.hpp:219:3:[m[K [01;36m[Knote: [m[Kcandidate: â€˜[01m[Ktemplate<class MessageT, class CallbackT, class AllocatorT, class SubscriptionT, class MessageMemoryStrategyT> std::shared_ptr<ROSMessageT> rclcpp::Node::create_subscription(const string&, const rclcpp::QoS&, CallbackT&&, const rclcpp::SubscriptionOptionsWithAllocator<AllocatorT>&, typename MessageMemoryStrategyT::SharedPtr)[m[Kâ€™
[1.664s]   219 |   [01;36m[Kcreate_subscription[m[K(
[1.664s]       |   [01;36m[K^~~~~~~~~~~~~~~~~~~[m[K
[1.664s] [01m[K/opt/ros/humble/include/rclcpp/rclcpp/node.hpp:219:3:[m[K [01;36m[Knote: [m[K  template argument deduction/substitution failed:
[1.664s] [01m[K/home/gaga/sad_ws/src/sad_pkg/src/Inverse_node.cpp:90:83:[m[K [01;31m[Kerror: [m[Ktemplate argument 1 is invalid
[1.664s]    90 |         joint_state_sub_ = [01;31m[Kthis->create_subscription<sensor_msgs::msg::JointState>([m[K
[1.664s]       |                            [01;31m[K~~~~~~~~~~~~~~~~~~~~~~~~~~~~~~~~~~~~~~~~~~~~~~~~~~~~~~~^[m[K
[1.664s]    91 | [01;31m[K            "/joint_states", 10,[m[K
[1.664s]       |             [01;31m[K~~~~~~~~~~~~~~~~~~~~[m[K                                                   
[1.664s]    92 | [01;31m[K            std::bind(&ManipulatorNode::jointStateCallback, this, std::placeholders::_1))[m[K;
[1.664s]       |             [01;31m[K~~~~~~~~~~~~~~~~~~~~~~~~~~~~~~~~~~~~~~~~~~~~~~~~~~~~~~~~~~~~~~~~~~~~~~~~~~~~~[m[K
[4.417s] gmake[2]: *** [CMakeFiles/Inverse_node.dir/build.make:76: CMakeFiles/Inverse_node.dir/src/Inverse_node.cpp.o] Error 1
[4.418s] gmake[1]: *** [CMakeFiles/Makefile2:305: CMakeFiles/Inverse_node.dir/all] Error 2
[4.418s] gmake: *** [Makefile:146: all] Error 2
[4.420s] Invoked command in '/home/gaga/sad_ws/build/sad_pkg' returned '2': CMAKE_PREFIX_PATH=/home/gaga/sad_ws/install/my_vision_msgs:/home/gaga/sad_ws/install:/home/gaga/sad_ws/install/sad_pkg:/home/gaga/sad_ws/install/mani_urdf:/home/gaga/rrt_ws/install/spline_interpolation:/home/gaga/rrt_ws/install/rrt_visualization:/home/gaga/rrt_ws/install/rrt_spline_pkg:/home/gaga/rrt_ws/install/my_rrt_pkg:/home/gaga/rrt_ws/install/mani_pkg:/home/gaga/turtlebot3_ws/install/turtlebot3:/home/gaga/turtlebot3_ws/install/turtlebot3_simulations:/home/gaga/turtlebot3_ws/install/turtlebot3_bringup:/home/gaga/turtlebot3_ws/install/turtlebot3_node:/home/gaga/turtlebot3_ws/install/turtlebot3_navigation2:/home/gaga/turtlebot3_ws/install/turtlebot3_fake_node:/home/gaga/turtlebot3_ws/install/robot_master:/home/gaga/turtlebot3_ws/install/turtlebot3_msgs:/home/gaga/turtlebot3_ws/install/turtlebot3_gazebo:/home/gaga/turtlebot3_ws/install/turtlebot3_description:/home/gaga/turtlebot3_ws/install/turtlebot3_cartographer:/home/gaga/turtlebot3_ws/install/robot_vision:/home/gaga/turtlebot3_ws/install/robot_navigation:/home/gaga/turtlebot3_ws/install/robot_msgs:/home/gaga/turtlebot3_ws/install/dynamixel_sdk_examples:/home/gaga/turtlebot3_ws/install/dynamixel_sdk_custom_interfaces:/home/gaga/turtlebot3_ws/install/dynamixel_sdk:/home/gaga/ssibal_ws/install/robot_msgs:/home/gaga/sad_ws/src/install/sad_pkg:/home/gaga/sad_ws/src/install/vision_msgs:/home/gaga/sad_ws/src/install/my_vision_msgs:/home/gaga/sad_ws/src/install/mani_urdf:/home/gaga/robotprograming_ws/install/rp_pkg:/home/gaga/turtlebot3_ws/install/turtlebot3_teleop:/home/gaga/turtlebot3_ws/install/turtlebot3_example:/opt/ros/humble /usr/bin/cmake --build /home/gaga/sad_ws/build/sad_pkg -- -j20 -l20
